Copyright 1986-2018 Xilinx, Inc. All Rights Reserved.
----------------------------------------------------------------------------------------------------
| Tool Version : Vivado v.2018.3 (lin64) Build 2405991 Thu Dec  6 23:36:41 MST 2018
| Date         : Thu Jan 14 15:17:54 2021
| Host         : noodle-box running 64-bit Ubuntu 18.04.5 LTS
| Command      : report_control_sets -verbose -file ultrasonic_unit_wrapper_control_sets_placed.rpt
| Design       : ultrasonic_unit_wrapper
| Device       : xc7z020
----------------------------------------------------------------------------------------------------

Control Set Information

Table of Contents
-----------------
1. Summary
2. Histogram
3. Flip-Flop Distribution
4. Detailed Control Set Information

1. Summary
----------

+----------------------------------------------------------+-------+
|                          Status                          | Count |
+----------------------------------------------------------+-------+
| Number of unique control sets                            |    37 |
| Unused register locations in slices containing registers |    97 |
+----------------------------------------------------------+-------+


2. Histogram
------------

+--------+--------------+
| Fanout | Control Sets |
+--------+--------------+
|      1 |            1 |
|      2 |            1 |
|      4 |            6 |
|      5 |            3 |
|      6 |            3 |
|      7 |            1 |
|      8 |            1 |
|     10 |            1 |
|     12 |            5 |
|     13 |            1 |
|     14 |            2 |
|    16+ |           12 |
+--------+--------------+


3. Flip-Flop Distribution
-------------------------

+--------------+-----------------------+------------------------+-----------------+--------------+
| Clock Enable | Synchronous Set/Reset | Asynchronous Set/Reset | Total Registers | Total Slices |
+--------------+-----------------------+------------------------+-----------------+--------------+
| No           | No                    | No                     |             142 |           38 |
| No           | No                    | Yes                    |               0 |            0 |
| No           | Yes                   | No                     |              60 |           25 |
| Yes          | No                    | No                     |             340 |           75 |
| Yes          | No                    | Yes                    |               0 |            0 |
| Yes          | Yes                   | No                     |              57 |           23 |
+--------------+-----------------------+------------------------+-----------------+--------------+


4. Detailed Control Set Information
-----------------------------------

+--------------------------------------------------------+-----------------------------------------------------------------------------------------------------------------------------------------------------------------------+--------------------------------------------------------------------------------------------------------------------------------------------------------------+------------------+----------------+
|                      Clock Signal                      |                                                                             Enable Signal                                                                             |                                                                       Set/Reset Signal                                                                       | Slice Load Count | Bel Load Count |
+--------------------------------------------------------+-----------------------------------------------------------------------------------------------------------------------------------------------------------------------+--------------------------------------------------------------------------------------------------------------------------------------------------------------+------------------+----------------+
|  ultrasonic_unit_i/processing_system7_0/inst/FCLK_CLK0 | ultrasonic_unit_i/ps7_0_axi_periph/s00_couplers/auto_pc/inst/gen_axilite.gen_b2s_conv.axilite_b2s/WR.aw_channel_0/aw_cmd_fsm_0/m_axi_awready_1                        | ultrasonic_unit_i/ps7_0_axi_periph/s00_couplers/auto_pc/inst/gen_axilite.gen_b2s_conv.axilite_b2s/WR.aw_channel_0/aw_cmd_fsm_0/m_axi_awready_0               |                1 |              1 |
|  ultrasonic_unit_i/processing_system7_0/inst/FCLK_CLK0 | ultrasonic_unit_i/ps7_0_axi_periph/s00_couplers/auto_pc/inst/gen_axilite.gen_b2s_conv.axilite_b2s/WR.b_channel_0/bid_fifo_0/sel                                       |                                                                                                                                                              |                1 |              2 |
|  ultrasonic_unit_i/processing_system7_0/inst/FCLK_CLK0 |                                                                                                                                                                       | ultrasonic_unit_i/rst_ps7_0_100M/U0/EXT_LPF/lpf_int                                                                                                          |                3 |              4 |
|  ultrasonic_unit_i/processing_system7_0/inst/FCLK_CLK0 |                                                                                                                                                                       | ultrasonic_unit_i/ps7_0_axi_periph/s00_couplers/auto_pc/inst/gen_axilite.gen_b2s_conv.axilite_b2s/SI_REG/aw.aw_pipe/aresetn_d_reg[0]_0                       |                2 |              4 |
|  ultrasonic_unit_i/processing_system7_0/inst/FCLK_CLK0 |                                                                                                                                                                       | ultrasonic_unit_i/ps7_0_axi_periph/s00_couplers/auto_pc/inst/gen_axilite.gen_b2s_conv.axilite_b2s/SI_REG/ar.ar_pipe/aresetn_d_reg[1]_inv_0                   |                1 |              4 |
|  ultrasonic_unit_i/processing_system7_0/inst/FCLK_CLK0 |                                                                                                                                                                       | ultrasonic_unit_i/axi_gpio_0/U0/AXI_LITE_IPIF_I/I_SLAVE_ATTACHMENT/clear                                                                                     |                1 |              4 |
|  ultrasonic_unit_i/processing_system7_0/inst/FCLK_CLK0 | ultrasonic_unit_i/axi_gpio_0/U0/AXI_LITE_IPIF_I/I_SLAVE_ATTACHMENT/bus2ip_addr_i[8]_i_1_n_0                                                                           | ultrasonic_unit_i/axi_gpio_0/U0/AXI_LITE_IPIF_I/I_SLAVE_ATTACHMENT/SR[0]                                                                                     |                1 |              4 |
|  ultrasonic_unit_i/processing_system7_0/inst/FCLK_CLK0 | ultrasonic_unit_i/axi_gpio_0/U0/AXI_LITE_IPIF_I/I_SLAVE_ATTACHMENT/start2                                                                                             | ultrasonic_unit_i/axi_gpio_0/U0/AXI_LITE_IPIF_I/I_SLAVE_ATTACHMENT/I_DECODER/cs_ce_clr                                                                       |                1 |              4 |
|  ultrasonic_unit_i/processing_system7_0/inst/FCLK_CLK0 | ultrasonic_unit_i/ps7_0_axi_periph/s00_couplers/auto_pc/inst/gen_axilite.gen_b2s_conv.axilite_b2s/RD.ar_channel_0/ar_cmd_fsm_0/m_valid_i_reg                          | ultrasonic_unit_i/ps7_0_axi_periph/s00_couplers/auto_pc/inst/gen_axilite.gen_b2s_conv.axilite_b2s/RD.ar_channel_0/ar_cmd_fsm_0/FSM_sequential_state_reg[0]_0 |                2 |              5 |
|  ultrasonic_unit_i/processing_system7_0/inst/FCLK_CLK0 | ultrasonic_unit_i/ps7_0_axi_periph/s00_couplers/auto_pc/inst/gen_axilite.gen_b2s_conv.axilite_b2s/RD.r_channel_0/rd_data_fifo_0/E[0]                                  | ultrasonic_unit_i/ps7_0_axi_periph/s00_couplers/auto_pc/inst/gen_axilite.gen_b2s_conv.axilite_b2s/areset_d1                                                  |                2 |              5 |
|  ultrasonic_unit_i/processing_system7_0/inst/FCLK_CLK0 | ultrasonic_unit_i/ps7_0_axi_periph/s00_couplers/auto_pc/inst/gen_axilite.gen_b2s_conv.axilite_b2s/RD.r_channel_0/rd_data_fifo_0/cnt_read[4]_i_1_n_0                   | ultrasonic_unit_i/ps7_0_axi_periph/s00_couplers/auto_pc/inst/gen_axilite.gen_b2s_conv.axilite_b2s/areset_d1                                                  |                2 |              5 |
|  ultrasonic_unit_i/processing_system7_0/inst/FCLK_CLK0 | ultrasonic_unit_i/rst_ps7_0_100M/U0/SEQ/seq_cnt_en                                                                                                                    | ultrasonic_unit_i/rst_ps7_0_100M/U0/SEQ/SEQ_COUNTER/clear                                                                                                    |                1 |              6 |
|  ultrasonic_unit_i/processing_system7_0/inst/FCLK_CLK0 | ultrasonic_unit_i/axi_gpio_0/U0/AXI_LITE_IPIF_I/I_SLAVE_ATTACHMENT/I_DECODER/bus2ip_rnw_i_reg[0]                                                                      | ultrasonic_unit_i/axi_gpio_0/U0/AXI_LITE_IPIF_I/I_SLAVE_ATTACHMENT/SR[0]                                                                                     |                3 |              6 |
|  ultrasonic_unit_i/processing_system7_0/inst/FCLK_CLK0 | ultrasonic_unit_i/axi_gpio_0/U0/AXI_LITE_IPIF_I/I_SLAVE_ATTACHMENT/I_DECODER/E[0]                                                                                     | ultrasonic_unit_i/axi_gpio_0/U0/AXI_LITE_IPIF_I/I_SLAVE_ATTACHMENT/SR[0]                                                                                     |                3 |              6 |
|  ultrasonic_unit_i/processing_system7_0/inst/FCLK_CLK0 | ultrasonic_unit_i/axi_gpio_0/U0/AXI_LITE_IPIF_I/I_SLAVE_ATTACHMENT/s_axi_rresp_i                                                                                      | ultrasonic_unit_i/axi_gpio_0/U0/AXI_LITE_IPIF_I/I_SLAVE_ATTACHMENT/SR[0]                                                                                     |                4 |              7 |
|  ultrasonic_unit_i/processing_system7_0/inst/FCLK_CLK0 | ultrasonic_unit_i/ps7_0_axi_periph/s00_couplers/auto_pc/inst/gen_axilite.gen_b2s_conv.axilite_b2s/WR.b_channel_0/mhandshake_r                                         | ultrasonic_unit_i/ps7_0_axi_periph/s00_couplers/auto_pc/inst/gen_axilite.gen_b2s_conv.axilite_b2s/WR.b_channel_0/bid_fifo_0/SR[0]                            |                3 |              8 |
|  ultrasonic_unit_i/processing_system7_0/inst/FCLK_CLK0 |                                                                                                                                                                       | ultrasonic_unit_i/ps7_0_axi_periph/s00_couplers/auto_pc/inst/gen_axilite.gen_b2s_conv.axilite_b2s/areset_d1                                                  |                4 |             10 |
|  ultrasonic_unit_i/processing_system7_0/inst/FCLK_CLK0 | ultrasonic_unit_i/ps7_0_axi_periph/s00_couplers/auto_pc/inst/gen_axilite.gen_b2s_conv.axilite_b2s/WR.aw_channel_0/cmd_translator_0/incr_cmd_0/axaddr_incr[11]_i_1_n_0 |                                                                                                                                                              |                3 |             12 |
|  ultrasonic_unit_i/processing_system7_0/inst/FCLK_CLK0 | ultrasonic_unit_i/ps7_0_axi_periph/s00_couplers/auto_pc/inst/gen_axilite.gen_b2s_conv.axilite_b2s/WR.aw_channel_0/aw_cmd_fsm_0/E[0]                                   |                                                                                                                                                              |                6 |             12 |
|  ultrasonic_unit_i/processing_system7_0/inst/FCLK_CLK0 |                                                                                                                                                                       | ultrasonic_unit_i/axi_gpio_0/U0/gpio_core_1/Read_Reg_Rst                                                                                                     |                5 |             12 |
|  ultrasonic_unit_i/processing_system7_0/inst/FCLK_CLK0 | ultrasonic_unit_i/ps7_0_axi_periph/s00_couplers/auto_pc/inst/gen_axilite.gen_b2s_conv.axilite_b2s/RD.ar_channel_0/ar_cmd_fsm_0/sel_first_reg[0]                       |                                                                                                                                                              |                2 |             12 |
|  ultrasonic_unit_i/processing_system7_0/inst/FCLK_CLK0 | ultrasonic_unit_i/ps7_0_axi_periph/s00_couplers/auto_pc/inst/gen_axilite.gen_b2s_conv.axilite_b2s/RD.ar_channel_0/ar_cmd_fsm_0/E[0]                                   |                                                                                                                                                              |                5 |             12 |
|  ultrasonic_unit_i/processing_system7_0/inst/FCLK_CLK0 | ultrasonic_unit_i/ps7_0_axi_periph/s00_couplers/auto_pc/inst/gen_axilite.gen_b2s_conv.axilite_b2s/RD.r_channel_0/r_push_r                                             |                                                                                                                                                              |                4 |             13 |
|  ultrasonic_unit_i/processing_system7_0/inst/FCLK_CLK0 | ultrasonic_unit_i/ps7_0_axi_periph/s00_couplers/auto_pc/inst/gen_axilite.gen_b2s_conv.axilite_b2s/SI_REG/b.b_pipe/p_1_in                                              |                                                                                                                                                              |                2 |             14 |
|  ultrasonic_unit_i/processing_system7_0/inst/FCLK_CLK0 | ultrasonic_unit_i/ps7_0_axi_periph/s00_couplers/auto_pc/inst/gen_axilite.gen_b2s_conv.axilite_b2s/SI_REG/b.b_pipe/s_ready_i_reg_0                                     |                                                                                                                                                              |                3 |             14 |
|  ultrasonic_unit_i/processing_system7_0/inst/FCLK_CLK0 | ultrasonic_unit_i/ps7_0_axi_periph/s00_couplers/auto_pc/inst/gen_axilite.gen_b2s_conv.axilite_b2s/WR.aw_channel_0/aw_cmd_fsm_0/b_push                                 |                                                                                                                                                              |                3 |             16 |
|  ultrasonic_unit_i/processing_system7_0/inst/FCLK_CLK0 | ultrasonic_unit_i/ps7_0_axi_periph/s00_couplers/auto_pc/inst/gen_axilite.gen_b2s_conv.axilite_b2s/RD.ar_channel_0/ar_cmd_fsm_0/m_valid_i_reg                          |                                                                                                                                                              |                7 |             21 |
|  ultrasonic_unit_i/processing_system7_0/inst/FCLK_CLK0 |                                                                                                                                                                       | ultrasonic_unit_i/axi_gpio_0/U0/AXI_LITE_IPIF_I/I_SLAVE_ATTACHMENT/SR[0]                                                                                     |                9 |             22 |
|  ultrasonic_unit_i/processing_system7_0/inst/FCLK_CLK0 | ultrasonic_unit_i/ps7_0_axi_periph/s00_couplers/auto_pc/inst/gen_axilite.gen_b2s_conv.axilite_b2s/WR.aw_channel_0/aw_cmd_fsm_0/m_axi_awready_1                        |                                                                                                                                                              |                9 |             25 |
|  ultrasonic_unit_i/processing_system7_0/inst/FCLK_CLK0 | ultrasonic_unit_i/ps7_0_axi_periph/s00_couplers/auto_pc/inst/gen_axilite.gen_b2s_conv.axilite_b2s/SI_REG/aw.aw_pipe/s_ready_i_reg_0                                   |                                                                                                                                                              |                5 |             32 |
|  ultrasonic_unit_i/processing_system7_0/inst/FCLK_CLK0 | ultrasonic_unit_i/ps7_0_axi_periph/s00_couplers/auto_pc/inst/gen_axilite.gen_b2s_conv.axilite_b2s/RD.ar_channel_0/ar_cmd_fsm_0/FSM_sequential_state_reg[1]_0[0]       |                                                                                                                                                              |                6 |             32 |
|  ultrasonic_unit_i/processing_system7_0/inst/FCLK_CLK0 | ultrasonic_unit_i/ps7_0_axi_periph/s00_couplers/auto_pc/inst/gen_axilite.gen_b2s_conv.axilite_b2s/RD.r_channel_0/rd_data_fifo_0/wr_en0                                |                                                                                                                                                              |                9 |             32 |
|  ultrasonic_unit_i/processing_system7_0/inst/FCLK_CLK0 | ultrasonic_unit_i/ps7_0_axi_periph/s00_couplers/auto_pc/inst/gen_axilite.gen_b2s_conv.axilite_b2s/WR.aw_channel_0/aw_cmd_fsm_0/m_valid_i_reg[0]                       |                                                                                                                                                              |                6 |             32 |
|  ultrasonic_unit_i/processing_system7_0/inst/FCLK_CLK0 | ultrasonic_unit_i/ps7_0_axi_periph/s00_couplers/auto_pc/inst/gen_axilite.gen_b2s_conv.axilite_b2s/SI_REG/ar.ar_pipe/s_ready_i_reg_0                                   |                                                                                                                                                              |                5 |             32 |
|  ultrasonic_unit_i/processing_system7_0/inst/FCLK_CLK0 | ultrasonic_unit_i/ps7_0_axi_periph/s00_couplers/auto_pc/inst/gen_axilite.gen_b2s_conv.axilite_b2s/SI_REG/r.r_pipe/p_1_in                                              |                                                                                                                                                              |                7 |             45 |
|  ultrasonic_unit_i/processing_system7_0/inst/FCLK_CLK0 | ultrasonic_unit_i/ps7_0_axi_periph/s00_couplers/auto_pc/inst/gen_axilite.gen_b2s_conv.axilite_b2s/SI_REG/r.r_pipe/s_ready_i_reg_0                                     |                                                                                                                                                              |                9 |             45 |
|  ultrasonic_unit_i/processing_system7_0/inst/FCLK_CLK0 |                                                                                                                                                                       |                                                                                                                                                              |               39 |            143 |
+--------------------------------------------------------+-----------------------------------------------------------------------------------------------------------------------------------------------------------------------+--------------------------------------------------------------------------------------------------------------------------------------------------------------+------------------+----------------+


