Copyright 1986-2018 Xilinx, Inc. All Rights Reserved.
---------------------------------------------------------------------------------------------------
| Tool Version : Vivado v.2018.3 (lin64) Build 2405991 Thu Dec  6 23:36:41 MST 2018
| Date         : Tue Feb  2 13:11:44 2021
| Host         : noodle-box running 64-bit Ubuntu 18.04.5 LTS
| Command      : report_control_sets -verbose -file us_arm_control_wrapper_control_sets_placed.rpt
| Design       : us_arm_control_wrapper
| Device       : xc7a35t
---------------------------------------------------------------------------------------------------

Control Set Information

Table of Contents
-----------------
1. Summary
2. Histogram
3. Flip-Flop Distribution
4. Detailed Control Set Information

1. Summary
----------

+----------------------------------------------------------+-------+
|                          Status                          | Count |
+----------------------------------------------------------+-------+
| Number of unique control sets                            |     4 |
| Unused register locations in slices containing registers |    12 |
+----------------------------------------------------------+-------+


2. Histogram
------------

+--------+--------------+
| Fanout | Control Sets |
+--------+--------------+
|      1 |            1 |
|     11 |            1 |
|    16+ |            2 |
+--------+--------------+


3. Flip-Flop Distribution
-------------------------

+--------------+-----------------------+------------------------+-----------------+--------------+
| Clock Enable | Synchronous Set/Reset | Asynchronous Set/Reset | Total Registers | Total Slices |
+--------------+-----------------------+------------------------+-----------------+--------------+
| No           | No                    | No                     |               0 |            0 |
| No           | No                    | Yes                    |               0 |            0 |
| No           | Yes                   | No                     |              64 |           16 |
| Yes          | No                    | No                     |               1 |            1 |
| Yes          | No                    | Yes                    |               0 |            0 |
| Yes          | Yes                   | No                     |              43 |           12 |
+--------------+-----------------------+------------------------+-----------------+--------------+


4. Detailed Control Set Information
-----------------------------------

+----------------+-----------------------------+-----------------------------------------+------------------+----------------+
|  Clock Signal  |        Enable Signal        |             Set/Reset Signal            | Slice Load Count | Bel Load Count |
+----------------+-----------------------------+-----------------------------------------+------------------+----------------+
|  clk_IBUF_BUFG | us_sensor_i/trigger_i_1_n_0 |                                         |                1 |              1 |
|  clk_IBUF_BUFG | us_sensor_i/trigger_i_1_n_0 | us_sensor_i/output_distance[10]_i_1_n_0 |                4 |             11 |
|  clk_IBUF_BUFG | echo_IBUF                   | us_sensor_i/counter_cm[0]_i_1_n_0       |                8 |             32 |
|  clk_IBUF_BUFG |                             | us_sensor_i/distance_cm_0               |               16 |             64 |
+----------------+-----------------------------+-----------------------------------------+------------------+----------------+


