Copyright 1986-2018 Xilinx, Inc. All Rights Reserved.
----------------------------------------------------------------------------------------------------------
| Tool Version : Vivado v.2018.3 (lin64) Build 2405991 Thu Dec  6 23:36:41 MST 2018
| Date         : Fri Jan 29 10:45:38 2021
| Host         : noodle-box running 64-bit Ubuntu 18.04.5 LTS
| Command      : report_control_sets -verbose -file us_arm_control_system_wrapper_control_sets_placed.rpt
| Design       : us_arm_control_system_wrapper
| Device       : xc7z020
----------------------------------------------------------------------------------------------------------

Control Set Information

Table of Contents
-----------------
1. Summary
2. Histogram
3. Flip-Flop Distribution
4. Detailed Control Set Information

1. Summary
----------

+----------------------------------------------------------+-------+
|                          Status                          | Count |
+----------------------------------------------------------+-------+
| Number of unique control sets                            |   112 |
| Unused register locations in slices containing registers |   350 |
+----------------------------------------------------------+-------+


2. Histogram
------------

+--------+--------------+
| Fanout | Control Sets |
+--------+--------------+
|      1 |           21 |
|      2 |            1 |
|      4 |           14 |
|      5 |            3 |
|      6 |            7 |
|      7 |            5 |
|      8 |            5 |
|      9 |            4 |
|     10 |            1 |
|     11 |            4 |
|     12 |            5 |
|     13 |            2 |
|     14 |            6 |
|    16+ |           34 |
+--------+--------------+


3. Flip-Flop Distribution
-------------------------

+--------------+-----------------------+------------------------+-----------------+--------------+
| Clock Enable | Synchronous Set/Reset | Asynchronous Set/Reset | Total Registers | Total Slices |
+--------------+-----------------------+------------------------+-----------------+--------------+
| No           | No                    | No                     |             257 |           85 |
| No           | No                    | Yes                    |               0 |            0 |
| No           | Yes                   | No                     |             217 |           89 |
| Yes          | No                    | No                     |             443 |           94 |
| Yes          | No                    | Yes                    |               0 |            0 |
| Yes          | Yes                   | No                     |             845 |          321 |
+--------------+-----------------------+------------------------+-----------------+--------------+


4. Detailed Control Set Information
-----------------------------------

+--------------------------------------------------------------+-----------------------------------------------------------------------------------------------------------------------------------------------------------------------------+--------------------------------------------------------------------------------------------------------------------------------------------------------------------+------------------+----------------+
|                         Clock Signal                         |                                                                                Enable Signal                                                                                |                                                                          Set/Reset Signal                                                                          | Slice Load Count | Bel Load Count |
+--------------------------------------------------------------+-----------------------------------------------------------------------------------------------------------------------------------------------------------------------------+--------------------------------------------------------------------------------------------------------------------------------------------------------------------+------------------+----------------+
|  us_arm_control_system_i/processing_system7_0/inst/FCLK_CLK0 |                                                                                                                                                                             | us_arm_control_system_i/axi_timer_1/U0/TC_CORE_I/TIMER_CONTROL_I/READ_DONE1_I_i_1_n_0                                                                              |                1 |              1 |
|  us_arm_control_system_i/processing_system7_0/inst/FCLK_CLK0 |                                                                                                                                                                             | us_arm_control_system_i/axi_timer_3/U0/TC_CORE_I/TIMER_CONTROL_I/READ_DONE1_I_i_1_n_0                                                                              |                1 |              1 |
|  us_arm_control_system_i/processing_system7_0/inst/FCLK_CLK0 |                                                                                                                                                                             | us_arm_control_system_i/axi_timer_3/U0/TC_CORE_I/TIMER_CONTROL_I/R_0                                                                                               |                1 |              1 |
|  us_arm_control_system_i/processing_system7_0/inst/FCLK_CLK0 |                                                                                                                                                                             | us_arm_control_system_i/axi_timer_3/U0/TC_CORE_I/TIMER_CONTROL_I/R                                                                                                 |                1 |              1 |
|  us_arm_control_system_i/processing_system7_0/inst/FCLK_CLK0 |                                                                                                                                                                             | us_arm_control_system_i/axi_timer_3/U0/AXI4_LITE_I/I_SLAVE_ATTACHMENT/I_DECODER/GEN_BKEND_CE_REGISTERS[0].ce_out_i_reg[0]_0                                        |                1 |              1 |
|  us_arm_control_system_i/processing_system7_0/inst/FCLK_CLK0 |                                                                                                                                                                             | us_arm_control_system_i/axi_timer_3/U0/AXI4_LITE_I/I_SLAVE_ATTACHMENT/I_DECODER/GEN_BKEND_CE_REGISTERS[4].ce_out_i_reg[4]_0                                        |                1 |              1 |
|  us_arm_control_system_i/processing_system7_0/inst/FCLK_CLK0 |                                                                                                                                                                             | us_arm_control_system_i/axi_timer_2/U0/TC_CORE_I/TIMER_CONTROL_I/READ_DONE1_I_i_1_n_0                                                                              |                1 |              1 |
|  us_arm_control_system_i/processing_system7_0/inst/FCLK_CLK0 |                                                                                                                                                                             | us_arm_control_system_i/axi_timer_2/U0/TC_CORE_I/TIMER_CONTROL_I/R_0                                                                                               |                1 |              1 |
|  us_arm_control_system_i/processing_system7_0/inst/FCLK_CLK0 |                                                                                                                                                                             | us_arm_control_system_i/axi_timer_2/U0/TC_CORE_I/TIMER_CONTROL_I/R                                                                                                 |                1 |              1 |
|  us_arm_control_system_i/processing_system7_0/inst/FCLK_CLK0 |                                                                                                                                                                             | us_arm_control_system_i/axi_timer_2/U0/AXI4_LITE_I/I_SLAVE_ATTACHMENT/I_DECODER/GEN_BKEND_CE_REGISTERS[4].ce_out_i_reg[4]_0                                        |                1 |              1 |
|  us_arm_control_system_i/processing_system7_0/inst/FCLK_CLK0 |                                                                                                                                                                             | us_arm_control_system_i/axi_timer_2/U0/AXI4_LITE_I/I_SLAVE_ATTACHMENT/I_DECODER/GEN_BKEND_CE_REGISTERS[0].ce_out_i_reg[0]_0                                        |                1 |              1 |
|  us_arm_control_system_i/processing_system7_0/inst/FCLK_CLK0 |                                                                                                                                                                             | us_arm_control_system_i/axi_timer_0/U0/AXI4_LITE_I/I_SLAVE_ATTACHMENT/I_DECODER/GEN_BKEND_CE_REGISTERS[4].ce_out_i_reg[4]_0                                        |                1 |              1 |
|  us_arm_control_system_i/processing_system7_0/inst/FCLK_CLK0 |                                                                                                                                                                             | us_arm_control_system_i/axi_timer_0/U0/AXI4_LITE_I/I_SLAVE_ATTACHMENT/I_DECODER/GEN_BKEND_CE_REGISTERS[0].ce_out_i_reg[0]_0                                        |                1 |              1 |
|  us_arm_control_system_i/processing_system7_0/inst/FCLK_CLK0 |                                                                                                                                                                             | us_arm_control_system_i/axi_timer_0/U0/TC_CORE_I/TIMER_CONTROL_I/R                                                                                                 |                1 |              1 |
|  us_arm_control_system_i/processing_system7_0/inst/FCLK_CLK0 |                                                                                                                                                                             | us_arm_control_system_i/axi_timer_0/U0/TC_CORE_I/TIMER_CONTROL_I/R_0                                                                                               |                1 |              1 |
|  us_arm_control_system_i/processing_system7_0/inst/FCLK_CLK0 |                                                                                                                                                                             | us_arm_control_system_i/axi_timer_1/U0/TC_CORE_I/TIMER_CONTROL_I/R                                                                                                 |                1 |              1 |
|  us_arm_control_system_i/processing_system7_0/inst/FCLK_CLK0 |                                                                                                                                                                             | us_arm_control_system_i/axi_timer_1/U0/TC_CORE_I/TIMER_CONTROL_I/R_0                                                                                               |                1 |              1 |
|  us_arm_control_system_i/processing_system7_0/inst/FCLK_CLK0 | us_arm_control_system_i/ps7_0_axi_periph/s00_couplers/auto_pc/inst/gen_axilite.gen_b2s_conv.axilite_b2s/WR.aw_channel_0/aw_cmd_fsm_0/m_axi_awready_1                        | us_arm_control_system_i/ps7_0_axi_periph/s00_couplers/auto_pc/inst/gen_axilite.gen_b2s_conv.axilite_b2s/WR.aw_channel_0/aw_cmd_fsm_0/m_axi_awready_0               |                1 |              1 |
|  us_arm_control_system_i/processing_system7_0/inst/FCLK_CLK0 |                                                                                                                                                                             | us_arm_control_system_i/axi_timer_1/U0/AXI4_LITE_I/I_SLAVE_ATTACHMENT/I_DECODER/GEN_BKEND_CE_REGISTERS[0].ce_out_i_reg[0]_0                                        |                1 |              1 |
|  us_arm_control_system_i/processing_system7_0/inst/FCLK_CLK0 |                                                                                                                                                                             | us_arm_control_system_i/axi_timer_1/U0/AXI4_LITE_I/I_SLAVE_ATTACHMENT/I_DECODER/GEN_BKEND_CE_REGISTERS[4].ce_out_i_reg[4]_0                                        |                1 |              1 |
|  us_arm_control_system_i/processing_system7_0/inst/FCLK_CLK0 |                                                                                                                                                                             | us_arm_control_system_i/axi_timer_0/U0/TC_CORE_I/TIMER_CONTROL_I/READ_DONE1_I_i_1_n_0                                                                              |                1 |              1 |
|  us_arm_control_system_i/processing_system7_0/inst/FCLK_CLK0 | us_arm_control_system_i/ps7_0_axi_periph/s00_couplers/auto_pc/inst/gen_axilite.gen_b2s_conv.axilite_b2s/WR.b_channel_0/bid_fifo_0/sel                                       |                                                                                                                                                                    |                1 |              2 |
|  us_arm_control_system_i/processing_system7_0/inst/FCLK_CLK0 | us_arm_control_system_i/axi_gpio_0/U0/AXI_LITE_IPIF_I/I_SLAVE_ATTACHMENT/start2                                                                                             | us_arm_control_system_i/axi_gpio_0/U0/AXI_LITE_IPIF_I/I_SLAVE_ATTACHMENT/I_DECODER/cs_ce_clr                                                                       |                1 |              4 |
|  us_arm_control_system_i/processing_system7_0/inst/FCLK_CLK0 | us_arm_control_system_i/axi_gpio_0/U0/AXI_LITE_IPIF_I/I_SLAVE_ATTACHMENT/bus2ip_addr_i[8]_i_1_n_0                                                                           | us_arm_control_system_i/axi_gpio_0/U0/AXI_LITE_IPIF_I/I_SLAVE_ATTACHMENT/SR[0]                                                                                     |                1 |              4 |
|  us_arm_control_system_i/processing_system7_0/inst/FCLK_CLK0 | us_arm_control_system_i/axi_timer_0/U0/AXI4_LITE_I/I_SLAVE_ATTACHMENT/I_DECODER/pair0_Select                                                                                | us_arm_control_system_i/axi_timer_0/U0/TC_CORE_I/GEN_SECOND_TIMER.COUNTER_1_I/COUNTER_I/s_axi_aresetn_0                                                            |                2 |              4 |
|  us_arm_control_system_i/processing_system7_0/inst/FCLK_CLK0 | us_arm_control_system_i/axi_timer_2/U0/AXI4_LITE_I/I_SLAVE_ATTACHMENT/I_DECODER/pair0_Select                                                                                | us_arm_control_system_i/axi_timer_2/U0/TC_CORE_I/GEN_SECOND_TIMER.COUNTER_1_I/COUNTER_I/s_axi_aresetn_0                                                            |                2 |              4 |
|  us_arm_control_system_i/processing_system7_0/inst/FCLK_CLK0 | us_arm_control_system_i/axi_timer_2/U0/AXI4_LITE_I/I_SLAVE_ATTACHMENT/bus2ip_addr_i[4]_i_1_n_0                                                                              | us_arm_control_system_i/axi_timer_2/U0/AXI4_LITE_I/I_SLAVE_ATTACHMENT/rst                                                                                          |                1 |              4 |
|  us_arm_control_system_i/processing_system7_0/inst/FCLK_CLK0 |                                                                                                                                                                             | us_arm_control_system_i/ps7_0_axi_periph/s00_couplers/auto_pc/inst/gen_axilite.gen_b2s_conv.axilite_b2s/SI_REG/aw.aw_pipe/aresetn_d_reg[0]_0                       |                2 |              4 |
|  us_arm_control_system_i/processing_system7_0/inst/FCLK_CLK0 |                                                                                                                                                                             | us_arm_control_system_i/ps7_0_axi_periph/s00_couplers/auto_pc/inst/gen_axilite.gen_b2s_conv.axilite_b2s/SI_REG/ar.ar_pipe/aresetn_d_reg[1]_inv_0                   |                2 |              4 |
|  us_arm_control_system_i/processing_system7_0/inst/FCLK_CLK0 | us_arm_control_system_i/axi_timer_0/U0/AXI4_LITE_I/I_SLAVE_ATTACHMENT/bus2ip_addr_i[4]_i_1_n_0                                                                              | us_arm_control_system_i/axi_timer_0/U0/AXI4_LITE_I/I_SLAVE_ATTACHMENT/rst                                                                                          |                1 |              4 |
|  us_arm_control_system_i/processing_system7_0/inst/FCLK_CLK0 |                                                                                                                                                                             | us_arm_control_system_i/rst_ps7_0_100M/U0/EXT_LPF/lpf_int                                                                                                          |                3 |              4 |
|  us_arm_control_system_i/processing_system7_0/inst/FCLK_CLK0 | us_arm_control_system_i/axi_timer_1/U0/AXI4_LITE_I/I_SLAVE_ATTACHMENT/bus2ip_addr_i[4]_i_1_n_0                                                                              | us_arm_control_system_i/axi_timer_1/U0/AXI4_LITE_I/I_SLAVE_ATTACHMENT/rst                                                                                          |                1 |              4 |
|  us_arm_control_system_i/processing_system7_0/inst/FCLK_CLK0 | us_arm_control_system_i/axi_timer_1/U0/AXI4_LITE_I/I_SLAVE_ATTACHMENT/I_DECODER/pair0_Select                                                                                | us_arm_control_system_i/axi_timer_1/U0/TC_CORE_I/GEN_SECOND_TIMER.COUNTER_1_I/COUNTER_I/s_axi_aresetn_0                                                            |                2 |              4 |
|  us_arm_control_system_i/processing_system7_0/inst/FCLK_CLK0 | us_arm_control_system_i/axi_timer_3/U0/AXI4_LITE_I/I_SLAVE_ATTACHMENT/I_DECODER/pair0_Select                                                                                | us_arm_control_system_i/axi_timer_3/U0/TC_CORE_I/GEN_SECOND_TIMER.COUNTER_1_I/COUNTER_I/s_axi_aresetn_0                                                            |                3 |              4 |
|  us_arm_control_system_i/processing_system7_0/inst/FCLK_CLK0 | us_arm_control_system_i/axi_timer_3/U0/AXI4_LITE_I/I_SLAVE_ATTACHMENT/bus2ip_addr_i[4]_i_1_n_0                                                                              | us_arm_control_system_i/axi_timer_3/U0/AXI4_LITE_I/I_SLAVE_ATTACHMENT/rst                                                                                          |                2 |              4 |
|  us_arm_control_system_i/processing_system7_0/inst/FCLK_CLK0 |                                                                                                                                                                             | us_arm_control_system_i/axi_gpio_0/U0/AXI_LITE_IPIF_I/I_SLAVE_ATTACHMENT/clear                                                                                     |                1 |              4 |
|  us_arm_control_system_i/processing_system7_0/inst/FCLK_CLK0 | us_arm_control_system_i/ps7_0_axi_periph/s00_couplers/auto_pc/inst/gen_axilite.gen_b2s_conv.axilite_b2s/RD.ar_channel_0/ar_cmd_fsm_0/m_valid_i_reg                          | us_arm_control_system_i/ps7_0_axi_periph/s00_couplers/auto_pc/inst/gen_axilite.gen_b2s_conv.axilite_b2s/RD.ar_channel_0/ar_cmd_fsm_0/FSM_sequential_state_reg[0]_0 |                2 |              5 |
|  us_arm_control_system_i/processing_system7_0/inst/FCLK_CLK0 | us_arm_control_system_i/ps7_0_axi_periph/s00_couplers/auto_pc/inst/gen_axilite.gen_b2s_conv.axilite_b2s/RD.r_channel_0/rd_data_fifo_0/E[0]                                  | us_arm_control_system_i/ps7_0_axi_periph/s00_couplers/auto_pc/inst/gen_axilite.gen_b2s_conv.axilite_b2s/areset_d1                                                  |                2 |              5 |
|  us_arm_control_system_i/processing_system7_0/inst/FCLK_CLK0 | us_arm_control_system_i/ps7_0_axi_periph/s00_couplers/auto_pc/inst/gen_axilite.gen_b2s_conv.axilite_b2s/RD.r_channel_0/rd_data_fifo_0/cnt_read[4]_i_1_n_0                   | us_arm_control_system_i/ps7_0_axi_periph/s00_couplers/auto_pc/inst/gen_axilite.gen_b2s_conv.axilite_b2s/areset_d1                                                  |                2 |              5 |
|  us_arm_control_system_i/processing_system7_0/inst/FCLK_CLK0 |                                                                                                                                                                             | us_arm_control_system_i/axi_timer_2/U0/AXI4_LITE_I/I_SLAVE_ATTACHMENT/INCLUDE_DPHASE_TIMER.dpto_cnt[5]_i_1_n_0                                                     |                2 |              6 |
|  us_arm_control_system_i/processing_system7_0/inst/FCLK_CLK0 |                                                                                                                                                                             | us_arm_control_system_i/axi_timer_0/U0/AXI4_LITE_I/I_SLAVE_ATTACHMENT/INCLUDE_DPHASE_TIMER.dpto_cnt[5]_i_1_n_0                                                     |                2 |              6 |
|  us_arm_control_system_i/processing_system7_0/inst/FCLK_CLK0 | us_arm_control_system_i/axi_gpio_0/U0/AXI_LITE_IPIF_I/I_SLAVE_ATTACHMENT/I_DECODER/E[0]                                                                                     | us_arm_control_system_i/axi_gpio_0/U0/AXI_LITE_IPIF_I/I_SLAVE_ATTACHMENT/SR[0]                                                                                     |                3 |              6 |
|  us_arm_control_system_i/processing_system7_0/inst/FCLK_CLK0 |                                                                                                                                                                             | us_arm_control_system_i/axi_timer_1/U0/AXI4_LITE_I/I_SLAVE_ATTACHMENT/INCLUDE_DPHASE_TIMER.dpto_cnt[5]_i_1_n_0                                                     |                2 |              6 |
|  us_arm_control_system_i/processing_system7_0/inst/FCLK_CLK0 |                                                                                                                                                                             | us_arm_control_system_i/axi_timer_3/U0/AXI4_LITE_I/I_SLAVE_ATTACHMENT/INCLUDE_DPHASE_TIMER.dpto_cnt[5]_i_1_n_0                                                     |                2 |              6 |
|  us_arm_control_system_i/processing_system7_0/inst/FCLK_CLK0 | us_arm_control_system_i/rst_ps7_0_100M/U0/SEQ/seq_cnt_en                                                                                                                    | us_arm_control_system_i/rst_ps7_0_100M/U0/SEQ/SEQ_COUNTER/clear                                                                                                    |                2 |              6 |
|  us_arm_control_system_i/processing_system7_0/inst/FCLK_CLK0 | us_arm_control_system_i/axi_gpio_0/U0/AXI_LITE_IPIF_I/I_SLAVE_ATTACHMENT/I_DECODER/bus2ip_rnw_i_reg[0]                                                                      | us_arm_control_system_i/axi_gpio_0/U0/AXI_LITE_IPIF_I/I_SLAVE_ATTACHMENT/SR[0]                                                                                     |                2 |              6 |
|  us_arm_control_system_i/processing_system7_0/inst/FCLK_CLK0 | us_arm_control_system_i/axi_gpio_0/U0/AXI_LITE_IPIF_I/I_SLAVE_ATTACHMENT/s_axi_rresp_i                                                                                      | us_arm_control_system_i/axi_gpio_0/U0/AXI_LITE_IPIF_I/I_SLAVE_ATTACHMENT/SR[0]                                                                                     |                1 |              7 |
|  us_arm_control_system_i/processing_system7_0/inst/FCLK_CLK0 | us_arm_control_system_i/axi_timer_1/U0/AXI4_LITE_I/I_SLAVE_ATTACHMENT/start2                                                                                                | us_arm_control_system_i/axi_timer_1/U0/AXI4_LITE_I/I_SLAVE_ATTACHMENT/I_DECODER/cs_ce_clr                                                                          |                3 |              7 |
|  us_arm_control_system_i/processing_system7_0/inst/FCLK_CLK0 | us_arm_control_system_i/axi_timer_3/U0/AXI4_LITE_I/I_SLAVE_ATTACHMENT/start2                                                                                                | us_arm_control_system_i/axi_timer_3/U0/AXI4_LITE_I/I_SLAVE_ATTACHMENT/I_DECODER/cs_ce_clr                                                                          |                2 |              7 |
|  us_arm_control_system_i/processing_system7_0/inst/FCLK_CLK0 | us_arm_control_system_i/axi_timer_0/U0/AXI4_LITE_I/I_SLAVE_ATTACHMENT/start2                                                                                                | us_arm_control_system_i/axi_timer_0/U0/AXI4_LITE_I/I_SLAVE_ATTACHMENT/I_DECODER/cs_ce_clr                                                                          |                2 |              7 |
|  us_arm_control_system_i/processing_system7_0/inst/FCLK_CLK0 | us_arm_control_system_i/axi_timer_2/U0/AXI4_LITE_I/I_SLAVE_ATTACHMENT/start2                                                                                                | us_arm_control_system_i/axi_timer_2/U0/AXI4_LITE_I/I_SLAVE_ATTACHMENT/I_DECODER/cs_ce_clr                                                                          |                2 |              7 |
|  us_arm_control_system_i/processing_system7_0/inst/FCLK_CLK0 | us_arm_control_system_i/axi_timer_2/U0/AXI4_LITE_I/I_SLAVE_ATTACHMENT/I_DECODER/bus2ip_wrce[0]                                                                              | us_arm_control_system_i/axi_timer_2/U0/TC_CORE_I/GEN_SECOND_TIMER.COUNTER_1_I/COUNTER_I/s_axi_aresetn_0                                                            |                3 |              8 |
|  us_arm_control_system_i/processing_system7_0/inst/FCLK_CLK0 | us_arm_control_system_i/axi_timer_0/U0/AXI4_LITE_I/I_SLAVE_ATTACHMENT/I_DECODER/bus2ip_wrce[0]                                                                              | us_arm_control_system_i/axi_timer_0/U0/TC_CORE_I/GEN_SECOND_TIMER.COUNTER_1_I/COUNTER_I/s_axi_aresetn_0                                                            |                2 |              8 |
|  us_arm_control_system_i/processing_system7_0/inst/FCLK_CLK0 | us_arm_control_system_i/axi_timer_3/U0/AXI4_LITE_I/I_SLAVE_ATTACHMENT/I_DECODER/bus2ip_wrce[0]                                                                              | us_arm_control_system_i/axi_timer_3/U0/TC_CORE_I/GEN_SECOND_TIMER.COUNTER_1_I/COUNTER_I/s_axi_aresetn_0                                                            |                4 |              8 |
|  us_arm_control_system_i/processing_system7_0/inst/FCLK_CLK0 | us_arm_control_system_i/ps7_0_axi_periph/s00_couplers/auto_pc/inst/gen_axilite.gen_b2s_conv.axilite_b2s/WR.b_channel_0/mhandshake_r                                         | us_arm_control_system_i/ps7_0_axi_periph/s00_couplers/auto_pc/inst/gen_axilite.gen_b2s_conv.axilite_b2s/WR.b_channel_0/bid_fifo_0/SR[0]                            |                2 |              8 |
|  us_arm_control_system_i/processing_system7_0/inst/FCLK_CLK0 | us_arm_control_system_i/axi_timer_1/U0/AXI4_LITE_I/I_SLAVE_ATTACHMENT/I_DECODER/bus2ip_wrce[0]                                                                              | us_arm_control_system_i/axi_timer_1/U0/TC_CORE_I/GEN_SECOND_TIMER.COUNTER_1_I/COUNTER_I/s_axi_aresetn_0                                                            |                2 |              8 |
|  us_arm_control_system_i/processing_system7_0/inst/FCLK_CLK0 | us_arm_control_system_i/axi_timer_1/U0/AXI4_LITE_I/I_SLAVE_ATTACHMENT/I_DECODER/bus2ip_wrce[1]                                                                              | us_arm_control_system_i/axi_timer_1/U0/TC_CORE_I/GEN_SECOND_TIMER.COUNTER_1_I/COUNTER_I/s_axi_aresetn_0                                                            |                5 |              9 |
|  us_arm_control_system_i/processing_system7_0/inst/FCLK_CLK0 | us_arm_control_system_i/axi_timer_3/U0/AXI4_LITE_I/I_SLAVE_ATTACHMENT/I_DECODER/bus2ip_wrce[1]                                                                              | us_arm_control_system_i/axi_timer_3/U0/TC_CORE_I/GEN_SECOND_TIMER.COUNTER_1_I/COUNTER_I/s_axi_aresetn_0                                                            |                3 |              9 |
|  us_arm_control_system_i/processing_system7_0/inst/FCLK_CLK0 | us_arm_control_system_i/axi_timer_0/U0/AXI4_LITE_I/I_SLAVE_ATTACHMENT/I_DECODER/bus2ip_wrce[1]                                                                              | us_arm_control_system_i/axi_timer_0/U0/TC_CORE_I/GEN_SECOND_TIMER.COUNTER_1_I/COUNTER_I/s_axi_aresetn_0                                                            |                2 |              9 |
|  us_arm_control_system_i/processing_system7_0/inst/FCLK_CLK0 | us_arm_control_system_i/axi_timer_2/U0/AXI4_LITE_I/I_SLAVE_ATTACHMENT/I_DECODER/bus2ip_wrce[1]                                                                              | us_arm_control_system_i/axi_timer_2/U0/TC_CORE_I/GEN_SECOND_TIMER.COUNTER_1_I/COUNTER_I/s_axi_aresetn_0                                                            |                4 |              9 |
|  us_arm_control_system_i/processing_system7_0/inst/FCLK_CLK0 |                                                                                                                                                                             | us_arm_control_system_i/ps7_0_axi_periph/s00_couplers/auto_pc/inst/gen_axilite.gen_b2s_conv.axilite_b2s/areset_d1                                                  |                3 |             10 |
|  us_arm_control_system_i/processing_system7_0/inst/FCLK_CLK0 |                                                                                                                                                                             | us_arm_control_system_i/axi_timer_2/U0/AXI4_LITE_I/I_SLAVE_ATTACHMENT/rst                                                                                          |                3 |             11 |
|  us_arm_control_system_i/processing_system7_0/inst/FCLK_CLK0 |                                                                                                                                                                             | us_arm_control_system_i/axi_timer_3/U0/AXI4_LITE_I/I_SLAVE_ATTACHMENT/rst                                                                                          |                4 |             11 |
|  us_arm_control_system_i/processing_system7_0/inst/FCLK_CLK0 |                                                                                                                                                                             | us_arm_control_system_i/axi_timer_1/U0/AXI4_LITE_I/I_SLAVE_ATTACHMENT/rst                                                                                          |                4 |             11 |
|  us_arm_control_system_i/processing_system7_0/inst/FCLK_CLK0 |                                                                                                                                                                             | us_arm_control_system_i/axi_timer_0/U0/AXI4_LITE_I/I_SLAVE_ATTACHMENT/rst                                                                                          |                5 |             11 |
|  us_arm_control_system_i/processing_system7_0/inst/FCLK_CLK0 | us_arm_control_system_i/ps7_0_axi_periph/s00_couplers/auto_pc/inst/gen_axilite.gen_b2s_conv.axilite_b2s/WR.aw_channel_0/cmd_translator_0/incr_cmd_0/axaddr_incr[11]_i_1_n_0 |                                                                                                                                                                    |                2 |             12 |
|  us_arm_control_system_i/processing_system7_0/inst/FCLK_CLK0 | us_arm_control_system_i/ps7_0_axi_periph/s00_couplers/auto_pc/inst/gen_axilite.gen_b2s_conv.axilite_b2s/WR.aw_channel_0/aw_cmd_fsm_0/E[0]                                   |                                                                                                                                                                    |                5 |             12 |
|  us_arm_control_system_i/processing_system7_0/inst/FCLK_CLK0 |                                                                                                                                                                             | us_arm_control_system_i/axi_gpio_0/U0/gpio_core_1/Read_Reg_Rst                                                                                                     |                5 |             12 |
|  us_arm_control_system_i/processing_system7_0/inst/FCLK_CLK0 | us_arm_control_system_i/ps7_0_axi_periph/s00_couplers/auto_pc/inst/gen_axilite.gen_b2s_conv.axilite_b2s/RD.ar_channel_0/ar_cmd_fsm_0/E[0]                                   |                                                                                                                                                                    |                4 |             12 |
|  us_arm_control_system_i/processing_system7_0/inst/FCLK_CLK0 | us_arm_control_system_i/ps7_0_axi_periph/s00_couplers/auto_pc/inst/gen_axilite.gen_b2s_conv.axilite_b2s/RD.ar_channel_0/ar_cmd_fsm_0/sel_first_reg[0]                       |                                                                                                                                                                    |                2 |             12 |
|  us_arm_control_system_i/processing_system7_0/inst/FCLK_CLK0 | us_arm_control_system_i/ps7_0_axi_periph/s00_couplers/auto_pc/inst/gen_axilite.gen_b2s_conv.axilite_b2s/RD.r_channel_0/r_push_r                                             |                                                                                                                                                                    |                4 |             13 |
|  us_arm_control_system_i/processing_system7_0/inst/FCLK_CLK0 |                                                                                                                                                                             | us_arm_control_system_i/ps7_0_axi_periph/xbar/inst/gen_sasd.crossbar_sasd_0/addr_arbiter_inst/SR[0]                                                                |                5 |             13 |
|  us_arm_control_system_i/processing_system7_0/inst/FCLK_CLK0 | us_arm_control_system_i/ps7_0_axi_periph/s00_couplers/auto_pc/inst/gen_axilite.gen_b2s_conv.axilite_b2s/SI_REG/b.b_pipe/p_1_in                                              |                                                                                                                                                                    |                2 |             14 |
|  us_arm_control_system_i/processing_system7_0/inst/FCLK_CLK0 |                                                                                                                                                                             | us_arm_control_system_i/axi_timer_3/U0/TC_CORE_I/GEN_SECOND_TIMER.COUNTER_1_I/COUNTER_I/s_axi_aresetn_0                                                            |                5 |             14 |
|  us_arm_control_system_i/processing_system7_0/inst/FCLK_CLK0 | us_arm_control_system_i/ps7_0_axi_periph/s00_couplers/auto_pc/inst/gen_axilite.gen_b2s_conv.axilite_b2s/SI_REG/b.b_pipe/s_ready_i_reg_0                                     |                                                                                                                                                                    |                2 |             14 |
|  us_arm_control_system_i/processing_system7_0/inst/FCLK_CLK0 |                                                                                                                                                                             | us_arm_control_system_i/axi_timer_0/U0/TC_CORE_I/GEN_SECOND_TIMER.COUNTER_1_I/COUNTER_I/s_axi_aresetn_0                                                            |                4 |             14 |
|  us_arm_control_system_i/processing_system7_0/inst/FCLK_CLK0 |                                                                                                                                                                             | us_arm_control_system_i/axi_timer_2/U0/TC_CORE_I/GEN_SECOND_TIMER.COUNTER_1_I/COUNTER_I/s_axi_aresetn_0                                                            |                4 |             14 |
|  us_arm_control_system_i/processing_system7_0/inst/FCLK_CLK0 |                                                                                                                                                                             | us_arm_control_system_i/axi_timer_1/U0/TC_CORE_I/GEN_SECOND_TIMER.COUNTER_1_I/COUNTER_I/s_axi_aresetn_0                                                            |                4 |             14 |
|  us_arm_control_system_i/processing_system7_0/inst/FCLK_CLK0 | us_arm_control_system_i/ps7_0_axi_periph/s00_couplers/auto_pc/inst/gen_axilite.gen_b2s_conv.axilite_b2s/WR.aw_channel_0/aw_cmd_fsm_0/b_push                                 |                                                                                                                                                                    |                3 |             16 |
|  us_arm_control_system_i/processing_system7_0/inst/FCLK_CLK0 | us_arm_control_system_i/ps7_0_axi_periph/xbar/inst/gen_sasd.crossbar_sasd_0/addr_arbiter_inst/p_0_in1_in                                                                    | us_arm_control_system_i/ps7_0_axi_periph/xbar/inst/gen_sasd.crossbar_sasd_0/addr_arbiter_inst/SR[0]                                                                |                7 |             20 |
|  us_arm_control_system_i/processing_system7_0/inst/FCLK_CLK0 | us_arm_control_system_i/ps7_0_axi_periph/s00_couplers/auto_pc/inst/gen_axilite.gen_b2s_conv.axilite_b2s/RD.ar_channel_0/ar_cmd_fsm_0/m_valid_i_reg                          |                                                                                                                                                                    |                8 |             21 |
|  us_arm_control_system_i/processing_system7_0/inst/FCLK_CLK0 |                                                                                                                                                                             | us_arm_control_system_i/axi_gpio_0/U0/AXI_LITE_IPIF_I/I_SLAVE_ATTACHMENT/SR[0]                                                                                     |                7 |             22 |
|  us_arm_control_system_i/processing_system7_0/inst/FCLK_CLK0 | us_arm_control_system_i/ps7_0_axi_periph/s00_couplers/auto_pc/inst/gen_axilite.gen_b2s_conv.axilite_b2s/WR.aw_channel_0/aw_cmd_fsm_0/m_axi_awready_1                        |                                                                                                                                                                    |               10 |             25 |
|  us_arm_control_system_i/processing_system7_0/inst/FCLK_CLK0 | us_arm_control_system_i/axi_timer_0/U0/TC_CORE_I/TIMER_CONTROL_I/CE                                                                                                         | us_arm_control_system_i/axi_timer_0/U0/TC_CORE_I/GEN_SECOND_TIMER.COUNTER_1_I/COUNTER_I/s_axi_aresetn_0                                                            |                9 |             32 |
|  us_arm_control_system_i/processing_system7_0/inst/FCLK_CLK0 | us_arm_control_system_i/axi_timer_3/U0/TC_CORE_I/TIMER_CONTROL_I/CE                                                                                                         | us_arm_control_system_i/axi_timer_3/U0/TC_CORE_I/GEN_SECOND_TIMER.COUNTER_1_I/COUNTER_I/s_axi_aresetn_0                                                            |               10 |             32 |
|  us_arm_control_system_i/processing_system7_0/inst/FCLK_CLK0 | us_arm_control_system_i/axi_timer_3/U0/TC_CORE_I/TIMER_CONTROL_I/INPUT_DOUBLE_REGS3/generateOutPre0_reg                                                                     | us_arm_control_system_i/axi_timer_3/U0/TC_CORE_I/GEN_SECOND_TIMER.COUNTER_1_I/COUNTER_I/s_axi_aresetn_0                                                            |                4 |             32 |
|  us_arm_control_system_i/processing_system7_0/inst/FCLK_CLK0 | us_arm_control_system_i/axi_timer_0/U0/TC_CORE_I/TIMER_CONTROL_I/INPUT_DOUBLE_REGS3/TCSR0_GENERATE[20].TCSR0_FF_I                                                           | us_arm_control_system_i/axi_timer_0/U0/TC_CORE_I/GEN_SECOND_TIMER.COUNTER_1_I/COUNTER_I/s_axi_aresetn_0                                                            |                5 |             32 |
|  us_arm_control_system_i/processing_system7_0/inst/FCLK_CLK0 | us_arm_control_system_i/axi_timer_0/U0/AXI4_LITE_I/I_SLAVE_ATTACHMENT/s_axi_rresp_i                                                                                         | us_arm_control_system_i/axi_timer_0/U0/AXI4_LITE_I/I_SLAVE_ATTACHMENT/rst                                                                                          |               32 |             32 |
|  us_arm_control_system_i/processing_system7_0/inst/FCLK_CLK0 | us_arm_control_system_i/axi_timer_1/U0/AXI4_LITE_I/I_SLAVE_ATTACHMENT/s_axi_rresp_i                                                                                         | us_arm_control_system_i/axi_timer_1/U0/AXI4_LITE_I/I_SLAVE_ATTACHMENT/rst                                                                                          |               32 |             32 |
|  us_arm_control_system_i/processing_system7_0/inst/FCLK_CLK0 | us_arm_control_system_i/axi_timer_1/U0/TC_CORE_I/TIMER_CONTROL_I/INPUT_DOUBLE_REGS3/generateOutPre0_reg                                                                     | us_arm_control_system_i/axi_timer_1/U0/TC_CORE_I/GEN_SECOND_TIMER.COUNTER_1_I/COUNTER_I/s_axi_aresetn_0                                                            |                4 |             32 |
|  us_arm_control_system_i/processing_system7_0/inst/FCLK_CLK0 | us_arm_control_system_i/axi_timer_1/U0/TC_CORE_I/TIMER_CONTROL_I/CE_0                                                                                                       | us_arm_control_system_i/axi_timer_1/U0/TC_CORE_I/GEN_SECOND_TIMER.COUNTER_1_I/COUNTER_I/s_axi_aresetn_0                                                            |               11 |             32 |
|  us_arm_control_system_i/processing_system7_0/inst/FCLK_CLK0 | us_arm_control_system_i/axi_timer_1/U0/TC_CORE_I/TIMER_CONTROL_I/CE                                                                                                         | us_arm_control_system_i/axi_timer_1/U0/TC_CORE_I/GEN_SECOND_TIMER.COUNTER_1_I/COUNTER_I/s_axi_aresetn_0                                                            |                9 |             32 |
|  us_arm_control_system_i/processing_system7_0/inst/FCLK_CLK0 | us_arm_control_system_i/axi_timer_0/U0/TC_CORE_I/TIMER_CONTROL_I/INPUT_DOUBLE_REGS3/generateOutPre0_reg                                                                     | us_arm_control_system_i/axi_timer_0/U0/TC_CORE_I/GEN_SECOND_TIMER.COUNTER_1_I/COUNTER_I/s_axi_aresetn_0                                                            |                4 |             32 |
|  us_arm_control_system_i/processing_system7_0/inst/FCLK_CLK0 | us_arm_control_system_i/axi_timer_3/U0/TC_CORE_I/TIMER_CONTROL_I/CE_0                                                                                                       | us_arm_control_system_i/axi_timer_3/U0/TC_CORE_I/GEN_SECOND_TIMER.COUNTER_1_I/COUNTER_I/s_axi_aresetn_0                                                            |                9 |             32 |
|  us_arm_control_system_i/processing_system7_0/inst/FCLK_CLK0 | us_arm_control_system_i/axi_timer_1/U0/TC_CORE_I/TIMER_CONTROL_I/INPUT_DOUBLE_REGS3/TCSR0_GENERATE[20].TCSR0_FF_I                                                           | us_arm_control_system_i/axi_timer_1/U0/TC_CORE_I/GEN_SECOND_TIMER.COUNTER_1_I/COUNTER_I/s_axi_aresetn_0                                                            |                5 |             32 |
|  us_arm_control_system_i/processing_system7_0/inst/FCLK_CLK0 | us_arm_control_system_i/axi_timer_2/U0/AXI4_LITE_I/I_SLAVE_ATTACHMENT/s_axi_rresp_i                                                                                         | us_arm_control_system_i/axi_timer_2/U0/AXI4_LITE_I/I_SLAVE_ATTACHMENT/rst                                                                                          |               32 |             32 |
|  us_arm_control_system_i/processing_system7_0/inst/FCLK_CLK0 | us_arm_control_system_i/axi_timer_2/U0/TC_CORE_I/TIMER_CONTROL_I/INPUT_DOUBLE_REGS3/TCSR0_GENERATE[20].TCSR0_FF_I                                                           | us_arm_control_system_i/axi_timer_2/U0/TC_CORE_I/GEN_SECOND_TIMER.COUNTER_1_I/COUNTER_I/s_axi_aresetn_0                                                            |                5 |             32 |
|  us_arm_control_system_i/processing_system7_0/inst/FCLK_CLK0 | us_arm_control_system_i/axi_timer_2/U0/TC_CORE_I/TIMER_CONTROL_I/INPUT_DOUBLE_REGS3/generateOutPre0_reg                                                                     | us_arm_control_system_i/axi_timer_2/U0/TC_CORE_I/GEN_SECOND_TIMER.COUNTER_1_I/COUNTER_I/s_axi_aresetn_0                                                            |                5 |             32 |
|  us_arm_control_system_i/processing_system7_0/inst/FCLK_CLK0 | us_arm_control_system_i/axi_timer_2/U0/TC_CORE_I/TIMER_CONTROL_I/CE_0                                                                                                       | us_arm_control_system_i/axi_timer_2/U0/TC_CORE_I/GEN_SECOND_TIMER.COUNTER_1_I/COUNTER_I/s_axi_aresetn_0                                                            |               10 |             32 |
|  us_arm_control_system_i/processing_system7_0/inst/FCLK_CLK0 | us_arm_control_system_i/axi_timer_0/U0/TC_CORE_I/TIMER_CONTROL_I/CE_0                                                                                                       | us_arm_control_system_i/axi_timer_0/U0/TC_CORE_I/GEN_SECOND_TIMER.COUNTER_1_I/COUNTER_I/s_axi_aresetn_0                                                            |               10 |             32 |
|  us_arm_control_system_i/processing_system7_0/inst/FCLK_CLK0 | us_arm_control_system_i/axi_timer_2/U0/TC_CORE_I/TIMER_CONTROL_I/CE                                                                                                         | us_arm_control_system_i/axi_timer_2/U0/TC_CORE_I/GEN_SECOND_TIMER.COUNTER_1_I/COUNTER_I/s_axi_aresetn_0                                                            |               13 |             32 |
|  us_arm_control_system_i/processing_system7_0/inst/FCLK_CLK0 | us_arm_control_system_i/axi_timer_3/U0/AXI4_LITE_I/I_SLAVE_ATTACHMENT/s_axi_rresp_i                                                                                         | us_arm_control_system_i/axi_timer_3/U0/AXI4_LITE_I/I_SLAVE_ATTACHMENT/rst                                                                                          |               32 |             32 |
|  us_arm_control_system_i/processing_system7_0/inst/FCLK_CLK0 | us_arm_control_system_i/axi_timer_3/U0/TC_CORE_I/TIMER_CONTROL_I/INPUT_DOUBLE_REGS3/TCSR0_GENERATE[20].TCSR0_FF_I                                                           | us_arm_control_system_i/axi_timer_3/U0/TC_CORE_I/GEN_SECOND_TIMER.COUNTER_1_I/COUNTER_I/s_axi_aresetn_0                                                            |                6 |             32 |
|  us_arm_control_system_i/processing_system7_0/inst/FCLK_CLK0 | us_arm_control_system_i/ps7_0_axi_periph/s00_couplers/auto_pc/inst/gen_axilite.gen_b2s_conv.axilite_b2s/RD.r_channel_0/rd_data_fifo_0/wr_en0                                |                                                                                                                                                                    |                9 |             34 |
|  us_arm_control_system_i/processing_system7_0/inst/FCLK_CLK0 | us_arm_control_system_i/ps7_0_axi_periph/xbar/inst/gen_sasd.crossbar_sasd_0/addr_arbiter_inst/E[0]                                                                          |                                                                                                                                                                    |               10 |             35 |
|  us_arm_control_system_i/processing_system7_0/inst/FCLK_CLK0 | us_arm_control_system_i/ps7_0_axi_periph/s00_couplers/auto_pc/inst/gen_axilite.gen_b2s_conv.axilite_b2s/SI_REG/r.r_pipe/p_1_in                                              |                                                                                                                                                                    |                7 |             47 |
|  us_arm_control_system_i/processing_system7_0/inst/FCLK_CLK0 | us_arm_control_system_i/ps7_0_axi_periph/s00_couplers/auto_pc/inst/gen_axilite.gen_b2s_conv.axilite_b2s/SI_REG/r.r_pipe/s_ready_i_reg_0                                     |                                                                                                                                                                    |                9 |             47 |
|  us_arm_control_system_i/processing_system7_0/inst/FCLK_CLK0 | us_arm_control_system_i/ps7_0_axi_periph/s00_couplers/auto_pc/inst/gen_axilite.gen_b2s_conv.axilite_b2s/SI_REG/ar.ar_pipe/s_ready_i_reg_0                                   |                                                                                                                                                                    |                8 |             48 |
|  us_arm_control_system_i/processing_system7_0/inst/FCLK_CLK0 | us_arm_control_system_i/ps7_0_axi_periph/s00_couplers/auto_pc/inst/gen_axilite.gen_b2s_conv.axilite_b2s/WR.aw_channel_0/aw_cmd_fsm_0/m_valid_i_reg[0]                       |                                                                                                                                                                    |                9 |             48 |
|  us_arm_control_system_i/processing_system7_0/inst/FCLK_CLK0 | us_arm_control_system_i/ps7_0_axi_periph/s00_couplers/auto_pc/inst/gen_axilite.gen_b2s_conv.axilite_b2s/SI_REG/aw.aw_pipe/s_ready_i_reg_0                                   |                                                                                                                                                                    |                9 |             48 |
|  us_arm_control_system_i/processing_system7_0/inst/FCLK_CLK0 | us_arm_control_system_i/ps7_0_axi_periph/s00_couplers/auto_pc/inst/gen_axilite.gen_b2s_conv.axilite_b2s/RD.ar_channel_0/ar_cmd_fsm_0/FSM_sequential_state_reg[1]_0[0]       |                                                                                                                                                                    |                7 |             48 |
|  us_arm_control_system_i/processing_system7_0/inst/FCLK_CLK0 |                                                                                                                                                                             |                                                                                                                                                                    |               86 |            258 |
+--------------------------------------------------------------+-----------------------------------------------------------------------------------------------------------------------------------------------------------------------------+--------------------------------------------------------------------------------------------------------------------------------------------------------------------+------------------+----------------+


