Copyright 1986-2018 Xilinx, Inc. All Rights Reserved.
------------------------------------------------------------------------------------
| Tool Version : Vivado v.2018.3 (lin64) Build 2405991 Thu Dec  6 23:36:41 MST 2018
| Date         : Fri Apr  2 00:21:17 2021
| Host         : noodle-box running 64-bit Ubuntu 18.04.5 LTS
| Command      : upgrade_ip
| Device       : xc7z020clg400-1
------------------------------------------------------------------------------------

Upgrade Log for IP 'lidar_arm_control_robot_arm_control_0_1'

1. Summary
----------

SUCCESS in the upgrade of lidar_arm_control_robot_arm_control_0_1 (user.org:user:robot_arm_control:1.0) from (Rev. 12) to (Rev. 13)






Copyright 1986-2018 Xilinx, Inc. All Rights Reserved.
------------------------------------------------------------------------------------
| Tool Version : Vivado v.2018.3 (lin64) Build 2405991 Thu Dec  6 23:36:41 MST 2018
| Date         : Fri Apr  2 00:14:46 2021
| Host         : noodle-box running 64-bit Ubuntu 18.04.5 LTS
| Command      : upgrade_ip
| Device       : xc7z020clg400-1
------------------------------------------------------------------------------------

Upgrade Log for IP 'lidar_arm_control_robot_arm_control_0_1'

1. Summary
----------

SUCCESS in the upgrade of lidar_arm_control_robot_arm_control_0_1 (user.org:user:robot_arm_control:1.0) from (Rev. 10) to (Rev. 12)






Copyright 1986-2018 Xilinx, Inc. All Rights Reserved.
------------------------------------------------------------------------------------
| Tool Version : Vivado v.2018.3 (lin64) Build 2405991 Thu Dec  6 23:36:41 MST 2018
| Date         : Wed Mar  3 18:01:31 2021
| Host         : noodle-box running 64-bit Ubuntu 18.04.5 LTS
| Command      : upgrade_ip
| Device       : xc7z020clg400-1
------------------------------------------------------------------------------------

Upgrade Log for IP 'lidar_arm_control_robot_arm_control_0_1'

1. Summary
----------

CAUTION (success, with warnings) in the upgrade of lidar_arm_control_robot_arm_control_0_1 (user.org:user:robot_arm_control:1.0) from (Rev. 9) to (Rev. 10)

After upgrade, an IP may have parameter differences compared to the original customization. Please review the parameters within the IP customization GUI to ensure proper functionality.

2. Customization warnings
-------------------------

The normal upgrade process failed due to validation failures in the given configuration. Attempting partial upgrade to set as many user parameters as possible. Please check the parameters whose values were not applied.

Unable to set the value '13000000' on parameter 'Pwm Counter Max' due to the following failure - 
Validation failed for parameter 'Pwm Counter Max(PWM_COUNTER_MAX)' for BD Cell 'lidar_arm_control_robot_arm_control_0_1'. Value '13000000' is out of the range (0,2000000)
. Restoring to an old valid value of '2000000'


3. Debug Commands
-----------------

  The following debug information can be passed to Vivado as Tcl commands,
in order to validate or debug the output of the upgrade flow.
  You may consult any warnings from within this upgrade, and alter or remove
the configuration parameter(s) which caused the warning; then execute the Tcl
commands, and use the IP Customization GUI to verify the IP configuration.

create_ip -vlnv user.org:user:robot_arm_control:1.0 -user_name lidar_arm_control_robot_arm_control_0_1
set_property -dict "\
  CONFIG.C_S00_AXI_ADDR_WIDTH {4} \
  CONFIG.C_S00_AXI_BASEADDR {0xFFFFFFFF} \
  CONFIG.C_S00_AXI_DATA_WIDTH {32} \
  CONFIG.C_S00_AXI_HIGHADDR {0x00000000} \
  CONFIG.Component_Name {lidar_arm_control_robot_arm_control_0_1} \
  CONFIG.PWM_CLK.ASSOCIATED_BUSIF {} \
  CONFIG.PWM_CLK.ASSOCIATED_RESET {} \
  CONFIG.PWM_CLK.CLK_DOMAIN {lidar_arm_control_PWM_CLK_0} \
  CONFIG.PWM_CLK.FREQ_HZ {100000000} \
  CONFIG.PWM_CLK.INSERT_VIP {0} \
  CONFIG.PWM_CLK.PHASE {0.000} \
  CONFIG.PWM_COUNTER_MAX {13000000} \
  CONFIG.S00_AXI.ADDR_WIDTH {4} \
  CONFIG.S00_AXI.ARUSER_WIDTH {0} \
  CONFIG.S00_AXI.AWUSER_WIDTH {0} \
  CONFIG.S00_AXI.BUSER_WIDTH {0} \
  CONFIG.S00_AXI.CLK_DOMAIN {lidar_arm_control_processing_system7_0_0_FCLK_CLK0} \
  CONFIG.S00_AXI.DATA_WIDTH {32} \
  CONFIG.S00_AXI.FREQ_HZ {100000000} \
  CONFIG.S00_AXI.HAS_BRESP {1} \
  CONFIG.S00_AXI.HAS_BURST {0} \
  CONFIG.S00_AXI.HAS_CACHE {0} \
  CONFIG.S00_AXI.HAS_LOCK {0} \
  CONFIG.S00_AXI.HAS_PROT {1} \
  CONFIG.S00_AXI.HAS_QOS {0} \
  CONFIG.S00_AXI.HAS_REGION {0} \
  CONFIG.S00_AXI.HAS_RRESP {1} \
  CONFIG.S00_AXI.HAS_WSTRB {1} \
  CONFIG.S00_AXI.ID_WIDTH {0} \
  CONFIG.S00_AXI.INSERT_VIP {0} \
  CONFIG.S00_AXI.MAX_BURST_LENGTH {1} \
  CONFIG.S00_AXI.NUM_READ_OUTSTANDING {8} \
  CONFIG.S00_AXI.NUM_READ_THREADS {4} \
  CONFIG.S00_AXI.NUM_WRITE_OUTSTANDING {8} \
  CONFIG.S00_AXI.NUM_WRITE_THREADS {4} \
  CONFIG.S00_AXI.PHASE {0.000} \
  CONFIG.S00_AXI.PROTOCOL {AXI4LITE} \
  CONFIG.S00_AXI.READ_WRITE_MODE {READ_WRITE} \
  CONFIG.S00_AXI.RUSER_BITS_PER_BYTE {0} \
  CONFIG.S00_AXI.RUSER_WIDTH {0} \
  CONFIG.S00_AXI.SUPPORTS_NARROW_BURST {0} \
  CONFIG.S00_AXI.WIZ_DATA_WIDTH {32} \
  CONFIG.S00_AXI.WIZ_NUM_REG {4} \
  CONFIG.S00_AXI.WUSER_BITS_PER_BYTE {0} \
  CONFIG.S00_AXI.WUSER_WIDTH {0} \
  CONFIG.S00_AXI_CLK.ASSOCIATED_BUSIF {S00_AXI} \
  CONFIG.S00_AXI_CLK.ASSOCIATED_RESET {s00_axi_aresetn} \
  CONFIG.S00_AXI_CLK.CLK_DOMAIN {lidar_arm_control_processing_system7_0_0_FCLK_CLK0} \
  CONFIG.S00_AXI_CLK.FREQ_HZ {100000000} \
  CONFIG.S00_AXI_CLK.INSERT_VIP {0} \
  CONFIG.S00_AXI_CLK.PHASE {0.000} \
  CONFIG.S00_AXI_RST.INSERT_VIP {0} \
  CONFIG.S00_AXI_RST.POLARITY {ACTIVE_LOW} " [get_ips lidar_arm_control_robot_arm_control_0_1]







Copyright 1986-2018 Xilinx, Inc. All Rights Reserved.
------------------------------------------------------------------------------------
| Tool Version : Vivado v.2018.3 (lin64) Build 2405991 Thu Dec  6 23:36:41 MST 2018
| Date         : Wed Mar  3 17:54:11 2021
| Host         : noodle-box running 64-bit Ubuntu 18.04.5 LTS
| Command      : upgrade_ip
| Device       : xc7z020clg400-1
------------------------------------------------------------------------------------

Upgrade Log for IP 'lidar_arm_control_robot_arm_control_0_1'

1. Summary
----------

CAUTION (success, with warnings) in the upgrade of lidar_arm_control_robot_arm_control_0_1 (user.org:user:robot_arm_control:1.0) from (Rev. 8) to (Rev. 9)

After upgrade, an IP may have parameter and port differences compared to the original customization. Please review the parameters within the IP customization GUI to ensure proper functionality. Also, please review the updated IP instantiation template to ensure proper connectivity, and update your design if required.

2. Interface Information
------------------------

Detected external interface differences while upgrading 'lidar_arm_control_robot_arm_control_0_1'.


-Upgrade has added interface 'PWM_CLK' (xilinx.com:signal:clock:1.0)


3. Connection Warnings
----------------------

Detected external port differences while upgrading 'lidar_arm_control_robot_arm_control_0_1'. These changes may impact your design.


-Upgrade has added port 'PWM_CLK'







Copyright 1986-2018 Xilinx, Inc. All Rights Reserved.
------------------------------------------------------------------------------------
| Tool Version : Vivado v.2018.3 (lin64) Build 2405991 Thu Dec  6 23:36:41 MST 2018
| Date         : Wed Mar  3 16:59:17 2021
| Host         : noodle-box running 64-bit Ubuntu 18.04.5 LTS
| Command      : upgrade_ip
| Device       : xc7z020clg400-1
------------------------------------------------------------------------------------

Upgrade Log for IP 'lidar_arm_control_robot_arm_control_0_1'

1. Summary
----------

SUCCESS in the upgrade of lidar_arm_control_robot_arm_control_0_1 (user.org:user:robot_arm_control:1.0) from (Rev. 7) to (Rev. 8)






Copyright 1986-2018 Xilinx, Inc. All Rights Reserved.
------------------------------------------------------------------------------------
| Tool Version : Vivado v.2018.3 (lin64) Build 2405991 Thu Dec  6 23:36:41 MST 2018
| Date         : Wed Mar  3 12:16:52 2021
| Host         : noodle-box running 64-bit Ubuntu 18.04.5 LTS
| Command      : upgrade_ip
| Device       : xc7z020clg400-1
------------------------------------------------------------------------------------

Upgrade Log for IP 'lidar_arm_control_robot_arm_control_0_1'

1. Summary
----------

SUCCESS in the upgrade of lidar_arm_control_robot_arm_control_0_1 (user.org:user:robot_arm_control:1.0) from (Rev. 6) to (Rev. 7)






Copyright 1986-2018 Xilinx, Inc. All Rights Reserved.
------------------------------------------------------------------------------------
| Tool Version : Vivado v.2018.3 (lin64) Build 2405991 Thu Dec  6 23:36:41 MST 2018
| Date         : Wed Mar  3 11:44:27 2021
| Host         : noodle-box running 64-bit Ubuntu 18.04.5 LTS
| Command      : upgrade_ip
| Device       : xc7z020clg400-1
------------------------------------------------------------------------------------

Upgrade Log for IP 'lidar_arm_control_robot_arm_control_0_1'

1. Summary
----------

SUCCESS in the upgrade of lidar_arm_control_robot_arm_control_0_1 (user.org:user:robot_arm_control:1.0) from (Rev. 5) to (Rev. 6)






Copyright 1986-2018 Xilinx, Inc. All Rights Reserved.
------------------------------------------------------------------------------------
| Tool Version : Vivado v.2018.3 (lin64) Build 2405991 Thu Dec  6 23:36:41 MST 2018
| Date         : Tue Mar  2 23:18:45 2021
| Host         : noodle-box running 64-bit Ubuntu 18.04.5 LTS
| Command      : upgrade_ip
| Device       : xc7z020clg400-1
------------------------------------------------------------------------------------

Upgrade Log for IP 'lidar_arm_control_robot_arm_control_0_0'

1. Summary
----------

CAUTION (success, with warnings) in the upgrade of lidar_arm_control_robot_arm_control_0_0 (user.org:user:robot_arm_control:1.0) from (Rev. 4) to (Rev. 5)

After upgrade, an IP may have parameter and port differences compared to the original customization. Please review the parameters within the IP customization GUI to ensure proper functionality. Also, please review the updated IP instantiation template to ensure proper connectivity, and update your design if required.

2. Connection Warnings
----------------------

Detected external port differences while upgrading 'lidar_arm_control_robot_arm_control_0_0'. These changes may impact your design.


-Upgrade has removed port 'led'

-Upgrade has added port 'PWM0'

-Upgrade has added port 'PWM1'

-Upgrade has added port 'PWM2'

-Upgrade has added port 'PWM3'







Copyright 1986-2018 Xilinx, Inc. All Rights Reserved.
------------------------------------------------------------------------------------
| Tool Version : Vivado v.2018.3 (lin64) Build 2405991 Thu Dec  6 23:36:41 MST 2018
| Date         : Tue Mar  2 20:46:12 2021
| Host         : noodle-box running 64-bit Ubuntu 18.04.5 LTS
| Command      : upgrade_ip
| Device       : xc7z020clg400-1
------------------------------------------------------------------------------------

Upgrade Log for IP 'lidar_arm_control_robot_arm_control_0_0'

1. Summary
----------

SUCCESS in the upgrade of lidar_arm_control_robot_arm_control_0_0 (user.org:user:robot_arm_control:1.0) from (Rev. 3) to (Rev. 4)






Copyright 1986-2018 Xilinx, Inc. All Rights Reserved.
------------------------------------------------------------------------------------
| Tool Version : Vivado v.2018.3 (lin64) Build 2405991 Thu Dec  6 23:36:41 MST 2018
| Date         : Tue Mar  2 20:13:37 2021
| Host         : noodle-box running 64-bit Ubuntu 18.04.5 LTS
| Command      : upgrade_ip
| Device       : xc7z020clg400-1
------------------------------------------------------------------------------------

Upgrade Log for IP 'lidar_arm_control_robot_arm_control_0_0'

1. Summary
----------

CAUTION (success, with warnings) in the upgrade of lidar_arm_control_robot_arm_control_0_0 (user.org:user:robot_arm_control:1.0) from (Rev. 2) to (Rev. 3)

After upgrade, an IP may have parameter and port differences compared to the original customization. Please review the parameters within the IP customization GUI to ensure proper functionality. Also, please review the updated IP instantiation template to ensure proper connectivity, and update your design if required.

2. Connection Warnings
----------------------

Detected external port differences while upgrading 'lidar_arm_control_robot_arm_control_0_0'. These changes may impact your design.


-Upgrade has added port 'led'







Copyright 1986-2018 Xilinx, Inc. All Rights Reserved.
------------------------------------------------------------------------------------
| Tool Version : Vivado v.2018.3 (lin64) Build 2405991 Thu Dec  6 23:36:41 MST 2018
| Date         : Tue Mar  2 19:48:21 2021
| Host         : noodle-box running 64-bit Ubuntu 18.04.5 LTS
| Command      : upgrade_ip
| Device       : xc7z020clg400-1
------------------------------------------------------------------------------------

Upgrade Log for IP 'lidar_arm_control_sample_gpio_ip_0_0'

1. Summary
----------

SUCCESS in the upgrade of lidar_arm_control_sample_gpio_ip_0_0 (user.org:user:sample_gpio_ip:1.0) from (Rev. 2) to (Rev. 3)

