#-----------------------------------------------------------
# Vivado v2018.3 (64-bit)
# SW Build 2405991 on Thu Dec  6 23:36:41 MST 2018
# IP Build 2404404 on Fri Dec  7 01:43:56 MST 2018
# Start of session at: Fri Jan 29 12:20:27 2021
# Process ID: 21522
# Current directory: /home/cmcnally/Repos/robotic_arm_control_system_analysis
# Command line: vivado
# Log file: /home/cmcnally/Repos/robotic_arm_control_system_analysis/vivado.log
# Journal file: /home/cmcnally/Repos/robotic_arm_control_system_analysis/vivado.jou
#-----------------------------------------------------------
start_gui
open_project /home/cmcnally/Repos/robotic_arm_control_system_analysis/vivado/freertos_system/us_arm_control_system/us_arm_control_system.xpr
Scanning sources...
Finished scanning sources
INFO: [IP_Flow 19-234] Refreshing IP repositories
INFO: [IP_Flow 19-1704] No user IP repositories specified
INFO: [IP_Flow 19-2313] Loaded Vivado IP repository '/tools/Xilinx/Vivado/2018.3/data/ip'.
open_project: Time (s): cpu = 00:00:14 ; elapsed = 00:00:06 . Memory (MB): peak = 6407.473 ; gain = 128.438 ; free physical = 2490 ; free virtual = 5700
update_compile_order -fileset sources_1
open_bd_design {/home/cmcnally/Repos/robotic_arm_control_system_analysis/vivado/freertos_system/us_arm_control_system/us_arm_control_system.srcs/sources_1/bd/us_arm_control_system/us_arm_control_system.bd}
Adding cell -- xilinx.com:ip:processing_system7:5.5 - processing_system7_0
Adding cell -- xilinx.com:ip:axi_gpio:2.0 - axi_gpio_0
Adding cell -- xilinx.com:ip:axi_interconnect:2.1 - ps7_0_axi_periph
Adding cell -- xilinx.com:ip:axi_crossbar:2.1 - xbar
Adding cell -- xilinx.com:ip:axi_protocol_converter:2.1 - auto_pc
Adding cell -- xilinx.com:ip:proc_sys_reset:5.0 - rst_ps7_0_100M
Adding cell -- xilinx.com:ip:axi_timer:2.0 - axi_timer_0
Adding cell -- xilinx.com:ip:axi_timer:2.0 - axi_timer_1
Adding cell -- xilinx.com:ip:axi_timer:2.0 - axi_timer_2
Adding cell -- xilinx.com:ip:axi_timer:2.0 - axi_timer_3
Adding cell -- xilinx.com:ip:xlconcat:2.1 - xlconcat_0
Successfully read diagram <us_arm_control_system> from BD file </home/cmcnally/Repos/robotic_arm_control_system_analysis/vivado/freertos_system/us_arm_control_system/us_arm_control_system.srcs/sources_1/bd/us_arm_control_system/us_arm_control_system.bd>
launch_sdk -workspace /home/cmcnally/Repos/robotic_arm_control_system_analysis/vivado/freertos_system/us_arm_control_system/us_arm_control_system.sdk -hwspec /home/cmcnally/Repos/robotic_arm_control_system_analysis/vivado/freertos_system/us_arm_control_system/us_arm_control_system.sdk/us_arm_control_system_wrapper.hdf
INFO: [Vivado 12-393] Launching SDK...
INFO: [Vivado 12-417] Running xsdk -workspace /home/cmcnally/Repos/robotic_arm_control_system_analysis/vivado/freertos_system/us_arm_control_system/us_arm_control_system.sdk -hwspec /home/cmcnally/Repos/robotic_arm_control_system_analysis/vivado/freertos_system/us_arm_control_system/us_arm_control_system.sdk/us_arm_control_system_wrapper.hdf
INFO: [Vivado 12-3157] SDK launch initiated. Please check console for any further messages.
exit
INFO: [Common 17-206] Exiting Vivado at Fri Jan 29 15:59:41 2021...
