
*** Running vivado
    with args -log lidar_arm_control_robot_arm_control_0_1.vds -m64 -product Vivado -mode batch -messageDb vivado.pb -notrace -source lidar_arm_control_robot_arm_control_0_1.tcl


****** Vivado v2018.3 (64-bit)
  **** SW Build 2405991 on Thu Dec  6 23:36:41 MST 2018
  **** IP Build 2404404 on Fri Dec  7 01:43:56 MST 2018
    ** Copyright 1986-2018 Xilinx, Inc. All Rights Reserved.

source lidar_arm_control_robot_arm_control_0_1.tcl -notrace
INFO: [IP_Flow 19-234] Refreshing IP repositories
INFO: [IP_Flow 19-1700] Loaded user IP repository '/home/cmcnally/Repos/robotic-arm-control-system-analysis/vivado/lidar_arm_control/ip_repo/robot_arm_control_1.0'.
WARNING: [IP_Flow 19-2248] Failed to load user IP repository '/home/cmcnally/Repos/robotic-arm-control-system-analysis/vivado/lidar_arm_control/ip_repo/robot_arm_pwm_1.0'; Can't find the specified path.
If this directory should no longer be in your list of user repositories, go to the IP Settings dialog and remove it.
WARNING: [IP_Flow 19-2248] Failed to load user IP repository '/home/cmcnally/Repos/robotic-arm-control-system-analysis/vivado/lidar_arm_control/ip_repo/sample_gpio_ip_1.0'; Can't find the specified path.
If this directory should no longer be in your list of user repositories, go to the IP Settings dialog and remove it.
WARNING: [IP_Flow 19-2207] Repository '/home/cmcnally/Repos/robotic-arm-control-system-analysis/vivado/lidar_arm_control/ip_repo/sample_gpio_ip_1.0' already exists; ignoring attempt to add it again.
WARNING: [IP_Flow 19-2248] Failed to load user IP repository '/home/cmcnally/Repos/robotic-arm-control-system-analysis/vivado/lidar_arm_control/ip_repo/sample_gpio_ip_1.0'; Can't find the specified path.
If this directory should no longer be in your list of user repositories, go to the IP Settings dialog and remove it.
INFO: [IP_Flow 19-2313] Loaded Vivado IP repository '/tools/Xilinx/Vivado/2018.3/data/ip'.
Command: synth_design -top lidar_arm_control_robot_arm_control_0_1 -part xc7z020clg400-1 -mode out_of_context
Starting synth_design
Attempting to get a license for feature 'Synthesis' and/or device 'xc7z020'
INFO: [Common 17-349] Got license for feature 'Synthesis' and/or device 'xc7z020'
INFO: Launching helper process for spawning children vivado processes
INFO: Helper process launched with PID 14641 
WARNING: [Synth 8-2611] redeclaration of ansi port PWM0 is not allowed [/home/cmcnally/Repos/robotic-arm-control-system-analysis/vivado/lidar_arm_control/hardware_offload_system/hardware_system.srcs/sources_1/bd/lidar_arm_control/ipshared/edit_robot_arm_control_v1_0.srcs/sources_1/new/pwm_controller.sv:37]
WARNING: [Synth 8-2611] redeclaration of ansi port PWM1 is not allowed [/home/cmcnally/Repos/robotic-arm-control-system-analysis/vivado/lidar_arm_control/hardware_offload_system/hardware_system.srcs/sources_1/bd/lidar_arm_control/ipshared/edit_robot_arm_control_v1_0.srcs/sources_1/new/pwm_controller.sv:37]
WARNING: [Synth 8-2611] redeclaration of ansi port PWM2 is not allowed [/home/cmcnally/Repos/robotic-arm-control-system-analysis/vivado/lidar_arm_control/hardware_offload_system/hardware_system.srcs/sources_1/bd/lidar_arm_control/ipshared/edit_robot_arm_control_v1_0.srcs/sources_1/new/pwm_controller.sv:37]
WARNING: [Synth 8-2611] redeclaration of ansi port PWM3 is not allowed [/home/cmcnally/Repos/robotic-arm-control-system-analysis/vivado/lidar_arm_control/hardware_offload_system/hardware_system.srcs/sources_1/bd/lidar_arm_control/ipshared/edit_robot_arm_control_v1_0.srcs/sources_1/new/pwm_controller.sv:37]
---------------------------------------------------------------------------------
Starting RTL Elaboration : Time (s): cpu = 00:00:02 ; elapsed = 00:00:03 . Memory (MB): peak = 1392.402 ; gain = 8.398 ; free physical = 528 ; free virtual = 4421
---------------------------------------------------------------------------------
INFO: [Synth 8-6157] synthesizing module 'lidar_arm_control_robot_arm_control_0_1' [/home/cmcnally/Repos/robotic-arm-control-system-analysis/vivado/lidar_arm_control/hardware_offload_system/hardware_system.srcs/sources_1/bd/lidar_arm_control/ip/lidar_arm_control_robot_arm_control_0_1/synth/lidar_arm_control_robot_arm_control_0_1.v:56]
INFO: [Synth 8-6157] synthesizing module 'robot_arm_control_v1_0' [/home/cmcnally/Repos/robotic-arm-control-system-analysis/vivado/lidar_arm_control/hardware_offload_system/hardware_system.srcs/sources_1/bd/lidar_arm_control/ipshared/561a/hdl/robot_arm_control_v1_0.v:4]
	Parameter PWM_COUNTER_MAX bound to: 2000000 - type: integer 
	Parameter C_S00_AXI_DATA_WIDTH bound to: 32 - type: integer 
	Parameter C_S00_AXI_ADDR_WIDTH bound to: 4 - type: integer 
INFO: [Synth 8-6157] synthesizing module 'robot_arm_control_v1_0_S00_AXI' [/home/cmcnally/Repos/robotic-arm-control-system-analysis/vivado/lidar_arm_control/hardware_offload_system/hardware_system.srcs/sources_1/bd/lidar_arm_control/ipshared/561a/hdl/robot_arm_control_v1_0_S00_AXI.v:4]
	Parameter PWM_COUNTER_MAX bound to: 2000000 - type: integer 
	Parameter C_S_AXI_DATA_WIDTH bound to: 32 - type: integer 
	Parameter C_S_AXI_ADDR_WIDTH bound to: 4 - type: integer 
	Parameter ADDR_LSB bound to: 2 - type: integer 
	Parameter OPT_MEM_ADDR_BITS bound to: 1 - type: integer 
INFO: [Synth 8-226] default block is never used [/home/cmcnally/Repos/robotic-arm-control-system-analysis/vivado/lidar_arm_control/hardware_offload_system/hardware_system.srcs/sources_1/bd/lidar_arm_control/ipshared/561a/hdl/robot_arm_control_v1_0_S00_AXI.v:233]
INFO: [Synth 8-226] default block is never used [/home/cmcnally/Repos/robotic-arm-control-system-analysis/vivado/lidar_arm_control/hardware_offload_system/hardware_system.srcs/sources_1/bd/lidar_arm_control/ipshared/561a/hdl/robot_arm_control_v1_0_S00_AXI.v:374]
INFO: [Synth 8-6157] synthesizing module 'lidar_packet_parser' [/home/cmcnally/Repos/robotic-arm-control-system-analysis/vivado/lidar_arm_control/hardware_offload_system/hardware_system.srcs/sources_1/bd/lidar_arm_control/ipshared/edit_robot_arm_control_v1_0.srcs/sources_1/new/lidar_packet_parser.sv:23]
	Parameter C_S_AXI_DATA_WIDTH bound to: 32 - type: integer 
	Parameter C_S_AXI_ADDR_WIDTH bound to: 4 - type: integer 
ERROR: [Synth 8-439] module 'div_gen_0' not found [/home/cmcnally/Repos/robotic-arm-control-system-analysis/vivado/lidar_arm_control/hardware_offload_system/hardware_system.srcs/sources_1/bd/lidar_arm_control/ipshared/edit_robot_arm_control_v1_0.srcs/sources_1/new/lidar_packet_parser.sv:139]
ERROR: [Synth 8-6156] failed synthesizing module 'lidar_packet_parser' [/home/cmcnally/Repos/robotic-arm-control-system-analysis/vivado/lidar_arm_control/hardware_offload_system/hardware_system.srcs/sources_1/bd/lidar_arm_control/ipshared/edit_robot_arm_control_v1_0.srcs/sources_1/new/lidar_packet_parser.sv:23]
ERROR: [Synth 8-6156] failed synthesizing module 'robot_arm_control_v1_0_S00_AXI' [/home/cmcnally/Repos/robotic-arm-control-system-analysis/vivado/lidar_arm_control/hardware_offload_system/hardware_system.srcs/sources_1/bd/lidar_arm_control/ipshared/561a/hdl/robot_arm_control_v1_0_S00_AXI.v:4]
ERROR: [Synth 8-6156] failed synthesizing module 'robot_arm_control_v1_0' [/home/cmcnally/Repos/robotic-arm-control-system-analysis/vivado/lidar_arm_control/hardware_offload_system/hardware_system.srcs/sources_1/bd/lidar_arm_control/ipshared/561a/hdl/robot_arm_control_v1_0.v:4]
ERROR: [Synth 8-6156] failed synthesizing module 'lidar_arm_control_robot_arm_control_0_1' [/home/cmcnally/Repos/robotic-arm-control-system-analysis/vivado/lidar_arm_control/hardware_offload_system/hardware_system.srcs/sources_1/bd/lidar_arm_control/ip/lidar_arm_control_robot_arm_control_0_1/synth/lidar_arm_control_robot_arm_control_0_1.v:56]
---------------------------------------------------------------------------------
Finished RTL Elaboration : Time (s): cpu = 00:00:03 ; elapsed = 00:00:04 . Memory (MB): peak = 1423.527 ; gain = 39.523 ; free physical = 547 ; free virtual = 4440
---------------------------------------------------------------------------------
RTL Elaboration failed
INFO: [Common 17-83] Releasing license: Synthesis
11 Infos, 8 Warnings, 0 Critical Warnings and 6 Errors encountered.
synth_design failed
ERROR: [Common 17-69] Command failed: Synthesis failed - please see the console or run log file for details
INFO: [Common 17-206] Exiting Vivado at Fri Apr  2 00:21:43 2021...
