Copyright 1986-2018 Xilinx, Inc. All Rights Reserved.
------------------------------------------------------------------------------------------------------
| Tool Version : Vivado v.2018.3 (lin64) Build 2405991 Thu Dec  6 23:36:41 MST 2018
| Date         : Wed Mar 31 17:45:16 2021
| Host         : noodle-box running 64-bit Ubuntu 18.04.5 LTS
| Command      : report_control_sets -verbose -file lidar_arm_control_wrapper_control_sets_placed.rpt
| Design       : lidar_arm_control_wrapper
| Device       : xc7z020
------------------------------------------------------------------------------------------------------

Control Set Information

Table of Contents
-----------------
1. Summary
2. Histogram
3. Flip-Flop Distribution
4. Detailed Control Set Information

1. Summary
----------

+----------------------------------------------------------+-------+
|                          Status                          | Count |
+----------------------------------------------------------+-------+
| Number of unique control sets                            |    90 |
| Unused register locations in slices containing registers |   276 |
+----------------------------------------------------------+-------+


2. Histogram
------------

+--------+--------------+
| Fanout | Control Sets |
+--------+--------------+
|      2 |            2 |
|      4 |           30 |
|      5 |            2 |
|      6 |            5 |
|      7 |            1 |
|      8 |            4 |
|      9 |            2 |
|     10 |            1 |
|     11 |            1 |
|     12 |            3 |
|     13 |            3 |
|     14 |           19 |
|    16+ |           17 |
+--------+--------------+


3. Flip-Flop Distribution
-------------------------

+--------------+-----------------------+------------------------+-----------------+--------------+
| Clock Enable | Synchronous Set/Reset | Asynchronous Set/Reset | Total Registers | Total Slices |
+--------------+-----------------------+------------------------+-----------------+--------------+
| No           | No                    | No                     |             136 |           40 |
| No           | No                    | Yes                    |               0 |            0 |
| No           | Yes                   | No                     |             112 |           47 |
| Yes          | No                    | No                     |             330 |           88 |
| Yes          | No                    | Yes                    |               0 |            0 |
| Yes          | Yes                   | No                     |             466 |          108 |
+--------------+-----------------------+------------------------+-----------------+--------------+


4. Detailed Control Set Information
-----------------------------------

+----------------------------------------------------------+-----------------------------------------------------------------------------------------------------------------------------------------------------------------------------------------------------------------+-----------------------------------------------------------------------------------------------------------------------------------------------------------------+------------------+----------------+
|                       Clock Signal                       |                                                                                                  Enable Signal                                                                                                  |                                                                         Set/Reset Signal                                                                        | Slice Load Count | Bel Load Count |
+----------------------------------------------------------+-----------------------------------------------------------------------------------------------------------------------------------------------------------------------------------------------------------------+-----------------------------------------------------------------------------------------------------------------------------------------------------------------+------------------+----------------+
|  lidar_arm_control_i/processing_system7_0/inst/FCLK_CLK0 | lidar_arm_control_i/ps7_0_axi_periph/m01_couplers/auto_pc/inst/gen_axilite.gen_b2s_conv.axilite_b2s/WR.b_channel_0/bid_fifo_0/bresp_push                                                                        |                                                                                                                                                                 |                1 |              2 |
|  lidar_arm_control_i/processing_system7_0/inst/FCLK_CLK0 | lidar_arm_control_i/ps7_0_axi_periph/xbar/inst/gen_samd.crossbar_samd/gen_slave_slots[0].gen_si_write.wdata_router_w/wrouter_aw_fifo/gen_srls[0].gen_rep[1].srl_nx1/push                                        |                                                                                                                                                                 |                1 |              2 |
|  lidar_arm_control_i/processing_system7_0/inst/FCLK_CLK0 | lidar_arm_control_i/ps7_0_axi_periph/xbar/inst/gen_samd.crossbar_samd/gen_slave_slots[0].gen_si_write.si_transactor_aw/gen_multi_thread.arbiter_resp_inst/m_valid_i_reg_0[0]                                    | lidar_arm_control_i/ps7_0_axi_periph/xbar/inst/gen_samd.crossbar_samd/gen_slave_slots[0].gen_si_write.si_transactor_aw/gen_multi_thread.arbiter_resp_inst/SR[0] |                1 |              4 |
|  lidar_arm_control_i/processing_system7_0/inst/FCLK_CLK0 | lidar_arm_control_i/ps7_0_axi_periph/xbar/inst/gen_samd.crossbar_samd/gen_slave_slots[0].gen_si_read.si_transactor_ar/gen_multi_thread.arbiter_resp_inst/gen_multi_thread.accept_cnt_reg[2][0]                  | lidar_arm_control_i/ps7_0_axi_periph/xbar/inst/gen_samd.crossbar_samd/gen_slave_slots[0].gen_si_write.si_transactor_aw/gen_multi_thread.arbiter_resp_inst/SR[0] |                2 |              4 |
|  lidar_arm_control_i/processing_system7_0/inst/FCLK_CLK0 | lidar_arm_control_i/ps7_0_axi_periph/xbar/inst/gen_samd.crossbar_samd/gen_slave_slots[0].gen_si_read.si_transactor_ar/gen_multi_thread.arbiter_resp_inst/gen_multi_thread.active_cnt_reg[35][0]                 | lidar_arm_control_i/ps7_0_axi_periph/xbar/inst/gen_samd.crossbar_samd/gen_slave_slots[0].gen_si_write.si_transactor_aw/gen_multi_thread.arbiter_resp_inst/SR[0] |                2 |              4 |
|  lidar_arm_control_i/processing_system7_0/inst/FCLK_CLK0 | lidar_arm_control_i/ps7_0_axi_periph/xbar/inst/gen_samd.crossbar_samd/gen_slave_slots[0].gen_si_read.si_transactor_ar/gen_multi_thread.arbiter_resp_inst/gen_multi_thread.active_cnt_reg[40][0]                 | lidar_arm_control_i/ps7_0_axi_periph/xbar/inst/gen_samd.crossbar_samd/gen_slave_slots[0].gen_si_write.si_transactor_aw/gen_multi_thread.arbiter_resp_inst/SR[0] |                1 |              4 |
|  lidar_arm_control_i/processing_system7_0/inst/FCLK_CLK0 | lidar_arm_control_i/ps7_0_axi_periph/m01_couplers/auto_pc/inst/gen_axilite.gen_b2s_conv.axilite_b2s/RD.ar_channel_0/ar_cmd_fsm_0/sel_first_reg[0]                                                               |                                                                                                                                                                 |                2 |              4 |
|  lidar_arm_control_i/processing_system7_0/inst/FCLK_CLK0 | lidar_arm_control_i/ps7_0_axi_periph/xbar/inst/gen_samd.crossbar_samd/gen_slave_slots[0].gen_si_write.si_transactor_aw/gen_multi_thread.arbiter_resp_inst/m_valid_i_reg_4[0]                                    | lidar_arm_control_i/ps7_0_axi_periph/xbar/inst/gen_samd.crossbar_samd/gen_slave_slots[0].gen_si_write.si_transactor_aw/gen_multi_thread.arbiter_resp_inst/SR[0] |                1 |              4 |
|  lidar_arm_control_i/processing_system7_0/inst/FCLK_CLK0 | lidar_arm_control_i/ps7_0_axi_periph/xbar/inst/gen_samd.crossbar_samd/gen_slave_slots[0].gen_si_write.si_transactor_aw/gen_multi_thread.arbiter_resp_inst/m_valid_i_reg_3[0]                                    | lidar_arm_control_i/ps7_0_axi_periph/xbar/inst/gen_samd.crossbar_samd/gen_slave_slots[0].gen_si_write.si_transactor_aw/gen_multi_thread.arbiter_resp_inst/SR[0] |                2 |              4 |
|  lidar_arm_control_i/processing_system7_0/inst/FCLK_CLK0 | lidar_arm_control_i/ps7_0_axi_periph/m01_couplers/auto_pc/inst/gen_axilite.gen_b2s_conv.axilite_b2s/RD.ar_channel_0/ar_cmd_fsm_0/FSM_sequential_state_reg[1]_0[0]                                               |                                                                                                                                                                 |                3 |              4 |
|  lidar_arm_control_i/processing_system7_0/inst/FCLK_CLK0 | lidar_arm_control_i/ps7_0_axi_periph/xbar/inst/gen_samd.crossbar_samd/gen_slave_slots[0].gen_si_write.si_transactor_aw/gen_multi_thread.arbiter_resp_inst/m_valid_i_reg_2[0]                                    | lidar_arm_control_i/ps7_0_axi_periph/xbar/inst/gen_samd.crossbar_samd/gen_slave_slots[0].gen_si_write.si_transactor_aw/gen_multi_thread.arbiter_resp_inst/SR[0] |                1 |              4 |
|  lidar_arm_control_i/processing_system7_0/inst/FCLK_CLK0 | lidar_arm_control_i/ps7_0_axi_periph/xbar/inst/gen_samd.crossbar_samd/gen_slave_slots[0].gen_si_write.si_transactor_aw/gen_multi_thread.arbiter_resp_inst/m_valid_i_reg_1[0]                                    | lidar_arm_control_i/ps7_0_axi_periph/xbar/inst/gen_samd.crossbar_samd/gen_slave_slots[0].gen_si_write.si_transactor_aw/gen_multi_thread.arbiter_resp_inst/SR[0] |                1 |              4 |
|  lidar_arm_control_i/processing_system7_0/inst/FCLK_CLK0 |                                                                                                                                                                                                                 | lidar_arm_control_i/rst_ps7_0_100M/U0/EXT_LPF/lpf_int                                                                                                           |                1 |              4 |
|  lidar_arm_control_i/processing_system7_0/inst/FCLK_CLK0 | lidar_arm_control_i/ps7_0_axi_periph/xbar/inst/gen_samd.crossbar_samd/gen_slave_slots[0].gen_si_write.si_transactor_aw/gen_multi_thread.arbiter_resp_inst/m_valid_i_reg[0]                                      | lidar_arm_control_i/ps7_0_axi_periph/xbar/inst/gen_samd.crossbar_samd/gen_slave_slots[0].gen_si_write.si_transactor_aw/gen_multi_thread.arbiter_resp_inst/SR[0] |                1 |              4 |
|  lidar_arm_control_i/processing_system7_0/inst/FCLK_CLK0 | lidar_arm_control_i/ps7_0_axi_periph/xbar/inst/gen_samd.crossbar_samd/gen_slave_slots[0].gen_si_write.si_transactor_aw/gen_multi_thread.arbiter_resp_inst/gen_multi_thread.accept_cnt_reg[1][0]                 | lidar_arm_control_i/ps7_0_axi_periph/xbar/inst/gen_samd.crossbar_samd/gen_slave_slots[0].gen_si_write.si_transactor_aw/gen_multi_thread.arbiter_resp_inst/SR[0] |                2 |              4 |
|  lidar_arm_control_i/processing_system7_0/inst/FCLK_CLK0 | lidar_arm_control_i/ps7_0_axi_periph/xbar/inst/gen_samd.crossbar_samd/gen_slave_slots[0].gen_si_write.si_transactor_aw/gen_multi_thread.arbiter_resp_inst/E[0]                                                  | lidar_arm_control_i/ps7_0_axi_periph/xbar/inst/gen_samd.crossbar_samd/gen_slave_slots[0].gen_si_write.si_transactor_aw/gen_multi_thread.arbiter_resp_inst/SR[0] |                1 |              4 |
|  lidar_arm_control_i/processing_system7_0/inst/FCLK_CLK0 | lidar_arm_control_i/axi_uartlite_0/U0/UARTLITE_CORE_I/BAUD_RATE_I/p_2_out[0]                                                                                                                                    |                                                                                                                                                                 |                1 |              4 |
|  lidar_arm_control_i/processing_system7_0/inst/FCLK_CLK0 | lidar_arm_control_i/ps7_0_axi_periph/xbar/inst/gen_samd.crossbar_samd/gen_slave_slots[0].gen_si_write.si_transactor_aw/gen_multi_thread.arbiter_resp_inst/gen_multi_thread.active_cnt_reg[3][0]                 | lidar_arm_control_i/ps7_0_axi_periph/xbar/inst/gen_samd.crossbar_samd/gen_slave_slots[0].gen_si_write.si_transactor_aw/gen_multi_thread.arbiter_resp_inst/SR[0] |                1 |              4 |
|  lidar_arm_control_i/processing_system7_0/inst/FCLK_CLK0 | lidar_arm_control_i/axi_uartlite_0/U0/AXI_LITE_IPIF_I/I_SLAVE_ATTACHMENT/start2                                                                                                                                 | lidar_arm_control_i/axi_uartlite_0/U0/AXI_LITE_IPIF_I/I_SLAVE_ATTACHMENT/I_DECODER/cs_ce_clr                                                                    |                1 |              4 |
|  lidar_arm_control_i/processing_system7_0/inst/FCLK_CLK0 | lidar_arm_control_i/ps7_0_axi_periph/xbar/inst/gen_samd.crossbar_samd/gen_master_slots[1].reg_slice_mi/r.r_pipe/E[0]                                                                                            | lidar_arm_control_i/ps7_0_axi_periph/xbar/inst/gen_samd.crossbar_samd/gen_slave_slots[0].gen_si_write.si_transactor_aw/gen_multi_thread.arbiter_resp_inst/SR[0] |                2 |              4 |
|  lidar_arm_control_i/processing_system7_0/inst/FCLK_CLK0 | lidar_arm_control_i/ps7_0_axi_periph/xbar/inst/gen_samd.crossbar_samd/addr_arbiter_aw/E[0]                                                                                                                      | lidar_arm_control_i/ps7_0_axi_periph/xbar/inst/gen_samd.crossbar_samd/gen_slave_slots[0].gen_si_write.si_transactor_aw/gen_multi_thread.arbiter_resp_inst/SR[0] |                2 |              4 |
|  lidar_arm_control_i/processing_system7_0/inst/FCLK_CLK0 | lidar_arm_control_i/ps7_0_axi_periph/xbar/inst/gen_samd.crossbar_samd/gen_slave_slots[0].gen_si_read.si_transactor_ar/gen_multi_thread.arbiter_resp_inst/E[0]                                                   | lidar_arm_control_i/ps7_0_axi_periph/xbar/inst/gen_samd.crossbar_samd/gen_slave_slots[0].gen_si_write.si_transactor_aw/gen_multi_thread.arbiter_resp_inst/SR[0] |                1 |              4 |
|  lidar_arm_control_i/processing_system7_0/inst/FCLK_CLK0 | lidar_arm_control_i/ps7_0_axi_periph/m01_couplers/auto_pc/inst/gen_axilite.gen_b2s_conv.axilite_b2s/WR.aw_channel_0/cmd_translator_0/incr_cmd_0/axaddr_incr[11]_i_1_n_0                                         |                                                                                                                                                                 |                1 |              4 |
|  lidar_arm_control_i/processing_system7_0/inst/FCLK_CLK0 | lidar_arm_control_i/ps7_0_axi_periph/m01_couplers/auto_pc/inst/gen_axilite.gen_b2s_conv.axilite_b2s/WR.aw_channel_0/aw_cmd_fsm_0/E[0]                                                                           |                                                                                                                                                                 |                2 |              4 |
|  lidar_arm_control_i/processing_system7_0/inst/FCLK_CLK0 |                                                                                                                                                                                                                 | lidar_arm_control_i/ps7_0_axi_periph/m01_couplers/auto_pc/inst/gen_axilite.gen_b2s_conv.axilite_b2s/SI_REG/ar.ar_pipe/aresetn_d_reg[1]_inv_0                    |                2 |              4 |
|  lidar_arm_control_i/processing_system7_0/inst/FCLK_CLK0 |                                                                                                                                                                                                                 | lidar_arm_control_i/ps7_0_axi_periph/m01_couplers/auto_pc/inst/gen_axilite.gen_b2s_conv.axilite_b2s/SI_REG/aw.aw_pipe/aresetn_d_reg[0]_0                        |                2 |              4 |
|  lidar_arm_control_i/processing_system7_0/inst/FCLK_CLK0 | lidar_arm_control_i/ps7_0_axi_periph/xbar/inst/gen_samd.crossbar_samd/gen_slave_slots[0].gen_si_write.wdata_router_w/wrouter_aw_fifo/m_valid_i                                                                  | lidar_arm_control_i/ps7_0_axi_periph/xbar/inst/gen_samd.crossbar_samd/gen_slave_slots[0].gen_si_write.wdata_router_w/wrouter_aw_fifo/areset_d1                  |                1 |              4 |
|  lidar_arm_control_i/processing_system7_0/inst/FCLK_CLK0 | lidar_arm_control_i/ps7_0_axi_periph/xbar/inst/gen_samd.crossbar_samd/gen_slave_slots[0].gen_si_read.si_transactor_ar/gen_multi_thread.arbiter_resp_inst/s_axi_rready[0][0]                                     | lidar_arm_control_i/ps7_0_axi_periph/xbar/inst/gen_samd.crossbar_samd/gen_slave_slots[0].gen_si_write.si_transactor_aw/gen_multi_thread.arbiter_resp_inst/SR[0] |                1 |              4 |
|  lidar_arm_control_i/processing_system7_0/inst/FCLK_CLK0 | lidar_arm_control_i/ps7_0_axi_periph/xbar/inst/gen_samd.crossbar_samd/gen_slave_slots[0].gen_si_read.si_transactor_ar/gen_multi_thread.arbiter_resp_inst/gen_multi_thread.active_cnt_reg[59][0]                 | lidar_arm_control_i/ps7_0_axi_periph/xbar/inst/gen_samd.crossbar_samd/gen_slave_slots[0].gen_si_write.si_transactor_aw/gen_multi_thread.arbiter_resp_inst/SR[0] |                1 |              4 |
|  lidar_arm_control_i/processing_system7_0/inst/FCLK_CLK0 | lidar_arm_control_i/ps7_0_axi_periph/xbar/inst/gen_samd.crossbar_samd/gen_slave_slots[0].gen_si_read.si_transactor_ar/gen_multi_thread.arbiter_resp_inst/gen_multi_thread.active_cnt_reg[51][0]                 | lidar_arm_control_i/ps7_0_axi_periph/xbar/inst/gen_samd.crossbar_samd/gen_slave_slots[0].gen_si_write.si_transactor_aw/gen_multi_thread.arbiter_resp_inst/SR[0] |                1 |              4 |
|  lidar_arm_control_i/processing_system7_0/inst/FCLK_CLK0 | lidar_arm_control_i/ps7_0_axi_periph/xbar/inst/gen_samd.crossbar_samd/gen_slave_slots[0].gen_si_read.si_transactor_ar/gen_multi_thread.arbiter_resp_inst/gen_multi_thread.active_cnt_reg[27][0]                 | lidar_arm_control_i/ps7_0_axi_periph/xbar/inst/gen_samd.crossbar_samd/gen_slave_slots[0].gen_si_write.si_transactor_aw/gen_multi_thread.arbiter_resp_inst/SR[0] |                2 |              4 |
|  lidar_arm_control_i/processing_system7_0/inst/FCLK_CLK0 | lidar_arm_control_i/ps7_0_axi_periph/xbar/inst/gen_samd.crossbar_samd/gen_slave_slots[0].gen_si_read.si_transactor_ar/gen_multi_thread.arbiter_resp_inst/gen_multi_thread.active_cnt_reg[11][0]                 | lidar_arm_control_i/ps7_0_axi_periph/xbar/inst/gen_samd.crossbar_samd/gen_slave_slots[0].gen_si_write.si_transactor_aw/gen_multi_thread.arbiter_resp_inst/SR[0] |                1 |              4 |
|  lidar_arm_control_i/processing_system7_0/inst/FCLK_CLK0 | lidar_arm_control_i/ps7_0_axi_periph/m01_couplers/auto_pc/inst/gen_axilite.gen_b2s_conv.axilite_b2s/RD.r_channel_0/transaction_fifo_0/cnt_read[4]_i_1__0_n_0                                                    | lidar_arm_control_i/ps7_0_axi_periph/m01_couplers/auto_pc/inst/gen_axilite.gen_b2s_conv.axilite_b2s/areset_d1                                                   |                1 |              5 |
|  lidar_arm_control_i/processing_system7_0/inst/FCLK_CLK0 | lidar_arm_control_i/ps7_0_axi_periph/m01_couplers/auto_pc/inst/gen_axilite.gen_b2s_conv.axilite_b2s/RD.r_channel_0/transaction_fifo_0/E[0]                                                                      | lidar_arm_control_i/ps7_0_axi_periph/m01_couplers/auto_pc/inst/gen_axilite.gen_b2s_conv.axilite_b2s/areset_d1                                                   |                2 |              5 |
|  lidar_arm_control_i/processing_system7_0/inst/FCLK_CLK0 | lidar_arm_control_i/rst_ps7_0_100M/U0/SEQ/seq_cnt_en                                                                                                                                                            | lidar_arm_control_i/rst_ps7_0_100M/U0/SEQ/SEQ_COUNTER/clear                                                                                                     |                1 |              6 |
|  lidar_arm_control_i/processing_system7_0/inst/FCLK_CLK0 |                                                                                                                                                                                                                 | lidar_arm_control_i/axi_uartlite_0/U0/UARTLITE_CORE_I/UARTLITE_RX_I/SRL_FIFO_I/I_SRL_FIFO_RBU_F/CNTR_INCR_DECR_ADDN_F_I/SS[0]                                   |                2 |              6 |
|  lidar_arm_control_i/processing_system7_0/inst/FCLK_CLK0 |                                                                                                                                                                                                                 | lidar_arm_control_i/axi_uartlite_0/U0/UARTLITE_CORE_I/UARTLITE_TX_I/SRL_FIFO_I/I_SRL_FIFO_RBU_F/CNTR_INCR_DECR_ADDN_F_I/SS[0]                                   |                2 |              6 |
|  lidar_arm_control_i/processing_system7_0/inst/FCLK_CLK0 |                                                                                                                                                                                                                 | lidar_arm_control_i/ps7_0_axi_periph/xbar/inst/gen_samd.crossbar_samd/gen_master_slots[1].reg_slice_mi/b.b_pipe/p_1_in                                          |                3 |              6 |
|  lidar_arm_control_i/processing_system7_0/inst/FCLK_CLK0 |                                                                                                                                                                                                                 | lidar_arm_control_i/ps7_0_axi_periph/xbar/inst/gen_samd.crossbar_samd/gen_master_slots[1].reg_slice_mi/b.b_pipe/p_0_in                                          |                3 |              6 |
|  lidar_arm_control_i/processing_system7_0/inst/FCLK_CLK0 | lidar_arm_control_i/axi_uartlite_0/U0/UARTLITE_CORE_I/BAUD_RATE_I/p_2_out[0]                                                                                                                                    | lidar_arm_control_i/axi_uartlite_0/U0/UARTLITE_CORE_I/UARTLITE_RX_I/SERIAL_TO_PARALLEL[8].fifo_din[8]_i_1_n_0                                                   |                2 |              7 |
|  lidar_arm_control_i/processing_system7_0/inst/FCLK_CLK0 | lidar_arm_control_i/axi_uartlite_0/U0/AXI_LITE_IPIF_I/I_SLAVE_ATTACHMENT/I_DECODER/fifo_wr                                                                                                                      |                                                                                                                                                                 |                1 |              8 |
|  lidar_arm_control_i/processing_system7_0/inst/FCLK_CLK0 | lidar_arm_control_i/ps7_0_axi_periph/m01_couplers/auto_pc/inst/gen_axilite.gen_b2s_conv.axilite_b2s/WR.b_channel_0/mhandshake_r                                                                                 | lidar_arm_control_i/ps7_0_axi_periph/m01_couplers/auto_pc/inst/gen_axilite.gen_b2s_conv.axilite_b2s/WR.b_channel_0/bid_fifo_0/SR[0]                             |                3 |              8 |
|  lidar_arm_control_i/processing_system7_0/inst/FCLK_CLK0 | lidar_arm_control_i/ps7_0_axi_periph/xbar/inst/gen_samd.crossbar_samd/gen_decerr_slave.decerr_slave_inst/gen_axi.read_cnt[7]_i_1_n_0                                                                            | lidar_arm_control_i/ps7_0_axi_periph/xbar/inst/gen_samd.crossbar_samd/gen_slave_slots[0].gen_si_write.si_transactor_aw/gen_multi_thread.arbiter_resp_inst/SR[0] |                4 |              8 |
|  lidar_arm_control_i/processing_system7_0/inst/FCLK_CLK0 | lidar_arm_control_i/axi_uartlite_0/U0/UARTLITE_CORE_I/UARTLITE_RX_I/SRL_FIFO_I/I_SRL_FIFO_RBU_F/DYNSHREG_F_I/fifo_wr                                                                                            |                                                                                                                                                                 |                1 |              8 |
|  lidar_arm_control_i/processing_system7_0/inst/FCLK_CLK0 | lidar_arm_control_i/axi_uartlite_0/U0/AXI_LITE_IPIF_I/I_SLAVE_ATTACHMENT/s_axi_rresp_i                                                                                                                          | lidar_arm_control_i/axi_uartlite_0/U0/AXI_LITE_IPIF_I/I_SLAVE_ATTACHMENT/rst                                                                                    |                3 |              9 |
|  lidar_arm_control_i/processing_system7_0/inst/FCLK_CLK0 | lidar_arm_control_i/ps7_0_axi_periph/m01_couplers/auto_pc/inst/gen_axilite.gen_b2s_conv.axilite_b2s/RD.r_channel_0/rd_data_fifo_0/wr_en0                                                                        |                                                                                                                                                                 |                3 |              9 |
|  lidar_arm_control_i/processing_system7_0/inst/FCLK_CLK0 |                                                                                                                                                                                                                 | lidar_arm_control_i/ps7_0_axi_periph/m01_couplers/auto_pc/inst/gen_axilite.gen_b2s_conv.axilite_b2s/areset_d1                                                   |                3 |             10 |
|  lidar_arm_control_i/processing_system7_0/inst/FCLK_CLK0 |                                                                                                                                                                                                                 | lidar_arm_control_i/axi_uartlite_0/U0/AXI_LITE_IPIF_I/I_SLAVE_ATTACHMENT/rst                                                                                    |                4 |             11 |
|  lidar_arm_control_i/processing_system7_0/inst/FCLK_CLK0 | lidar_arm_control_i/ps7_0_axi_periph/xbar/inst/gen_samd.crossbar_samd/gen_decerr_slave.decerr_slave_inst/gen_axi.s_axi_bid_i[11]_i_1_n_0                                                                        | lidar_arm_control_i/ps7_0_axi_periph/xbar/inst/gen_samd.crossbar_samd/gen_slave_slots[0].gen_si_write.si_transactor_aw/gen_multi_thread.arbiter_resp_inst/SR[0] |                2 |             12 |
|  lidar_arm_control_i/processing_system7_0/inst/FCLK_CLK0 | lidar_arm_control_i/ps7_0_axi_periph/xbar/inst/gen_samd.crossbar_samd/gen_master_slots[2].reg_slice_mi/b.b_pipe/gen_slave_slots[0].gen_si_write.si_transactor_aw/gen_multi_thread.arbiter_resp_inst/chosen40_in |                                                                                                                                                                 |                3 |             12 |
|  lidar_arm_control_i/processing_system7_0/inst/FCLK_CLK0 | lidar_arm_control_i/ps7_0_axi_periph/xbar/inst/gen_samd.crossbar_samd/addr_arbiter_ar/E[0]                                                                                                                      | lidar_arm_control_i/ps7_0_axi_periph/xbar/inst/gen_samd.crossbar_samd/gen_slave_slots[0].gen_si_write.si_transactor_aw/gen_multi_thread.arbiter_resp_inst/SR[0] |                2 |             12 |
|  lidar_arm_control_i/processing_system7_0/inst/FCLK_CLK0 | lidar_arm_control_i/ps7_0_axi_periph/m01_couplers/auto_pc/inst/gen_axilite.gen_b2s_conv.axilite_b2s/RD.r_channel_0/r_push_r                                                                                     |                                                                                                                                                                 |                4 |             13 |
|  lidar_arm_control_i/processing_system7_0/inst/FCLK_CLK0 | lidar_arm_control_i/ps7_0_axi_periph/xbar/inst/gen_samd.crossbar_samd/gen_slave_slots[0].gen_si_read.si_transactor_ar/gen_multi_thread.arbiter_resp_inst/s_axi_rready[0]_1[0]                                   |                                                                                                                                                                 |                3 |             13 |
|  lidar_arm_control_i/processing_system7_0/inst/FCLK_CLK0 | lidar_arm_control_i/ps7_0_axi_periph/xbar/inst/gen_samd.crossbar_samd/gen_master_slots[2].reg_slice_mi/r.r_pipe/s_ready_i_reg_0                                                                                 |                                                                                                                                                                 |                2 |             13 |
|  lidar_arm_control_i/processing_system7_0/inst/FCLK_CLK0 | lidar_arm_control_i/ps7_0_axi_periph/xbar/inst/gen_samd.crossbar_samd/gen_slave_slots[0].gen_si_write.si_transactor_aw/gen_multi_thread.cmd_push_1                                                              | lidar_arm_control_i/ps7_0_axi_periph/xbar/inst/gen_samd.crossbar_samd/gen_slave_slots[0].gen_si_write.si_transactor_aw/gen_multi_thread.arbiter_resp_inst/SR[0] |                3 |             14 |
|  lidar_arm_control_i/processing_system7_0/inst/FCLK_CLK0 | lidar_arm_control_i/ps7_0_axi_periph/xbar/inst/gen_samd.crossbar_samd/gen_slave_slots[0].gen_si_write.si_transactor_aw/gen_multi_thread.cmd_push_0                                                              | lidar_arm_control_i/ps7_0_axi_periph/xbar/inst/gen_samd.crossbar_samd/gen_slave_slots[0].gen_si_write.si_transactor_aw/gen_multi_thread.arbiter_resp_inst/SR[0] |                2 |             14 |
|  lidar_arm_control_i/processing_system7_0/inst/FCLK_CLK0 | lidar_arm_control_i/ps7_0_axi_periph/xbar/inst/gen_samd.crossbar_samd/gen_slave_slots[0].gen_si_write.si_transactor_aw/gen_multi_thread.cmd_push_2                                                              | lidar_arm_control_i/ps7_0_axi_periph/xbar/inst/gen_samd.crossbar_samd/gen_slave_slots[0].gen_si_write.si_transactor_aw/gen_multi_thread.arbiter_resp_inst/SR[0] |                3 |             14 |
|  lidar_arm_control_i/processing_system7_0/inst/FCLK_CLK0 | lidar_arm_control_i/ps7_0_axi_periph/xbar/inst/gen_samd.crossbar_samd/gen_slave_slots[0].gen_si_write.si_transactor_aw/gen_multi_thread.cmd_push_3                                                              | lidar_arm_control_i/ps7_0_axi_periph/xbar/inst/gen_samd.crossbar_samd/gen_slave_slots[0].gen_si_write.si_transactor_aw/gen_multi_thread.arbiter_resp_inst/SR[0] |                2 |             14 |
|  lidar_arm_control_i/processing_system7_0/inst/FCLK_CLK0 | lidar_arm_control_i/ps7_0_axi_periph/xbar/inst/gen_samd.crossbar_samd/gen_slave_slots[0].gen_si_write.si_transactor_aw/gen_multi_thread.cmd_push_4                                                              | lidar_arm_control_i/ps7_0_axi_periph/xbar/inst/gen_samd.crossbar_samd/gen_slave_slots[0].gen_si_write.si_transactor_aw/gen_multi_thread.arbiter_resp_inst/SR[0] |                3 |             14 |
|  lidar_arm_control_i/processing_system7_0/inst/FCLK_CLK0 | lidar_arm_control_i/ps7_0_axi_periph/xbar/inst/gen_samd.crossbar_samd/gen_slave_slots[0].gen_si_write.si_transactor_aw/gen_multi_thread.cmd_push_5                                                              | lidar_arm_control_i/ps7_0_axi_periph/xbar/inst/gen_samd.crossbar_samd/gen_slave_slots[0].gen_si_write.si_transactor_aw/gen_multi_thread.arbiter_resp_inst/SR[0] |                3 |             14 |
|  lidar_arm_control_i/processing_system7_0/inst/FCLK_CLK0 | lidar_arm_control_i/ps7_0_axi_periph/xbar/inst/gen_samd.crossbar_samd/gen_slave_slots[0].gen_si_write.si_transactor_aw/gen_multi_thread.cmd_push_6                                                              | lidar_arm_control_i/ps7_0_axi_periph/xbar/inst/gen_samd.crossbar_samd/gen_slave_slots[0].gen_si_write.si_transactor_aw/gen_multi_thread.arbiter_resp_inst/SR[0] |                3 |             14 |
|  lidar_arm_control_i/processing_system7_0/inst/FCLK_CLK0 | lidar_arm_control_i/ps7_0_axi_periph/xbar/inst/gen_samd.crossbar_samd/gen_slave_slots[0].gen_si_write.si_transactor_aw/gen_multi_thread.cmd_push_7                                                              | lidar_arm_control_i/ps7_0_axi_periph/xbar/inst/gen_samd.crossbar_samd/gen_slave_slots[0].gen_si_write.si_transactor_aw/gen_multi_thread.arbiter_resp_inst/SR[0] |                2 |             14 |
|  lidar_arm_control_i/processing_system7_0/inst/FCLK_CLK0 | lidar_arm_control_i/ps7_0_axi_periph/m01_couplers/auto_pc/inst/gen_axilite.gen_b2s_conv.axilite_b2s/SI_REG/b.b_pipe/p_1_in                                                                                      |                                                                                                                                                                 |                2 |             14 |
|  lidar_arm_control_i/processing_system7_0/inst/FCLK_CLK0 | lidar_arm_control_i/ps7_0_axi_periph/m01_couplers/auto_pc/inst/gen_axilite.gen_b2s_conv.axilite_b2s/SI_REG/b.b_pipe/s_ready_i_reg_0                                                                             |                                                                                                                                                                 |                2 |             14 |
|  lidar_arm_control_i/processing_system7_0/inst/FCLK_CLK0 | lidar_arm_control_i/ps7_0_axi_periph/xbar/inst/gen_samd.crossbar_samd/gen_master_slots[1].reg_slice_mi/b.b_pipe/m_payload_i[13]_i_1__0_n_0                                                                      |                                                                                                                                                                 |                3 |             14 |
|  lidar_arm_control_i/processing_system7_0/inst/FCLK_CLK0 | lidar_arm_control_i/ps7_0_axi_periph/xbar/inst/gen_samd.crossbar_samd/gen_slave_slots[0].gen_si_read.si_transactor_ar/gen_multi_thread.cmd_push_0                                                               | lidar_arm_control_i/ps7_0_axi_periph/xbar/inst/gen_samd.crossbar_samd/gen_slave_slots[0].gen_si_write.si_transactor_aw/gen_multi_thread.arbiter_resp_inst/SR[0] |                3 |             14 |
|  lidar_arm_control_i/processing_system7_0/inst/FCLK_CLK0 | lidar_arm_control_i/ps7_0_axi_periph/xbar/inst/gen_samd.crossbar_samd/gen_slave_slots[0].gen_si_read.si_transactor_ar/gen_multi_thread.cmd_push_1                                                               | lidar_arm_control_i/ps7_0_axi_periph/xbar/inst/gen_samd.crossbar_samd/gen_slave_slots[0].gen_si_write.si_transactor_aw/gen_multi_thread.arbiter_resp_inst/SR[0] |                3 |             14 |
|  lidar_arm_control_i/processing_system7_0/inst/FCLK_CLK0 | lidar_arm_control_i/ps7_0_axi_periph/xbar/inst/gen_samd.crossbar_samd/gen_slave_slots[0].gen_si_read.si_transactor_ar/gen_multi_thread.cmd_push_2                                                               | lidar_arm_control_i/ps7_0_axi_periph/xbar/inst/gen_samd.crossbar_samd/gen_slave_slots[0].gen_si_write.si_transactor_aw/gen_multi_thread.arbiter_resp_inst/SR[0] |                3 |             14 |
|  lidar_arm_control_i/processing_system7_0/inst/FCLK_CLK0 | lidar_arm_control_i/ps7_0_axi_periph/xbar/inst/gen_samd.crossbar_samd/gen_slave_slots[0].gen_si_read.si_transactor_ar/gen_multi_thread.cmd_push_3                                                               | lidar_arm_control_i/ps7_0_axi_periph/xbar/inst/gen_samd.crossbar_samd/gen_slave_slots[0].gen_si_write.si_transactor_aw/gen_multi_thread.arbiter_resp_inst/SR[0] |                3 |             14 |
|  lidar_arm_control_i/processing_system7_0/inst/FCLK_CLK0 | lidar_arm_control_i/ps7_0_axi_periph/xbar/inst/gen_samd.crossbar_samd/gen_slave_slots[0].gen_si_read.si_transactor_ar/gen_multi_thread.cmd_push_4                                                               | lidar_arm_control_i/ps7_0_axi_periph/xbar/inst/gen_samd.crossbar_samd/gen_slave_slots[0].gen_si_write.si_transactor_aw/gen_multi_thread.arbiter_resp_inst/SR[0] |                3 |             14 |
|  lidar_arm_control_i/processing_system7_0/inst/FCLK_CLK0 | lidar_arm_control_i/ps7_0_axi_periph/xbar/inst/gen_samd.crossbar_samd/gen_slave_slots[0].gen_si_read.si_transactor_ar/gen_multi_thread.cmd_push_5                                                               | lidar_arm_control_i/ps7_0_axi_periph/xbar/inst/gen_samd.crossbar_samd/gen_slave_slots[0].gen_si_write.si_transactor_aw/gen_multi_thread.arbiter_resp_inst/SR[0] |                4 |             14 |
|  lidar_arm_control_i/processing_system7_0/inst/FCLK_CLK0 | lidar_arm_control_i/ps7_0_axi_periph/xbar/inst/gen_samd.crossbar_samd/gen_slave_slots[0].gen_si_read.si_transactor_ar/gen_multi_thread.cmd_push_6                                                               | lidar_arm_control_i/ps7_0_axi_periph/xbar/inst/gen_samd.crossbar_samd/gen_slave_slots[0].gen_si_write.si_transactor_aw/gen_multi_thread.arbiter_resp_inst/SR[0] |                2 |             14 |
|  lidar_arm_control_i/processing_system7_0/inst/FCLK_CLK0 | lidar_arm_control_i/ps7_0_axi_periph/xbar/inst/gen_samd.crossbar_samd/gen_slave_slots[0].gen_si_read.si_transactor_ar/gen_multi_thread.cmd_push_7                                                               | lidar_arm_control_i/ps7_0_axi_periph/xbar/inst/gen_samd.crossbar_samd/gen_slave_slots[0].gen_si_write.si_transactor_aw/gen_multi_thread.arbiter_resp_inst/SR[0] |                2 |             14 |
|  lidar_arm_control_i/processing_system7_0/inst/FCLK_CLK0 | lidar_arm_control_i/ps7_0_axi_periph/m01_couplers/auto_pc/inst/gen_axilite.gen_b2s_conv.axilite_b2s/WR.aw_channel_0/aw_cmd_fsm_0/b_push                                                                         |                                                                                                                                                                 |                3 |             16 |
|  lidar_arm_control_i/processing_system7_0/inst/FCLK_CLK0 | lidar_arm_control_i/ps7_0_axi_periph/m01_couplers/auto_pc/inst/gen_axilite.gen_b2s_conv.axilite_b2s/WR.aw_channel_0/aw_cmd_fsm_0/m_valid_i_reg[0]                                                               |                                                                                                                                                                 |                8 |             18 |
|  lidar_arm_control_i/processing_system7_0/inst/FCLK_CLK0 | lidar_arm_control_i/ps7_0_axi_periph/m01_couplers/auto_pc/inst/gen_axilite.gen_b2s_conv.axilite_b2s/RD.ar_channel_0/ar_cmd_fsm_0/E[0]                                                                           |                                                                                                                                                                 |               10 |             18 |
|  lidar_arm_control_i/processing_system7_0/inst/FCLK_CLK0 | lidar_arm_control_i/ps7_0_axi_periph/xbar/inst/gen_samd.crossbar_samd/gen_slave_slots[0].gen_si_read.si_transactor_ar/gen_multi_thread.arbiter_resp_inst/s_axi_rready[0]_0[0]                                   |                                                                                                                                                                 |                8 |             22 |
|  lidar_arm_control_i/processing_system7_0/inst/FCLK_CLK0 | lidar_arm_control_i/ps7_0_axi_periph/xbar/inst/gen_samd.crossbar_samd/gen_master_slots[1].reg_slice_mi/r.r_pipe/s_ready_i_reg_0                                                                                 |                                                                                                                                                                 |                8 |             22 |
|  lidar_arm_control_i/processing_system7_0/inst/FCLK_CLK0 | lidar_arm_control_i/ps7_0_axi_periph/m01_couplers/auto_pc/inst/gen_axilite.gen_b2s_conv.axilite_b2s/SI_REG/r.r_pipe/p_1_in                                                                                      |                                                                                                                                                                 |                4 |             22 |
|  lidar_arm_control_i/processing_system7_0/inst/FCLK_CLK0 | lidar_arm_control_i/ps7_0_axi_periph/m01_couplers/auto_pc/inst/gen_axilite.gen_b2s_conv.axilite_b2s/SI_REG/r.r_pipe/s_ready_i_reg_0                                                                             |                                                                                                                                                                 |                3 |             22 |
|  lidar_arm_control_i/processing_system7_0/inst/FCLK_CLK0 |                                                                                                                                                                                                                 | lidar_arm_control_i/axi_uartlite_0/U0/UARTLITE_CORE_I/UARTLITE_RX_I/s_axi_aresetn_0                                                                             |               11 |             27 |
|  lidar_arm_control_i/processing_system7_0/inst/FCLK_CLK0 | lidar_arm_control_i/ps7_0_axi_periph/m01_couplers/auto_pc/inst/gen_axilite.gen_b2s_conv.axilite_b2s/WR.aw_channel_0/aw_cmd_fsm_0/m_valid_i_reg_0[0]                                                             |                                                                                                                                                                 |                6 |             27 |
|  lidar_arm_control_i/processing_system7_0/inst/FCLK_CLK0 | lidar_arm_control_i/ps7_0_axi_periph/xbar/inst/gen_samd.crossbar_samd/addr_arbiter_aw/p_1_in                                                                                                                    | lidar_arm_control_i/ps7_0_axi_periph/xbar/inst/gen_samd.crossbar_samd/gen_slave_slots[0].gen_si_write.si_transactor_aw/gen_multi_thread.arbiter_resp_inst/SR[0] |                5 |             27 |
|  lidar_arm_control_i/processing_system7_0/inst/FCLK_CLK0 | lidar_arm_control_i/ps7_0_axi_periph/m01_couplers/auto_pc/inst/gen_axilite.gen_b2s_conv.axilite_b2s/SI_REG/aw.aw_pipe/s_ready_i_reg_0                                                                           |                                                                                                                                                                 |                6 |             27 |
|  lidar_arm_control_i/processing_system7_0/inst/FCLK_CLK0 | lidar_arm_control_i/ps7_0_axi_periph/m01_couplers/auto_pc/inst/gen_axilite.gen_b2s_conv.axilite_b2s/SI_REG/ar.ar_pipe/s_ready_i_reg_0                                                                           |                                                                                                                                                                 |                6 |             27 |
|  lidar_arm_control_i/processing_system7_0/inst/FCLK_CLK0 | lidar_arm_control_i/ps7_0_axi_periph/m01_couplers/auto_pc/inst/gen_axilite.gen_b2s_conv.axilite_b2s/RD.ar_channel_0/ar_cmd_fsm_0/FSM_sequential_state_reg[1]_1[0]                                               |                                                                                                                                                                 |                5 |             27 |
|  lidar_arm_control_i/processing_system7_0/inst/FCLK_CLK0 | lidar_arm_control_i/ps7_0_axi_periph/xbar/inst/gen_samd.crossbar_samd/addr_arbiter_ar/p_1_in                                                                                                                    | lidar_arm_control_i/ps7_0_axi_periph/xbar/inst/gen_samd.crossbar_samd/gen_slave_slots[0].gen_si_write.si_transactor_aw/gen_multi_thread.arbiter_resp_inst/SR[0] |                5 |             27 |
|  lidar_arm_control_i/processing_system7_0/inst/FCLK_CLK0 |                                                                                                                                                                                                                 | lidar_arm_control_i/ps7_0_axi_periph/xbar/inst/gen_samd.crossbar_samd/gen_slave_slots[0].gen_si_write.si_transactor_aw/gen_multi_thread.arbiter_resp_inst/SR[0] |               14 |             28 |
|  lidar_arm_control_i/processing_system7_0/inst/FCLK_CLK0 | lidar_arm_control_i/axi_uartlite_0/U0/UARTLITE_CORE_I/BAUD_RATE_I/p_2_out[0]                                                                                                                                    | lidar_arm_control_i/axi_uartlite_0/U0/UARTLITE_CORE_I/UARTLITE_RX_I/s_axi_aresetn_0                                                                             |                5 |             28 |
|  lidar_arm_control_i/processing_system7_0/inst/FCLK_CLK0 |                                                                                                                                                                                                                 |                                                                                                                                                                 |               41 |            137 |
+----------------------------------------------------------+-----------------------------------------------------------------------------------------------------------------------------------------------------------------------------------------------------------------+-----------------------------------------------------------------------------------------------------------------------------------------------------------------+------------------+----------------+


