
*** Running vivado
    with args -log lidar_arm_control_wrapper.vdi -applog -m64 -product Vivado -messageDb vivado.pb -mode batch -source lidar_arm_control_wrapper.tcl -notrace


****** Vivado v2018.3 (64-bit)
  **** SW Build 2405991 on Thu Dec  6 23:36:41 MST 2018
  **** IP Build 2404404 on Fri Dec  7 01:43:56 MST 2018
    ** Copyright 1986-2018 Xilinx, Inc. All Rights Reserved.

source lidar_arm_control_wrapper.tcl -notrace
INFO: [IP_Flow 19-234] Refreshing IP repositories
INFO: [IP_Flow 19-1704] No user IP repositories specified
INFO: [IP_Flow 19-2313] Loaded Vivado IP repository '/tools/Xilinx/Vivado/2018.3/data/ip'.
Command: link_design -top lidar_arm_control_wrapper -part xc7z020clg400-1
Design is defaulting to srcset: sources_1
Design is defaulting to constrset: constrs_1
INFO: [Project 1-454] Reading design checkpoint '/home/cmcnally/Repos/robotic_arm_control_system_analysis/vivado/lidar_arm_control/bare_metal_system/bare_metal_system.srcs/sources_1/bd/lidar_arm_control/ip/lidar_arm_control_axi_uartlite_0_0/lidar_arm_control_axi_uartlite_0_0.dcp' for cell 'lidar_arm_control_i/axi_uartlite_0'
INFO: [Project 1-454] Reading design checkpoint '/home/cmcnally/Repos/robotic_arm_control_system_analysis/vivado/lidar_arm_control/bare_metal_system/bare_metal_system.srcs/sources_1/bd/lidar_arm_control/ip/lidar_arm_control_processing_system7_0_0/lidar_arm_control_processing_system7_0_0.dcp' for cell 'lidar_arm_control_i/processing_system7_0'
INFO: [Project 1-454] Reading design checkpoint '/home/cmcnally/Repos/robotic_arm_control_system_analysis/vivado/lidar_arm_control/bare_metal_system/bare_metal_system.srcs/sources_1/bd/lidar_arm_control/ip/lidar_arm_control_rst_ps7_0_100M_0/lidar_arm_control_rst_ps7_0_100M_0.dcp' for cell 'lidar_arm_control_i/rst_ps7_0_100M'
INFO: [Project 1-454] Reading design checkpoint '/home/cmcnally/Repos/robotic_arm_control_system_analysis/vivado/lidar_arm_control/bare_metal_system/bare_metal_system.srcs/sources_1/bd/lidar_arm_control/ip/lidar_arm_control_auto_pc_0/lidar_arm_control_auto_pc_0.dcp' for cell 'lidar_arm_control_i/ps7_0_axi_periph/s00_couplers/auto_pc'
INFO: [Netlist 29-17] Analyzing 18 Unisim elements for replacement
INFO: [Netlist 29-28] Unisim Transformation completed in 0 CPU seconds
INFO: [Project 1-479] Netlist was created with Vivado 2018.3
INFO: [Device 21-403] Loading part xc7z020clg400-1
INFO: [Project 1-570] Preparing netlist for logic optimization
Parsing XDC File [/home/cmcnally/Repos/robotic_arm_control_system_analysis/vivado/lidar_arm_control/bare_metal_system/bare_metal_system.srcs/sources_1/bd/lidar_arm_control/ip/lidar_arm_control_processing_system7_0_0/lidar_arm_control_processing_system7_0_0.xdc] for cell 'lidar_arm_control_i/processing_system7_0/inst'
Finished Parsing XDC File [/home/cmcnally/Repos/robotic_arm_control_system_analysis/vivado/lidar_arm_control/bare_metal_system/bare_metal_system.srcs/sources_1/bd/lidar_arm_control/ip/lidar_arm_control_processing_system7_0_0/lidar_arm_control_processing_system7_0_0.xdc] for cell 'lidar_arm_control_i/processing_system7_0/inst'
Parsing XDC File [/home/cmcnally/Repos/robotic_arm_control_system_analysis/vivado/lidar_arm_control/bare_metal_system/bare_metal_system.srcs/sources_1/bd/lidar_arm_control/ip/lidar_arm_control_axi_uartlite_0_0/lidar_arm_control_axi_uartlite_0_0_board.xdc] for cell 'lidar_arm_control_i/axi_uartlite_0/U0'
Finished Parsing XDC File [/home/cmcnally/Repos/robotic_arm_control_system_analysis/vivado/lidar_arm_control/bare_metal_system/bare_metal_system.srcs/sources_1/bd/lidar_arm_control/ip/lidar_arm_control_axi_uartlite_0_0/lidar_arm_control_axi_uartlite_0_0_board.xdc] for cell 'lidar_arm_control_i/axi_uartlite_0/U0'
Parsing XDC File [/home/cmcnally/Repos/robotic_arm_control_system_analysis/vivado/lidar_arm_control/bare_metal_system/bare_metal_system.srcs/sources_1/bd/lidar_arm_control/ip/lidar_arm_control_axi_uartlite_0_0/lidar_arm_control_axi_uartlite_0_0.xdc] for cell 'lidar_arm_control_i/axi_uartlite_0/U0'
Finished Parsing XDC File [/home/cmcnally/Repos/robotic_arm_control_system_analysis/vivado/lidar_arm_control/bare_metal_system/bare_metal_system.srcs/sources_1/bd/lidar_arm_control/ip/lidar_arm_control_axi_uartlite_0_0/lidar_arm_control_axi_uartlite_0_0.xdc] for cell 'lidar_arm_control_i/axi_uartlite_0/U0'
Parsing XDC File [/home/cmcnally/Repos/robotic_arm_control_system_analysis/vivado/lidar_arm_control/bare_metal_system/bare_metal_system.srcs/sources_1/bd/lidar_arm_control/ip/lidar_arm_control_rst_ps7_0_100M_0/lidar_arm_control_rst_ps7_0_100M_0_board.xdc] for cell 'lidar_arm_control_i/rst_ps7_0_100M/U0'
Finished Parsing XDC File [/home/cmcnally/Repos/robotic_arm_control_system_analysis/vivado/lidar_arm_control/bare_metal_system/bare_metal_system.srcs/sources_1/bd/lidar_arm_control/ip/lidar_arm_control_rst_ps7_0_100M_0/lidar_arm_control_rst_ps7_0_100M_0_board.xdc] for cell 'lidar_arm_control_i/rst_ps7_0_100M/U0'
Parsing XDC File [/home/cmcnally/Repos/robotic_arm_control_system_analysis/vivado/lidar_arm_control/bare_metal_system/bare_metal_system.srcs/sources_1/bd/lidar_arm_control/ip/lidar_arm_control_rst_ps7_0_100M_0/lidar_arm_control_rst_ps7_0_100M_0.xdc] for cell 'lidar_arm_control_i/rst_ps7_0_100M/U0'
Finished Parsing XDC File [/home/cmcnally/Repos/robotic_arm_control_system_analysis/vivado/lidar_arm_control/bare_metal_system/bare_metal_system.srcs/sources_1/bd/lidar_arm_control/ip/lidar_arm_control_rst_ps7_0_100M_0/lidar_arm_control_rst_ps7_0_100M_0.xdc] for cell 'lidar_arm_control_i/rst_ps7_0_100M/U0'
Parsing XDC File [/home/cmcnally/Repos/robotic_arm_control_system_analysis/vivado/lidar_arm_control/bare_metal_system/pynq-z2_v1.0.xdc/PYNQ-Z2_v1.0.xdc]
Finished Parsing XDC File [/home/cmcnally/Repos/robotic_arm_control_system_analysis/vivado/lidar_arm_control/bare_metal_system/pynq-z2_v1.0.xdc/PYNQ-Z2_v1.0.xdc]
INFO: [Opt 31-138] Pushed 0 inverter(s) to 0 load pin(s).
Netlist sorting complete. Time (s): cpu = 00:00:00 ; elapsed = 00:00:00 . Memory (MB): peak = 1727.070 ; gain = 0.000 ; free physical = 311 ; free virtual = 3453
INFO: [Project 1-111] Unisim Transformation Summary:
No Unisim elements were transformed.

14 Infos, 0 Warnings, 0 Critical Warnings and 0 Errors encountered.
link_design completed successfully
link_design: Time (s): cpu = 00:00:09 ; elapsed = 00:00:09 . Memory (MB): peak = 1727.070 ; gain = 343.016 ; free physical = 311 ; free virtual = 3453
Command: opt_design
Attempting to get a license for feature 'Implementation' and/or device 'xc7z020'
INFO: [Common 17-349] Got license for feature 'Implementation' and/or device 'xc7z020'
Running DRC as a precondition to command opt_design

Starting DRC Task
INFO: [DRC 23-27] Running DRC with 4 threads
INFO: [Project 1-461] DRC finished with 0 Errors
INFO: [Project 1-462] Please refer to the DRC report (report_drc) for more information.

Time (s): cpu = 00:00:01 ; elapsed = 00:00:01 . Memory (MB): peak = 1727.070 ; gain = 0.000 ; free physical = 305 ; free virtual = 3448

Starting Cache Timing Information Task
INFO: [Timing 38-35] Done setting XDC timing constraints.
Ending Cache Timing Information Task | Checksum: 1ea4f7149

Time (s): cpu = 00:00:07 ; elapsed = 00:00:08 . Memory (MB): peak = 2108.598 ; gain = 381.527 ; free physical = 166 ; free virtual = 3085

Starting Logic Optimization Task

Phase 1 Retarget
INFO: [Opt 31-138] Pushed 0 inverter(s) to 0 load pin(s).
INFO: [Opt 31-49] Retargeted 0 cell(s).
Phase 1 Retarget | Checksum: 192e58b77

Time (s): cpu = 00:00:00.20 ; elapsed = 00:00:00.12 . Memory (MB): peak = 2187.598 ; gain = 0.000 ; free physical = 131 ; free virtual = 3018
INFO: [Opt 31-389] Phase Retarget created 3 cells and removed 30 cells
INFO: [Opt 31-1021] In phase Retarget, 1 netlist objects are constrained preventing optimization. Please run opt_design with -debug_log to get more detail. 

Phase 2 Constant propagation
INFO: [Opt 31-138] Pushed 0 inverter(s) to 0 load pin(s).
Phase 2 Constant propagation | Checksum: 12ac58632

Time (s): cpu = 00:00:00.25 ; elapsed = 00:00:00.17 . Memory (MB): peak = 2187.598 ; gain = 0.000 ; free physical = 132 ; free virtual = 3018
INFO: [Opt 31-389] Phase Constant propagation created 0 cells and removed 100 cells

Phase 3 Sweep
Phase 3 Sweep | Checksum: 1802747a9

Time (s): cpu = 00:00:00.61 ; elapsed = 00:00:00.53 . Memory (MB): peak = 2187.598 ; gain = 0.000 ; free physical = 132 ; free virtual = 3018
INFO: [Opt 31-389] Phase Sweep created 0 cells and removed 385 cells

Phase 4 BUFG optimization
Phase 4 BUFG optimization | Checksum: 1802747a9

Time (s): cpu = 00:00:00.63 ; elapsed = 00:00:00.56 . Memory (MB): peak = 2187.598 ; gain = 0.000 ; free physical = 132 ; free virtual = 3018
INFO: [Opt 31-662] Phase BUFG optimization created 0 cells of which 0 are BUFGs and removed 0 cells.

Phase 5 Shift Register Optimization
Phase 5 Shift Register Optimization | Checksum: 1b2e2d994

Time (s): cpu = 00:00:00.85 ; elapsed = 00:00:00.72 . Memory (MB): peak = 2187.598 ; gain = 0.000 ; free physical = 131 ; free virtual = 3018
INFO: [Opt 31-389] Phase Shift Register Optimization created 0 cells and removed 0 cells

Phase 6 Post Processing Netlist
Phase 6 Post Processing Netlist | Checksum: 1b2e2d994

Time (s): cpu = 00:00:00.89 ; elapsed = 00:00:00.76 . Memory (MB): peak = 2187.598 ; gain = 0.000 ; free physical = 131 ; free virtual = 3018
INFO: [Opt 31-389] Phase Post Processing Netlist created 0 cells and removed 0 cells
Opt_design Change Summary
=========================


-------------------------------------------------------------------------------------------------------------------------
|  Phase                        |  #Cells created  |  #Cells Removed  |  #Constrained objects preventing optimizations  |
-------------------------------------------------------------------------------------------------------------------------
|  Retarget                     |               3  |              30  |                                              1  |
|  Constant propagation         |               0  |             100  |                                              0  |
|  Sweep                        |               0  |             385  |                                              0  |
|  BUFG optimization            |               0  |               0  |                                              0  |
|  Shift Register Optimization  |               0  |               0  |                                              0  |
|  Post Processing Netlist      |               0  |               0  |                                              0  |
-------------------------------------------------------------------------------------------------------------------------



Starting Connectivity Check Task

Time (s): cpu = 00:00:00 ; elapsed = 00:00:00 . Memory (MB): peak = 2187.598 ; gain = 0.000 ; free physical = 131 ; free virtual = 3018
Ending Logic Optimization Task | Checksum: 1b2e2d994

Time (s): cpu = 00:00:00.90 ; elapsed = 00:00:00.77 . Memory (MB): peak = 2187.598 ; gain = 0.000 ; free physical = 131 ; free virtual = 3018

Starting Power Optimization Task
INFO: [Pwropt 34-132] Skipping clock gating for clocks with a period < 2.00 ns.
Ending Power Optimization Task | Checksum: 1b2e2d994

Time (s): cpu = 00:00:00.01 ; elapsed = 00:00:00.02 . Memory (MB): peak = 2187.598 ; gain = 0.000 ; free physical = 131 ; free virtual = 3018

Starting Final Cleanup Task
Ending Final Cleanup Task | Checksum: 1b2e2d994

Time (s): cpu = 00:00:00 ; elapsed = 00:00:00 . Memory (MB): peak = 2187.598 ; gain = 0.000 ; free physical = 131 ; free virtual = 3018

Starting Netlist Obfuscation Task
Netlist sorting complete. Time (s): cpu = 00:00:00 ; elapsed = 00:00:00 . Memory (MB): peak = 2187.598 ; gain = 0.000 ; free physical = 131 ; free virtual = 3018
Ending Netlist Obfuscation Task | Checksum: 1b2e2d994

Time (s): cpu = 00:00:00 ; elapsed = 00:00:00 . Memory (MB): peak = 2187.598 ; gain = 0.000 ; free physical = 131 ; free virtual = 3018
INFO: [Common 17-83] Releasing license: Implementation
31 Infos, 0 Warnings, 0 Critical Warnings and 0 Errors encountered.
opt_design completed successfully
opt_design: Time (s): cpu = 00:00:11 ; elapsed = 00:00:11 . Memory (MB): peak = 2187.598 ; gain = 460.527 ; free physical = 131 ; free virtual = 3018
Netlist sorting complete. Time (s): cpu = 00:00:00 ; elapsed = 00:00:00 . Memory (MB): peak = 2187.598 ; gain = 0.000 ; free physical = 131 ; free virtual = 3018
INFO: [Timing 38-480] Writing timing data to binary archive.
Writing placer database...
Writing XDEF routing.
Writing XDEF routing logical nets.
Writing XDEF routing special nets.
Write XDEF Complete: Time (s): cpu = 00:00:00.17 ; elapsed = 00:00:00.05 . Memory (MB): peak = 2219.613 ; gain = 0.000 ; free physical = 122 ; free virtual = 3012
Netlist sorting complete. Time (s): cpu = 00:00:00 ; elapsed = 00:00:00 . Memory (MB): peak = 2219.613 ; gain = 0.000 ; free physical = 124 ; free virtual = 3014
INFO: [Common 17-1381] The checkpoint '/home/cmcnally/Repos/robotic_arm_control_system_analysis/vivado/lidar_arm_control/bare_metal_system/bare_metal_system.runs/impl_1/lidar_arm_control_wrapper_opt.dcp' has been generated.
INFO: [runtcl-4] Executing : report_drc -file lidar_arm_control_wrapper_drc_opted.rpt -pb lidar_arm_control_wrapper_drc_opted.pb -rpx lidar_arm_control_wrapper_drc_opted.rpx
Command: report_drc -file lidar_arm_control_wrapper_drc_opted.rpt -pb lidar_arm_control_wrapper_drc_opted.pb -rpx lidar_arm_control_wrapper_drc_opted.rpx
INFO: [IP_Flow 19-1839] IP Catalog is up to date.
INFO: [DRC 23-27] Running DRC with 4 threads
WARNING: [Designutils 20-3303] unexpected site type 'IOPAD' in HDPYFinalizeIO
WARNING: [Designutils 20-3303] unexpected site type 'IOPAD' in HDPYFinalizeIO
WARNING: [Designutils 20-3303] unexpected site type 'IOPAD' in HDPYFinalizeIO
WARNING: [Designutils 20-3303] unexpected site type 'IOPAD' in HDPYFinalizeIO
WARNING: [Designutils 20-3303] unexpected site type 'IOPAD' in HDPYFinalizeIO
WARNING: [Designutils 20-3303] unexpected site type 'IOPAD' in HDPYFinalizeIO
WARNING: [Designutils 20-3303] unexpected site type 'IOPAD' in HDPYFinalizeIO
WARNING: [Designutils 20-3303] unexpected site type 'IOPAD' in HDPYFinalizeIO
WARNING: [Designutils 20-3303] unexpected site type 'IOPAD' in HDPYFinalizeIO
WARNING: [Designutils 20-3303] unexpected site type 'IOPAD' in HDPYFinalizeIO
WARNING: [Designutils 20-3303] unexpected site type 'IOPAD' in HDPYFinalizeIO
WARNING: [Designutils 20-3303] unexpected site type 'IOPAD' in HDPYFinalizeIO
WARNING: [Designutils 20-3303] unexpected site type 'IOPAD' in HDPYFinalizeIO
WARNING: [Designutils 20-3303] unexpected site type 'IOPAD' in HDPYFinalizeIO
WARNING: [Designutils 20-3303] unexpected site type 'IOPAD' in HDPYFinalizeIO
WARNING: [Designutils 20-3303] unexpected site type 'IOPAD' in HDPYFinalizeIO
WARNING: [Designutils 20-3303] unexpected site type 'IOPAD' in HDPYFinalizeIO
WARNING: [Designutils 20-3303] unexpected site type 'IOPAD' in HDPYFinalizeIO
WARNING: [Designutils 20-3303] unexpected site type 'IOPAD' in HDPYFinalizeIO
WARNING: [Designutils 20-3303] unexpected site type 'IOPAD' in HDPYFinalizeIO
WARNING: [Designutils 20-3303] unexpected site type 'IOPAD' in HDPYFinalizeIO
WARNING: [Designutils 20-3303] unexpected site type 'IOPAD' in HDPYFinalizeIO
WARNING: [Designutils 20-3303] unexpected site type 'IOPAD' in HDPYFinalizeIO
WARNING: [Designutils 20-3303] unexpected site type 'IOPAD' in HDPYFinalizeIO
WARNING: [Designutils 20-3303] unexpected site type 'IOPAD' in HDPYFinalizeIO
WARNING: [Designutils 20-3303] unexpected site type 'IOPAD' in HDPYFinalizeIO
WARNING: [Designutils 20-3303] unexpected site type 'IOPAD' in HDPYFinalizeIO
WARNING: [Designutils 20-3303] unexpected site type 'IOPAD' in HDPYFinalizeIO
WARNING: [Designutils 20-3303] unexpected site type 'IOPAD' in HDPYFinalizeIO
WARNING: [Designutils 20-3303] unexpected site type 'IOPAD' in HDPYFinalizeIO
WARNING: [Designutils 20-3303] unexpected site type 'IOPAD' in HDPYFinalizeIO
WARNING: [Designutils 20-3303] unexpected site type 'IOPAD' in HDPYFinalizeIO
WARNING: [Designutils 20-3303] unexpected site type 'IOPAD' in HDPYFinalizeIO
WARNING: [Designutils 20-3303] unexpected site type 'IOPAD' in HDPYFinalizeIO
WARNING: [Designutils 20-3303] unexpected site type 'IOPAD' in HDPYFinalizeIO
WARNING: [Designutils 20-3303] unexpected site type 'IOPAD' in HDPYFinalizeIO
WARNING: [Designutils 20-3303] unexpected site type 'IOPAD' in HDPYFinalizeIO
WARNING: [Designutils 20-3303] unexpected site type 'IOPAD' in HDPYFinalizeIO
WARNING: [Designutils 20-3303] unexpected site type 'IOPAD' in HDPYFinalizeIO
WARNING: [Designutils 20-3303] unexpected site type 'IOPAD' in HDPYFinalizeIO
WARNING: [Designutils 20-3303] unexpected site type 'IOPAD' in HDPYFinalizeIO
WARNING: [Designutils 20-3303] unexpected site type 'IOPAD' in HDPYFinalizeIO
WARNING: [Designutils 20-3303] unexpected site type 'IOPAD' in HDPYFinalizeIO
WARNING: [Designutils 20-3303] unexpected site type 'IOPAD' in HDPYFinalizeIO
WARNING: [Designutils 20-3303] unexpected site type 'IOPAD' in HDPYFinalizeIO
WARNING: [Designutils 20-3303] unexpected site type 'IOPAD' in HDPYFinalizeIO
WARNING: [Designutils 20-3303] unexpected site type 'IOPAD' in HDPYFinalizeIO
WARNING: [Designutils 20-3303] unexpected site type 'IOPAD' in HDPYFinalizeIO
WARNING: [Designutils 20-3303] unexpected site type 'IOPAD' in HDPYFinalizeIO
WARNING: [Designutils 20-3303] unexpected site type 'IOPAD' in HDPYFinalizeIO
WARNING: [Designutils 20-3303] unexpected site type 'IOPAD' in HDPYFinalizeIO
WARNING: [Designutils 20-3303] unexpected site type 'IOPAD' in HDPYFinalizeIO
WARNING: [Designutils 20-3303] unexpected site type 'IOPAD' in HDPYFinalizeIO
WARNING: [Designutils 20-3303] unexpected site type 'IOPAD' in HDPYFinalizeIO
WARNING: [Designutils 20-3303] unexpected site type 'IOPAD' in HDPYFinalizeIO
WARNING: [Designutils 20-3303] unexpected site type 'IOPAD' in HDPYFinalizeIO
WARNING: [Designutils 20-3303] unexpected site type 'IOPAD' in HDPYFinalizeIO
WARNING: [Designutils 20-3303] unexpected site type 'IOPAD' in HDPYFinalizeIO
WARNING: [Designutils 20-3303] unexpected site type 'IOPAD' in HDPYFinalizeIO
WARNING: [Designutils 20-3303] unexpected site type 'IOPAD' in HDPYFinalizeIO
WARNING: [Designutils 20-3303] unexpected site type 'IOPAD' in HDPYFinalizeIO
WARNING: [Designutils 20-3303] unexpected site type 'IOPAD' in HDPYFinalizeIO
WARNING: [Designutils 20-3303] unexpected site type 'IOPAD' in HDPYFinalizeIO
WARNING: [Designutils 20-3303] unexpected site type 'IOPAD' in HDPYFinalizeIO
WARNING: [Designutils 20-3303] unexpected site type 'IOPAD' in HDPYFinalizeIO
WARNING: [Designutils 20-3303] unexpected site type 'IOPAD' in HDPYFinalizeIO
WARNING: [Designutils 20-3303] unexpected site type 'IOPAD' in HDPYFinalizeIO
WARNING: [Designutils 20-3303] unexpected site type 'IOPAD' in HDPYFinalizeIO
WARNING: [Designutils 20-3303] unexpected site type 'IOPAD' in HDPYFinalizeIO
WARNING: [Designutils 20-3303] unexpected site type 'IOPAD' in HDPYFinalizeIO
WARNING: [Designutils 20-3303] unexpected site type 'IOPAD' in HDPYFinalizeIO
WARNING: [Designutils 20-3303] unexpected site type 'IOPAD' in HDPYFinalizeIO
WARNING: [Designutils 20-3303] unexpected site type 'IOPAD' in HDPYFinalizeIO
WARNING: [Designutils 20-3303] unexpected site type 'IOPAD' in HDPYFinalizeIO
WARNING: [Designutils 20-3303] unexpected site type 'IOPAD' in HDPYFinalizeIO
WARNING: [Designutils 20-3303] unexpected site type 'IOPAD' in HDPYFinalizeIO
WARNING: [Designutils 20-3303] unexpected site type 'IOPAD' in HDPYFinalizeIO
WARNING: [Designutils 20-3303] unexpected site type 'IOPAD' in HDPYFinalizeIO
WARNING: [Designutils 20-3303] unexpected site type 'IOPAD' in HDPYFinalizeIO
WARNING: [Designutils 20-3303] unexpected site type 'IOPAD' in HDPYFinalizeIO
WARNING: [Designutils 20-3303] unexpected site type 'IOPAD' in HDPYFinalizeIO
WARNING: [Designutils 20-3303] unexpected site type 'IOPAD' in HDPYFinalizeIO
WARNING: [Designutils 20-3303] unexpected site type 'IOPAD' in HDPYFinalizeIO
WARNING: [Designutils 20-3303] unexpected site type 'IOPAD' in HDPYFinalizeIO
WARNING: [Designutils 20-3303] unexpected site type 'IOPAD' in HDPYFinalizeIO
WARNING: [Designutils 20-3303] unexpected site type 'IOPAD' in HDPYFinalizeIO
WARNING: [Designutils 20-3303] unexpected site type 'IOPAD' in HDPYFinalizeIO
WARNING: [Designutils 20-3303] unexpected site type 'IOPAD' in HDPYFinalizeIO
WARNING: [Designutils 20-3303] unexpected site type 'IOPAD' in HDPYFinalizeIO
WARNING: [Designutils 20-3303] unexpected site type 'IOPAD' in HDPYFinalizeIO
WARNING: [Designutils 20-3303] unexpected site type 'IOPAD' in HDPYFinalizeIO
WARNING: [Designutils 20-3303] unexpected site type 'IOPAD' in HDPYFinalizeIO
WARNING: [Designutils 20-3303] unexpected site type 'IOPAD' in HDPYFinalizeIO
WARNING: [Designutils 20-3303] unexpected site type 'IOPAD' in HDPYFinalizeIO
WARNING: [Designutils 20-3303] unexpected site type 'IOPAD' in HDPYFinalizeIO
WARNING: [Designutils 20-3303] unexpected site type 'IOPAD' in HDPYFinalizeIO
WARNING: [Designutils 20-3303] unexpected site type 'IOPAD' in HDPYFinalizeIO
WARNING: [Designutils 20-3303] unexpected site type 'IOPAD' in HDPYFinalizeIO
WARNING: [Designutils 20-3303] unexpected site type 'IOPAD' in HDPYFinalizeIO
INFO: [Coretcl 2-168] The results of DRC are in file /home/cmcnally/Repos/robotic_arm_control_system_analysis/vivado/lidar_arm_control/bare_metal_system/bare_metal_system.runs/impl_1/lidar_arm_control_wrapper_drc_opted.rpt.
report_drc completed successfully
Command: place_design
Attempting to get a license for feature 'Implementation' and/or device 'xc7z020'
INFO: [Common 17-349] Got license for feature 'Implementation' and/or device 'xc7z020'
INFO: [DRC 23-27] Running DRC with 4 threads
INFO: [Vivado_Tcl 4-198] DRC finished with 0 Errors
INFO: [Vivado_Tcl 4-199] Please refer to the DRC report (report_drc) for more information.
Running DRC as a precondition to command place_design
INFO: [DRC 23-27] Running DRC with 4 threads
INFO: [Vivado_Tcl 4-198] DRC finished with 0 Errors
INFO: [Vivado_Tcl 4-199] Please refer to the DRC report (report_drc) for more information.

Starting Placer Task
INFO: [Place 30-611] Multithreading enabled for place_design using a maximum of 4 CPUs

Phase 1 Placer Initialization

Phase 1.1 Placer Initialization Netlist Sorting
Netlist sorting complete. Time (s): cpu = 00:00:00 ; elapsed = 00:00:00 . Memory (MB): peak = 2275.641 ; gain = 0.000 ; free physical = 129 ; free virtual = 2995
Phase 1.1 Placer Initialization Netlist Sorting | Checksum: 1541c4ad0

Time (s): cpu = 00:00:00.01 ; elapsed = 00:00:00.05 . Memory (MB): peak = 2275.641 ; gain = 0.000 ; free physical = 129 ; free virtual = 2995
Netlist sorting complete. Time (s): cpu = 00:00:00 ; elapsed = 00:00:00 . Memory (MB): peak = 2275.641 ; gain = 0.000 ; free physical = 129 ; free virtual = 2995

Phase 1.2 IO Placement/ Clock Placement/ Build Placer Device
INFO: [Timing 38-35] Done setting XDC timing constraints.
Phase 1.2 IO Placement/ Clock Placement/ Build Placer Device | Checksum: 7ed0c0b9

Time (s): cpu = 00:00:01 ; elapsed = 00:00:01 . Memory (MB): peak = 2275.641 ; gain = 0.000 ; free physical = 133 ; free virtual = 2983

Phase 1.3 Build Placer Netlist Model
Phase 1.3 Build Placer Netlist Model | Checksum: db0d2ceb

Time (s): cpu = 00:00:02 ; elapsed = 00:00:01 . Memory (MB): peak = 2275.641 ; gain = 0.000 ; free physical = 139 ; free virtual = 2992

Phase 1.4 Constrain Clocks/Macros
Phase 1.4 Constrain Clocks/Macros | Checksum: db0d2ceb

Time (s): cpu = 00:00:02 ; elapsed = 00:00:01 . Memory (MB): peak = 2275.641 ; gain = 0.000 ; free physical = 139 ; free virtual = 2992
Phase 1 Placer Initialization | Checksum: db0d2ceb

Time (s): cpu = 00:00:02 ; elapsed = 00:00:01 . Memory (MB): peak = 2275.641 ; gain = 0.000 ; free physical = 139 ; free virtual = 2992

Phase 2 Global Placement

Phase 2.1 Floorplanning
Phase 2.1 Floorplanning | Checksum: 1528a1ec3

Time (s): cpu = 00:00:02 ; elapsed = 00:00:01 . Memory (MB): peak = 2275.641 ; gain = 0.000 ; free physical = 137 ; free virtual = 2991

Phase 2.2 Physical Synthesis In Placer
INFO: [Physopt 32-65] No nets found for high-fanout optimization.
INFO: [Physopt 32-232] Optimized 0 net. Created 0 new instance.
INFO: [Physopt 32-775] End 1 Pass. Optimized 0 net or cell. Created 0 new cell, deleted 0 existing cell and moved 0 existing cell
INFO: [Physopt 32-670] No setup violation found.  DSP Register Optimization was not performed.
INFO: [Physopt 32-670] No setup violation found.  Shift Register Optimization was not performed.
INFO: [Physopt 32-670] No setup violation found.  BRAM Register Optimization was not performed.
INFO: [Physopt 32-949] No candidate nets found for HD net replication
INFO: [Physopt 32-775] End 1 Pass. Optimized 0 net or cell. Created 0 new cell, deleted 0 existing cell and moved 0 existing cell
Netlist sorting complete. Time (s): cpu = 00:00:00 ; elapsed = 00:00:00 . Memory (MB): peak = 2275.641 ; gain = 0.000 ; free physical = 125 ; free virtual = 2981

Summary of Physical Synthesis Optimizations
============================================


----------------------------------------------------------------------------------------------------------------------------------------
|  Optimization                  |  Added Cells  |  Removed Cells  |  Optimized Cells/Nets  |  Dont Touch  |  Iterations  |  Elapsed   |
----------------------------------------------------------------------------------------------------------------------------------------
|  Very High Fanout              |            0  |              0  |                     0  |           0  |           1  |  00:00:00  |
|  DSP Register                  |            0  |              0  |                     0  |           0  |           0  |  00:00:00  |
|  Shift Register                |            0  |              0  |                     0  |           0  |           0  |  00:00:00  |
|  BRAM Register                 |            0  |              0  |                     0  |           0  |           0  |  00:00:00  |
|  HD Interface Net Replication  |            0  |              0  |                     0  |           0  |           1  |  00:00:00  |
|  Total                         |            0  |              0  |                     0  |           0  |           2  |  00:00:00  |
----------------------------------------------------------------------------------------------------------------------------------------


Phase 2.2 Physical Synthesis In Placer | Checksum: d0f7bd74

Time (s): cpu = 00:00:05 ; elapsed = 00:00:03 . Memory (MB): peak = 2275.641 ; gain = 0.000 ; free physical = 125 ; free virtual = 2981
Phase 2 Global Placement | Checksum: 150319c9c

Time (s): cpu = 00:00:06 ; elapsed = 00:00:03 . Memory (MB): peak = 2275.641 ; gain = 0.000 ; free physical = 123 ; free virtual = 2980

Phase 3 Detail Placement

Phase 3.1 Commit Multi Column Macros
Phase 3.1 Commit Multi Column Macros | Checksum: 150319c9c

Time (s): cpu = 00:00:06 ; elapsed = 00:00:03 . Memory (MB): peak = 2275.641 ; gain = 0.000 ; free physical = 123 ; free virtual = 2980

Phase 3.2 Commit Most Macros & LUTRAMs
Phase 3.2 Commit Most Macros & LUTRAMs | Checksum: 140228839

Time (s): cpu = 00:00:06 ; elapsed = 00:00:03 . Memory (MB): peak = 2275.641 ; gain = 0.000 ; free physical = 123 ; free virtual = 2980

Phase 3.3 Area Swap Optimization
Phase 3.3 Area Swap Optimization | Checksum: f2ee5fac

Time (s): cpu = 00:00:06 ; elapsed = 00:00:03 . Memory (MB): peak = 2275.641 ; gain = 0.000 ; free physical = 123 ; free virtual = 2980

Phase 3.4 Pipeline Register Optimization
Phase 3.4 Pipeline Register Optimization | Checksum: da3d849e

Time (s): cpu = 00:00:06 ; elapsed = 00:00:03 . Memory (MB): peak = 2275.641 ; gain = 0.000 ; free physical = 123 ; free virtual = 2980

Phase 3.5 Small Shape Detail Placement
Phase 3.5 Small Shape Detail Placement | Checksum: 14d93891c

Time (s): cpu = 00:00:07 ; elapsed = 00:00:03 . Memory (MB): peak = 2275.641 ; gain = 0.000 ; free physical = 129 ; free virtual = 2978

Phase 3.6 Re-assign LUT pins
Phase 3.6 Re-assign LUT pins | Checksum: 104088b8e

Time (s): cpu = 00:00:07 ; elapsed = 00:00:04 . Memory (MB): peak = 2275.641 ; gain = 0.000 ; free physical = 129 ; free virtual = 2978

Phase 3.7 Pipeline Register Optimization
Phase 3.7 Pipeline Register Optimization | Checksum: 1c3caf5ba

Time (s): cpu = 00:00:07 ; elapsed = 00:00:04 . Memory (MB): peak = 2275.641 ; gain = 0.000 ; free physical = 129 ; free virtual = 2978
Phase 3 Detail Placement | Checksum: 1c3caf5ba

Time (s): cpu = 00:00:07 ; elapsed = 00:00:04 . Memory (MB): peak = 2275.641 ; gain = 0.000 ; free physical = 129 ; free virtual = 2978

Phase 4 Post Placement Optimization and Clean-Up

Phase 4.1 Post Commit Optimization
INFO: [Timing 38-35] Done setting XDC timing constraints.

Phase 4.1.1 Post Placement Optimization
Post Placement Optimization Initialization | Checksum: 1090639f7

Phase 4.1.1.1 BUFG Insertion
INFO: [Place 46-46] BUFG insertion identified 0 candidate nets, 0 success, 0 bufg driver replicated, 0 skipped for placement/routing, 0 skipped for timing, 0 skipped for netlist change reason
Phase 4.1.1.1 BUFG Insertion | Checksum: 1090639f7

Time (s): cpu = 00:00:07 ; elapsed = 00:00:04 . Memory (MB): peak = 2275.641 ; gain = 0.000 ; free physical = 129 ; free virtual = 2978
INFO: [Place 30-746] Post Placement Timing Summary WNS=4.595. For the most accurate timing information please run report_timing.
Phase 4.1.1 Post Placement Optimization | Checksum: 1a492b86f

Time (s): cpu = 00:00:07 ; elapsed = 00:00:04 . Memory (MB): peak = 2275.641 ; gain = 0.000 ; free physical = 129 ; free virtual = 2978
Phase 4.1 Post Commit Optimization | Checksum: 1a492b86f

Time (s): cpu = 00:00:07 ; elapsed = 00:00:04 . Memory (MB): peak = 2275.641 ; gain = 0.000 ; free physical = 129 ; free virtual = 2978

Phase 4.2 Post Placement Cleanup
Phase 4.2 Post Placement Cleanup | Checksum: 1a492b86f

Time (s): cpu = 00:00:07 ; elapsed = 00:00:04 . Memory (MB): peak = 2275.641 ; gain = 0.000 ; free physical = 129 ; free virtual = 2978

Phase 4.3 Placer Reporting
Phase 4.3 Placer Reporting | Checksum: 1a492b86f

Time (s): cpu = 00:00:07 ; elapsed = 00:00:04 . Memory (MB): peak = 2275.641 ; gain = 0.000 ; free physical = 129 ; free virtual = 2978

Phase 4.4 Final Placement Cleanup
Netlist sorting complete. Time (s): cpu = 00:00:00 ; elapsed = 00:00:00 . Memory (MB): peak = 2275.641 ; gain = 0.000 ; free physical = 129 ; free virtual = 2978
Phase 4.4 Final Placement Cleanup | Checksum: dbcc971b

Time (s): cpu = 00:00:07 ; elapsed = 00:00:04 . Memory (MB): peak = 2275.641 ; gain = 0.000 ; free physical = 129 ; free virtual = 2978
Phase 4 Post Placement Optimization and Clean-Up | Checksum: dbcc971b

Time (s): cpu = 00:00:07 ; elapsed = 00:00:04 . Memory (MB): peak = 2275.641 ; gain = 0.000 ; free physical = 129 ; free virtual = 2978
Ending Placer Task | Checksum: 2a8d4239

Time (s): cpu = 00:00:07 ; elapsed = 00:00:04 . Memory (MB): peak = 2275.641 ; gain = 0.000 ; free physical = 137 ; free virtual = 2986
INFO: [Common 17-83] Releasing license: Implementation
58 Infos, 99 Warnings, 0 Critical Warnings and 0 Errors encountered.
place_design completed successfully
place_design: Time (s): cpu = 00:00:10 ; elapsed = 00:00:05 . Memory (MB): peak = 2275.641 ; gain = 0.000 ; free physical = 137 ; free virtual = 2986
Netlist sorting complete. Time (s): cpu = 00:00:00 ; elapsed = 00:00:00 . Memory (MB): peak = 2275.641 ; gain = 0.000 ; free physical = 139 ; free virtual = 2988
INFO: [Timing 38-480] Writing timing data to binary archive.
Writing placer database...
Netlist sorting complete. Time (s): cpu = 00:00:00 ; elapsed = 00:00:00 . Memory (MB): peak = 2275.641 ; gain = 0.000 ; free physical = 136 ; free virtual = 2987
Writing XDEF routing.
Writing XDEF routing logical nets.
Writing XDEF routing special nets.
Write XDEF Complete: Time (s): cpu = 00:00:00.45 ; elapsed = 00:00:00.13 . Memory (MB): peak = 2275.641 ; gain = 0.000 ; free physical = 133 ; free virtual = 2986
INFO: [Common 17-1381] The checkpoint '/home/cmcnally/Repos/robotic_arm_control_system_analysis/vivado/lidar_arm_control/bare_metal_system/bare_metal_system.runs/impl_1/lidar_arm_control_wrapper_placed.dcp' has been generated.
INFO: [runtcl-4] Executing : report_io -file lidar_arm_control_wrapper_io_placed.rpt
report_io: Time (s): cpu = 00:00:00.15 ; elapsed = 00:00:00.18 . Memory (MB): peak = 2275.641 ; gain = 0.000 ; free physical = 138 ; free virtual = 2989
INFO: [runtcl-4] Executing : report_utilization -file lidar_arm_control_wrapper_utilization_placed.rpt -pb lidar_arm_control_wrapper_utilization_placed.pb
INFO: [runtcl-4] Executing : report_control_sets -verbose -file lidar_arm_control_wrapper_control_sets_placed.rpt
report_control_sets: Time (s): cpu = 00:00:00.06 ; elapsed = 00:00:00.11 . Memory (MB): peak = 2275.641 ; gain = 0.000 ; free physical = 147 ; free virtual = 2998
Command: route_design
Attempting to get a license for feature 'Implementation' and/or device 'xc7z020'
INFO: [Common 17-349] Got license for feature 'Implementation' and/or device 'xc7z020'
Running DRC as a precondition to command route_design
INFO: [DRC 23-27] Running DRC with 4 threads
WARNING: [Designutils 20-3303] unexpected site type 'IOPAD' in HDPYFinalizeIO
WARNING: [Designutils 20-3303] unexpected site type 'IOPAD' in HDPYFinalizeIO
WARNING: [Designutils 20-3303] unexpected site type 'IOPAD' in HDPYFinalizeIO
WARNING: [Designutils 20-3303] unexpected site type 'IOPAD' in HDPYFinalizeIO
WARNING: [Designutils 20-3303] unexpected site type 'IOPAD' in HDPYFinalizeIO
WARNING: [Designutils 20-3303] unexpected site type 'IOPAD' in HDPYFinalizeIO
WARNING: [Designutils 20-3303] unexpected site type 'IOPAD' in HDPYFinalizeIO
WARNING: [Designutils 20-3303] unexpected site type 'IOPAD' in HDPYFinalizeIO
WARNING: [Designutils 20-3303] unexpected site type 'IOPAD' in HDPYFinalizeIO
WARNING: [Designutils 20-3303] unexpected site type 'IOPAD' in HDPYFinalizeIO
WARNING: [Designutils 20-3303] unexpected site type 'IOPAD' in HDPYFinalizeIO
WARNING: [Designutils 20-3303] unexpected site type 'IOPAD' in HDPYFinalizeIO
WARNING: [Designutils 20-3303] unexpected site type 'IOPAD' in HDPYFinalizeIO
WARNING: [Designutils 20-3303] unexpected site type 'IOPAD' in HDPYFinalizeIO
WARNING: [Designutils 20-3303] unexpected site type 'IOPAD' in HDPYFinalizeIO
WARNING: [Designutils 20-3303] unexpected site type 'IOPAD' in HDPYFinalizeIO
WARNING: [Designutils 20-3303] unexpected site type 'IOPAD' in HDPYFinalizeIO
WARNING: [Designutils 20-3303] unexpected site type 'IOPAD' in HDPYFinalizeIO
WARNING: [Designutils 20-3303] unexpected site type 'IOPAD' in HDPYFinalizeIO
WARNING: [Designutils 20-3303] unexpected site type 'IOPAD' in HDPYFinalizeIO
WARNING: [Designutils 20-3303] unexpected site type 'IOPAD' in HDPYFinalizeIO
WARNING: [Designutils 20-3303] unexpected site type 'IOPAD' in HDPYFinalizeIO
WARNING: [Designutils 20-3303] unexpected site type 'IOPAD' in HDPYFinalizeIO
WARNING: [Designutils 20-3303] unexpected site type 'IOPAD' in HDPYFinalizeIO
WARNING: [Designutils 20-3303] unexpected site type 'IOPAD' in HDPYFinalizeIO
WARNING: [Designutils 20-3303] unexpected site type 'IOPAD' in HDPYFinalizeIO
WARNING: [Designutils 20-3303] unexpected site type 'IOPAD' in HDPYFinalizeIO
WARNING: [Designutils 20-3303] unexpected site type 'IOPAD' in HDPYFinalizeIO
WARNING: [Designutils 20-3303] unexpected site type 'IOPAD' in HDPYFinalizeIO
WARNING: [Designutils 20-3303] unexpected site type 'IOPAD' in HDPYFinalizeIO
WARNING: [Designutils 20-3303] unexpected site type 'IOPAD' in HDPYFinalizeIO
WARNING: [Designutils 20-3303] unexpected site type 'IOPAD' in HDPYFinalizeIO
WARNING: [Designutils 20-3303] unexpected site type 'IOPAD' in HDPYFinalizeIO
WARNING: [Designutils 20-3303] unexpected site type 'IOPAD' in HDPYFinalizeIO
WARNING: [Designutils 20-3303] unexpected site type 'IOPAD' in HDPYFinalizeIO
WARNING: [Designutils 20-3303] unexpected site type 'IOPAD' in HDPYFinalizeIO
WARNING: [Designutils 20-3303] unexpected site type 'IOPAD' in HDPYFinalizeIO
WARNING: [Designutils 20-3303] unexpected site type 'IOPAD' in HDPYFinalizeIO
WARNING: [Designutils 20-3303] unexpected site type 'IOPAD' in HDPYFinalizeIO
WARNING: [Designutils 20-3303] unexpected site type 'IOPAD' in HDPYFinalizeIO
WARNING: [Designutils 20-3303] unexpected site type 'IOPAD' in HDPYFinalizeIO
WARNING: [Designutils 20-3303] unexpected site type 'IOPAD' in HDPYFinalizeIO
WARNING: [Designutils 20-3303] unexpected site type 'IOPAD' in HDPYFinalizeIO
WARNING: [Designutils 20-3303] unexpected site type 'IOPAD' in HDPYFinalizeIO
WARNING: [Designutils 20-3303] unexpected site type 'IOPAD' in HDPYFinalizeIO
WARNING: [Designutils 20-3303] unexpected site type 'IOPAD' in HDPYFinalizeIO
WARNING: [Designutils 20-3303] unexpected site type 'IOPAD' in HDPYFinalizeIO
WARNING: [Designutils 20-3303] unexpected site type 'IOPAD' in HDPYFinalizeIO
WARNING: [Designutils 20-3303] unexpected site type 'IOPAD' in HDPYFinalizeIO
WARNING: [Designutils 20-3303] unexpected site type 'IOPAD' in HDPYFinalizeIO
WARNING: [Designutils 20-3303] unexpected site type 'IOPAD' in HDPYFinalizeIO
WARNING: [Designutils 20-3303] unexpected site type 'IOPAD' in HDPYFinalizeIO
WARNING: [Designutils 20-3303] unexpected site type 'IOPAD' in HDPYFinalizeIO
WARNING: [Designutils 20-3303] unexpected site type 'IOPAD' in HDPYFinalizeIO
WARNING: [Designutils 20-3303] unexpected site type 'IOPAD' in HDPYFinalizeIO
WARNING: [Designutils 20-3303] unexpected site type 'IOPAD' in HDPYFinalizeIO
WARNING: [Designutils 20-3303] unexpected site type 'IOPAD' in HDPYFinalizeIO
WARNING: [Designutils 20-3303] unexpected site type 'IOPAD' in HDPYFinalizeIO
WARNING: [Designutils 20-3303] unexpected site type 'IOPAD' in HDPYFinalizeIO
WARNING: [Designutils 20-3303] unexpected site type 'IOPAD' in HDPYFinalizeIO
WARNING: [Designutils 20-3303] unexpected site type 'IOPAD' in HDPYFinalizeIO
WARNING: [Designutils 20-3303] unexpected site type 'IOPAD' in HDPYFinalizeIO
WARNING: [Designutils 20-3303] unexpected site type 'IOPAD' in HDPYFinalizeIO
WARNING: [Designutils 20-3303] unexpected site type 'IOPAD' in HDPYFinalizeIO
WARNING: [Designutils 20-3303] unexpected site type 'IOPAD' in HDPYFinalizeIO
WARNING: [Designutils 20-3303] unexpected site type 'IOPAD' in HDPYFinalizeIO
WARNING: [Designutils 20-3303] unexpected site type 'IOPAD' in HDPYFinalizeIO
WARNING: [Designutils 20-3303] unexpected site type 'IOPAD' in HDPYFinalizeIO
WARNING: [Designutils 20-3303] unexpected site type 'IOPAD' in HDPYFinalizeIO
WARNING: [Designutils 20-3303] unexpected site type 'IOPAD' in HDPYFinalizeIO
WARNING: [Designutils 20-3303] unexpected site type 'IOPAD' in HDPYFinalizeIO
WARNING: [Designutils 20-3303] unexpected site type 'IOPAD' in HDPYFinalizeIO
WARNING: [Designutils 20-3303] unexpected site type 'IOPAD' in HDPYFinalizeIO
WARNING: [Designutils 20-3303] unexpected site type 'IOPAD' in HDPYFinalizeIO
WARNING: [Designutils 20-3303] unexpected site type 'IOPAD' in HDPYFinalizeIO
WARNING: [Designutils 20-3303] unexpected site type 'IOPAD' in HDPYFinalizeIO
WARNING: [Designutils 20-3303] unexpected site type 'IOPAD' in HDPYFinalizeIO
WARNING: [Designutils 20-3303] unexpected site type 'IOPAD' in HDPYFinalizeIO
WARNING: [Designutils 20-3303] unexpected site type 'IOPAD' in HDPYFinalizeIO
WARNING: [Designutils 20-3303] unexpected site type 'IOPAD' in HDPYFinalizeIO
WARNING: [Designutils 20-3303] unexpected site type 'IOPAD' in HDPYFinalizeIO
WARNING: [Designutils 20-3303] unexpected site type 'IOPAD' in HDPYFinalizeIO
WARNING: [Designutils 20-3303] unexpected site type 'IOPAD' in HDPYFinalizeIO
WARNING: [Designutils 20-3303] unexpected site type 'IOPAD' in HDPYFinalizeIO
WARNING: [Designutils 20-3303] unexpected site type 'IOPAD' in HDPYFinalizeIO
WARNING: [Designutils 20-3303] unexpected site type 'IOPAD' in HDPYFinalizeIO
WARNING: [Designutils 20-3303] unexpected site type 'IOPAD' in HDPYFinalizeIO
WARNING: [Designutils 20-3303] unexpected site type 'IOPAD' in HDPYFinalizeIO
WARNING: [Designutils 20-3303] unexpected site type 'IOPAD' in HDPYFinalizeIO
WARNING: [Designutils 20-3303] unexpected site type 'IOPAD' in HDPYFinalizeIO
WARNING: [Designutils 20-3303] unexpected site type 'IOPAD' in HDPYFinalizeIO
WARNING: [Designutils 20-3303] unexpected site type 'IOPAD' in HDPYFinalizeIO
WARNING: [Designutils 20-3303] unexpected site type 'IOPAD' in HDPYFinalizeIO
WARNING: [Designutils 20-3303] unexpected site type 'IOPAD' in HDPYFinalizeIO
WARNING: [Designutils 20-3303] unexpected site type 'IOPAD' in HDPYFinalizeIO
WARNING: [Designutils 20-3303] unexpected site type 'IOPAD' in HDPYFinalizeIO
WARNING: [Designutils 20-3303] unexpected site type 'IOPAD' in HDPYFinalizeIO
WARNING: [Designutils 20-3303] unexpected site type 'IOPAD' in HDPYFinalizeIO
WARNING: [Designutils 20-3303] unexpected site type 'IOPAD' in HDPYFinalizeIO
WARNING: [Designutils 20-3303] unexpected site type 'IOPAD' in HDPYFinalizeIO
INFO: [Common 17-14] Message 'Designutils 20-3303' appears 100 times and further instances of the messages will be disabled. Use the Tcl command set_msg_config to change the current settings.
INFO: [Vivado_Tcl 4-198] DRC finished with 0 Errors
INFO: [Vivado_Tcl 4-199] Please refer to the DRC report (report_drc) for more information.


Starting Routing Task
INFO: [Route 35-254] Multithreading enabled for route_design using a maximum of 4 CPUs
Checksum: PlaceDB: 1cd03d51 ConstDB: 0 ShapeSum: dbd04e8 RouteDB: 0

Phase 1 Build RT Design
Phase 1 Build RT Design | Checksum: 1b24f5b36

Time (s): cpu = 00:00:24 ; elapsed = 00:00:19 . Memory (MB): peak = 2348.305 ; gain = 72.664 ; free physical = 130 ; free virtual = 2840
Post Restoration Checksum: NetGraph: c111f467 NumContArr: f13d66cf Constraints: 0 Timing: 0

Phase 2 Router Initialization

Phase 2.1 Create Timer
Phase 2.1 Create Timer | Checksum: 1b24f5b36

Time (s): cpu = 00:00:24 ; elapsed = 00:00:19 . Memory (MB): peak = 2365.301 ; gain = 89.660 ; free physical = 126 ; free virtual = 2817

Phase 2.2 Fix Topology Constraints
Phase 2.2 Fix Topology Constraints | Checksum: 1b24f5b36

Time (s): cpu = 00:00:24 ; elapsed = 00:00:19 . Memory (MB): peak = 2380.301 ; gain = 104.660 ; free physical = 132 ; free virtual = 2797

Phase 2.3 Pre Route Cleanup
Phase 2.3 Pre Route Cleanup | Checksum: 1b24f5b36

Time (s): cpu = 00:00:24 ; elapsed = 00:00:19 . Memory (MB): peak = 2380.301 ; gain = 104.660 ; free physical = 135 ; free virtual = 2797
 Number of Nodes with overlaps = 0

Phase 2.4 Update Timing
Phase 2.4 Update Timing | Checksum: 183a7e7cd

Time (s): cpu = 00:00:24 ; elapsed = 00:00:20 . Memory (MB): peak = 2404.355 ; gain = 128.715 ; free physical = 169 ; free virtual = 2789
INFO: [Route 35-416] Intermediate Timing Summary | WNS=4.615  | TNS=0.000  | WHS=-0.239 | THS=-14.612|

Phase 2 Router Initialization | Checksum: 10e6bcf29

Time (s): cpu = 00:00:25 ; elapsed = 00:00:20 . Memory (MB): peak = 2404.355 ; gain = 128.715 ; free physical = 168 ; free virtual = 2788

Phase 3 Initial Routing
Phase 3 Initial Routing | Checksum: 189e5021a

Time (s): cpu = 00:00:25 ; elapsed = 00:00:20 . Memory (MB): peak = 2404.355 ; gain = 128.715 ; free physical = 171 ; free virtual = 2790

Phase 4 Rip-up And Reroute

Phase 4.1 Global Iteration 0
 Number of Nodes with overlaps = 65
 Number of Nodes with overlaps = 1
 Number of Nodes with overlaps = 0
INFO: [Route 35-416] Intermediate Timing Summary | WNS=4.344  | TNS=0.000  | WHS=N/A    | THS=N/A    |

Phase 4.1 Global Iteration 0 | Checksum: 1958f91d8

Time (s): cpu = 00:00:26 ; elapsed = 00:00:21 . Memory (MB): peak = 2404.355 ; gain = 128.715 ; free physical = 170 ; free virtual = 2790

Phase 4.2 Global Iteration 1
 Number of Nodes with overlaps = 0
INFO: [Route 35-416] Intermediate Timing Summary | WNS=4.344  | TNS=0.000  | WHS=N/A    | THS=N/A    |

Phase 4.2 Global Iteration 1 | Checksum: 21d60f2fb

Time (s): cpu = 00:00:26 ; elapsed = 00:00:21 . Memory (MB): peak = 2404.355 ; gain = 128.715 ; free physical = 170 ; free virtual = 2790
Phase 4 Rip-up And Reroute | Checksum: 21d60f2fb

Time (s): cpu = 00:00:26 ; elapsed = 00:00:21 . Memory (MB): peak = 2404.355 ; gain = 128.715 ; free physical = 170 ; free virtual = 2790

Phase 5 Delay and Skew Optimization

Phase 5.1 Delay CleanUp
Phase 5.1 Delay CleanUp | Checksum: 21d60f2fb

Time (s): cpu = 00:00:26 ; elapsed = 00:00:21 . Memory (MB): peak = 2404.355 ; gain = 128.715 ; free physical = 170 ; free virtual = 2790

Phase 5.2 Clock Skew Optimization
Phase 5.2 Clock Skew Optimization | Checksum: 21d60f2fb

Time (s): cpu = 00:00:26 ; elapsed = 00:00:21 . Memory (MB): peak = 2404.355 ; gain = 128.715 ; free physical = 170 ; free virtual = 2790
Phase 5 Delay and Skew Optimization | Checksum: 21d60f2fb

Time (s): cpu = 00:00:26 ; elapsed = 00:00:21 . Memory (MB): peak = 2404.355 ; gain = 128.715 ; free physical = 170 ; free virtual = 2789

Phase 6 Post Hold Fix

Phase 6.1 Hold Fix Iter

Phase 6.1.1 Update Timing
Phase 6.1.1 Update Timing | Checksum: 17711091d

Time (s): cpu = 00:00:26 ; elapsed = 00:00:21 . Memory (MB): peak = 2404.355 ; gain = 128.715 ; free physical = 170 ; free virtual = 2790
INFO: [Route 35-416] Intermediate Timing Summary | WNS=4.415  | TNS=0.000  | WHS=0.068  | THS=0.000  |

Phase 6.1 Hold Fix Iter | Checksum: 204d0109c

Time (s): cpu = 00:00:26 ; elapsed = 00:00:21 . Memory (MB): peak = 2404.355 ; gain = 128.715 ; free physical = 169 ; free virtual = 2790
Phase 6 Post Hold Fix | Checksum: 204d0109c

Time (s): cpu = 00:00:26 ; elapsed = 00:00:21 . Memory (MB): peak = 2404.355 ; gain = 128.715 ; free physical = 169 ; free virtual = 2789

Phase 7 Route finalize

Router Utilization Summary
  Global Vertical Routing Utilization    = 0.131977 %
  Global Horizontal Routing Utilization  = 0.128127 %
  Routable Net Status*
  *Does not include unroutable nets such as driverless and loadless.
  Run report_route_status for detailed report.
  Number of Failed Nets               = 0
  Number of Unrouted Nets             = 0
  Number of Partially Routed Nets     = 0
  Number of Node Overlaps             = 0

Phase 7 Route finalize | Checksum: 129b0bfff

Time (s): cpu = 00:00:26 ; elapsed = 00:00:21 . Memory (MB): peak = 2404.355 ; gain = 128.715 ; free physical = 161 ; free virtual = 2790

Phase 8 Verifying routed nets

 Verification completed successfully
Phase 8 Verifying routed nets | Checksum: 129b0bfff

Time (s): cpu = 00:00:26 ; elapsed = 00:00:21 . Memory (MB): peak = 2404.355 ; gain = 128.715 ; free physical = 158 ; free virtual = 2788

Phase 9 Depositing Routes
Phase 9 Depositing Routes | Checksum: 55a78f0d

Time (s): cpu = 00:00:26 ; elapsed = 00:00:21 . Memory (MB): peak = 2404.355 ; gain = 128.715 ; free physical = 157 ; free virtual = 2788

Phase 10 Post Router Timing
INFO: [Route 35-57] Estimated Timing Summary | WNS=4.415  | TNS=0.000  | WHS=0.068  | THS=0.000  |

INFO: [Route 35-327] The final timing numbers are based on the router estimated timing analysis. For a complete and accurate timing signoff, please run report_timing_summary.
Phase 10 Post Router Timing | Checksum: 55a78f0d

Time (s): cpu = 00:00:26 ; elapsed = 00:00:21 . Memory (MB): peak = 2404.355 ; gain = 128.715 ; free physical = 158 ; free virtual = 2788
INFO: [Route 35-16] Router Completed Successfully

Time (s): cpu = 00:00:26 ; elapsed = 00:00:21 . Memory (MB): peak = 2404.355 ; gain = 128.715 ; free physical = 176 ; free virtual = 2807

Routing Is Done.
INFO: [Common 17-83] Releasing license: Implementation
77 Infos, 199 Warnings, 0 Critical Warnings and 0 Errors encountered.
route_design completed successfully
route_design: Time (s): cpu = 00:00:29 ; elapsed = 00:00:22 . Memory (MB): peak = 2404.355 ; gain = 128.715 ; free physical = 176 ; free virtual = 2807
Netlist sorting complete. Time (s): cpu = 00:00:00 ; elapsed = 00:00:00 . Memory (MB): peak = 2404.355 ; gain = 0.000 ; free physical = 176 ; free virtual = 2807
INFO: [Timing 38-480] Writing timing data to binary archive.
Writing placer database...
Netlist sorting complete. Time (s): cpu = 00:00:00.01 ; elapsed = 00:00:00 . Memory (MB): peak = 2404.355 ; gain = 0.000 ; free physical = 172 ; free virtual = 2804
Writing XDEF routing.
Writing XDEF routing logical nets.
Writing XDEF routing special nets.
Write XDEF Complete: Time (s): cpu = 00:00:00.47 ; elapsed = 00:00:00.13 . Memory (MB): peak = 2404.355 ; gain = 0.000 ; free physical = 164 ; free virtual = 2799
INFO: [Common 17-1381] The checkpoint '/home/cmcnally/Repos/robotic_arm_control_system_analysis/vivado/lidar_arm_control/bare_metal_system/bare_metal_system.runs/impl_1/lidar_arm_control_wrapper_routed.dcp' has been generated.
INFO: [runtcl-4] Executing : report_drc -file lidar_arm_control_wrapper_drc_routed.rpt -pb lidar_arm_control_wrapper_drc_routed.pb -rpx lidar_arm_control_wrapper_drc_routed.rpx
Command: report_drc -file lidar_arm_control_wrapper_drc_routed.rpt -pb lidar_arm_control_wrapper_drc_routed.pb -rpx lidar_arm_control_wrapper_drc_routed.rpx
INFO: [IP_Flow 19-1839] IP Catalog is up to date.
INFO: [DRC 23-27] Running DRC with 4 threads
INFO: [Coretcl 2-168] The results of DRC are in file /home/cmcnally/Repos/robotic_arm_control_system_analysis/vivado/lidar_arm_control/bare_metal_system/bare_metal_system.runs/impl_1/lidar_arm_control_wrapper_drc_routed.rpt.
report_drc completed successfully
INFO: [runtcl-4] Executing : report_methodology -file lidar_arm_control_wrapper_methodology_drc_routed.rpt -pb lidar_arm_control_wrapper_methodology_drc_routed.pb -rpx lidar_arm_control_wrapper_methodology_drc_routed.rpx
Command: report_methodology -file lidar_arm_control_wrapper_methodology_drc_routed.rpt -pb lidar_arm_control_wrapper_methodology_drc_routed.pb -rpx lidar_arm_control_wrapper_methodology_drc_routed.rpx
INFO: [Timing 38-35] Done setting XDC timing constraints.
INFO: [DRC 23-133] Running Methodology with 4 threads
INFO: [Coretcl 2-1520] The results of Report Methodology are in file /home/cmcnally/Repos/robotic_arm_control_system_analysis/vivado/lidar_arm_control/bare_metal_system/bare_metal_system.runs/impl_1/lidar_arm_control_wrapper_methodology_drc_routed.rpt.
report_methodology completed successfully
INFO: [runtcl-4] Executing : report_power -file lidar_arm_control_wrapper_power_routed.rpt -pb lidar_arm_control_wrapper_power_summary_routed.pb -rpx lidar_arm_control_wrapper_power_routed.rpx
Command: report_power -file lidar_arm_control_wrapper_power_routed.rpt -pb lidar_arm_control_wrapper_power_summary_routed.pb -rpx lidar_arm_control_wrapper_power_routed.rpx
INFO: [Timing 38-35] Done setting XDC timing constraints.
Running Vector-less Activity Propagation...

Finished Running Vector-less Activity Propagation
89 Infos, 199 Warnings, 0 Critical Warnings and 0 Errors encountered.
report_power completed successfully
INFO: [runtcl-4] Executing : report_route_status -file lidar_arm_control_wrapper_route_status.rpt -pb lidar_arm_control_wrapper_route_status.pb
INFO: [runtcl-4] Executing : report_timing_summary -max_paths 10 -file lidar_arm_control_wrapper_timing_summary_routed.rpt -pb lidar_arm_control_wrapper_timing_summary_routed.pb -rpx lidar_arm_control_wrapper_timing_summary_routed.rpx -warn_on_violation 
INFO: [Timing 38-91] UpdateTimingParams: Speed grade: -1, Delay Type: min_max.
INFO: [Timing 38-191] Multithreading enabled for timing update using a maximum of 4 CPUs
INFO: [runtcl-4] Executing : report_incremental_reuse -file lidar_arm_control_wrapper_incremental_reuse_routed.rpt
INFO: [Vivado_Tcl 4-1062] Incremental flow is disabled. No incremental reuse Info to report.
INFO: [runtcl-4] Executing : report_clock_utilization -file lidar_arm_control_wrapper_clock_utilization_routed.rpt
INFO: [runtcl-4] Executing : report_bus_skew -warn_on_violation -file lidar_arm_control_wrapper_bus_skew_routed.rpt -pb lidar_arm_control_wrapper_bus_skew_routed.pb -rpx lidar_arm_control_wrapper_bus_skew_routed.rpx
INFO: [Timing 38-91] UpdateTimingParams: Speed grade: -1, Delay Type: min_max.
INFO: [Timing 38-191] Multithreading enabled for timing update using a maximum of 4 CPUs
Command: write_bitstream -force lidar_arm_control_wrapper.bit
Attempting to get a license for feature 'Implementation' and/or device 'xc7z020'
INFO: [Common 17-349] Got license for feature 'Implementation' and/or device 'xc7z020'
Running DRC as a precondition to command write_bitstream
INFO: [IP_Flow 19-1839] IP Catalog is up to date.
INFO: [DRC 23-27] Running DRC with 4 threads
WARNING: [Designutils 20-3303] unexpected site type 'IOPAD' in HDPYFinalizeIO
WARNING: [Designutils 20-3303] unexpected site type 'IOPAD' in HDPYFinalizeIO
WARNING: [Designutils 20-3303] unexpected site type 'IOPAD' in HDPYFinalizeIO
WARNING: [Designutils 20-3303] unexpected site type 'IOPAD' in HDPYFinalizeIO
WARNING: [Designutils 20-3303] unexpected site type 'IOPAD' in HDPYFinalizeIO
WARNING: [Designutils 20-3303] unexpected site type 'IOPAD' in HDPYFinalizeIO
WARNING: [Designutils 20-3303] unexpected site type 'IOPAD' in HDPYFinalizeIO
WARNING: [Designutils 20-3303] unexpected site type 'IOPAD' in HDPYFinalizeIO
WARNING: [Designutils 20-3303] unexpected site type 'IOPAD' in HDPYFinalizeIO
WARNING: [Designutils 20-3303] unexpected site type 'IOPAD' in HDPYFinalizeIO
WARNING: [Designutils 20-3303] unexpected site type 'IOPAD' in HDPYFinalizeIO
WARNING: [Designutils 20-3303] unexpected site type 'IOPAD' in HDPYFinalizeIO
WARNING: [Designutils 20-3303] unexpected site type 'IOPAD' in HDPYFinalizeIO
WARNING: [Designutils 20-3303] unexpected site type 'IOPAD' in HDPYFinalizeIO
WARNING: [Designutils 20-3303] unexpected site type 'IOPAD' in HDPYFinalizeIO
WARNING: [Designutils 20-3303] unexpected site type 'IOPAD' in HDPYFinalizeIO
WARNING: [Designutils 20-3303] unexpected site type 'IOPAD' in HDPYFinalizeIO
WARNING: [Designutils 20-3303] unexpected site type 'IOPAD' in HDPYFinalizeIO
WARNING: [Designutils 20-3303] unexpected site type 'IOPAD' in HDPYFinalizeIO
WARNING: [Designutils 20-3303] unexpected site type 'IOPAD' in HDPYFinalizeIO
WARNING: [Designutils 20-3303] unexpected site type 'IOPAD' in HDPYFinalizeIO
WARNING: [Designutils 20-3303] unexpected site type 'IOPAD' in HDPYFinalizeIO
WARNING: [Designutils 20-3303] unexpected site type 'IOPAD' in HDPYFinalizeIO
WARNING: [Designutils 20-3303] unexpected site type 'IOPAD' in HDPYFinalizeIO
WARNING: [Designutils 20-3303] unexpected site type 'IOPAD' in HDPYFinalizeIO
WARNING: [Designutils 20-3303] unexpected site type 'IOPAD' in HDPYFinalizeIO
WARNING: [Designutils 20-3303] unexpected site type 'IOPAD' in HDPYFinalizeIO
WARNING: [Designutils 20-3303] unexpected site type 'IOPAD' in HDPYFinalizeIO
WARNING: [Designutils 20-3303] unexpected site type 'IOPAD' in HDPYFinalizeIO
WARNING: [Designutils 20-3303] unexpected site type 'IOPAD' in HDPYFinalizeIO
WARNING: [Designutils 20-3303] unexpected site type 'IOPAD' in HDPYFinalizeIO
WARNING: [Designutils 20-3303] unexpected site type 'IOPAD' in HDPYFinalizeIO
WARNING: [Designutils 20-3303] unexpected site type 'IOPAD' in HDPYFinalizeIO
WARNING: [Designutils 20-3303] unexpected site type 'IOPAD' in HDPYFinalizeIO
WARNING: [Designutils 20-3303] unexpected site type 'IOPAD' in HDPYFinalizeIO
WARNING: [Designutils 20-3303] unexpected site type 'IOPAD' in HDPYFinalizeIO
WARNING: [Designutils 20-3303] unexpected site type 'IOPAD' in HDPYFinalizeIO
WARNING: [Designutils 20-3303] unexpected site type 'IOPAD' in HDPYFinalizeIO
WARNING: [Designutils 20-3303] unexpected site type 'IOPAD' in HDPYFinalizeIO
WARNING: [Designutils 20-3303] unexpected site type 'IOPAD' in HDPYFinalizeIO
WARNING: [Designutils 20-3303] unexpected site type 'IOPAD' in HDPYFinalizeIO
WARNING: [Designutils 20-3303] unexpected site type 'IOPAD' in HDPYFinalizeIO
WARNING: [Designutils 20-3303] unexpected site type 'IOPAD' in HDPYFinalizeIO
WARNING: [Designutils 20-3303] unexpected site type 'IOPAD' in HDPYFinalizeIO
WARNING: [Designutils 20-3303] unexpected site type 'IOPAD' in HDPYFinalizeIO
WARNING: [Designutils 20-3303] unexpected site type 'IOPAD' in HDPYFinalizeIO
WARNING: [Designutils 20-3303] unexpected site type 'IOPAD' in HDPYFinalizeIO
WARNING: [Designutils 20-3303] unexpected site type 'IOPAD' in HDPYFinalizeIO
WARNING: [Designutils 20-3303] unexpected site type 'IOPAD' in HDPYFinalizeIO
WARNING: [Designutils 20-3303] unexpected site type 'IOPAD' in HDPYFinalizeIO
WARNING: [Designutils 20-3303] unexpected site type 'IOPAD' in HDPYFinalizeIO
WARNING: [Designutils 20-3303] unexpected site type 'IOPAD' in HDPYFinalizeIO
WARNING: [Designutils 20-3303] unexpected site type 'IOPAD' in HDPYFinalizeIO
WARNING: [Designutils 20-3303] unexpected site type 'IOPAD' in HDPYFinalizeIO
WARNING: [Designutils 20-3303] unexpected site type 'IOPAD' in HDPYFinalizeIO
WARNING: [Designutils 20-3303] unexpected site type 'IOPAD' in HDPYFinalizeIO
WARNING: [Designutils 20-3303] unexpected site type 'IOPAD' in HDPYFinalizeIO
WARNING: [Designutils 20-3303] unexpected site type 'IOPAD' in HDPYFinalizeIO
WARNING: [Designutils 20-3303] unexpected site type 'IOPAD' in HDPYFinalizeIO
WARNING: [Designutils 20-3303] unexpected site type 'IOPAD' in HDPYFinalizeIO
WARNING: [Designutils 20-3303] unexpected site type 'IOPAD' in HDPYFinalizeIO
WARNING: [Designutils 20-3303] unexpected site type 'IOPAD' in HDPYFinalizeIO
WARNING: [Designutils 20-3303] unexpected site type 'IOPAD' in HDPYFinalizeIO
WARNING: [Designutils 20-3303] unexpected site type 'IOPAD' in HDPYFinalizeIO
WARNING: [Designutils 20-3303] unexpected site type 'IOPAD' in HDPYFinalizeIO
WARNING: [Designutils 20-3303] unexpected site type 'IOPAD' in HDPYFinalizeIO
WARNING: [Designutils 20-3303] unexpected site type 'IOPAD' in HDPYFinalizeIO
WARNING: [Designutils 20-3303] unexpected site type 'IOPAD' in HDPYFinalizeIO
WARNING: [Designutils 20-3303] unexpected site type 'IOPAD' in HDPYFinalizeIO
WARNING: [Designutils 20-3303] unexpected site type 'IOPAD' in HDPYFinalizeIO
WARNING: [Designutils 20-3303] unexpected site type 'IOPAD' in HDPYFinalizeIO
WARNING: [Designutils 20-3303] unexpected site type 'IOPAD' in HDPYFinalizeIO
WARNING: [Designutils 20-3303] unexpected site type 'IOPAD' in HDPYFinalizeIO
WARNING: [Designutils 20-3303] unexpected site type 'IOPAD' in HDPYFinalizeIO
WARNING: [Designutils 20-3303] unexpected site type 'IOPAD' in HDPYFinalizeIO
WARNING: [Designutils 20-3303] unexpected site type 'IOPAD' in HDPYFinalizeIO
WARNING: [Designutils 20-3303] unexpected site type 'IOPAD' in HDPYFinalizeIO
WARNING: [Designutils 20-3303] unexpected site type 'IOPAD' in HDPYFinalizeIO
WARNING: [Designutils 20-3303] unexpected site type 'IOPAD' in HDPYFinalizeIO
WARNING: [Designutils 20-3303] unexpected site type 'IOPAD' in HDPYFinalizeIO
WARNING: [Designutils 20-3303] unexpected site type 'IOPAD' in HDPYFinalizeIO
WARNING: [Designutils 20-3303] unexpected site type 'IOPAD' in HDPYFinalizeIO
WARNING: [Designutils 20-3303] unexpected site type 'IOPAD' in HDPYFinalizeIO
WARNING: [Designutils 20-3303] unexpected site type 'IOPAD' in HDPYFinalizeIO
WARNING: [Designutils 20-3303] unexpected site type 'IOPAD' in HDPYFinalizeIO
WARNING: [Designutils 20-3303] unexpected site type 'IOPAD' in HDPYFinalizeIO
WARNING: [Designutils 20-3303] unexpected site type 'IOPAD' in HDPYFinalizeIO
WARNING: [Designutils 20-3303] unexpected site type 'IOPAD' in HDPYFinalizeIO
WARNING: [Designutils 20-3303] unexpected site type 'IOPAD' in HDPYFinalizeIO
WARNING: [Designutils 20-3303] unexpected site type 'IOPAD' in HDPYFinalizeIO
WARNING: [Designutils 20-3303] unexpected site type 'IOPAD' in HDPYFinalizeIO
WARNING: [Designutils 20-3303] unexpected site type 'IOPAD' in HDPYFinalizeIO
WARNING: [Designutils 20-3303] unexpected site type 'IOPAD' in HDPYFinalizeIO
WARNING: [Designutils 20-3303] unexpected site type 'IOPAD' in HDPYFinalizeIO
WARNING: [Designutils 20-3303] unexpected site type 'IOPAD' in HDPYFinalizeIO
WARNING: [Designutils 20-3303] unexpected site type 'IOPAD' in HDPYFinalizeIO
WARNING: [Designutils 20-3303] unexpected site type 'IOPAD' in HDPYFinalizeIO
WARNING: [Designutils 20-3303] unexpected site type 'IOPAD' in HDPYFinalizeIO
WARNING: [Designutils 20-3303] unexpected site type 'IOPAD' in HDPYFinalizeIO
WARNING: [Designutils 20-3303] unexpected site type 'IOPAD' in HDPYFinalizeIO
INFO: [Common 17-14] Message 'Designutils 20-3303' appears 100 times and further instances of the messages will be disabled. Use the Tcl command set_msg_config to change the current settings.
INFO: [Vivado 12-3199] DRC finished with 0 Errors
INFO: [Vivado 12-3200] Please refer to the DRC report (report_drc) for more information.
INFO: [Designutils 20-2272] Running write_bitstream with 4 threads.
Loading data files...
Loading site data...
Loading route data...
Processing options...
Creating bitmap...
Creating bitstream...
Writing bitstream ./lidar_arm_control_wrapper.bit...
INFO: [Vivado 12-1842] Bitgen Completed Successfully.
INFO: [Project 1-120] WebTalk data collection is mandatory when using a WebPACK part without a full Vivado license. To see the specific WebTalk data collected for your design, open the usage_statistics_webtalk.html or usage_statistics_webtalk.xml file in the implementation directory.
INFO: [Common 17-83] Releasing license: Implementation
109 Infos, 299 Warnings, 0 Critical Warnings and 0 Errors encountered.
write_bitstream completed successfully
write_bitstream: Time (s): cpu = 00:00:15 ; elapsed = 00:00:16 . Memory (MB): peak = 2757.668 ; gain = 297.270 ; free physical = 414 ; free virtual = 2768
INFO: [Common 17-206] Exiting Vivado at Fri Feb  5 09:55:31 2021...
