
*** Running vivado
    with args -log robot_arm_control_v1_0.vdi -applog -m64 -product Vivado -messageDb vivado.pb -mode batch -source robot_arm_control_v1_0.tcl -notrace


****** Vivado v2018.3 (64-bit)
  **** SW Build 2405991 on Thu Dec  6 23:36:41 MST 2018
  **** IP Build 2404404 on Fri Dec  7 01:43:56 MST 2018
    ** Copyright 1986-2018 Xilinx, Inc. All Rights Reserved.

source robot_arm_control_v1_0.tcl -notrace
INFO: [IP_Flow 19-234] Refreshing IP repositories
INFO: [IP_Flow 19-1700] Loaded user IP repository '/home/cmcnally/Repos/robotic-arm-control-system-analysis/vivado/lidar_arm_control/ip_repo/robot_arm_control_1.0'.
WARNING: [IP_Flow 19-2248] Failed to load user IP repository '/home/cmcnally/Repos/robotic-arm-control-system-analysis/vivado/lidar_arm_control/ip_repo/robot_arm_pwm_1.0'; Can't find the specified path.
If this directory should no longer be in your list of user repositories, go to the IP Settings dialog and remove it.
WARNING: [IP_Flow 19-2248] Failed to load user IP repository '/home/cmcnally/Repos/robotic-arm-control-system-analysis/vivado/lidar_arm_control/ip_repo/sample_gpio_ip_1.0'; Can't find the specified path.
If this directory should no longer be in your list of user repositories, go to the IP Settings dialog and remove it.
WARNING: [IP_Flow 19-2207] Repository '/home/cmcnally/Repos/robotic-arm-control-system-analysis/vivado/lidar_arm_control/ip_repo/sample_gpio_ip_1.0' already exists; ignoring attempt to add it again.
WARNING: [IP_Flow 19-2248] Failed to load user IP repository '/home/cmcnally/Repos/robotic-arm-control-system-analysis/vivado/lidar_arm_control/ip_repo/sample_gpio_ip_1.0'; Can't find the specified path.
If this directory should no longer be in your list of user repositories, go to the IP Settings dialog and remove it.
INFO: [IP_Flow 19-2313] Loaded Vivado IP repository '/tools/Xilinx/Vivado/2018.3/data/ip'.
Command: link_design -top robot_arm_control_v1_0 -part xc7z020clg400-1
Design is defaulting to srcset: sources_1
Design is defaulting to constrset: constrs_1
INFO: [Netlist 29-17] Analyzing 26 Unisim elements for replacement
INFO: [Netlist 29-28] Unisim Transformation completed in 0 CPU seconds
INFO: [Project 1-479] Netlist was created with Vivado 2018.3
INFO: [Device 21-403] Loading part xc7z020clg400-1
INFO: [Project 1-570] Preparing netlist for logic optimization
Netlist sorting complete. Time (s): cpu = 00:00:00 ; elapsed = 00:00:00.01 . Memory (MB): peak = 1574.691 ; gain = 0.000 ; free physical = 124 ; free virtual = 1334
INFO: [Project 1-111] Unisim Transformation Summary:
No Unisim elements were transformed.

9 Infos, 4 Warnings, 0 Critical Warnings and 0 Errors encountered.
link_design completed successfully
link_design: Time (s): cpu = 00:00:05 ; elapsed = 00:00:07 . Memory (MB): peak = 1578.691 ; gain = 275.445 ; free physical = 124 ; free virtual = 1333
Command: opt_design
Attempting to get a license for feature 'Implementation' and/or device 'xc7z020'
INFO: [Common 17-349] Got license for feature 'Implementation' and/or device 'xc7z020'
Running DRC as a precondition to command opt_design

Starting DRC Task
INFO: [DRC 23-27] Running DRC with 4 threads
INFO: [Project 1-461] DRC finished with 0 Errors
INFO: [Project 1-462] Please refer to the DRC report (report_drc) for more information.

Time (s): cpu = 00:00:02 ; elapsed = 00:00:03 . Memory (MB): peak = 1629.707 ; gain = 51.016 ; free physical = 131 ; free virtual = 1317

Starting Cache Timing Information Task
