#-----------------------------------------------------------
# Vivado v2018.3 (64-bit)
# SW Build 2405991 on Thu Dec  6 23:36:41 MST 2018
# IP Build 2404404 on Fri Dec  7 01:43:56 MST 2018
# Start of session at: Wed Mar  3 16:56:15 2021
# Process ID: 2799
# Current directory: /home/cmcnally/Repos/robotic-arm-control-system-analysis/vivado/lidar_arm_control
# Command line: vivado
# Log file: /home/cmcnally/Repos/robotic-arm-control-system-analysis/vivado/lidar_arm_control/vivado.log
# Journal file: /home/cmcnally/Repos/robotic-arm-control-system-analysis/vivado/lidar_arm_control/vivado.jou
#-----------------------------------------------------------
start_gui
open_project /home/cmcnally/Repos/robotic-arm-control-system-analysis/vivado/lidar_arm_control/ip_repo/edit_robot_arm_control_v1_0.xpr
WARNING: [filemgmt 56-99] Vivado Synthesis ignores library specification for Verilog or SystemVerilog files. [/home/cmcnally/Repos/robotic-arm-control-system-analysis/vivado/lidar_arm_control/ip_repo/robot_arm_control_1.0/hdl/robot_arm_control_v1_0_S00_AXI.v:]
WARNING: [filemgmt 56-99] Vivado Synthesis ignores library specification for Verilog or SystemVerilog files. [/home/cmcnally/Repos/robotic-arm-control-system-analysis/vivado/lidar_arm_control/ip_repo/robot_arm_control_1.0/hdl/robot_arm_control_v1_0.v:]
Scanning sources...
Finished scanning sources
WARNING: [filemgmt 56-99] Vivado Synthesis ignores library specification for Verilog or SystemVerilog files. [/home/cmcnally/Repos/robotic-arm-control-system-analysis/vivado/lidar_arm_control/ip_repo/robot_arm_control_1.0/hdl/robot_arm_control_v1_0_S00_AXI.v:]
WARNING: [filemgmt 56-99] Vivado Synthesis ignores library specification for Verilog or SystemVerilog files. [/home/cmcnally/Repos/robotic-arm-control-system-analysis/vivado/lidar_arm_control/ip_repo/robot_arm_control_1.0/hdl/robot_arm_control_v1_0.v:]
WARNING: [filemgmt 56-99] Vivado Synthesis ignores library specification for Verilog or SystemVerilog files. [/home/cmcnally/Repos/robotic-arm-control-system-analysis/vivado/lidar_arm_control/ip_repo/robot_arm_control_1.0/hdl/robot_arm_control_v1_0_S00_AXI.v:]
WARNING: [filemgmt 56-99] Vivado Synthesis ignores library specification for Verilog or SystemVerilog files. [/home/cmcnally/Repos/robotic-arm-control-system-analysis/vivado/lidar_arm_control/ip_repo/robot_arm_control_1.0/hdl/robot_arm_control_v1_0.v:]
WARNING: [filemgmt 56-3] IP Repository Path: Could not find the directory '/home/cmcnally/Repos/robotic-arm-control-system-analysis/vivado/lidar_arm_control/ip_repo/robot_arm_pwm_1.0'.
WARNING: [filemgmt 56-3] IP Repository Path: Could not find the directory '/home/cmcnally/Repos/robotic-arm-control-system-analysis/vivado/lidar_arm_control/ip_repo/sample_gpio_ip_1.0'.
WARNING: [filemgmt 56-3] IP Repository Path: Could not find the directory '/home/cmcnally/Repos/robotic-arm-control-system-analysis/vivado/lidar_arm_control/ip_repo/sample_gpio_ip_1.0'.
INFO: [IP_Flow 19-234] Refreshing IP repositories
INFO: [IP_Flow 19-1700] Loaded user IP repository '/home/cmcnally/Repos/robotic-arm-control-system-analysis/vivado/lidar_arm_control/ip_repo/robot_arm_control_1.0'.
WARNING: [IP_Flow 19-2248] Failed to load user IP repository '/home/cmcnally/Repos/robotic-arm-control-system-analysis/vivado/lidar_arm_control/ip_repo/robot_arm_pwm_1.0'; Can't find the specified path.
If this directory should no longer be in your list of user repositories, go to the IP Settings dialog and remove it.
WARNING: [IP_Flow 19-2248] Failed to load user IP repository '/home/cmcnally/Repos/robotic-arm-control-system-analysis/vivado/lidar_arm_control/ip_repo/sample_gpio_ip_1.0'; Can't find the specified path.
If this directory should no longer be in your list of user repositories, go to the IP Settings dialog and remove it.
WARNING: [IP_Flow 19-2207] Repository '/home/cmcnally/Repos/robotic-arm-control-system-analysis/vivado/lidar_arm_control/ip_repo/sample_gpio_ip_1.0' already exists; ignoring attempt to add it again.
WARNING: [IP_Flow 19-2248] Failed to load user IP repository '/home/cmcnally/Repos/robotic-arm-control-system-analysis/vivado/lidar_arm_control/ip_repo/sample_gpio_ip_1.0'; Can't find the specified path.
If this directory should no longer be in your list of user repositories, go to the IP Settings dialog and remove it.
INFO: [IP_Flow 19-2313] Loaded Vivado IP repository '/tools/Xilinx/Vivado/2018.3/data/ip'.
open_project: Time (s): cpu = 00:00:16 ; elapsed = 00:00:09 . Memory (MB): peak = 6367.988 ; gain = 97.848 ; free physical = 1244 ; free virtual = 5514
reset_run impl_1
WARNING: [Vivado 12-1017] Problems encountered:
1. Attempt to kill process failed

update_compile_order -fileset sources_1
ipx::open_ipxact_file /home/cmcnally/Repos/robotic-arm-control-system-analysis/vivado/lidar_arm_control/ip_repo/robot_arm_control_1.0/component.xml
WARNING: [IP_Flow 19-3899] Cannot get the environment domain name variable for the component vendor name. Setting the vendor name to 'user.org'.
WARNING: [IP_Flow 19-5226] Project source file '/home/cmcnally/Repos/robotic-arm-control-system-analysis/vivado/lidar_arm_control/ip_repo/robot_arm_control_1.0/component.xml' ignored by IP packager.
WARNING: [IP_Flow 19-3898] File Group 'xilinx_verilogsynthesis (Verilog Synthesis)': File '/home/cmcnally/Repos/robotic-arm-control-system-analysis/vivado/lidar_arm_control/ip_repo/robot_arm_control_1.0/hdl/robot_arm_control_v1_0_S00_AXI.v' is not found in the project sources. It will be removed from the packaged IP when the sources are merged. If still required, please add this file to the project and re-package.
WARNING: [IP_Flow 19-3898] File Group 'xilinx_verilogsynthesis (Verilog Synthesis)': File '/home/cmcnally/Repos/robotic-arm-control-system-analysis/vivado/lidar_arm_control/ip_repo/robot_arm_control_1.0/hdl/robot_arm_control_v1_0.v' is not found in the project sources. It will be removed from the packaged IP when the sources are merged. If still required, please add this file to the project and re-package.
WARNING: [IP_Flow 19-3898] File Group 'xilinx_verilogbehavioralsimulation (Verilog Simulation)': File '/home/cmcnally/Repos/robotic-arm-control-system-analysis/vivado/lidar_arm_control/ip_repo/robot_arm_control_1.0/hdl/robot_arm_control_v1_0_S00_AXI.v' is not found in the project sources. It will be removed from the packaged IP when the sources are merged. If still required, please add this file to the project and re-package.
WARNING: [IP_Flow 19-3898] File Group 'xilinx_verilogbehavioralsimulation (Verilog Simulation)': File '/home/cmcnally/Repos/robotic-arm-control-system-analysis/vivado/lidar_arm_control/ip_repo/robot_arm_control_1.0/hdl/robot_arm_control_v1_0.v' is not found in the project sources. It will be removed from the packaged IP when the sources are merged. If still required, please add this file to the project and re-package.
ipx::merge_project_changes hdl_parameters [ipx::current_core]
WARNING: [IP_Flow 19-3899] Cannot get the environment domain name variable for the component vendor name. Setting the vendor name to 'user.org'.
WARNING: [IP_Flow 19-5226] Project source file '/home/cmcnally/Repos/robotic-arm-control-system-analysis/vivado/lidar_arm_control/ip_repo/robot_arm_control_1.0/component.xml' ignored by IP packager.
INFO: [IP_Flow 19-3166] Bus Interface 'S00_AXI': References existing memory map 'S00_AXI'.
set_property core_revision 8 [ipx::current_core]
ipx::create_xgui_files [ipx::current_core]
ipx::update_checksums [ipx::current_core]
ipx::save_core [ipx::current_core]
update_ip_catalog -rebuild -repo_path /home/cmcnally/Repos/robotic-arm-control-system-analysis/vivado/lidar_arm_control/ip_repo/robot_arm_control_1.0
INFO: [IP_Flow 19-725] Reloaded user IP repository '/home/cmcnally/Repos/robotic-arm-control-system-analysis/vivado/lidar_arm_control/ip_repo/robot_arm_control_1.0'
open_project /home/cmcnally/Repos/robotic-arm-control-system-analysis/vivado/lidar_arm_control/hardware_system/hardware_system.xpr
Scanning sources...
Finished scanning sources
WARNING: [filemgmt 56-3] IP Repository Path: Could not find the directory '/home/cmcnally/Repos/robotic-arm-control-system-analysis/vivado/lidar_arm_control/ip_repo/robot_arm_pwm_1.0'.
WARNING: [filemgmt 56-3] IP Repository Path: Could not find the directory '/home/cmcnally/Repos/robotic-arm-control-system-analysis/vivado/lidar_arm_control/ip_repo/sample_gpio_ip_1.0'.
WARNING: [filemgmt 56-3] IP Repository Path: Could not find the directory '/home/cmcnally/Repos/robotic-arm-control-system-analysis/vivado/lidar_arm_control/ip_repo/sample_gpio_ip_1.0'.
INFO: [IP_Flow 19-234] Refreshing IP repositories
INFO: [IP_Flow 19-1700] Loaded user IP repository '/home/cmcnally/Repos/robotic-arm-control-system-analysis/vivado/lidar_arm_control/ip_repo/robot_arm_control_1.0'.
WARNING: [IP_Flow 19-2248] Failed to load user IP repository '/home/cmcnally/Repos/robotic-arm-control-system-analysis/vivado/lidar_arm_control/ip_repo/robot_arm_pwm_1.0'; Can't find the specified path.
If this directory should no longer be in your list of user repositories, go to the IP Settings dialog and remove it.
WARNING: [IP_Flow 19-2248] Failed to load user IP repository '/home/cmcnally/Repos/robotic-arm-control-system-analysis/vivado/lidar_arm_control/ip_repo/sample_gpio_ip_1.0'; Can't find the specified path.
If this directory should no longer be in your list of user repositories, go to the IP Settings dialog and remove it.
WARNING: [IP_Flow 19-2207] Repository '/home/cmcnally/Repos/robotic-arm-control-system-analysis/vivado/lidar_arm_control/ip_repo/sample_gpio_ip_1.0' already exists; ignoring attempt to add it again.
WARNING: [IP_Flow 19-2248] Failed to load user IP repository '/home/cmcnally/Repos/robotic-arm-control-system-analysis/vivado/lidar_arm_control/ip_repo/sample_gpio_ip_1.0'; Can't find the specified path.
If this directory should no longer be in your list of user repositories, go to the IP Settings dialog and remove it.
INFO: [IP_Flow 19-2313] Loaded Vivado IP repository '/tools/Xilinx/Vivado/2018.3/data/ip'.
WARNING: [BD 41-1661] One or more IPs have been locked in the design 'lidar_arm_control.bd'. Please run report_ip_status for more details and recommendations on how to fix this issue.
List of locked IPs:
lidar_arm_control_robot_arm_control_0_1

open_project: Time (s): cpu = 00:00:12 ; elapsed = 00:00:06 . Memory (MB): peak = 6592.652 ; gain = 34.297 ; free physical = 1112 ; free virtual = 5469
update_compile_order -fileset sources_1
open_bd_design {/home/cmcnally/Repos/robotic-arm-control-system-analysis/vivado/lidar_arm_control/hardware_system/hardware_system.srcs/sources_1/bd/lidar_arm_control/lidar_arm_control.bd}
Adding cell -- xilinx.com:ip:processing_system7:5.5 - processing_system7_0
Adding cell -- xilinx.com:ip:axi_interconnect:2.1 - ps7_0_axi_periph
Adding cell -- xilinx.com:ip:axi_protocol_converter:2.1 - auto_pc
Adding cell -- xilinx.com:ip:proc_sys_reset:5.0 - rst_ps7_0_100M
Adding cell -- user.org:user:robot_arm_control:1.0 - robot_arm_control_0
Successfully read diagram <lidar_arm_control> from BD file </home/cmcnally/Repos/robotic-arm-control-system-analysis/vivado/lidar_arm_control/hardware_system/hardware_system.srcs/sources_1/bd/lidar_arm_control/lidar_arm_control.bd>
open_bd_design: Time (s): cpu = 00:00:10 ; elapsed = 00:00:05 . Memory (MB): peak = 6751.434 ; gain = 0.000 ; free physical = 946 ; free virtual = 5333
report_ip_status -name ip_status 
upgrade_ip -vlnv user.org:user:robot_arm_control:1.0 [get_ips  lidar_arm_control_robot_arm_control_0_1] -log ip_upgrade.log
Upgrading '/home/cmcnally/Repos/robotic-arm-control-system-analysis/vivado/lidar_arm_control/hardware_system/hardware_system.srcs/sources_1/bd/lidar_arm_control/lidar_arm_control.bd'
INFO: [IP_Flow 19-3422] Upgraded lidar_arm_control_robot_arm_control_0_1 (robot_arm_control_v1.0 1.0) from revision 7 to revision 8
Wrote  : </home/cmcnally/Repos/robotic-arm-control-system-analysis/vivado/lidar_arm_control/hardware_system/hardware_system.srcs/sources_1/bd/lidar_arm_control/lidar_arm_control.bd> 
INFO: [Coretcl 2-1525] Wrote upgrade log to '/home/cmcnally/Repos/robotic-arm-control-system-analysis/vivado/lidar_arm_control/hardware_system/ip_upgrade.log'.
export_ip_user_files -of_objects [get_ips lidar_arm_control_robot_arm_control_0_1] -no_script -sync -force -quiet
report_ip_status -name ip_status 
reset_run synth_1
launch_runs synth_1 -jobs 2
WARNING: [BD 41-702] Propagation TCL tries to overwrite USER strength parameter PCW_M_AXI_GP0_FREQMHZ(10) on '/processing_system7_0' with propagated value(100). Command ignored
Wrote  : </home/cmcnally/Repos/robotic-arm-control-system-analysis/vivado/lidar_arm_control/hardware_system/hardware_system.srcs/sources_1/bd/lidar_arm_control/lidar_arm_control.bd> 
VHDL Output written to : /home/cmcnally/Repos/robotic-arm-control-system-analysis/vivado/lidar_arm_control/hardware_system/hardware_system.srcs/sources_1/bd/lidar_arm_control/synth/lidar_arm_control.v
VHDL Output written to : /home/cmcnally/Repos/robotic-arm-control-system-analysis/vivado/lidar_arm_control/hardware_system/hardware_system.srcs/sources_1/bd/lidar_arm_control/sim/lidar_arm_control.v
VHDL Output written to : /home/cmcnally/Repos/robotic-arm-control-system-analysis/vivado/lidar_arm_control/hardware_system/hardware_system.srcs/sources_1/bd/lidar_arm_control/hdl/lidar_arm_control_wrapper.v
INFO: [BD 41-1029] Generation completed for the IP Integrator block processing_system7_0 .
INFO: [BD 41-1029] Generation completed for the IP Integrator block rst_ps7_0_100M .
INFO: [BD 41-1029] Generation completed for the IP Integrator block robot_arm_control_0 .
WARNING: [IP_Flow 19-4994] Overwriting existing constraint file '/home/cmcnally/Repos/robotic-arm-control-system-analysis/vivado/lidar_arm_control/hardware_system/hardware_system.srcs/sources_1/bd/lidar_arm_control/ip/lidar_arm_control_auto_pc_0/lidar_arm_control_auto_pc_0_ooc.xdc'
INFO: [BD 41-1029] Generation completed for the IP Integrator block ps7_0_axi_periph/s00_couplers/auto_pc .
Exporting to file /home/cmcnally/Repos/robotic-arm-control-system-analysis/vivado/lidar_arm_control/hardware_system/hardware_system.srcs/sources_1/bd/lidar_arm_control/hw_handoff/lidar_arm_control.hwh
Generated Block Design Tcl file /home/cmcnally/Repos/robotic-arm-control-system-analysis/vivado/lidar_arm_control/hardware_system/hardware_system.srcs/sources_1/bd/lidar_arm_control/hw_handoff/lidar_arm_control_bd.tcl
Generated Hardware Definition File /home/cmcnally/Repos/robotic-arm-control-system-analysis/vivado/lidar_arm_control/hardware_system/hardware_system.srcs/sources_1/bd/lidar_arm_control/synth/lidar_arm_control.hwdef
INFO: [IP_Flow 19-4993] Using cached IP synthesis design for IP lidar_arm_control_auto_pc_0, cache-ID = 68168676865e6a57; cache size = 3.318 MB.
[Wed Mar  3 16:59:57 2021] Launched lidar_arm_control_robot_arm_control_0_1_synth_1...
Run output will be captured here: /home/cmcnally/Repos/robotic-arm-control-system-analysis/vivado/lidar_arm_control/hardware_system/hardware_system.runs/lidar_arm_control_robot_arm_control_0_1_synth_1/runme.log
[Wed Mar  3 16:59:57 2021] Launched synth_1...
Run output will be captured here: /home/cmcnally/Repos/robotic-arm-control-system-analysis/vivado/lidar_arm_control/hardware_system/hardware_system.runs/synth_1/runme.log
report_ip_status -name ip_status 
reset_run synth_1
launch_runs impl_1 -to_step write_bitstream -jobs 2
[Wed Mar  3 17:00:58 2021] Launched synth_1...
Run output will be captured here: /home/cmcnally/Repos/robotic-arm-control-system-analysis/vivado/lidar_arm_control/hardware_system/hardware_system.runs/synth_1/runme.log
[Wed Mar  3 17:00:58 2021] Launched impl_1...
Run output will be captured here: /home/cmcnally/Repos/robotic-arm-control-system-analysis/vivado/lidar_arm_control/hardware_system/hardware_system.runs/impl_1/runme.log
file copy -force /home/cmcnally/Repos/robotic-arm-control-system-analysis/vivado/lidar_arm_control/hardware_system/hardware_system.runs/impl_1/lidar_arm_control_wrapper.sysdef /home/cmcnally/Repos/robotic-arm-control-system-analysis/vivado/lidar_arm_control/hardware_system/hardware_system.sdk/lidar_arm_control_wrapper.hdf

file copy -force /home/cmcnally/Repos/robotic-arm-control-system-analysis/vivado/lidar_arm_control/hardware_system/hardware_system.runs/impl_1/lidar_arm_control_wrapper.sysdef /home/cmcnally/Repos/robotic-arm-control-system-analysis/vivado/lidar_arm_control/hardware_system/hardware_system.sdk/lidar_arm_control_wrapper.hdf

launch_sdk -workspace /home/cmcnally/Repos/robotic-arm-control-system-analysis/vivado/lidar_arm_control/hardware_system/hardware_system.sdk -hwspec /home/cmcnally/Repos/robotic-arm-control-system-analysis/vivado/lidar_arm_control/hardware_system/hardware_system.sdk/lidar_arm_control_wrapper.hdf
INFO: [Vivado 12-393] Launching SDK...
INFO: [Vivado 12-417] Running xsdk -workspace /home/cmcnally/Repos/robotic-arm-control-system-analysis/vivado/lidar_arm_control/hardware_system/hardware_system.sdk -hwspec /home/cmcnally/Repos/robotic-arm-control-system-analysis/vivado/lidar_arm_control/hardware_system/hardware_system.sdk/lidar_arm_control_wrapper.hdf
INFO: [Vivado 12-3157] SDK launch initiated. Please check console for any further messages.
launch_sdk -workspace /home/cmcnally/Repos/robotic-arm-control-system-analysis/vivado/lidar_arm_control/hardware_system/hardware_system.sdk -hwspec /home/cmcnally/Repos/robotic-arm-control-system-analysis/vivado/lidar_arm_control/hardware_system/hardware_system.sdk/lidar_arm_control_wrapper.hdf
INFO: [Vivado 12-393] Launching SDK...
INFO: [Vivado 12-417] Running xsdk -workspace /home/cmcnally/Repos/robotic-arm-control-system-analysis/vivado/lidar_arm_control/hardware_system/hardware_system.sdk -hwspec /home/cmcnally/Repos/robotic-arm-control-system-analysis/vivado/lidar_arm_control/hardware_system/hardware_system.sdk/lidar_arm_control_wrapper.hdf
INFO: [Vivado 12-3157] SDK launch initiated. Please check console for any further messages.
reset_run synth_1
launch_runs impl_1 -to_step write_bitstream -jobs 2
[Wed Mar  3 17:28:38 2021] Launched synth_1...
Run output will be captured here: /home/cmcnally/Repos/robotic-arm-control-system-analysis/vivado/lidar_arm_control/hardware_system/hardware_system.runs/synth_1/runme.log
[Wed Mar  3 17:28:38 2021] Launched impl_1...
Run output will be captured here: /home/cmcnally/Repos/robotic-arm-control-system-analysis/vivado/lidar_arm_control/hardware_system/hardware_system.runs/impl_1/runme.log
reset_run synth_1
launch_runs impl_1 -to_step write_bitstream -jobs 2
[Wed Mar  3 17:29:36 2021] Launched synth_1...
Run output will be captured here: /home/cmcnally/Repos/robotic-arm-control-system-analysis/vivado/lidar_arm_control/hardware_system/hardware_system.runs/synth_1/runme.log
[Wed Mar  3 17:29:36 2021] Launched impl_1...
Run output will be captured here: /home/cmcnally/Repos/robotic-arm-control-system-analysis/vivado/lidar_arm_control/hardware_system/hardware_system.runs/impl_1/runme.log
file copy -force /home/cmcnally/Repos/robotic-arm-control-system-analysis/vivado/lidar_arm_control/hardware_system/hardware_system.runs/impl_1/lidar_arm_control_wrapper.sysdef /home/cmcnally/Repos/robotic-arm-control-system-analysis/vivado/lidar_arm_control/hardware_system/hardware_system.sdk/lidar_arm_control_wrapper.hdf

current_project edit_robot_arm_control_v1_0
ipx::merge_project_changes files [ipx::current_core]
WARNING: [IP_Flow 19-3899] Cannot get the environment domain name variable for the component vendor name. Setting the vendor name to 'user.org'.
WARNING: [IP_Flow 19-5226] Project source file '/home/cmcnally/Repos/robotic-arm-control-system-analysis/vivado/lidar_arm_control/ip_repo/robot_arm_control_1.0/component.xml' ignored by IP packager.
ipx::merge_project_changes hdl_parameters [ipx::current_core]
WARNING: [IP_Flow 19-3899] Cannot get the environment domain name variable for the component vendor name. Setting the vendor name to 'user.org'.
WARNING: [IP_Flow 19-5226] Project source file '/home/cmcnally/Repos/robotic-arm-control-system-analysis/vivado/lidar_arm_control/ip_repo/robot_arm_control_1.0/component.xml' ignored by IP packager.
INFO: [IP_Flow 19-5107] Inferred bus interface 'PWM_CLK' of definition 'xilinx.com:signal:clock:1.0' (from Xilinx Repository).
INFO: [IP_Flow 19-3166] Bus Interface 'S00_AXI': References existing memory map 'S00_AXI'.
ipx::merge_project_changes files [ipx::current_core]
WARNING: [IP_Flow 19-3899] Cannot get the environment domain name variable for the component vendor name. Setting the vendor name to 'user.org'.
WARNING: [IP_Flow 19-5226] Project source file '/home/cmcnally/Repos/robotic-arm-control-system-analysis/vivado/lidar_arm_control/ip_repo/robot_arm_control_1.0/component.xml' ignored by IP packager.
ipx::merge_project_changes hdl_parameters [ipx::current_core]
WARNING: [IP_Flow 19-3899] Cannot get the environment domain name variable for the component vendor name. Setting the vendor name to 'user.org'.
WARNING: [IP_Flow 19-5226] Project source file '/home/cmcnally/Repos/robotic-arm-control-system-analysis/vivado/lidar_arm_control/ip_repo/robot_arm_control_1.0/component.xml' ignored by IP packager.
INFO: [IP_Flow 19-3445] Bus interface 'PWM_CLK': Replace port-map physical named 'PWM_CLK' by 'PWM_CK'.
INFO: [IP_Flow 19-3166] Bus Interface 'S00_AXI': References existing memory map 'S00_AXI'.
ipx::merge_project_changes files [ipx::current_core]
WARNING: [IP_Flow 19-3899] Cannot get the environment domain name variable for the component vendor name. Setting the vendor name to 'user.org'.
WARNING: [IP_Flow 19-5226] Project source file '/home/cmcnally/Repos/robotic-arm-control-system-analysis/vivado/lidar_arm_control/ip_repo/robot_arm_control_1.0/component.xml' ignored by IP packager.
ipx::merge_project_changes hdl_parameters [ipx::current_core]
WARNING: [IP_Flow 19-3899] Cannot get the environment domain name variable for the component vendor name. Setting the vendor name to 'user.org'.
WARNING: [IP_Flow 19-5226] Project source file '/home/cmcnally/Repos/robotic-arm-control-system-analysis/vivado/lidar_arm_control/ip_repo/robot_arm_control_1.0/component.xml' ignored by IP packager.
INFO: [IP_Flow 19-3445] Bus interface 'PWM_CLK': Replace port-map physical named 'PWM_CK' by 'PWM_CLK'.
INFO: [IP_Flow 19-3166] Bus Interface 'S00_AXI': References existing memory map 'S00_AXI'.
set_property core_revision 9 [ipx::current_core]
ipx::create_xgui_files [ipx::current_core]
ipx::update_checksums [ipx::current_core]
ipx::save_core [ipx::current_core]
update_ip_catalog -rebuild -repo_path /home/cmcnally/Repos/robotic-arm-control-system-analysis/vivado/lidar_arm_control/ip_repo/robot_arm_control_1.0
INFO: [IP_Flow 19-725] Reloaded user IP repository '/home/cmcnally/Repos/robotic-arm-control-system-analysis/vivado/lidar_arm_control/ip_repo/robot_arm_control_1.0'
current_project hardware_system
update_ip_catalog -rebuild -scan_changes
INFO: [IP_Flow 19-234] Refreshing IP repositories
INFO: [IP_Flow 19-1700] Loaded user IP repository '/home/cmcnally/Repos/robotic-arm-control-system-analysis/vivado/lidar_arm_control/ip_repo/robot_arm_control_1.0'.
WARNING: [IP_Flow 19-2248] Failed to load user IP repository '/home/cmcnally/Repos/robotic-arm-control-system-analysis/vivado/lidar_arm_control/ip_repo/robot_arm_pwm_1.0'; Can't find the specified path.
If this directory should no longer be in your list of user repositories, go to the IP Settings dialog and remove it.
WARNING: [IP_Flow 19-2248] Failed to load user IP repository '/home/cmcnally/Repos/robotic-arm-control-system-analysis/vivado/lidar_arm_control/ip_repo/sample_gpio_ip_1.0'; Can't find the specified path.
If this directory should no longer be in your list of user repositories, go to the IP Settings dialog and remove it.
WARNING: [IP_Flow 19-2207] Repository '/home/cmcnally/Repos/robotic-arm-control-system-analysis/vivado/lidar_arm_control/ip_repo/sample_gpio_ip_1.0' already exists; ignoring attempt to add it again.
WARNING: [IP_Flow 19-2248] Failed to load user IP repository '/home/cmcnally/Repos/robotic-arm-control-system-analysis/vivado/lidar_arm_control/ip_repo/sample_gpio_ip_1.0'; Can't find the specified path.
If this directory should no longer be in your list of user repositories, go to the IP Settings dialog and remove it.
report_ip_status -name ip_status
current_project edit_robot_arm_control_v1_0
current_project hardware_system
upgrade_ip -vlnv user.org:user:robot_arm_control:1.0 [get_ips  lidar_arm_control_robot_arm_control_0_1] -log ip_upgrade.log
Upgrading '/home/cmcnally/Repos/robotic-arm-control-system-analysis/vivado/lidar_arm_control/hardware_system/hardware_system.srcs/sources_1/bd/lidar_arm_control/lidar_arm_control.bd'
INFO: [IP_Flow 19-3422] Upgraded lidar_arm_control_robot_arm_control_0_1 (robot_arm_control_v1.0 1.0) from revision 8 to revision 9
WARNING: [IP_Flow 19-4697] Upgrade has added interface 'PWM_CLK' (xilinx.com:signal:clock:1.0)
WARNING: [IP_Flow 19-3670] Detected external interface differences while upgrading 'lidar_arm_control_robot_arm_control_0_1'.
WARNING: [IP_Flow 19-4698] Upgrade has added port 'PWM_CLK'
WARNING: [IP_Flow 19-3298] Detected external port differences while upgrading 'lidar_arm_control_robot_arm_control_0_1'. These changes may impact your design.
CRITICAL WARNING: [Coretcl 2-1279] The upgrade of 'lidar_arm_control_robot_arm_control_0_1' has identified issues that may require user intervention. Please review the upgrade log '/home/cmcnally/Repos/robotic-arm-control-system-analysis/vivado/lidar_arm_control/hardware_system/ip_upgrade.log', and verify that the upgraded IP is correctly configured.
Wrote  : </home/cmcnally/Repos/robotic-arm-control-system-analysis/vivado/lidar_arm_control/hardware_system/hardware_system.srcs/sources_1/bd/lidar_arm_control/lidar_arm_control.bd> 
Wrote  : </home/cmcnally/Repos/robotic-arm-control-system-analysis/vivado/lidar_arm_control/hardware_system/hardware_system.srcs/sources_1/bd/lidar_arm_control/ui/bd_9360b533.ui> 
INFO: [Coretcl 2-1525] Wrote upgrade log to '/home/cmcnally/Repos/robotic-arm-control-system-analysis/vivado/lidar_arm_control/hardware_system/ip_upgrade.log'.
export_ip_user_files -of_objects [get_ips lidar_arm_control_robot_arm_control_0_1] -no_script -sync -force -quiet
startgroup
make_bd_pins_external  [get_bd_pins robot_arm_control_0/PWM_CLK]
endgroup
regenerate_bd_layout
regenerate_bd_layout -routing
save_bd_design
Wrote  : </home/cmcnally/Repos/robotic-arm-control-system-analysis/vivado/lidar_arm_control/hardware_system/hardware_system.srcs/sources_1/bd/lidar_arm_control/lidar_arm_control.bd> 
Wrote  : </home/cmcnally/Repos/robotic-arm-control-system-analysis/vivado/lidar_arm_control/hardware_system/hardware_system.srcs/sources_1/bd/lidar_arm_control/ui/bd_9360b533.ui> 
set_property name PWM_CLK [get_bd_ports PWM_CLK_0]
regenerate_bd_layout
regenerate_bd_layout -routing
report_ip_status -name ip_status 
save_bd_design
Wrote  : </home/cmcnally/Repos/robotic-arm-control-system-analysis/vivado/lidar_arm_control/hardware_system/hardware_system.srcs/sources_1/bd/lidar_arm_control/lidar_arm_control.bd> 
Wrote  : </home/cmcnally/Repos/robotic-arm-control-system-analysis/vivado/lidar_arm_control/hardware_system/hardware_system.srcs/sources_1/bd/lidar_arm_control/ui/bd_9360b533.ui> 
reset_run synth_1
launch_runs synth_1 -jobs 2
WARNING: [BD 41-702] Propagation TCL tries to overwrite USER strength parameter PCW_M_AXI_GP0_FREQMHZ(10) on '/processing_system7_0' with propagated value(100). Command ignored
Wrote  : </home/cmcnally/Repos/robotic-arm-control-system-analysis/vivado/lidar_arm_control/hardware_system/hardware_system.srcs/sources_1/bd/lidar_arm_control/lidar_arm_control.bd> 
VHDL Output written to : /home/cmcnally/Repos/robotic-arm-control-system-analysis/vivado/lidar_arm_control/hardware_system/hardware_system.srcs/sources_1/bd/lidar_arm_control/synth/lidar_arm_control.v
VHDL Output written to : /home/cmcnally/Repos/robotic-arm-control-system-analysis/vivado/lidar_arm_control/hardware_system/hardware_system.srcs/sources_1/bd/lidar_arm_control/sim/lidar_arm_control.v
VHDL Output written to : /home/cmcnally/Repos/robotic-arm-control-system-analysis/vivado/lidar_arm_control/hardware_system/hardware_system.srcs/sources_1/bd/lidar_arm_control/hdl/lidar_arm_control_wrapper.v
INFO: [BD 41-1029] Generation completed for the IP Integrator block processing_system7_0 .
INFO: [BD 41-1029] Generation completed for the IP Integrator block rst_ps7_0_100M .
INFO: [BD 41-1029] Generation completed for the IP Integrator block robot_arm_control_0 .
WARNING: [IP_Flow 19-4994] Overwriting existing constraint file '/home/cmcnally/Repos/robotic-arm-control-system-analysis/vivado/lidar_arm_control/hardware_system/hardware_system.srcs/sources_1/bd/lidar_arm_control/ip/lidar_arm_control_auto_pc_0/lidar_arm_control_auto_pc_0_ooc.xdc'
INFO: [BD 41-1029] Generation completed for the IP Integrator block ps7_0_axi_periph/s00_couplers/auto_pc .
Exporting to file /home/cmcnally/Repos/robotic-arm-control-system-analysis/vivado/lidar_arm_control/hardware_system/hardware_system.srcs/sources_1/bd/lidar_arm_control/hw_handoff/lidar_arm_control.hwh
Generated Block Design Tcl file /home/cmcnally/Repos/robotic-arm-control-system-analysis/vivado/lidar_arm_control/hardware_system/hardware_system.srcs/sources_1/bd/lidar_arm_control/hw_handoff/lidar_arm_control_bd.tcl
Generated Hardware Definition File /home/cmcnally/Repos/robotic-arm-control-system-analysis/vivado/lidar_arm_control/hardware_system/hardware_system.srcs/sources_1/bd/lidar_arm_control/synth/lidar_arm_control.hwdef
INFO: [IP_Flow 19-4993] Using cached IP synthesis design for IP lidar_arm_control_auto_pc_0, cache-ID = 68168676865e6a57; cache size = 3.607 MB.
[Wed Mar  3 17:55:18 2021] Launched lidar_arm_control_robot_arm_control_0_1_synth_1...
Run output will be captured here: /home/cmcnally/Repos/robotic-arm-control-system-analysis/vivado/lidar_arm_control/hardware_system/hardware_system.runs/lidar_arm_control_robot_arm_control_0_1_synth_1/runme.log
[Wed Mar  3 17:55:18 2021] Launched synth_1...
Run output will be captured here: /home/cmcnally/Repos/robotic-arm-control-system-analysis/vivado/lidar_arm_control/hardware_system/hardware_system.runs/synth_1/runme.log
report_ip_status -name ip_status 
current_project edit_robot_arm_control_v1_0
ipx::merge_project_changes files [ipx::current_core]
WARNING: [IP_Flow 19-3899] Cannot get the environment domain name variable for the component vendor name. Setting the vendor name to 'user.org'.
WARNING: [IP_Flow 19-5226] Project source file '/home/cmcnally/Repos/robotic-arm-control-system-analysis/vivado/lidar_arm_control/ip_repo/robot_arm_control_1.0/component.xml' ignored by IP packager.
ipx::merge_project_changes hdl_parameters [ipx::current_core]
WARNING: [IP_Flow 19-3899] Cannot get the environment domain name variable for the component vendor name. Setting the vendor name to 'user.org'.
WARNING: [IP_Flow 19-5226] Project source file '/home/cmcnally/Repos/robotic-arm-control-system-analysis/vivado/lidar_arm_control/ip_repo/robot_arm_control_1.0/component.xml' ignored by IP packager.
WARNING: [IP_Flow 19-4300] HDL parameter 'PWM_COUNTER_MAX' has its value changed from '13000000' to '2000000'.
INFO: [IP_Flow 19-3166] Bus Interface 'S00_AXI': References existing memory map 'S00_AXI'.
set_property widget {textEdit} [ipgui::get_guiparamspec -name "PWM_COUNTER_MAX" -component [ipx::current_core] ]
set_property value_validation_range_minimum 0 [ipx::get_user_parameters PWM_COUNTER_MAX -of_objects [ipx::current_core]]
set_property value_validation_range_maximum 2000000 [ipx::get_user_parameters PWM_COUNTER_MAX -of_objects [ipx::current_core]]
set_property core_revision 10 [ipx::current_core]
ipx::create_xgui_files [ipx::current_core]
ipx::update_checksums [ipx::current_core]
ipx::save_core [ipx::current_core]
update_ip_catalog -rebuild -repo_path /home/cmcnally/Repos/robotic-arm-control-system-analysis/vivado/lidar_arm_control/ip_repo/robot_arm_control_1.0
INFO: [IP_Flow 19-725] Reloaded user IP repository '/home/cmcnally/Repos/robotic-arm-control-system-analysis/vivado/lidar_arm_control/ip_repo/robot_arm_control_1.0'
current_project hardware_system
update_ip_catalog -rebuild -scan_changes
INFO: [IP_Flow 19-234] Refreshing IP repositories
INFO: [IP_Flow 19-1700] Loaded user IP repository '/home/cmcnally/Repos/robotic-arm-control-system-analysis/vivado/lidar_arm_control/ip_repo/robot_arm_control_1.0'.
WARNING: [IP_Flow 19-2248] Failed to load user IP repository '/home/cmcnally/Repos/robotic-arm-control-system-analysis/vivado/lidar_arm_control/ip_repo/robot_arm_pwm_1.0'; Can't find the specified path.
If this directory should no longer be in your list of user repositories, go to the IP Settings dialog and remove it.
WARNING: [IP_Flow 19-2248] Failed to load user IP repository '/home/cmcnally/Repos/robotic-arm-control-system-analysis/vivado/lidar_arm_control/ip_repo/sample_gpio_ip_1.0'; Can't find the specified path.
If this directory should no longer be in your list of user repositories, go to the IP Settings dialog and remove it.
WARNING: [IP_Flow 19-2207] Repository '/home/cmcnally/Repos/robotic-arm-control-system-analysis/vivado/lidar_arm_control/ip_repo/sample_gpio_ip_1.0' already exists; ignoring attempt to add it again.
WARNING: [IP_Flow 19-2248] Failed to load user IP repository '/home/cmcnally/Repos/robotic-arm-control-system-analysis/vivado/lidar_arm_control/ip_repo/sample_gpio_ip_1.0'; Can't find the specified path.
If this directory should no longer be in your list of user repositories, go to the IP Settings dialog and remove it.
report_ip_status -name ip_status
current_project edit_robot_arm_control_v1_0
current_project hardware_system
current_project hardware_system
upgrade_ip -vlnv user.org:user:robot_arm_control:1.0 [get_ips  lidar_arm_control_robot_arm_control_0_1] -log ip_upgrade.log
Upgrading '/home/cmcnally/Repos/robotic-arm-control-system-analysis/vivado/lidar_arm_control/hardware_system/hardware_system.srcs/sources_1/bd/lidar_arm_control/lidar_arm_control.bd'
WARNING: [IP_Flow 19-4050] The normal upgrade process failed due to validation failures in the given configuration. Attempting partial upgrade to set as many user parameters as possible. Please check the parameters whose values were not applied.
WARNING: [IP_Flow 19-3932] Unable to set the value '13000000' on parameter 'Pwm Counter Max' due to the following failure - 
Validation failed for parameter 'Pwm Counter Max(PWM_COUNTER_MAX)' for BD Cell 'lidar_arm_control_robot_arm_control_0_1'. Value '13000000' is out of the range (0,2000000)
. Restoring to an old valid value of '2000000'
INFO: [IP_Flow 19-3422] Upgraded lidar_arm_control_robot_arm_control_0_1 (robot_arm_control_v1.0 1.0) from revision 9 to revision 10
CRITICAL WARNING: [Coretcl 2-1279] The upgrade of 'lidar_arm_control_robot_arm_control_0_1' has identified issues that may require user intervention. Please review the upgrade log '/home/cmcnally/Repos/robotic-arm-control-system-analysis/vivado/lidar_arm_control/hardware_system/ip_upgrade.log', and verify that the upgraded IP is correctly configured.
Wrote  : </home/cmcnally/Repos/robotic-arm-control-system-analysis/vivado/lidar_arm_control/hardware_system/hardware_system.srcs/sources_1/bd/lidar_arm_control/lidar_arm_control.bd> 
Wrote  : </home/cmcnally/Repos/robotic-arm-control-system-analysis/vivado/lidar_arm_control/hardware_system/hardware_system.srcs/sources_1/bd/lidar_arm_control/ui/bd_9360b533.ui> 
INFO: [Coretcl 2-1525] Wrote upgrade log to '/home/cmcnally/Repos/robotic-arm-control-system-analysis/vivado/lidar_arm_control/hardware_system/ip_upgrade.log'.
export_ip_user_files -of_objects [get_ips lidar_arm_control_robot_arm_control_0_1] -no_script -sync -force -quiet
report_ip_status -name ip_status 
reset_run synth_1
launch_runs synth_1 -jobs 2
WARNING: [BD 41-702] Propagation TCL tries to overwrite USER strength parameter PCW_M_AXI_GP0_FREQMHZ(10) on '/processing_system7_0' with propagated value(100). Command ignored
Wrote  : </home/cmcnally/Repos/robotic-arm-control-system-analysis/vivado/lidar_arm_control/hardware_system/hardware_system.srcs/sources_1/bd/lidar_arm_control/lidar_arm_control.bd> 
VHDL Output written to : /home/cmcnally/Repos/robotic-arm-control-system-analysis/vivado/lidar_arm_control/hardware_system/hardware_system.srcs/sources_1/bd/lidar_arm_control/synth/lidar_arm_control.v
VHDL Output written to : /home/cmcnally/Repos/robotic-arm-control-system-analysis/vivado/lidar_arm_control/hardware_system/hardware_system.srcs/sources_1/bd/lidar_arm_control/sim/lidar_arm_control.v
VHDL Output written to : /home/cmcnally/Repos/robotic-arm-control-system-analysis/vivado/lidar_arm_control/hardware_system/hardware_system.srcs/sources_1/bd/lidar_arm_control/hdl/lidar_arm_control_wrapper.v
INFO: [BD 41-1029] Generation completed for the IP Integrator block processing_system7_0 .
INFO: [BD 41-1029] Generation completed for the IP Integrator block rst_ps7_0_100M .
INFO: [BD 41-1029] Generation completed for the IP Integrator block robot_arm_control_0 .
WARNING: [IP_Flow 19-4994] Overwriting existing constraint file '/home/cmcnally/Repos/robotic-arm-control-system-analysis/vivado/lidar_arm_control/hardware_system/hardware_system.srcs/sources_1/bd/lidar_arm_control/ip/lidar_arm_control_auto_pc_0/lidar_arm_control_auto_pc_0_ooc.xdc'
INFO: [BD 41-1029] Generation completed for the IP Integrator block ps7_0_axi_periph/s00_couplers/auto_pc .
Exporting to file /home/cmcnally/Repos/robotic-arm-control-system-analysis/vivado/lidar_arm_control/hardware_system/hardware_system.srcs/sources_1/bd/lidar_arm_control/hw_handoff/lidar_arm_control.hwh
Generated Block Design Tcl file /home/cmcnally/Repos/robotic-arm-control-system-analysis/vivado/lidar_arm_control/hardware_system/hardware_system.srcs/sources_1/bd/lidar_arm_control/hw_handoff/lidar_arm_control_bd.tcl
Generated Hardware Definition File /home/cmcnally/Repos/robotic-arm-control-system-analysis/vivado/lidar_arm_control/hardware_system/hardware_system.srcs/sources_1/bd/lidar_arm_control/synth/lidar_arm_control.hwdef
INFO: [IP_Flow 19-4993] Using cached IP synthesis design for IP lidar_arm_control_auto_pc_0, cache-ID = 68168676865e6a57; cache size = 3.896 MB.
[Wed Mar  3 18:01:50 2021] Launched lidar_arm_control_robot_arm_control_0_1_synth_1...
Run output will be captured here: /home/cmcnally/Repos/robotic-arm-control-system-analysis/vivado/lidar_arm_control/hardware_system/hardware_system.runs/lidar_arm_control_robot_arm_control_0_1_synth_1/runme.log
[Wed Mar  3 18:01:50 2021] Launched synth_1...
Run output will be captured here: /home/cmcnally/Repos/robotic-arm-control-system-analysis/vivado/lidar_arm_control/hardware_system/hardware_system.runs/synth_1/runme.log
report_ip_status -name ip_status 
reset_run synth_1
launch_runs impl_1 -to_step write_bitstream -jobs 2
[Wed Mar  3 18:02:22 2021] Launched lidar_arm_control_robot_arm_control_0_1_synth_1, synth_1...
Run output will be captured here:
lidar_arm_control_robot_arm_control_0_1_synth_1: /home/cmcnally/Repos/robotic-arm-control-system-analysis/vivado/lidar_arm_control/hardware_system/hardware_system.runs/lidar_arm_control_robot_arm_control_0_1_synth_1/runme.log
synth_1: /home/cmcnally/Repos/robotic-arm-control-system-analysis/vivado/lidar_arm_control/hardware_system/hardware_system.runs/synth_1/runme.log
[Wed Mar  3 18:02:22 2021] Launched impl_1...
Run output will be captured here: /home/cmcnally/Repos/robotic-arm-control-system-analysis/vivado/lidar_arm_control/hardware_system/hardware_system.runs/impl_1/runme.log
file copy -force /home/cmcnally/Repos/robotic-arm-control-system-analysis/vivado/lidar_arm_control/hardware_system/hardware_system.runs/impl_1/lidar_arm_control_wrapper.sysdef /home/cmcnally/Repos/robotic-arm-control-system-analysis/vivado/lidar_arm_control/hardware_system/hardware_system.sdk/lidar_arm_control_wrapper.hdf

launch_sdk -workspace /home/cmcnally/Repos/robotic-arm-control-system-analysis/vivado/lidar_arm_control/hardware_system/hardware_system.sdk -hwspec /home/cmcnally/Repos/robotic-arm-control-system-analysis/vivado/lidar_arm_control/hardware_system/hardware_system.sdk/lidar_arm_control_wrapper.hdf
INFO: [Vivado 12-393] Launching SDK...
INFO: [Vivado 12-417] Running xsdk -workspace /home/cmcnally/Repos/robotic-arm-control-system-analysis/vivado/lidar_arm_control/hardware_system/hardware_system.sdk -hwspec /home/cmcnally/Repos/robotic-arm-control-system-analysis/vivado/lidar_arm_control/hardware_system/hardware_system.sdk/lidar_arm_control_wrapper.hdf
INFO: [Vivado 12-3157] SDK launch initiated. Please check console for any further messages.
launch_sdk -workspace /home/cmcnally/Repos/robotic-arm-control-system-analysis/vivado/lidar_arm_control/hardware_system/hardware_system.sdk -hwspec /home/cmcnally/Repos/robotic-arm-control-system-analysis/vivado/lidar_arm_control/hardware_system/hardware_system.sdk/lidar_arm_control_wrapper.hdf
INFO: [Vivado 12-393] Launching SDK...
INFO: [Vivado 12-417] Running xsdk -workspace /home/cmcnally/Repos/robotic-arm-control-system-analysis/vivado/lidar_arm_control/hardware_system/hardware_system.sdk -hwspec /home/cmcnally/Repos/robotic-arm-control-system-analysis/vivado/lidar_arm_control/hardware_system/hardware_system.sdk/lidar_arm_control_wrapper.hdf
INFO: [Vivado 12-3157] SDK launch initiated. Please check console for any further messages.
launch_sdk -workspace /home/cmcnally/Repos/robotic-arm-control-system-analysis/vivado/lidar_arm_control/hardware_system/hardware_system.sdk -hwspec /home/cmcnally/Repos/robotic-arm-control-system-analysis/vivado/lidar_arm_control/hardware_system/hardware_system.sdk/lidar_arm_control_wrapper.hdf
INFO: [Vivado 12-393] Launching SDK...
INFO: [Vivado 12-417] Running xsdk -workspace /home/cmcnally/Repos/robotic-arm-control-system-analysis/vivado/lidar_arm_control/hardware_system/hardware_system.sdk -hwspec /home/cmcnally/Repos/robotic-arm-control-system-analysis/vivado/lidar_arm_control/hardware_system/hardware_system.sdk/lidar_arm_control_wrapper.hdf
INFO: [Vivado 12-3157] SDK launch initiated. Please check console for any further messages.
current_project edit_robot_arm_control_v1_0
close_project
reset_run synth_1
launch_runs impl_1 -to_step write_bitstream -jobs 2
[Wed Mar  3 20:27:04 2021] Launched synth_1...
Run output will be captured here: /home/cmcnally/Repos/robotic-arm-control-system-analysis/vivado/lidar_arm_control/hardware_system/hardware_system.runs/synth_1/runme.log
[Wed Mar  3 20:27:04 2021] Launched impl_1...
Run output will be captured here: /home/cmcnally/Repos/robotic-arm-control-system-analysis/vivado/lidar_arm_control/hardware_system/hardware_system.runs/impl_1/runme.log
