#-----------------------------------------------------------
# Vivado v2018.3 (64-bit)
# SW Build 2405991 on Thu Dec  6 23:36:41 MST 2018
# IP Build 2404404 on Fri Dec  7 01:43:56 MST 2018
# Start of session at: Mon Mar  1 09:39:46 2021
# Process ID: 5868
# Current directory: /home/cmcnally/Repos/robotic-arm-control-system-analysis/vivado/lidar_arm_control
# Command line: vivado
# Log file: /home/cmcnally/Repos/robotic-arm-control-system-analysis/vivado/lidar_arm_control/vivado.log
# Journal file: /home/cmcnally/Repos/robotic-arm-control-system-analysis/vivado/lidar_arm_control/vivado.jou
#-----------------------------------------------------------
start_gui
open_project /home/cmcnally/Repos/robotic-arm-control-system-analysis/vivado/lidar_arm_control/bare_metal_system/bare_metal_system.xpr
Scanning sources...
Finished scanning sources
WARNING: [filemgmt 56-3] IPUserFilesDir: Could not find the directory '/home/cmcnally/Repos/robotic-arm-control-system-analysis/vivado/lidar_arm_control/bare_metal_system/bare_metal_system.ip_user_files'.
INFO: [IP_Flow 19-234] Refreshing IP repositories
INFO: [IP_Flow 19-1704] No user IP repositories specified
INFO: [IP_Flow 19-2313] Loaded Vivado IP repository '/tools/Xilinx/Vivado/2018.3/data/ip'.
open_project: Time (s): cpu = 00:00:15 ; elapsed = 00:00:06 . Memory (MB): peak = 6395.590 ; gain = 104.984 ; free physical = 126 ; free virtual = 4052
update_compile_order -fileset sources_1
launch_sdk -workspace /home/cmcnally/Repos/robotic-arm-control-system-analysis/vivado/lidar_arm_control/bare_metal_system/bare_metal_system.sdk -hwspec /home/cmcnally/Repos/robotic-arm-control-system-analysis/vivado/lidar_arm_control/bare_metal_system/bare_metal_system.sdk/lidar_arm_control_wrapper.hdf
INFO: [Vivado 12-393] Launching SDK...
INFO: [Vivado 12-417] Running xsdk -workspace /home/cmcnally/Repos/robotic-arm-control-system-analysis/vivado/lidar_arm_control/bare_metal_system/bare_metal_system.sdk -hwspec /home/cmcnally/Repos/robotic-arm-control-system-analysis/vivado/lidar_arm_control/bare_metal_system/bare_metal_system.sdk/lidar_arm_control_wrapper.hdf
INFO: [Vivado 12-3157] SDK launch initiated. Please check console for any further messages.
open_bd_design {/home/cmcnally/Repos/robotic-arm-control-system-analysis/vivado/lidar_arm_control/bare_metal_system/bare_metal_system.srcs/sources_1/bd/lidar_arm_control/lidar_arm_control.bd}
Adding cell -- xilinx.com:ip:processing_system7:5.5 - processing_system7_0
Adding cell -- xilinx.com:ip:axi_uartlite:2.0 - axi_uartlite_0
Adding cell -- xilinx.com:ip:axi_interconnect:2.1 - ps7_0_axi_periph
Adding cell -- xilinx.com:ip:axi_crossbar:2.1 - xbar
Adding cell -- xilinx.com:ip:axi_protocol_converter:2.1 - auto_pc
Adding cell -- xilinx.com:ip:proc_sys_reset:5.0 - rst_ps7_0_100M
Adding cell -- xilinx.com:ip:axi_timer:2.0 - axi_timer_0
Adding cell -- xilinx.com:ip:axi_timer:2.0 - axi_timer_1
Adding cell -- xilinx.com:ip:axi_timer:2.0 - axi_timer_2
Adding cell -- xilinx.com:ip:axi_timer:2.0 - axi_timer_3
Adding cell -- xilinx.com:ip:axi_gpio:2.0 - axi_gpio_0
Adding cell -- xilinx.com:ip:xlconcat:2.1 - xlconcat_0
Successfully read diagram <lidar_arm_control> from BD file </home/cmcnally/Repos/robotic-arm-control-system-analysis/vivado/lidar_arm_control/bare_metal_system/bare_metal_system.srcs/sources_1/bd/lidar_arm_control/lidar_arm_control.bd>
exit
INFO: [Common 17-206] Exiting Vivado at Mon Mar  1 13:03:12 2021...
