#-----------------------------------------------------------
# Vivado v2018.3 (64-bit)
# SW Build 2405991 on Thu Dec  6 23:36:41 MST 2018
# IP Build 2404404 on Fri Dec  7 01:43:56 MST 2018
# Start of session at: Wed Feb 10 15:58:46 2021
# Process ID: 16089
# Current directory: /home/cmcnally/Repos/robotic_arm_control_system_analysis/vivado/lidar_arm_control
# Command line: vivado
# Log file: /home/cmcnally/Repos/robotic_arm_control_system_analysis/vivado/lidar_arm_control/vivado.log
# Journal file: /home/cmcnally/Repos/robotic_arm_control_system_analysis/vivado/lidar_arm_control/vivado.jou
#-----------------------------------------------------------
start_gui
open_project /home/cmcnally/Repos/robotic_arm_control_system_analysis/vivado/lidar_arm_control/bare_metal_system/bare_metal_system.xpr
Scanning sources...
Finished scanning sources
INFO: [IP_Flow 19-234] Refreshing IP repositories
INFO: [IP_Flow 19-1704] No user IP repositories specified
INFO: [IP_Flow 19-2313] Loaded Vivado IP repository '/tools/Xilinx/Vivado/2018.3/data/ip'.
open_project: Time (s): cpu = 00:00:19 ; elapsed = 00:00:08 . Memory (MB): peak = 6422.934 ; gain = 141.387 ; free physical = 123 ; free virtual = 2402
update_compile_order -fileset sources_1
launch_sdk -workspace /home/cmcnally/Repos/robotic_arm_control_system_analysis/vivado/lidar_arm_control/bare_metal_system/bare_metal_system.sdk -hwspec /home/cmcnally/Repos/robotic_arm_control_system_analysis/vivado/lidar_arm_control/bare_metal_system/bare_metal_system.sdk/lidar_arm_control_wrapper.hdf
INFO: [Vivado 12-393] Launching SDK...
INFO: [Vivado 12-417] Running xsdk -workspace /home/cmcnally/Repos/robotic_arm_control_system_analysis/vivado/lidar_arm_control/bare_metal_system/bare_metal_system.sdk -hwspec /home/cmcnally/Repos/robotic_arm_control_system_analysis/vivado/lidar_arm_control/bare_metal_system/bare_metal_system.sdk/lidar_arm_control_wrapper.hdf
INFO: [Vivado 12-3157] SDK launch initiated. Please check console for any further messages.
open_bd_design {/home/cmcnally/Repos/robotic_arm_control_system_analysis/vivado/lidar_arm_control/bare_metal_system/bare_metal_system.srcs/sources_1/bd/lidar_arm_control/lidar_arm_control.bd}
Adding cell -- xilinx.com:ip:processing_system7:5.5 - processing_system7_0
Adding cell -- xilinx.com:ip:axi_gpio:2.0 - axi_gpio_0
Adding cell -- xilinx.com:ip:axi_interconnect:2.1 - ps7_0_axi_periph
Adding cell -- xilinx.com:ip:axi_crossbar:2.1 - xbar
Adding cell -- xilinx.com:ip:axi_protocol_converter:2.1 - auto_pc
Adding cell -- xilinx.com:ip:proc_sys_reset:5.0 - rst_ps7_0_100M
Adding cell -- xilinx.com:ip:axi_uartlite:2.0 - axi_uartlite_0
Successfully read diagram <lidar_arm_control> from BD file </home/cmcnally/Repos/robotic_arm_control_system_analysis/vivado/lidar_arm_control/bare_metal_system/bare_metal_system.srcs/sources_1/bd/lidar_arm_control/lidar_arm_control.bd>
open_bd_design: Time (s): cpu = 00:00:12 ; elapsed = 00:00:06 . Memory (MB): peak = 6732.523 ; gain = 0.000 ; free physical = 137 ; free virtual = 1966
INFO: [Ipptcl 7-1463] No Compatible Board Interface found. Board Tab not created in customize GUI
startgroup
set_property -dict [list CONFIG.C_BAUDRATE {115200}] [get_bd_cells axi_uartlite_0]
endgroup
INFO: [Ipptcl 7-1463] No Compatible Board Interface found. Board Tab not created in customize GUI
startgroup
endgroup
save_bd_design
Wrote  : </home/cmcnally/Repos/robotic_arm_control_system_analysis/vivado/lidar_arm_control/bare_metal_system/bare_metal_system.srcs/sources_1/bd/lidar_arm_control/lidar_arm_control.bd> 
Wrote  : </home/cmcnally/Repos/robotic_arm_control_system_analysis/vivado/lidar_arm_control/bare_metal_system/bare_metal_system.srcs/sources_1/bd/lidar_arm_control/ui/bd_9360b533.ui> 
reset_run synth_1
reset_run lidar_arm_control_axi_uartlite_0_0_synth_1
launch_runs impl_1 -to_step write_bitstream -jobs 2
INFO: [Common 17-365] Interrupt caught but 'launch_runs' cannot be canceled. Please wait for command to finish.
WARNING: [BD 41-702] Propagation TCL tries to overwrite USER strength parameter PCW_M_AXI_GP0_FREQMHZ(10) on '/processing_system7_0' with propagated value(100). Command ignored
Wrote  : </home/cmcnally/Repos/robotic_arm_control_system_analysis/vivado/lidar_arm_control/bare_metal_system/bare_metal_system.srcs/sources_1/bd/lidar_arm_control/lidar_arm_control.bd> 
VHDL Output written to : /home/cmcnally/Repos/robotic_arm_control_system_analysis/vivado/lidar_arm_control/bare_metal_system/bare_metal_system.srcs/sources_1/bd/lidar_arm_control/synth/lidar_arm_control.v
VHDL Output written to : /home/cmcnally/Repos/robotic_arm_control_system_analysis/vivado/lidar_arm_control/bare_metal_system/bare_metal_system.srcs/sources_1/bd/lidar_arm_control/sim/lidar_arm_control.v
VHDL Output written to : /home/cmcnally/Repos/robotic_arm_control_system_analysis/vivado/lidar_arm_control/bare_metal_system/bare_metal_system.srcs/sources_1/bd/lidar_arm_control/hdl/lidar_arm_control_wrapper.v
INFO: [BD 41-1029] Generation completed for the IP Integrator block processing_system7_0 .
INFO: [BD 41-1171] User-interrupt detected : Generation halted successfully for IPIntegrator design /home/cmcnally/Repos/robotic_arm_control_system_analysis/vivado/lidar_arm_control/bare_metal_system/bare_metal_system.srcs/sources_1/bd/lidar_arm_control/lidar_arm_control.bd
INFO: [Common 17-681] Processing pending cancel.
