#-----------------------------------------------------------
# Webtalk v2018.3 (64-bit)
# SW Build 2405991 on Thu Dec  6 23:36:41 MST 2018
# 
# Start of session at: Mon Mar  8 21:48:28 2021
# Process ID: 10783
# Current directory: /home/cmcnally/Repos/robotic-arm-control-system-analysis/vivado/us_arm_control/bare_metal_system/us_arm_control_system/us_arm_control_system.sdk/webtalk
# Command line: wbtcv -mode batch -source sdk_webtalk.tcl
# Log file: /home/cmcnally/Repos/robotic-arm-control-system-analysis/vivado/us_arm_control/bare_metal_system/us_arm_control_system/us_arm_control_system.sdk/webtalk/webtalk.log
# Journal file: /home/cmcnally/Repos/robotic-arm-control-system-analysis/vivado/us_arm_control/bare_metal_system/us_arm_control_system/us_arm_control_system.sdk/webtalk/webtalk.jou
#-----------------------------------------------------------
source sdk_webtalk.tcl
# webtalk_init -webtalk_dir /home/cmcnally/Repos/robotic-arm-control-system-analysis/vivado/us_arm_control/bare_metal_system/us_arm_control_system/us_arm_control_system.sdk/webtalk
# webtalk_register_client -client project
# webtalk_add_data -client project -key date_generated -value "2021-03-08 21:48:27" -context "software_version_and_target_device"
# webtalk_add_data -client project -key product_version -value "SDK v2018.3" -context "software_version_and_target_device"
# webtalk_add_data -client project -key build_version -value "2018.3" -context "software_version_and_target_device"
# webtalk_add_data -client project -key os_platform -value "amd64" -context "software_version_and_target_device"
# webtalk_add_data -client project -key registration_id -value "" -context "software_version_and_target_device"
# webtalk_add_data -client project -key tool_flow -value "SDK" -context "software_version_and_target_device"
# webtalk_add_data -client project -key beta -value "false" -context "software_version_and_target_device"
# webtalk_add_data -client project -key route_design -value "NA" -context "software_version_and_target_device"
# webtalk_add_data -client project -key target_family -value "NA" -context "software_version_and_target_device"
# webtalk_add_data -client project -key target_device -value "NA" -context "software_version_and_target_device"
# webtalk_add_data -client project -key target_package -value "NA" -context "software_version_and_target_device"
# webtalk_add_data -client project -key target_speed -value "NA" -context "software_version_and_target_device"
# webtalk_add_data -client project -key random_id -value "u3el07u620pbjpkdmm17156o7k" -context "software_version_and_target_device"
# webtalk_add_data -client project -key project_id -value "2018.3_33" -context "software_version_and_target_device"
# webtalk_add_data -client project -key project_iteration -value "33" -context "software_version_and_target_device"
# webtalk_add_data -client project -key os_name -value "Ubuntu" -context "user_environment"
# webtalk_add_data -client project -key os_release -value "Ubuntu 18.04.5 LTS" -context "user_environment"
# webtalk_add_data -client project -key cpu_name -value "Intel(R) Core(TM) i7-7500U CPU @ 2.70GHz" -context "user_environment"
# webtalk_add_data -client project -key cpu_speed -value "2700.132 MHz" -context "user_environment"
# webtalk_add_data -client project -key total_processors -value "1" -context "user_environment"
# webtalk_add_data -client project -key system_ram -value "8.260 GB" -context "user_environment"
# webtalk_register_client -client sdk
# webtalk_add_data -client sdk -key uid -value "1615239870000" -context "sdk\\\\bsp/1615239870000"
# webtalk_add_data -client sdk -key hwid -value "1615237873000" -context "sdk\\\\bsp/1615239870000"
# webtalk_add_data -client sdk -key os -value "standalone" -context "sdk\\\\bsp/1615239870000"
# webtalk_add_data -client sdk -key apptemplate -value "hello_world" -context "sdk\\\\bsp/1615239870000"
# webtalk_add_data -client sdk -key RecordType -value "BSPCreation" -context "sdk\\\\bsp/1615239870000"
# webtalk_add_data -client sdk -key uid -value "1615239871000" -context "sdk\\\\application/1615239871000"
# webtalk_add_data -client sdk -key hwid -value "1615237873000" -context "sdk\\\\application/1615239871000"
# webtalk_add_data -client sdk -key bspid -value "1615239870000" -context "sdk\\\\application/1615239871000"
# webtalk_add_data -client sdk -key newbsp -value "true" -context "sdk\\\\application/1615239871000"
# webtalk_add_data -client sdk -key os -value "standalone" -context "sdk\\\\application/1615239871000"
# webtalk_add_data -client sdk -key apptemplate -value "hello_world" -context "sdk\\\\application/1615239871000"
# webtalk_add_data -client sdk -key RecordType -value "APPCreation" -context "sdk\\\\application/1615239871000"
# webtalk_add_data -client sdk -key LangUsed -value "C" -context "sdk\\\\application/1615239871000"
# webtalk_add_data -client sdk -key Procused -value "ps7_cortexa9" -context "sdk\\\\application/1615239871000"
# webtalk_add_data -client sdk -key projSize -value "189.28125" -context "sdk\\\\application/1615239871000"
# webtalk_add_data -client sdk -key uid -value "NA" -context "sdk\\\\bsp/1615240107663"
# webtalk_add_data -client sdk -key RecordType -value "ToolUsage" -context "sdk\\\\bsp/1615240107663"
# webtalk_add_data -client sdk -key BootgenCount -value "0" -context "sdk\\\\bsp/1615240107663"
# webtalk_add_data -client sdk -key DebugCount -value "0" -context "sdk\\\\bsp/1615240107663"
# webtalk_add_data -client sdk -key PerfCount -value "0" -context "sdk\\\\bsp/1615240107663"
# webtalk_add_data -client sdk -key FlashCount -value "0" -context "sdk\\\\bsp/1615240107663"
# webtalk_add_data -client sdk -key CrossTriggCount -value "0" -context "sdk\\\\bsp/1615240107663"
# webtalk_add_data -client sdk -key QemuDebugCount -value "0" -context "sdk\\\\bsp/1615240107663"
# webtalk_transmit -clientid 755396701 -regid "" -xml /home/cmcnally/Repos/robotic-arm-control-system-analysis/vivado/us_arm_control/bare_metal_system/us_arm_control_system/us_arm_control_system.sdk/webtalk/usage_statistics_ext_sdk.xml -html /home/cmcnally/Repos/robotic-arm-control-system-analysis/vivado/us_arm_control/bare_metal_system/us_arm_control_system/us_arm_control_system.sdk/webtalk/usage_statistics_ext_sdk.html -wdm /home/cmcnally/Repos/robotic-arm-control-system-analysis/vivado/us_arm_control/bare_metal_system/us_arm_control_system/us_arm_control_system.sdk/webtalk/sdk_webtalk.wdm -intro "<H3>SDK Usage Report</H3><BR>"
# webtalk_terminate
INFO: [Common 17-206] Exiting Webtalk at Mon Mar  8 21:48:28 2021...
