Copyright 1986-2018 Xilinx, Inc. All Rights Reserved.
---------------------------------------------------------------------------------------------------
| Tool Version : Vivado v.2018.3 (lin64) Build 2405991 Thu Dec  6 23:36:41 MST 2018
| Date         : Mon Apr 19 12:22:58 2021
| Host         : noodle-box running 64-bit Ubuntu 18.04.5 LTS
| Command      : report_control_sets -verbose -file us_arm_control_wrapper_control_sets_placed.rpt
| Design       : us_arm_control_wrapper
| Device       : xc7z020
---------------------------------------------------------------------------------------------------

Control Set Information

Table of Contents
-----------------
1. Summary
2. Histogram
3. Flip-Flop Distribution
4. Detailed Control Set Information

1. Summary
----------

+----------------------------------------------------------+-------+
|                          Status                          | Count |
+----------------------------------------------------------+-------+
| Number of unique control sets                            |     9 |
| Unused register locations in slices containing registers |    26 |
+----------------------------------------------------------+-------+


2. Histogram
------------

+--------+--------------+
| Fanout | Control Sets |
+--------+--------------+
|      1 |            2 |
|    16+ |            7 |
+--------+--------------+


3. Flip-Flop Distribution
-------------------------

+--------------+-----------------------+------------------------+-----------------+--------------+
| Clock Enable | Synchronous Set/Reset | Asynchronous Set/Reset | Total Registers | Total Slices |
+--------------+-----------------------+------------------------+-----------------+--------------+
| No           | No                    | No                     |             390 |          143 |
| No           | No                    | Yes                    |             732 |          201 |
| No           | Yes                   | No                     |             260 |           99 |
| Yes          | No                    | No                     |               0 |            0 |
| Yes          | No                    | Yes                    |             128 |           27 |
| Yes          | Yes                   | No                     |               0 |            0 |
+--------------+-----------------------+------------------------+-----------------+--------------+


4. Detailed Control Set Information
-----------------------------------

+------------------------------------+-----------------------------------------+------------------+------------------+----------------+
|            Clock Signal            |              Enable Signal              | Set/Reset Signal | Slice Load Count | Bel Load Count |
+------------------------------------+-----------------------------------------+------------------+------------------+----------------+
|  us_sensor_0_i/trig_reg_i_2_n_4    |                                         |                  |                1 |              1 |
|  us_sensor_1_i/trig_reg_i_2__0_n_4 |                                         |                  |                1 |              1 |
|  clk_IBUF_BUFG                     | us_sensor_0_i/counter_ff[63]_i_1_n_4    | reset_IBUF       |               13 |             64 |
|  clk_IBUF_BUFG                     | us_sensor_1_i/counter_ff[63]_i_1__0_n_4 | reset_IBUF       |               14 |             64 |
|  n_2_171_BUFG                      |                                         |                  |               24 |             64 |
|  n_3_673_BUFG                      |                                         |                  |               28 |             64 |
|  n_1_746_BUFG                      |                                         |                  |               47 |            130 |
|  n_0_244_BUFG                      |                                         |                  |               42 |            130 |
|  clk_IBUF_BUFG                     |                                         | reset_IBUF       |              300 |            992 |
+------------------------------------+-----------------------------------------+------------------+------------------+----------------+


