11:16:14 INFO  : Registering command handlers for SDK TCF services
11:16:16 INFO  : Launching XSCT server: xsct -n -interactive /home/cmcnally/Repos/robotic_arm_control_system_analysis/vivado/SW_based_control/us_arm_control_system/us_arm_control_system.sdk/temp_xsdb_launch_script.tcl
11:16:19 INFO  : XSCT server has started successfully.
11:16:19 INFO  : Successfully done setting XSCT server connection channel  
11:16:19 INFO  : Successfully done setting SDK workspace  
11:16:19 INFO  : Processing command line option -hwspec /home/cmcnally/Repos/robotic_arm_control_system_analysis/vivado/SW_based_control/us_arm_control_system/us_arm_control_system.sdk/us_arm_module_wrapper.hdf.
11:17:08 INFO  : Example project hw_bsp_xgpio_low_level_example_1 has been created successfully.
11:19:21 INFO  : 'targets -set -filter {jtag_cable_name =~ "Xilinx TUL 1234-tulA" && level==0} -index 1' command is executed.
11:19:21 INFO  : 'fpga -state' command is executed.
11:19:21 INFO  : Connected to target on host '127.0.0.1' and port '3121'.
11:19:21 INFO  : Jtag cable 'Xilinx TUL 1234-tulA' is selected.
11:19:21 INFO  : 'jtag frequency' command is executed.
11:19:21 INFO  : Sourcing of '/home/cmcnally/Repos/robotic_arm_control_system_analysis/vivado/SW_based_control/us_arm_control_system/us_arm_control_system.sdk/us_arm_module_wrapper_hw_platform_0/ps7_init.tcl' is done.
11:19:21 INFO  : Context for 'APU' is selected.
11:19:21 INFO  : Hardware design information is loaded from '/home/cmcnally/Repos/robotic_arm_control_system_analysis/vivado/SW_based_control/us_arm_control_system/us_arm_control_system.sdk/us_arm_module_wrapper_hw_platform_0/system.hdf'.
11:19:21 INFO  : 'configparams force-mem-access 1' command is executed.
11:19:21 INFO  : Context for 'APU' is selected.
11:19:21 INFO  : 'stop' command is executed.
11:19:22 INFO  : 'ps7_init' command is executed.
11:19:22 INFO  : 'ps7_post_config' command is executed.
11:19:22 INFO  : Context for processor 'ps7_cortexa9_0' is selected.
11:19:22 INFO  : Processor reset is completed for 'ps7_cortexa9_0'.
11:19:22 INFO  : Context for processor 'ps7_cortexa9_0' is selected.
11:19:22 INFO  : The application '/home/cmcnally/Repos/robotic_arm_control_system_analysis/vivado/SW_based_control/us_arm_control_system/us_arm_control_system.sdk/us_arm_control_system/Debug/us_arm_control_system.elf' is downloaded to processor 'ps7_cortexa9_0'.
11:19:22 INFO  : 'configparams force-mem-access 0' command is executed.
11:19:22 INFO  : ----------------XSDB Script----------------
connect -url tcp:127.0.0.1:3121
source /home/cmcnally/Repos/robotic_arm_control_system_analysis/vivado/SW_based_control/us_arm_control_system/us_arm_control_system.sdk/us_arm_module_wrapper_hw_platform_0/ps7_init.tcl
targets -set -nocase -filter {name =~"APU*" && jtag_cable_name =~ "Xilinx TUL 1234-tulA"} -index 0
loadhw -hw /home/cmcnally/Repos/robotic_arm_control_system_analysis/vivado/SW_based_control/us_arm_control_system/us_arm_control_system.sdk/us_arm_module_wrapper_hw_platform_0/system.hdf -mem-ranges [list {0x40000000 0xbfffffff}]
configparams force-mem-access 1
targets -set -nocase -filter {name =~"APU*" && jtag_cable_name =~ "Xilinx TUL 1234-tulA"} -index 0
stop
ps7_init
ps7_post_config
targets -set -nocase -filter {name =~ "ARM*#0" && jtag_cable_name =~ "Xilinx TUL 1234-tulA"} -index 0
rst -processor
targets -set -nocase -filter {name =~ "ARM*#0" && jtag_cable_name =~ "Xilinx TUL 1234-tulA"} -index 0
dow /home/cmcnally/Repos/robotic_arm_control_system_analysis/vivado/SW_based_control/us_arm_control_system/us_arm_control_system.sdk/us_arm_control_system/Debug/us_arm_control_system.elf
configparams force-mem-access 0
----------------End of Script----------------

11:19:22 INFO  : Memory regions updated for context APU
11:19:22 INFO  : Context for processor 'ps7_cortexa9_0' is selected.
11:19:22 INFO  : 'con' command is executed.
11:19:22 INFO  : ----------------XSDB Script (After Launch)----------------
targets -set -nocase -filter {name =~ "ARM*#0" && jtag_cable_name =~ "Xilinx TUL 1234-tulA"} -index 0
con
----------------End of Script----------------

11:19:22 INFO  : Launch script is exported to file '/home/cmcnally/Repos/robotic_arm_control_system_analysis/vivado/SW_based_control/us_arm_control_system/us_arm_control_system.sdk/.sdk/launch_scripts/xilinx_c-c++_application_(system_debugger)/system_debugger_using_debug_us_arm_control_system.elf_on_local.tcl'
11:23:10 INFO  : Disconnected from the channel tcfchan#1.
11:23:11 INFO  : 'targets -set -filter {jtag_cable_name =~ "Xilinx TUL 1234-tulA" && level==0} -index 1' command is executed.
11:23:11 INFO  : 'fpga -state' command is executed.
11:23:11 INFO  : Connected to target on host '127.0.0.1' and port '3121'.
11:23:11 INFO  : Jtag cable 'Xilinx TUL 1234-tulA' is selected.
11:23:11 INFO  : 'jtag frequency' command is executed.
11:23:11 INFO  : Sourcing of '/home/cmcnally/Repos/robotic_arm_control_system_analysis/vivado/SW_based_control/us_arm_control_system/us_arm_control_system.sdk/us_arm_module_wrapper_hw_platform_0/ps7_init.tcl' is done.
11:23:11 INFO  : Context for 'APU' is selected.
11:23:12 INFO  : Hardware design information is loaded from '/home/cmcnally/Repos/robotic_arm_control_system_analysis/vivado/SW_based_control/us_arm_control_system/us_arm_control_system.sdk/us_arm_module_wrapper_hw_platform_0/system.hdf'.
11:23:13 INFO  : 'configparams force-mem-access 1' command is executed.
11:23:13 INFO  : Context for 'APU' is selected.
11:23:13 INFO  : 'stop' command is executed.
11:23:13 INFO  : 'ps7_init' command is executed.
11:23:13 INFO  : 'ps7_post_config' command is executed.
11:23:13 INFO  : Context for processor 'ps7_cortexa9_0' is selected.
11:23:13 INFO  : Processor reset is completed for 'ps7_cortexa9_0'.
11:23:13 INFO  : Context for processor 'ps7_cortexa9_0' is selected.
11:23:13 INFO  : The application '/home/cmcnally/Repos/robotic_arm_control_system_analysis/vivado/SW_based_control/us_arm_control_system/us_arm_control_system.sdk/us_arm_control_system/Debug/us_arm_control_system.elf' is downloaded to processor 'ps7_cortexa9_0'.
11:23:13 INFO  : 'configparams force-mem-access 0' command is executed.
11:23:13 INFO  : ----------------XSDB Script----------------
connect -url tcp:127.0.0.1:3121
source /home/cmcnally/Repos/robotic_arm_control_system_analysis/vivado/SW_based_control/us_arm_control_system/us_arm_control_system.sdk/us_arm_module_wrapper_hw_platform_0/ps7_init.tcl
targets -set -nocase -filter {name =~"APU*" && jtag_cable_name =~ "Xilinx TUL 1234-tulA"} -index 0
loadhw -hw /home/cmcnally/Repos/robotic_arm_control_system_analysis/vivado/SW_based_control/us_arm_control_system/us_arm_control_system.sdk/us_arm_module_wrapper_hw_platform_0/system.hdf -mem-ranges [list {0x40000000 0xbfffffff}]
configparams force-mem-access 1
targets -set -nocase -filter {name =~"APU*" && jtag_cable_name =~ "Xilinx TUL 1234-tulA"} -index 0
stop
ps7_init
ps7_post_config
targets -set -nocase -filter {name =~ "ARM*#0" && jtag_cable_name =~ "Xilinx TUL 1234-tulA"} -index 0
rst -processor
targets -set -nocase -filter {name =~ "ARM*#0" && jtag_cable_name =~ "Xilinx TUL 1234-tulA"} -index 0
dow /home/cmcnally/Repos/robotic_arm_control_system_analysis/vivado/SW_based_control/us_arm_control_system/us_arm_control_system.sdk/us_arm_control_system/Debug/us_arm_control_system.elf
configparams force-mem-access 0
----------------End of Script----------------

11:23:13 INFO  : Memory regions updated for context APU
11:23:13 INFO  : Context for processor 'ps7_cortexa9_0' is selected.
11:23:13 INFO  : 'con' command is executed.
11:23:13 INFO  : ----------------XSDB Script (After Launch)----------------
targets -set -nocase -filter {name =~ "ARM*#0" && jtag_cable_name =~ "Xilinx TUL 1234-tulA"} -index 0
con
----------------End of Script----------------

11:23:13 INFO  : Launch script is exported to file '/home/cmcnally/Repos/robotic_arm_control_system_analysis/vivado/SW_based_control/us_arm_control_system/us_arm_control_system.sdk/.sdk/launch_scripts/xilinx_c-c++_application_(system_debugger)/system_debugger_using_debug_us_arm_control_system.elf_on_local.tcl'
11:23:28 INFO  : Disconnected from the channel tcfchan#2.
11:23:29 INFO  : 'targets -set -filter {jtag_cable_name =~ "Xilinx TUL 1234-tulA" && level==0} -index 1' command is executed.
11:23:29 INFO  : 'fpga -state' command is executed.
11:23:29 INFO  : Connected to target on host '127.0.0.1' and port '3121'.
11:23:29 INFO  : Jtag cable 'Xilinx TUL 1234-tulA' is selected.
11:23:29 INFO  : 'jtag frequency' command is executed.
11:23:29 INFO  : Sourcing of '/home/cmcnally/Repos/robotic_arm_control_system_analysis/vivado/SW_based_control/us_arm_control_system/us_arm_control_system.sdk/us_arm_module_wrapper_hw_platform_0/ps7_init.tcl' is done.
11:23:29 INFO  : Context for 'APU' is selected.
11:23:30 INFO  : Hardware design information is loaded from '/home/cmcnally/Repos/robotic_arm_control_system_analysis/vivado/SW_based_control/us_arm_control_system/us_arm_control_system.sdk/us_arm_module_wrapper_hw_platform_0/system.hdf'.
11:23:30 INFO  : 'configparams force-mem-access 1' command is executed.
11:23:30 INFO  : Context for 'APU' is selected.
11:23:30 INFO  : 'stop' command is executed.
11:23:31 INFO  : 'ps7_init' command is executed.
11:23:31 INFO  : 'ps7_post_config' command is executed.
11:23:31 INFO  : Context for processor 'ps7_cortexa9_0' is selected.
11:23:31 INFO  : Processor reset is completed for 'ps7_cortexa9_0'.
11:23:31 INFO  : Context for processor 'ps7_cortexa9_0' is selected.
11:23:31 INFO  : The application '/home/cmcnally/Repos/robotic_arm_control_system_analysis/vivado/SW_based_control/us_arm_control_system/us_arm_control_system.sdk/us_arm_control_system/Debug/us_arm_control_system.elf' is downloaded to processor 'ps7_cortexa9_0'.
11:23:31 INFO  : 'configparams force-mem-access 0' command is executed.
11:23:31 INFO  : ----------------XSDB Script----------------
connect -url tcp:127.0.0.1:3121
source /home/cmcnally/Repos/robotic_arm_control_system_analysis/vivado/SW_based_control/us_arm_control_system/us_arm_control_system.sdk/us_arm_module_wrapper_hw_platform_0/ps7_init.tcl
targets -set -nocase -filter {name =~"APU*" && jtag_cable_name =~ "Xilinx TUL 1234-tulA"} -index 0
loadhw -hw /home/cmcnally/Repos/robotic_arm_control_system_analysis/vivado/SW_based_control/us_arm_control_system/us_arm_control_system.sdk/us_arm_module_wrapper_hw_platform_0/system.hdf -mem-ranges [list {0x40000000 0xbfffffff}]
configparams force-mem-access 1
targets -set -nocase -filter {name =~"APU*" && jtag_cable_name =~ "Xilinx TUL 1234-tulA"} -index 0
stop
ps7_init
ps7_post_config
targets -set -nocase -filter {name =~ "ARM*#0" && jtag_cable_name =~ "Xilinx TUL 1234-tulA"} -index 0
rst -processor
targets -set -nocase -filter {name =~ "ARM*#0" && jtag_cable_name =~ "Xilinx TUL 1234-tulA"} -index 0
dow /home/cmcnally/Repos/robotic_arm_control_system_analysis/vivado/SW_based_control/us_arm_control_system/us_arm_control_system.sdk/us_arm_control_system/Debug/us_arm_control_system.elf
configparams force-mem-access 0
----------------End of Script----------------

11:23:31 INFO  : Memory regions updated for context APU
11:23:31 INFO  : Context for processor 'ps7_cortexa9_0' is selected.
11:23:31 INFO  : 'con' command is executed.
11:23:31 INFO  : ----------------XSDB Script (After Launch)----------------
targets -set -nocase -filter {name =~ "ARM*#0" && jtag_cable_name =~ "Xilinx TUL 1234-tulA"} -index 0
con
----------------End of Script----------------

11:23:31 INFO  : Launch script is exported to file '/home/cmcnally/Repos/robotic_arm_control_system_analysis/vivado/SW_based_control/us_arm_control_system/us_arm_control_system.sdk/.sdk/launch_scripts/xilinx_c-c++_application_(system_debugger)/system_debugger_using_debug_us_arm_control_system.elf_on_local.tcl'
