00:03:36 **** Auto Build of configuration Debug for project helloworld_bsp_xgpio_example_1 ****
make pre-build main-build 
a9-linaro-pre-build-step
 
Building file: ../src/arm_motor_control.c
Invoking: ARM v7 gcc compiler
arm-none-eabi-gcc -Wall -O0 -g3 -c -fmessage-length=0 -MT"src/arm_motor_control.o" -mcpu=cortex-a9 -mfpu=vfpv3 -mfloat-abi=hard -I../../helloworld_bsp/ps7_cortexa9_0/include -MMD -MP -MF"src/arm_motor_control.d" -MT"src/arm_motor_control.o" -o "src/arm_motor_control.o" "../src/arm_motor_control.c"
In file included from ../src/arm_motor_control.c:44:0:
../../helloworld_bsp/ps7_cortexa9_0/include/xtime_l.h:87:9: note: #pragma message: For the sleep routines, Global timer is being used
 #pragma message ("For the sleep routines, Global timer is being used")
         ^~~~~~~
../src/arm_motor_control.c: In function 'main':
../src/arm_motor_control.c:146:6: warning: unused variable 'US_MASK' [-Wunused-variable]
  int US_MASK = 1;
      ^~~~~~~
../src/arm_motor_control.c: In function 'TmrCtrPwmExample':
../src/arm_motor_control.c:304:6: warning: unused variable 'NoOfCycles' [-Wunused-variable]
  u8  NoOfCycles;
      ^~~~~~~~~~
../src/arm_motor_control.c:303:6: warning: variable 'DutyCycle' set but not used [-Wunused-but-set-variable]
  u8  DutyCycle;
      ^~~~~~~~~
Finished building: ../src/arm_motor_control.c
 
Building target: helloworld_bsp_xgpio_example_1.elf
Invoking: ARM v7 gcc linker
arm-none-eabi-gcc -mcpu=cortex-a9 -mfpu=vfpv3 -mfloat-abi=hard -Wl,-build-id=none -specs=Xilinx.spec -Wl,-T -Wl,../src/lscript.ld -L../../helloworld_bsp/ps7_cortexa9_0/lib -o "helloworld_bsp_xgpio_example_1.elf"  ./src/arm_motor_control.o   -Wl,--start-group,-lxil,-lgcc,-lc,--end-group
Finished building target: helloworld_bsp_xgpio_example_1.elf
 
Invoking: ARM v7 Print Size
arm-none-eabi-size helloworld_bsp_xgpio_example_1.elf  |tee "helloworld_bsp_xgpio_example_1.elf.size"
   text	   data	    bss	    dec	    hex	filename
  83500	   3424	  23424	 110348	  1af0c	helloworld_bsp_xgpio_example_1.elf
Finished building: helloworld_bsp_xgpio_example_1.elf.size
 

00:03:36 Build Finished (took 334ms)

