17:28:30 **** Auto Build of configuration Debug for project lidar_arm_control_bsp_xuartlite_lidar_example ****
make pre-build main-build 
a9-linaro-pre-build-step
 
Building file: ../src/xuartlite_lidar_example.c
Invoking: ARM v7 gcc compiler
arm-none-eabi-gcc -Wall -O0 -g3 -c -fmessage-length=0 -MT"src/xuartlite_lidar_example.o" -mcpu=cortex-a9 -mfpu=vfpv3 -mfloat-abi=hard -I../../lidar_arm_control_bsp/ps7_cortexa9_0/include -MMD -MP -MF"src/xuartlite_lidar_example.d" -MT"src/xuartlite_lidar_example.o" -o "src/xuartlite_lidar_example.o" "../src/xuartlite_lidar_example.c"
../src/xuartlite_lidar_example.c: In function 'UartLiteIntrExample':
../src/xuartlite_lidar_example.c:235:6: warning: unused variable 'Index' [-Wunused-variable]
  u32 Index;
      ^~~~~
Finished building: ../src/xuartlite_lidar_example.c
 
Building target: lidar_arm_control_bsp_xuartlite_lidar_example.elf
Invoking: ARM v7 gcc linker
arm-none-eabi-gcc -mcpu=cortex-a9 -mfpu=vfpv3 -mfloat-abi=hard -Wl,-build-id=none -specs=Xilinx.spec -Wl,-T -Wl,../src/lscript.ld -L../../lidar_arm_control_bsp/ps7_cortexa9_0/lib -o "lidar_arm_control_bsp_xuartlite_lidar_example.elf"  ./src/xuartlite_lidar_example.o   
/tools/Xilinx/SDK/2018.3/gnu/aarch32/lin/gcc-arm-none-eabi/bin/../lib/gcc/arm-none-eabi/7.3.1/../../../../arm-none-eabi/bin/ld: warning: cannot find entry symbol _vector_table; defaulting to 0000000000100000
./src/xuartlite_lidar_example.o: In function `main':
/home/cmcnally/Repos/robotic-arm-control-system-analysis/vivado/lidar_arm_control/bare_metal_system/bare_metal_system.sdk/lidar_arm_control_bsp_xuartlite_lidar_example/Debug/../src/xuartlite_lidar_example.c:187: undefined reference to `xil_printf'
/home/cmcnally/Repos/robotic-arm-control-system-analysis/vivado/lidar_arm_control/bare_metal_system/bare_metal_system.sdk/lidar_arm_control_bsp_xuartlite_lidar_example/Debug/../src/xuartlite_lidar_example.c:191: undefined reference to `xil_printf'
./src/xuartlite_lidar_example.o: In function `UartLiteIntrExample':
/home/cmcnally/Repos/robotic-arm-control-system-analysis/vivado/lidar_arm_control/bare_metal_system/bare_metal_system.sdk/lidar_arm_control_bsp_xuartlite_lidar_example/Debug/../src/xuartlite_lidar_example.c:232: undefined reference to `xil_printf'
/home/cmcnally/Repos/robotic-arm-control-system-analysis/vivado/lidar_arm_control/bare_metal_system/bare_metal_system.sdk/lidar_arm_control_bsp_xuartlite_lidar_example/Debug/../src/xuartlite_lidar_example.c:240: undefined reference to `XUartLite_Initialize'
/home/cmcnally/Repos/robotic-arm-control-system-analysis/vivado/lidar_arm_control/bare_metal_system/bare_metal_system.sdk/lidar_arm_control_bsp_xuartlite_lidar_example/Debug/../src/xuartlite_lidar_example.c:244: undefined reference to `xil_printf'
/home/cmcnally/Repos/robotic-arm-control-system-analysis/vivado/lidar_arm_control/bare_metal_system/bare_metal_system.sdk/lidar_arm_control_bsp_xuartlite_lidar_example/Debug/../src/xuartlite_lidar_example.c:249: undefined reference to `XUartLite_SelfTest'
/home/cmcnally/Repos/robotic-arm-control-system-analysis/vivado/lidar_arm_control/bare_metal_system/bare_metal_system.sdk/lidar_arm_control_bsp_xuartlite_lidar_example/Debug/../src/xuartlite_lidar_example.c:253: undefined reference to `xil_printf'
/home/cmcnally/Repos/robotic-arm-control-system-analysis/vivado/lidar_arm_control/bare_metal_system/bare_metal_system.sdk/lidar_arm_control_bsp_xuartlite_lidar_example/Debug/../src/xuartlite_lidar_example.c:265: undefined reference to `xil_printf'
/home/cmcnally/Repos/robotic-arm-control-system-analysis/vivado/lidar_arm_control/bare_metal_system/bare_metal_system.sdk/lidar_arm_control_bsp_xuartlite_lidar_example/Debug/../src/xuartlite_lidar_example.c:273: undefined reference to `XUartLite_SetSendHandler'
/home/cmcnally/Repos/robotic-arm-control-system-analysis/vivado/lidar_arm_control/bare_metal_system/bare_metal_system.sdk/lidar_arm_control_bsp_xuartlite_lidar_example/Debug/../src/xuartlite_lidar_example.c:275: undefined reference to `XUartLite_SetRecvHandler'
/home/cmcnally/Repos/robotic-arm-control-system-analysis/vivado/lidar_arm_control/bare_metal_system/bare_metal_system.sdk/lidar_arm_control_bsp_xuartlite_lidar_example/Debug/../src/xuartlite_lidar_example.c:282: undefined reference to `XUartLite_EnableInterrupt'
makefile:39: recipe for target 'lidar_arm_control_bsp_xuartlite_lidar_example.elf' failed
/home/cmcnally/Repos/robotic-arm-control-system-analysis/vivado/lidar_arm_control/bare_metal_system/bare_metal_system.sdk/lidar_arm_control_bsp_xuartlite_lidar_example/Debug/../src/xuartlite_lidar_example.c:293: undefined reference to `XUartLite_Send'
/home/cmcnally/Repos/robotic-arm-control-system-analysis/vivado/lidar_arm_control/bare_metal_system/bare_metal_system.sdk/lidar_arm_control_bsp_xuartlite_lidar_example/Debug/../src/xuartlite_lidar_example.c:306: undefined reference to `XUartLite_Recv'
/home/cmcnally/Repos/robotic-arm-control-system-analysis/vivado/lidar_arm_control/bare_metal_system/bare_metal_system.sdk/lidar_arm_control_bsp_xuartlite_lidar_example/Debug/../src/xuartlite_lidar_example.c:367: undefined reference to `xil_printf'
./src/xuartlite_lidar_example.o: In function `UartLiteSendHandler':
/home/cmcnally/Repos/robotic-arm-control-system-analysis/vivado/lidar_arm_control/bare_metal_system/bare_metal_system.sdk/lidar_arm_control_bsp_xuartlite_lidar_example/Debug/../src/xuartlite_lidar_example.c:404: undefined reference to `xil_printf'
./src/xuartlite_lidar_example.o: In function `UartLiteSetupIntrSystem':
/home/cmcnally/Repos/robotic-arm-control-system-analysis/vivado/lidar_arm_control/bare_metal_system/bare_metal_system.sdk/lidar_arm_control_bsp_xuartlite_lidar_example/Debug/../src/xuartlite_lidar_example.c:516: undefined reference to `XScuGic_LookupConfig'
/home/cmcnally/Repos/robotic-arm-control-system-analysis/vivado/lidar_arm_control/bare_metal_system/bare_metal_system.sdk/lidar_arm_control_bsp_xuartlite_lidar_example/Debug/../src/xuartlite_lidar_example.c:521: undefined reference to `XScuGic_CfgInitialize'
/home/cmcnally/Repos/robotic-arm-control-system-analysis/vivado/lidar_arm_control/bare_metal_system/bare_metal_system.sdk/lidar_arm_control_bsp_xuartlite_lidar_example/Debug/../src/xuartlite_lidar_example.c:528: undefined reference to `XScuGic_SetPriorityTriggerType'
/home/cmcnally/Repos/robotic-arm-control-system-analysis/vivado/lidar_arm_control/bare_metal_system/bare_metal_system.sdk/lidar_arm_control_bsp_xuartlite_lidar_example/Debug/../src/xuartlite_lidar_example.c:535: undefined reference to `XUartLite_InterruptHandler'
/home/cmcnally/Repos/robotic-arm-control-system-analysis/vivado/lidar_arm_control/bare_metal_system/bare_metal_system.sdk/lidar_arm_control_bsp_xuartlite_lidar_example/Debug/../src/xuartlite_lidar_example.c:535: undefined reference to `XUartLite_InterruptHandler'
/home/cmcnally/Repos/robotic-arm-control-system-analysis/vivado/lidar_arm_control/bare_metal_system/bare_metal_system.sdk/lidar_arm_control_bsp_xuartlite_lidar_example/Debug/../src/xuartlite_lidar_example.c:535: undefined reference to `XScuGic_Connect'
/home/cmcnally/Repos/robotic-arm-control-system-analysis/vivado/lidar_arm_control/bare_metal_system/bare_metal_system.sdk/lidar_arm_control_bsp_xuartlite_lidar_example/Debug/../src/xuartlite_lidar_example.c:545: undefined reference to `XScuGic_Enable'
/home/cmcnally/Repos/robotic-arm-control-system-analysis/vivado/lidar_arm_control/bare_metal_system/bare_metal_system.sdk/lidar_arm_control_bsp_xuartlite_lidar_example/Debug/../src/xuartlite_lidar_example.c:555: undefined reference to `Xil_ExceptionInit'
/home/cmcnally/Repos/robotic-arm-control-system-analysis/vivado/lidar_arm_control/bare_metal_system/bare_metal_system.sdk/lidar_arm_control_bsp_xuartlite_lidar_example/Debug/../src/xuartlite_lidar_example.c:560: undefined reference to `XScuGic_InterruptHandler'
/home/cmcnally/Repos/robotic-arm-control-system-analysis/vivado/lidar_arm_control/bare_metal_system/bare_metal_system.sdk/lidar_arm_control_bsp_xuartlite_lidar_example/Debug/../src/xuartlite_lidar_example.c:560: undefined reference to `XScuGic_InterruptHandler'
/home/cmcnally/Repos/robotic-arm-control-system-analysis/vivado/lidar_arm_control/bare_metal_system/bare_metal_system.sdk/lidar_arm_control_bsp_xuartlite_lidar_example/Debug/../src/xuartlite_lidar_example.c:560: undefined reference to `Xil_ExceptionRegisterHandler'
./src/xuartlite_lidar_example.o: In function `UartLiteDisableIntrSystem':
/home/cmcnally/Repos/robotic-arm-control-system-analysis/vivado/lidar_arm_control/bare_metal_system/bare_metal_system.sdk/lidar_arm_control_bsp_xuartlite_lidar_example/Debug/../src/xuartlite_lidar_example.c:599: undefined reference to `XScuGic_Disable'
/home/cmcnally/Repos/robotic-arm-control-system-analysis/vivado/lidar_arm_control/bare_metal_system/bare_metal_system.sdk/lidar_arm_control_bsp_xuartlite_lidar_example/Debug/../src/xuartlite_lidar_example.c:600: undefined reference to `XScuGic_Disconnect'
collect2: error: ld returned 1 exit status
make: *** [lidar_arm_control_bsp_xuartlite_lidar_example.elf] Error 1

17:28:30 Build Finished (took 178ms)

