23:29:17 **** Auto Build of configuration Debug for project ultrasonic_driver_bsp_xgpio_example_1 ****
make pre-build main-build 
a9-linaro-pre-build-step
 
Building file: ../src/ultrasonic_sensor_driver.c
Invoking: ARM v7 gcc compiler
arm-none-eabi-gcc -Wall -O0 -g3 -c -fmessage-length=0 -MT"src/ultrasonic_sensor_driver.o" -mcpu=cortex-a9 -mfpu=vfpv3 -mfloat-abi=hard -I../../ultrasonic_driver_bsp/ps7_cortexa9_0/include -MMD -MP -MF"src/ultrasonic_sensor_driver.d" -MT"src/ultrasonic_sensor_driver.o" -o "src/ultrasonic_sensor_driver.o" "../src/ultrasonic_sensor_driver.c"
In file included from ../src/ultrasonic_sensor_driver.c:44:0:
../../ultrasonic_driver_bsp/ps7_cortexa9_0/include/xtime_l.h:87:9: note: #pragma message: For the sleep routines, Global timer is being used
 #pragma message ("For the sleep routines, Global timer is being used")
         ^~~~~~~
Finished building: ../src/ultrasonic_sensor_driver.c
 
Building target: ultrasonic_driver_bsp_xgpio_example_1.elf
Invoking: ARM v7 gcc linker
arm-none-eabi-gcc -mcpu=cortex-a9 -mfpu=vfpv3 -mfloat-abi=hard -Wl,-build-id=none -specs=Xilinx.spec -Wl,-T -Wl,../src/lscript.ld -L../../ultrasonic_driver_bsp/ps7_cortexa9_0/lib -o "ultrasonic_driver_bsp_xgpio_example_1.elf"  ./src/ultrasonic_sensor_driver.o   -Wl,--start-group,-lxil,-lgcc,-lc,--end-group
Finished building target: ultrasonic_driver_bsp_xgpio_example_1.elf
 
Invoking: ARM v7 Print Size
arm-none-eabi-size ultrasonic_driver_bsp_xgpio_example_1.elf  |tee "ultrasonic_driver_bsp_xgpio_example_1.elf.size"
   text	   data	    bss	    dec	    hex	filename
  75636	   2600	  23360	 101596	  18cdc	ultrasonic_driver_bsp_xgpio_example_1.elf
Finished building: ultrasonic_driver_bsp_xgpio_example_1.elf.size
 

23:29:17 Build Finished (took 169ms)

