#-----------------------------------------------------------
# Vivado v2018.3 (64-bit)
# SW Build 2405991 on Thu Dec  6 23:36:41 MST 2018
# IP Build 2404404 on Fri Dec  7 01:43:56 MST 2018
# Start of session at: Thu Feb  4 11:40:45 2021
# Process ID: 21997
# Current directory: /home/cmcnally/Repos/robotic_arm_control_system_analysis/vivado/hardware_system
# Command line: vivado
# Log file: /home/cmcnally/Repos/robotic_arm_control_system_analysis/vivado/hardware_system/vivado.log
# Journal file: /home/cmcnally/Repos/robotic_arm_control_system_analysis/vivado/hardware_system/vivado.jou
#-----------------------------------------------------------
start_gui
open_project /home/cmcnally/Repos/robotic_arm_control_system_analysis/vivado/hardware_system/arm_control/arm_control.xpr
Scanning sources...
Finished scanning sources
INFO: [IP_Flow 19-234] Refreshing IP repositories
INFO: [IP_Flow 19-1704] No user IP repositories specified
INFO: [IP_Flow 19-2313] Loaded Vivado IP repository '/tools/Xilinx/Vivado/2018.3/data/ip'.
update_compile_order -fileset sources_1
reset_run synth_1
launch_runs impl_1 -to_step write_bitstream -jobs 2
[Thu Feb  4 11:46:17 2021] Launched synth_1...
Run output will be captured here: /home/cmcnally/Repos/robotic_arm_control_system_analysis/vivado/hardware_system/arm_control/arm_control.runs/synth_1/runme.log
[Thu Feb  4 11:46:17 2021] Launched impl_1...
Run output will be captured here: /home/cmcnally/Repos/robotic_arm_control_system_analysis/vivado/hardware_system/arm_control/arm_control.runs/impl_1/runme.log
open_hw
connect_hw_server
INFO: [Labtools 27-2285] Connecting to hw_server url TCP:localhost:3121
INFO: [Labtools 27-2222] Launching hw_server...
INFO: [Labtools 27-2221] Launch Output:

****** Xilinx hw_server v2018.3
  **** Build date : Dec  6 2018-23:53:53
    ** Copyright 1986-2018 Xilinx, Inc. All Rights Reserved.


open_hw_target
INFO: [Labtoolstcl 44-466] Opening hw_target localhost:3121/xilinx_tcf/Xilinx/1234-tulA
set_property PROGRAM.FILE {/home/cmcnally/Repos/robotic_arm_control_system_analysis/vivado/hardware_system/arm_control/arm_control.runs/impl_1/us_arm_control_wrapper.bit} [get_hw_devices xc7z020_1]
current_hw_device [get_hw_devices xc7z020_1]
refresh_hw_device -update_hw_probes false [lindex [get_hw_devices xc7z020_1] 0]
INFO: [Labtools 27-1435] Device xc7z020 (JTAG device index = 1) is not programmed (DONE status = 0).
set_property PROBES.FILE {} [get_hw_devices xc7z020_1]
set_property FULL_PROBES.FILE {} [get_hw_devices xc7z020_1]
set_property PROGRAM.FILE {/home/cmcnally/Repos/robotic_arm_control_system_analysis/vivado/hardware_system/arm_control/arm_control.runs/impl_1/us_arm_control_wrapper.bit} [get_hw_devices xc7z020_1]
program_hw_devices [get_hw_devices xc7z020_1]
INFO: [Labtools 27-3164] End of startup status: HIGH
refresh_hw_device [lindex [get_hw_devices xc7z020_1] 0]
INFO: [Labtools 27-1434] Device xc7z020 (JTAG device index = 1) is programmed with a design that has no supported debug core(s) in it.
close_hw
close [ open /home/cmcnally/Repos/robotic_arm_control_system_analysis/vivado/hardware_system/arm_control/arm_control.srcs/sources_1/new/rotate_arm.v w ]
add_files /home/cmcnally/Repos/robotic_arm_control_system_analysis/vivado/hardware_system/arm_control/arm_control.srcs/sources_1/new/rotate_arm.v
update_compile_order -fileset sources_1
reset_run synth_1
launch_runs impl_1 -to_step write_bitstream -jobs 2
[Thu Feb  4 12:02:06 2021] Launched synth_1...
Run output will be captured here: /home/cmcnally/Repos/robotic_arm_control_system_analysis/vivado/hardware_system/arm_control/arm_control.runs/synth_1/runme.log
[Thu Feb  4 12:02:06 2021] Launched impl_1...
Run output will be captured here: /home/cmcnally/Repos/robotic_arm_control_system_analysis/vivado/hardware_system/arm_control/arm_control.runs/impl_1/runme.log
reset_run impl_1
reset_run synth_1
launch_runs impl_1 -to_step write_bitstream -jobs 2
[Thu Feb  4 12:03:17 2021] Launched synth_1...
Run output will be captured here: /home/cmcnally/Repos/robotic_arm_control_system_analysis/vivado/hardware_system/arm_control/arm_control.runs/synth_1/runme.log
[Thu Feb  4 12:03:18 2021] Launched impl_1...
Run output will be captured here: /home/cmcnally/Repos/robotic_arm_control_system_analysis/vivado/hardware_system/arm_control/arm_control.runs/impl_1/runme.log
open_hw
connect_hw_server
INFO: [Labtools 27-2285] Connecting to hw_server url TCP:localhost:3121
INFO: [Labtools 27-2222] Launching hw_server...
INFO: [Labtools 27-2221] Launch Output:

****** Xilinx hw_server v2018.3
  **** Build date : Dec  6 2018-23:53:53
    ** Copyright 1986-2018 Xilinx, Inc. All Rights Reserved.


open_hw_target
INFO: [Labtoolstcl 44-466] Opening hw_target localhost:3121/xilinx_tcf/Xilinx/1234-tulA
set_property PROGRAM.FILE {/home/cmcnally/Repos/robotic_arm_control_system_analysis/vivado/hardware_system/arm_control/arm_control.runs/impl_1/us_arm_control_wrapper.bit} [get_hw_devices xc7z020_1]
current_hw_device [get_hw_devices xc7z020_1]
refresh_hw_device -update_hw_probes false [lindex [get_hw_devices xc7z020_1] 0]
INFO: [Labtools 27-1434] Device xc7z020 (JTAG device index = 1) is programmed with a design that has no supported debug core(s) in it.
set_property PROBES.FILE {} [get_hw_devices xc7z020_1]
set_property FULL_PROBES.FILE {} [get_hw_devices xc7z020_1]
set_property PROGRAM.FILE {/home/cmcnally/Repos/robotic_arm_control_system_analysis/vivado/hardware_system/arm_control/arm_control.runs/impl_1/us_arm_control_wrapper.bit} [get_hw_devices xc7z020_1]
program_hw_devices [get_hw_devices xc7z020_1]
INFO: [Labtools 27-3164] End of startup status: HIGH
refresh_hw_device [lindex [get_hw_devices xc7z020_1] 0]
INFO: [Labtools 27-1434] Device xc7z020 (JTAG device index = 1) is programmed with a design that has no supported debug core(s) in it.
reset_run synth_1
launch_runs impl_1 -to_step write_bitstream -jobs 2
[Thu Feb  4 12:10:36 2021] Launched synth_1...
Run output will be captured here: /home/cmcnally/Repos/robotic_arm_control_system_analysis/vivado/hardware_system/arm_control/arm_control.runs/synth_1/runme.log
[Thu Feb  4 12:10:36 2021] Launched impl_1...
Run output will be captured here: /home/cmcnally/Repos/robotic_arm_control_system_analysis/vivado/hardware_system/arm_control/arm_control.runs/impl_1/runme.log
set_property PROBES.FILE {} [get_hw_devices xc7z020_1]
set_property FULL_PROBES.FILE {} [get_hw_devices xc7z020_1]
set_property PROGRAM.FILE {/home/cmcnally/Repos/robotic_arm_control_system_analysis/vivado/hardware_system/arm_control/arm_control.runs/impl_1/us_arm_control_wrapper.bit} [get_hw_devices xc7z020_1]
program_hw_devices [get_hw_devices xc7z020_1]
INFO: [Labtools 27-3164] End of startup status: HIGH
refresh_hw_device [lindex [get_hw_devices xc7z020_1] 0]
INFO: [Labtools 27-1434] Device xc7z020 (JTAG device index = 1) is programmed with a design that has no supported debug core(s) in it.
ERROR: [Labtoolstcl 44-513] HW Target shutdown. Closing target: localhost:3121/xilinx_tcf/Xilinx/1234-tulA
reset_run synth_1
INFO: [Labtoolstcl 44-466] Opening hw_target localhost:3121/xilinx_tcf/Xilinx/1234-tulA
WARNING: [Labtoolstcl 44-129] No matching hw_ila_data was found.
INFO: [Labtools 27-1435] Device xc7z020 (JTAG device index = 1) is not programmed (DONE status = 0).
WARNING: [Labtoolstcl 44-129] No matching hw_ila_data was found.
launch_runs impl_1 -to_step write_bitstream -jobs 2
[Thu Feb  4 15:11:13 2021] Launched synth_1...
Run output will be captured here: /home/cmcnally/Repos/robotic_arm_control_system_analysis/vivado/hardware_system/arm_control/arm_control.runs/synth_1/runme.log
[Thu Feb  4 15:11:13 2021] Launched impl_1...
Run output will be captured here: /home/cmcnally/Repos/robotic_arm_control_system_analysis/vivado/hardware_system/arm_control/arm_control.runs/impl_1/runme.log
reset_run synth_1
launch_runs impl_1 -to_step write_bitstream -jobs 2
[Thu Feb  4 15:11:50 2021] Launched synth_1...
Run output will be captured here: /home/cmcnally/Repos/robotic_arm_control_system_analysis/vivado/hardware_system/arm_control/arm_control.runs/synth_1/runme.log
[Thu Feb  4 15:11:50 2021] Launched impl_1...
Run output will be captured here: /home/cmcnally/Repos/robotic_arm_control_system_analysis/vivado/hardware_system/arm_control/arm_control.runs/impl_1/runme.log
open_run impl_1
INFO: [Netlist 29-17] Analyzing 115 Unisim elements for replacement
INFO: [Netlist 29-28] Unisim Transformation completed in 0 CPU seconds
INFO: [Project 1-479] Netlist was created with Vivado 2018.3
INFO: [Device 21-403] Loading part xc7z020clg400-1
INFO: [Project 1-570] Preparing netlist for logic optimization
INFO: [Timing 38-478] Restoring timing data from binary archive.
INFO: [Timing 38-479] Binary timing data restore complete.
INFO: [Project 1-856] Restoring constraints from binary archive.
INFO: [Project 1-853] Binary constraint restore complete.
Reading XDEF placement.
Reading placer database...
Reading XDEF routing.
Read XDEF File: Time (s): cpu = 00:00:00.06 ; elapsed = 00:00:00.06 . Memory (MB): peak = 8824.434 ; gain = 0.000 ; free physical = 755 ; free virtual = 2165
Restored from archive | CPU: 0.060000 secs | Memory: 0.955795 MB |
Finished XDEF File Restore: Time (s): cpu = 00:00:00.06 ; elapsed = 00:00:00.06 . Memory (MB): peak = 8824.434 ; gain = 0.000 ; free physical = 755 ; free virtual = 2165
Netlist sorting complete. Time (s): cpu = 00:00:00 ; elapsed = 00:00:00 . Memory (MB): peak = 8824.434 ; gain = 0.000 ; free physical = 755 ; free virtual = 2165
INFO: [Project 1-111] Unisim Transformation Summary:
No Unisim elements were transformed.

open_run: Time (s): cpu = 00:00:18 ; elapsed = 00:00:13 . Memory (MB): peak = 8990.133 ; gain = 917.441 ; free physical = 643 ; free virtual = 2085
close_design
set_property PROBES.FILE {} [get_hw_devices xc7z020_1]
set_property FULL_PROBES.FILE {} [get_hw_devices xc7z020_1]
set_property PROGRAM.FILE {/home/cmcnally/Repos/robotic_arm_control_system_analysis/vivado/hardware_system/arm_control/arm_control.runs/impl_1/us_arm_control_wrapper.bit} [get_hw_devices xc7z020_1]
program_hw_devices [get_hw_devices xc7z020_1]
INFO: [Labtools 27-3164] End of startup status: HIGH
refresh_hw_device [lindex [get_hw_devices xc7z020_1] 0]
INFO: [Labtools 27-1434] Device xc7z020 (JTAG device index = 1) is programmed with a design that has no supported debug core(s) in it.
reset_run synth_1
launch_runs impl_1 -to_step write_bitstream -jobs 2
[Thu Feb  4 15:15:10 2021] Launched synth_1...
Run output will be captured here: /home/cmcnally/Repos/robotic_arm_control_system_analysis/vivado/hardware_system/arm_control/arm_control.runs/synth_1/runme.log
[Thu Feb  4 15:15:10 2021] Launched impl_1...
Run output will be captured here: /home/cmcnally/Repos/robotic_arm_control_system_analysis/vivado/hardware_system/arm_control/arm_control.runs/impl_1/runme.log
