Copyright 1986-2018 Xilinx, Inc. All Rights Reserved.
------------------------------------------------------------------------------------------------------------------------------------------------------------
| Tool Version : Vivado v.2018.3 (lin64) Build 2405991 Thu Dec  6 23:36:41 MST 2018
| Date         : Tue Feb  2 23:02:18 2021
| Host         : noodle-box running 64-bit Ubuntu 18.04.5 LTS
| Command      : report_drc -file us_arm_control_wrapper_drc_routed.rpt -pb us_arm_control_wrapper_drc_routed.pb -rpx us_arm_control_wrapper_drc_routed.rpx
| Design       : us_arm_control_wrapper
| Device       : xc7z020clg400-1
| Speed File   : -1
| Design State : Fully Routed
------------------------------------------------------------------------------------------------------------------------------------------------------------

Report DRC

Table of Contents
-----------------
1. REPORT SUMMARY
2. REPORT DETAILS

1. REPORT SUMMARY
-----------------
            Netlist: netlist
          Floorplan: design_1
      Design limits: <entire design considered>
           Ruledeck: default
             Max violations: <unlimited>
             Violations found: 2
+----------+----------+--------------------+------------+
| Rule     | Severity | Description        | Violations |
+----------+----------+--------------------+------------+
| PDRC-153 | Warning  | Gated clock check  | 1          |
| ZPS7-1   | Warning  | PS7 block required | 1          |
+----------+----------+--------------------+------------+

2. REPORT DETAILS
-----------------
PDRC-153#1 Warning
Gated clock check  
Net us_sensor_i/trig_reg_i_2_n_0 is a gated clock net sourced by a combinational pin us_sensor_i/trig_reg_i_2/O, cell us_sensor_i/trig_reg_i_2. This is not good design practice and will likely impact performance. For SLICE registers, for example, use the CE pin to control the loading of data.
Related violations: <none>

ZPS7-1#1 Warning
PS7 block required  
The PS7 cell must be used in this Zynq design in order to enable correct default configuration.
Related violations: <none>


