Copyright 1986-2018 Xilinx, Inc. All Rights Reserved.
------------------------------------------------------------------------------------------------------
| Tool Version : Vivado v.2018.3 (lin64) Build 2405991 Thu Dec  6 23:36:41 MST 2018
| Date         : Mon Apr 12 18:21:58 2021
| Host         : noodle-box running 64-bit Ubuntu 18.04.5 LTS
| Command      : report_control_sets -verbose -file lidar_arm_control_wrapper_control_sets_placed.rpt
| Design       : lidar_arm_control_wrapper
| Device       : xc7z020
------------------------------------------------------------------------------------------------------

Control Set Information

Table of Contents
-----------------
1. Summary
2. Histogram
3. Flip-Flop Distribution
4. Detailed Control Set Information

1. Summary
----------

+----------------------------------------------------------+-------+
|                          Status                          | Count |
+----------------------------------------------------------+-------+
| Number of unique control sets                            |    74 |
| Unused register locations in slices containing registers |   161 |
+----------------------------------------------------------+-------+


2. Histogram
------------

+--------+--------------+
| Fanout | Control Sets |
+--------+--------------+
|      1 |            1 |
|      2 |            1 |
|      4 |            8 |
|      5 |            3 |
|      6 |            5 |
|      7 |            2 |
|      8 |           19 |
|      9 |            1 |
|     10 |            2 |
|     11 |            1 |
|     12 |            5 |
|     13 |            2 |
|     14 |            2 |
|     15 |            1 |
|    16+ |           21 |
+--------+--------------+


3. Flip-Flop Distribution
-------------------------

+--------------+-----------------------+------------------------+-----------------+--------------+
| Clock Enable | Synchronous Set/Reset | Asynchronous Set/Reset | Total Registers | Total Slices |
+--------------+-----------------------+------------------------+-----------------+--------------+
| No           | No                    | No                     |            1613 |          339 |
| No           | No                    | Yes                    |               0 |            0 |
| No           | Yes                   | No                     |             154 |           59 |
| Yes          | No                    | No                     |             508 |          117 |
| Yes          | No                    | Yes                    |               0 |            0 |
| Yes          | Yes                   | No                     |             284 |           68 |
+--------------+-----------------------+------------------------+-----------------+--------------+


4. Detailed Control Set Information
-----------------------------------

+----------------------------------------------------------+-------------------------------------------------------------------------------------------------------------------------------------------------------------------------+----------------------------------------------------------------------------------------------------------------------------------------------------------------+------------------+----------------+
|                       Clock Signal                       |                                                                              Enable Signal                                                                              |                                                                        Set/Reset Signal                                                                        | Slice Load Count | Bel Load Count |
+----------------------------------------------------------+-------------------------------------------------------------------------------------------------------------------------------------------------------------------------+----------------------------------------------------------------------------------------------------------------------------------------------------------------+------------------+----------------+
|  lidar_arm_control_i/processing_system7_0/inst/FCLK_CLK0 | lidar_arm_control_i/ps7_0_axi_periph/s00_couplers/auto_pc/inst/gen_axilite.gen_b2s_conv.axilite_b2s/WR.aw_channel_0/aw_cmd_fsm_0/m_axi_awready_1                        | lidar_arm_control_i/ps7_0_axi_periph/s00_couplers/auto_pc/inst/gen_axilite.gen_b2s_conv.axilite_b2s/WR.aw_channel_0/aw_cmd_fsm_0/m_axi_awready_0               |                1 |              1 |
|  lidar_arm_control_i/processing_system7_0/inst/FCLK_CLK0 | lidar_arm_control_i/ps7_0_axi_periph/s00_couplers/auto_pc/inst/gen_axilite.gen_b2s_conv.axilite_b2s/WR.b_channel_0/bid_fifo_0/sel                                       |                                                                                                                                                                |                1 |              2 |
|  lidar_arm_control_i/processing_system7_0/inst/FCLK_CLK0 | lidar_arm_control_i/axi_uartlite_0/U0/AXI_LITE_IPIF_I/I_SLAVE_ATTACHMENT/start2                                                                                         | lidar_arm_control_i/axi_uartlite_0/U0/AXI_LITE_IPIF_I/I_SLAVE_ATTACHMENT/I_DECODER/cs_ce_clr                                                                   |                1 |              4 |
|  lidar_arm_control_i/processing_system7_0/inst/FCLK_CLK0 | lidar_arm_control_i/axi_gpio_0/U0/AXI_LITE_IPIF_I/I_SLAVE_ATTACHMENT/bus2ip_addr_i[8]_i_1_n_0                                                                           | lidar_arm_control_i/axi_gpio_0/U0/AXI_LITE_IPIF_I/I_SLAVE_ATTACHMENT/SR[0]                                                                                     |                2 |              4 |
|  lidar_arm_control_i/processing_system7_0/inst/FCLK_CLK0 | lidar_arm_control_i/axi_gpio_0/U0/AXI_LITE_IPIF_I/I_SLAVE_ATTACHMENT/start2                                                                                             | lidar_arm_control_i/axi_gpio_0/U0/AXI_LITE_IPIF_I/I_SLAVE_ATTACHMENT/I_DECODER/cs_ce_clr                                                                       |                1 |              4 |
|  lidar_arm_control_i/processing_system7_0/inst/FCLK_CLK0 |                                                                                                                                                                         | lidar_arm_control_i/ps7_0_axi_periph/s00_couplers/auto_pc/inst/gen_axilite.gen_b2s_conv.axilite_b2s/SI_REG/aw.aw_pipe/aresetn_d_reg[0]_0                       |                2 |              4 |
|  lidar_arm_control_i/processing_system7_0/inst/FCLK_CLK0 |                                                                                                                                                                         | lidar_arm_control_i/ps7_0_axi_periph/s00_couplers/auto_pc/inst/gen_axilite.gen_b2s_conv.axilite_b2s/SI_REG/ar.ar_pipe/aresetn_d_reg[1]_inv_0                   |                2 |              4 |
|  lidar_arm_control_i/processing_system7_0/inst/FCLK_CLK0 |                                                                                                                                                                         | lidar_arm_control_i/rst_ps7_0_100M/U0/EXT_LPF/lpf_int                                                                                                          |                2 |              4 |
|  lidar_arm_control_i/processing_system7_0/inst/FCLK_CLK0 | lidar_arm_control_i/axi_uartlite_0/U0/UARTLITE_CORE_I/BAUD_RATE_I/p_2_out[0]                                                                                            |                                                                                                                                                                |                2 |              4 |
|  lidar_arm_control_i/processing_system7_0/inst/FCLK_CLK0 |                                                                                                                                                                         | lidar_arm_control_i/axi_gpio_0/U0/AXI_LITE_IPIF_I/I_SLAVE_ATTACHMENT/clear                                                                                     |                1 |              4 |
|  lidar_arm_control_i/processing_system7_0/inst/FCLK_CLK0 | lidar_arm_control_i/ps7_0_axi_periph/s00_couplers/auto_pc/inst/gen_axilite.gen_b2s_conv.axilite_b2s/RD.ar_channel_0/ar_cmd_fsm_0/m_valid_i_reg                          | lidar_arm_control_i/ps7_0_axi_periph/s00_couplers/auto_pc/inst/gen_axilite.gen_b2s_conv.axilite_b2s/RD.ar_channel_0/ar_cmd_fsm_0/FSM_sequential_state_reg[0]_0 |                2 |              5 |
|  lidar_arm_control_i/processing_system7_0/inst/FCLK_CLK0 | lidar_arm_control_i/ps7_0_axi_periph/s00_couplers/auto_pc/inst/gen_axilite.gen_b2s_conv.axilite_b2s/RD.r_channel_0/rd_data_fifo_0/cnt_read[4]_i_1_n_0                   | lidar_arm_control_i/ps7_0_axi_periph/s00_couplers/auto_pc/inst/gen_axilite.gen_b2s_conv.axilite_b2s/areset_d1                                                  |                2 |              5 |
|  lidar_arm_control_i/processing_system7_0/inst/FCLK_CLK0 | lidar_arm_control_i/ps7_0_axi_periph/s00_couplers/auto_pc/inst/gen_axilite.gen_b2s_conv.axilite_b2s/RD.r_channel_0/rd_data_fifo_0/E[0]                                  | lidar_arm_control_i/ps7_0_axi_periph/s00_couplers/auto_pc/inst/gen_axilite.gen_b2s_conv.axilite_b2s/areset_d1                                                  |                2 |              5 |
|  lidar_arm_control_i/processing_system7_0/inst/FCLK_CLK0 | lidar_arm_control_i/rst_ps7_0_100M/U0/SEQ/seq_cnt_en                                                                                                                    | lidar_arm_control_i/rst_ps7_0_100M/U0/SEQ/SEQ_COUNTER/clear                                                                                                    |                2 |              6 |
|  lidar_arm_control_i/processing_system7_0/inst/FCLK_CLK0 |                                                                                                                                                                         | lidar_arm_control_i/axi_uartlite_0/U0/UARTLITE_CORE_I/UARTLITE_RX_I/SRL_FIFO_I/I_SRL_FIFO_RBU_F/CNTR_INCR_DECR_ADDN_F_I/SS[0]                                  |                2 |              6 |
|  lidar_arm_control_i/processing_system7_0/inst/FCLK_CLK0 |                                                                                                                                                                         | lidar_arm_control_i/axi_uartlite_0/U0/UARTLITE_CORE_I/UARTLITE_TX_I/SRL_FIFO_I/I_SRL_FIFO_RBU_F/CNTR_INCR_DECR_ADDN_F_I/SS[0]                                  |                2 |              6 |
|  lidar_arm_control_i/processing_system7_0/inst/FCLK_CLK0 | lidar_arm_control_i/axi_gpio_0/U0/AXI_LITE_IPIF_I/I_SLAVE_ATTACHMENT/I_DECODER/E[0]                                                                                     | lidar_arm_control_i/axi_gpio_0/U0/AXI_LITE_IPIF_I/I_SLAVE_ATTACHMENT/SR[0]                                                                                     |                2 |              6 |
|  lidar_arm_control_i/processing_system7_0/inst/FCLK_CLK0 | lidar_arm_control_i/axi_gpio_0/U0/AXI_LITE_IPIF_I/I_SLAVE_ATTACHMENT/I_DECODER/bus2ip_rnw_i_reg[0]                                                                      | lidar_arm_control_i/axi_gpio_0/U0/AXI_LITE_IPIF_I/I_SLAVE_ATTACHMENT/SR[0]                                                                                     |                2 |              6 |
|  lidar_arm_control_i/processing_system7_0/inst/FCLK_CLK0 | lidar_arm_control_i/axi_gpio_0/U0/AXI_LITE_IPIF_I/I_SLAVE_ATTACHMENT/s_axi_rresp_i                                                                                      | lidar_arm_control_i/axi_gpio_0/U0/AXI_LITE_IPIF_I/I_SLAVE_ATTACHMENT/SR[0]                                                                                     |                1 |              7 |
|  lidar_arm_control_i/processing_system7_0/inst/FCLK_CLK0 | lidar_arm_control_i/axi_uartlite_0/U0/UARTLITE_CORE_I/BAUD_RATE_I/p_2_out[0]                                                                                            | lidar_arm_control_i/axi_uartlite_0/U0/UARTLITE_CORE_I/UARTLITE_RX_I/SERIAL_TO_PARALLEL[8].fifo_din[8]_i_1_n_0                                                  |                2 |              7 |
|  lidar_arm_control_i/processing_system7_0/inst/FCLK_CLK0 | lidar_arm_control_i/robot_arm_control_0/inst/robot_arm_control_v1_0_S00_AXI_inst/slv_reg1[7]_i_1_n_0                                                                    | lidar_arm_control_i/robot_arm_control_0/inst/robot_arm_control_v1_0_S00_AXI_inst/axi_awready_i_1_n_0                                                           |                1 |              8 |
|  lidar_arm_control_i/processing_system7_0/inst/FCLK_CLK0 | lidar_arm_control_i/robot_arm_control_0/inst/robot_arm_control_v1_0_S00_AXI_inst/slv_reg2[15]_i_1_n_0                                                                   | lidar_arm_control_i/robot_arm_control_0/inst/robot_arm_control_v1_0_S00_AXI_inst/axi_awready_i_1_n_0                                                           |                1 |              8 |
|  lidar_arm_control_i/processing_system7_0/inst/FCLK_CLK0 | lidar_arm_control_i/robot_arm_control_0/inst/robot_arm_control_v1_0_S00_AXI_inst/slv_reg2[31]_i_1_n_0                                                                   | lidar_arm_control_i/robot_arm_control_0/inst/robot_arm_control_v1_0_S00_AXI_inst/axi_awready_i_1_n_0                                                           |                1 |              8 |
|  lidar_arm_control_i/processing_system7_0/inst/FCLK_CLK0 | lidar_arm_control_i/robot_arm_control_0/inst/robot_arm_control_v1_0_S00_AXI_inst/slv_reg1[31]_i_1_n_0                                                                   | lidar_arm_control_i/robot_arm_control_0/inst/robot_arm_control_v1_0_S00_AXI_inst/axi_awready_i_1_n_0                                                           |                1 |              8 |
|  lidar_arm_control_i/processing_system7_0/inst/FCLK_CLK0 | lidar_arm_control_i/robot_arm_control_0/inst/robot_arm_control_v1_0_S00_AXI_inst/slv_reg2[7]_i_1_n_0                                                                    | lidar_arm_control_i/robot_arm_control_0/inst/robot_arm_control_v1_0_S00_AXI_inst/axi_awready_i_1_n_0                                                           |                1 |              8 |
|  lidar_arm_control_i/processing_system7_0/inst/FCLK_CLK0 | lidar_arm_control_i/robot_arm_control_0/inst/robot_arm_control_v1_0_S00_AXI_inst/slv_reg3[15]_i_1_n_0                                                                   | lidar_arm_control_i/robot_arm_control_0/inst/robot_arm_control_v1_0_S00_AXI_inst/axi_awready_i_1_n_0                                                           |                1 |              8 |
|  lidar_arm_control_i/processing_system7_0/inst/FCLK_CLK0 | lidar_arm_control_i/robot_arm_control_0/inst/robot_arm_control_v1_0_S00_AXI_inst/slv_reg0[7]_i_1_n_0                                                                    | lidar_arm_control_i/robot_arm_control_0/inst/robot_arm_control_v1_0_S00_AXI_inst/axi_awready_i_1_n_0                                                           |                1 |              8 |
|  lidar_arm_control_i/processing_system7_0/inst/FCLK_CLK0 | lidar_arm_control_i/robot_arm_control_0/inst/robot_arm_control_v1_0_S00_AXI_inst/slv_reg1[23]_i_1_n_0                                                                   | lidar_arm_control_i/robot_arm_control_0/inst/robot_arm_control_v1_0_S00_AXI_inst/axi_awready_i_1_n_0                                                           |                1 |              8 |
|  lidar_arm_control_i/processing_system7_0/inst/FCLK_CLK0 | lidar_arm_control_i/robot_arm_control_0/inst/robot_arm_control_v1_0_S00_AXI_inst/slv_reg1[15]_i_1_n_0                                                                   | lidar_arm_control_i/robot_arm_control_0/inst/robot_arm_control_v1_0_S00_AXI_inst/axi_awready_i_1_n_0                                                           |                1 |              8 |
|  lidar_arm_control_i/processing_system7_0/inst/FCLK_CLK0 | lidar_arm_control_i/robot_arm_control_0/inst/robot_arm_control_v1_0_S00_AXI_inst/slv_reg2[23]_i_1_n_0                                                                   | lidar_arm_control_i/robot_arm_control_0/inst/robot_arm_control_v1_0_S00_AXI_inst/axi_awready_i_1_n_0                                                           |                1 |              8 |
|  lidar_arm_control_i/processing_system7_0/inst/FCLK_CLK0 | lidar_arm_control_i/robot_arm_control_0/inst/robot_arm_control_v1_0_S00_AXI_inst/slv_reg0[31]_i_1_n_0                                                                   | lidar_arm_control_i/robot_arm_control_0/inst/robot_arm_control_v1_0_S00_AXI_inst/axi_awready_i_1_n_0                                                           |                2 |              8 |
|  lidar_arm_control_i/processing_system7_0/inst/FCLK_CLK0 | lidar_arm_control_i/robot_arm_control_0/inst/robot_arm_control_v1_0_S00_AXI_inst/slv_reg0[23]_i_1_n_0                                                                   | lidar_arm_control_i/robot_arm_control_0/inst/robot_arm_control_v1_0_S00_AXI_inst/axi_awready_i_1_n_0                                                           |                1 |              8 |
|  lidar_arm_control_i/processing_system7_0/inst/FCLK_CLK0 | lidar_arm_control_i/robot_arm_control_0/inst/robot_arm_control_v1_0_S00_AXI_inst/slv_reg0[15]_i_1_n_0                                                                   | lidar_arm_control_i/robot_arm_control_0/inst/robot_arm_control_v1_0_S00_AXI_inst/axi_awready_i_1_n_0                                                           |                2 |              8 |
|  lidar_arm_control_i/processing_system7_0/inst/FCLK_CLK0 | lidar_arm_control_i/ps7_0_axi_periph/s00_couplers/auto_pc/inst/gen_axilite.gen_b2s_conv.axilite_b2s/WR.b_channel_0/mhandshake_r                                         | lidar_arm_control_i/ps7_0_axi_periph/s00_couplers/auto_pc/inst/gen_axilite.gen_b2s_conv.axilite_b2s/WR.b_channel_0/bid_fifo_0/SR[0]                            |                3 |              8 |
|  lidar_arm_control_i/processing_system7_0/inst/FCLK_CLK0 | lidar_arm_control_i/robot_arm_control_0/inst/robot_arm_control_v1_0_S00_AXI_inst/slv_reg3[31]_i_1_n_0                                                                   | lidar_arm_control_i/robot_arm_control_0/inst/robot_arm_control_v1_0_S00_AXI_inst/axi_awready_i_1_n_0                                                           |                2 |              8 |
|  lidar_arm_control_i/processing_system7_0/inst/FCLK_CLK0 | lidar_arm_control_i/robot_arm_control_0/inst/robot_arm_control_v1_0_S00_AXI_inst/slv_reg3[7]_i_1_n_0                                                                    | lidar_arm_control_i/robot_arm_control_0/inst/robot_arm_control_v1_0_S00_AXI_inst/axi_awready_i_1_n_0                                                           |                1 |              8 |
|  lidar_arm_control_i/processing_system7_0/inst/FCLK_CLK0 | lidar_arm_control_i/axi_uartlite_0/U0/AXI_LITE_IPIF_I/I_SLAVE_ATTACHMENT/I_DECODER/fifo_wr                                                                              |                                                                                                                                                                |                1 |              8 |
|  lidar_arm_control_i/processing_system7_0/inst/FCLK_CLK0 | lidar_arm_control_i/axi_uartlite_0/U0/UARTLITE_CORE_I/UARTLITE_RX_I/SRL_FIFO_I/I_SRL_FIFO_RBU_F/DYNSHREG_F_I/fifo_wr                                                    |                                                                                                                                                                |                1 |              8 |
|  lidar_arm_control_i/processing_system7_0/inst/FCLK_CLK0 | lidar_arm_control_i/robot_arm_control_0/inst/robot_arm_control_v1_0_S00_AXI_inst/slv_reg3[23]_i_1_n_0                                                                   | lidar_arm_control_i/robot_arm_control_0/inst/robot_arm_control_v1_0_S00_AXI_inst/axi_awready_i_1_n_0                                                           |                1 |              8 |
|  lidar_arm_control_i/processing_system7_0/inst/FCLK_CLK0 | lidar_arm_control_i/axi_uartlite_0/U0/AXI_LITE_IPIF_I/I_SLAVE_ATTACHMENT/s_axi_rresp_i                                                                                  | lidar_arm_control_i/axi_uartlite_0/U0/AXI_LITE_IPIF_I/I_SLAVE_ATTACHMENT/rst                                                                                   |                3 |              9 |
|  lidar_arm_control_i/processing_system7_0/inst/FCLK_CLK0 |                                                                                                                                                                         | lidar_arm_control_i/ps7_0_axi_periph/s00_couplers/auto_pc/inst/gen_axilite.gen_b2s_conv.axilite_b2s/areset_d1                                                  |                5 |             10 |
|  lidar_arm_control_i/processing_system7_0/inst/FCLK_CLK0 |                                                                                                                                                                         | lidar_arm_control_i/robot_arm_control_0/inst/robot_arm_control_v1_0_S00_AXI_inst/axi_awready_i_1_n_0                                                           |                4 |             10 |
|  lidar_arm_control_i/processing_system7_0/inst/FCLK_CLK0 |                                                                                                                                                                         | lidar_arm_control_i/axi_uartlite_0/U0/AXI_LITE_IPIF_I/I_SLAVE_ATTACHMENT/rst                                                                                   |                5 |             11 |
|  lidar_arm_control_i/processing_system7_0/inst/FCLK_CLK0 | lidar_arm_control_i/ps7_0_axi_periph/s00_couplers/auto_pc/inst/gen_axilite.gen_b2s_conv.axilite_b2s/RD.ar_channel_0/ar_cmd_fsm_0/E[0]                                   |                                                                                                                                                                |                8 |             12 |
|  lidar_arm_control_i/processing_system7_0/inst/FCLK_CLK0 | lidar_arm_control_i/ps7_0_axi_periph/s00_couplers/auto_pc/inst/gen_axilite.gen_b2s_conv.axilite_b2s/WR.aw_channel_0/cmd_translator_0/incr_cmd_0/axaddr_incr[11]_i_1_n_0 |                                                                                                                                                                |                2 |             12 |
|  lidar_arm_control_i/processing_system7_0/inst/FCLK_CLK0 | lidar_arm_control_i/ps7_0_axi_periph/s00_couplers/auto_pc/inst/gen_axilite.gen_b2s_conv.axilite_b2s/WR.aw_channel_0/aw_cmd_fsm_0/E[0]                                   |                                                                                                                                                                |                3 |             12 |
|  lidar_arm_control_i/processing_system7_0/inst/FCLK_CLK0 |                                                                                                                                                                         | lidar_arm_control_i/axi_gpio_0/U0/gpio_core_1/Read_Reg_Rst                                                                                                     |                6 |             12 |
|  lidar_arm_control_i/processing_system7_0/inst/FCLK_CLK0 | lidar_arm_control_i/ps7_0_axi_periph/s00_couplers/auto_pc/inst/gen_axilite.gen_b2s_conv.axilite_b2s/RD.ar_channel_0/ar_cmd_fsm_0/sel_first_reg[0]                       |                                                                                                                                                                |                2 |             12 |
|  lidar_arm_control_i/processing_system7_0/inst/FCLK_CLK0 | lidar_arm_control_i/ps7_0_axi_periph/s00_couplers/auto_pc/inst/gen_axilite.gen_b2s_conv.axilite_b2s/RD.r_channel_0/r_push_r                                             |                                                                                                                                                                |                4 |             13 |
|  lidar_arm_control_i/processing_system7_0/inst/FCLK_CLK0 |                                                                                                                                                                         | lidar_arm_control_i/ps7_0_axi_periph/xbar/inst/gen_sasd.crossbar_sasd_0/addr_arbiter_inst/SR[0]                                                                |                4 |             13 |
|  lidar_arm_control_i/processing_system7_0/inst/FCLK_CLK0 | lidar_arm_control_i/ps7_0_axi_periph/s00_couplers/auto_pc/inst/gen_axilite.gen_b2s_conv.axilite_b2s/SI_REG/b.b_pipe/s_ready_i_reg_0                                     |                                                                                                                                                                |                2 |             14 |
|  lidar_arm_control_i/processing_system7_0/inst/FCLK_CLK0 | lidar_arm_control_i/ps7_0_axi_periph/s00_couplers/auto_pc/inst/gen_axilite.gen_b2s_conv.axilite_b2s/SI_REG/b.b_pipe/p_1_in                                              |                                                                                                                                                                |                2 |             14 |
|  lidar_arm_control_i/processing_system7_0/inst/FCLK_CLK0 | lidar_arm_control_i/ps7_0_axi_periph/xbar/inst/gen_sasd.crossbar_sasd_0/reg_slice_r/aa_rready                                                                           |                                                                                                                                                                |                6 |             15 |
|  lidar_arm_control_i/processing_system7_0/inst/FCLK_CLK0 | lidar_arm_control_i/ps7_0_axi_periph/s00_couplers/auto_pc/inst/gen_axilite.gen_b2s_conv.axilite_b2s/WR.aw_channel_0/aw_cmd_fsm_0/b_push                                 |                                                                                                                                                                |                3 |             16 |
|  lidar_arm_control_i/processing_system7_0/inst/FCLK_CLK0 | lidar_arm_control_i/ps7_0_axi_periph/xbar/inst/gen_sasd.crossbar_sasd_0/addr_arbiter_inst/p_0_in1_in                                                                    | lidar_arm_control_i/ps7_0_axi_periph/xbar/inst/gen_sasd.crossbar_sasd_0/addr_arbiter_inst/SR[0]                                                                |                7 |             19 |
|  PWM_CLK_IBUF_BUFG                                       |                                                                                                                                                                         | lidar_arm_control_i/robot_arm_control_0/inst/robot_arm_control_v1_0_S00_AXI_inst/pwm_controller_i/clear                                                        |                6 |             21 |
|  lidar_arm_control_i/processing_system7_0/inst/FCLK_CLK0 | lidar_arm_control_i/ps7_0_axi_periph/s00_couplers/auto_pc/inst/gen_axilite.gen_b2s_conv.axilite_b2s/RD.ar_channel_0/ar_cmd_fsm_0/m_valid_i_reg                          |                                                                                                                                                                |                8 |             21 |
|  lidar_arm_control_i/processing_system7_0/inst/FCLK_CLK0 |                                                                                                                                                                         | lidar_arm_control_i/axi_gpio_0/U0/AXI_LITE_IPIF_I/I_SLAVE_ATTACHMENT/SR[0]                                                                                     |               10 |             22 |
|  PWM_CLK_IBUF_BUFG                                       | lidar_arm_control_i/div_gen_1/U0/i_synth/i_nd_to_rdy/m_axis_dout_tvalid                                                                                                 |                                                                                                                                                                |                4 |             24 |
|  PWM_CLK_IBUF_BUFG                                       | lidar_arm_control_i/div_gen_0/U0/i_synth/i_nd_to_rdy/m_axis_dout_tvalid                                                                                                 |                                                                                                                                                                |                5 |             24 |
|  lidar_arm_control_i/processing_system7_0/inst/FCLK_CLK0 | lidar_arm_control_i/ps7_0_axi_periph/s00_couplers/auto_pc/inst/gen_axilite.gen_b2s_conv.axilite_b2s/WR.aw_channel_0/aw_cmd_fsm_0/m_axi_awready_1                        |                                                                                                                                                                |                9 |             25 |
|  lidar_arm_control_i/processing_system7_0/inst/FCLK_CLK0 |                                                                                                                                                                         | lidar_arm_control_i/axi_uartlite_0/U0/UARTLITE_CORE_I/UARTLITE_RX_I/s_axi_aresetn_0                                                                            |                8 |             27 |
|  lidar_arm_control_i/processing_system7_0/inst/FCLK_CLK0 | lidar_arm_control_i/axi_uartlite_0/U0/UARTLITE_CORE_I/BAUD_RATE_I/p_2_out[0]                                                                                            | lidar_arm_control_i/axi_uartlite_0/U0/UARTLITE_CORE_I/UARTLITE_RX_I/s_axi_aresetn_0                                                                            |                5 |             28 |
|  lidar_arm_control_i/processing_system7_0/inst/FCLK_CLK0 | lidar_arm_control_i/robot_arm_control_0/inst/robot_arm_control_v1_0_S00_AXI_inst/slv_reg_rden__0                                                                        | lidar_arm_control_i/robot_arm_control_0/inst/robot_arm_control_v1_0_S00_AXI_inst/axi_awready_i_1_n_0                                                           |               11 |             32 |
|  lidar_arm_control_i/processing_system7_0/inst/FCLK_CLK0 | lidar_arm_control_i/ps7_0_axi_periph/s00_couplers/auto_pc/inst/gen_axilite.gen_b2s_conv.axilite_b2s/RD.r_channel_0/rd_data_fifo_0/wr_en0                                |                                                                                                                                                                |                9 |             34 |
|  lidar_arm_control_i/processing_system7_0/inst/FCLK_CLK0 | lidar_arm_control_i/ps7_0_axi_periph/xbar/inst/gen_sasd.crossbar_sasd_0/addr_arbiter_inst/E[0]                                                                          |                                                                                                                                                                |                6 |             35 |
|  lidar_arm_control_i/processing_system7_0/inst/FCLK_CLK0 | lidar_arm_control_i/ps7_0_axi_periph/s00_couplers/auto_pc/inst/gen_axilite.gen_b2s_conv.axilite_b2s/SI_REG/r.r_pipe/s_ready_i_reg_0                                     |                                                                                                                                                                |                8 |             47 |
|  lidar_arm_control_i/processing_system7_0/inst/FCLK_CLK0 | lidar_arm_control_i/ps7_0_axi_periph/s00_couplers/auto_pc/inst/gen_axilite.gen_b2s_conv.axilite_b2s/SI_REG/r.r_pipe/p_1_in                                              |                                                                                                                                                                |                8 |             47 |
|  lidar_arm_control_i/processing_system7_0/inst/FCLK_CLK0 | lidar_arm_control_i/ps7_0_axi_periph/s00_couplers/auto_pc/inst/gen_axilite.gen_b2s_conv.axilite_b2s/RD.ar_channel_0/ar_cmd_fsm_0/FSM_sequential_state_reg[1]_0[0]       |                                                                                                                                                                |               11 |             48 |
|  lidar_arm_control_i/processing_system7_0/inst/FCLK_CLK0 | lidar_arm_control_i/ps7_0_axi_periph/s00_couplers/auto_pc/inst/gen_axilite.gen_b2s_conv.axilite_b2s/SI_REG/aw.aw_pipe/s_ready_i_reg_0                                   |                                                                                                                                                                |               11 |             48 |
|  lidar_arm_control_i/processing_system7_0/inst/FCLK_CLK0 | lidar_arm_control_i/ps7_0_axi_periph/s00_couplers/auto_pc/inst/gen_axilite.gen_b2s_conv.axilite_b2s/WR.aw_channel_0/aw_cmd_fsm_0/m_valid_i_reg[0]                       |                                                                                                                                                                |                7 |             48 |
|  lidar_arm_control_i/processing_system7_0/inst/FCLK_CLK0 | lidar_arm_control_i/ps7_0_axi_periph/s00_couplers/auto_pc/inst/gen_axilite.gen_b2s_conv.axilite_b2s/SI_REG/ar.ar_pipe/s_ready_i_reg_0                                   |                                                                                                                                                                |               13 |             48 |
|  lidar_arm_control_i/processing_system7_0/inst/FCLK_CLK0 |                                                                                                                                                                         |                                                                                                                                                                |               62 |            186 |
|  PWM_CLK_IBUF_BUFG                                       |                                                                                                                                                                         |                                                                                                                                                                |              278 |           1430 |
+----------------------------------------------------------+-------------------------------------------------------------------------------------------------------------------------------------------------------------------------+----------------------------------------------------------------------------------------------------------------------------------------------------------------+------------------+----------------+


