#-----------------------------------------------------------
# Webtalk v2018.3 (64-bit)
# SW Build 2405991 on Thu Dec  6 23:36:41 MST 2018
# 
# Start of session at: Tue Mar  2 23:50:08 2021
# Process ID: 23758
# Current directory: /home/cmcnally/Repos/robotic-arm-control-system-analysis/vivado/lidar_arm_control/hardware_system/hardware_system.sdk/webtalk
# Command line: wbtcv -mode batch -source sdk_webtalk.tcl
# Log file: /home/cmcnally/Repos/robotic-arm-control-system-analysis/vivado/lidar_arm_control/hardware_system/hardware_system.sdk/webtalk/webtalk.log
# Journal file: /home/cmcnally/Repos/robotic-arm-control-system-analysis/vivado/lidar_arm_control/hardware_system/hardware_system.sdk/webtalk/webtalk.jou
#-----------------------------------------------------------
source sdk_webtalk.tcl
# webtalk_init -webtalk_dir /home/cmcnally/Repos/robotic-arm-control-system-analysis/vivado/lidar_arm_control/hardware_system/hardware_system.sdk/webtalk
# webtalk_register_client -client project
# webtalk_add_data -client project -key date_generated -value "2021-03-02 23:50:07" -context "software_version_and_target_device"
# webtalk_add_data -client project -key product_version -value "SDK v2018.3" -context "software_version_and_target_device"
# webtalk_add_data -client project -key build_version -value "2018.3" -context "software_version_and_target_device"
# webtalk_add_data -client project -key os_platform -value "amd64" -context "software_version_and_target_device"
# webtalk_add_data -client project -key registration_id -value "" -context "software_version_and_target_device"
# webtalk_add_data -client project -key tool_flow -value "SDK" -context "software_version_and_target_device"
# webtalk_add_data -client project -key beta -value "false" -context "software_version_and_target_device"
# webtalk_add_data -client project -key route_design -value "NA" -context "software_version_and_target_device"
# webtalk_add_data -client project -key target_family -value "NA" -context "software_version_and_target_device"
# webtalk_add_data -client project -key target_device -value "NA" -context "software_version_and_target_device"
# webtalk_add_data -client project -key target_package -value "NA" -context "software_version_and_target_device"
# webtalk_add_data -client project -key target_speed -value "NA" -context "software_version_and_target_device"
# webtalk_add_data -client project -key random_id -value "ns3movei3vq417ucs19r81dt84" -context "software_version_and_target_device"
# webtalk_add_data -client project -key project_id -value "2018.3_30" -context "software_version_and_target_device"
# webtalk_add_data -client project -key project_iteration -value "30" -context "software_version_and_target_device"
# webtalk_add_data -client project -key os_name -value "Ubuntu" -context "user_environment"
# webtalk_add_data -client project -key os_release -value "Ubuntu 18.04.5 LTS" -context "user_environment"
# webtalk_add_data -client project -key cpu_name -value "Intel(R) Core(TM) i7-7500U CPU @ 2.70GHz" -context "user_environment"
# webtalk_add_data -client project -key cpu_speed -value "3500.175 MHz" -context "user_environment"
# webtalk_add_data -client project -key total_processors -value "1" -context "user_environment"
# webtalk_add_data -client project -key system_ram -value "8.260 GB" -context "user_environment"
# webtalk_register_client -client sdk
# webtalk_add_data -client sdk -key uid -value "1614716281000" -context "sdk\\\\hardware/1614716281000"
# webtalk_add_data -client sdk -key isZynq -value "true" -context "sdk\\\\hardware/1614716281000"
# webtalk_add_data -client sdk -key isZynqMP -value "false" -context "sdk\\\\hardware/1614716281000"
# webtalk_add_data -client sdk -key Processors -value "2" -context "sdk\\\\hardware/1614716281000"
# webtalk_add_data -client sdk -key VivadoVersion -value "2018.3" -context "sdk\\\\hardware/1614716281000"
# webtalk_add_data -client sdk -key Arch -value "zynq" -context "sdk\\\\hardware/1614716281000"
# webtalk_add_data -client sdk -key Device -value "7z020" -context "sdk\\\\hardware/1614716281000"
# webtalk_add_data -client sdk -key IsHandoff -value "true" -context "sdk\\\\hardware/1614716281000"
# webtalk_add_data -client sdk -key os -value "NA" -context "sdk\\\\hardware/1614716281000"
# webtalk_add_data -client sdk -key apptemplate -value "NA" -context "sdk\\\\hardware/1614716281000"
# webtalk_add_data -client sdk -key RecordType -value "HWCreation" -context "sdk\\\\hardware/1614716281000"
# webtalk_add_data -client sdk -key uid -value "1614716313000" -context "sdk\\\\bsp/1614716313000"
# webtalk_add_data -client sdk -key hwid -value "1614716281000" -context "sdk\\\\bsp/1614716313000"
# webtalk_add_data -client sdk -key os -value "standalone" -context "sdk\\\\bsp/1614716313000"
# webtalk_add_data -client sdk -key apptemplate -value "hello_world" -context "sdk\\\\bsp/1614716313000"
# webtalk_add_data -client sdk -key RecordType -value "BSPCreation" -context "sdk\\\\bsp/1614716313000"
# webtalk_add_data -client sdk -key uid -value "1614716315000" -context "sdk\\\\application/1614716315000"
# webtalk_add_data -client sdk -key hwid -value "1614716281000" -context "sdk\\\\application/1614716315000"
# webtalk_add_data -client sdk -key bspid -value "1614716313000" -context "sdk\\\\application/1614716315000"
# webtalk_add_data -client sdk -key newbsp -value "true" -context "sdk\\\\application/1614716315000"
# webtalk_add_data -client sdk -key os -value "standalone" -context "sdk\\\\application/1614716315000"
# webtalk_add_data -client sdk -key apptemplate -value "hello_world" -context "sdk\\\\application/1614716315000"
# webtalk_add_data -client sdk -key RecordType -value "APPCreation" -context "sdk\\\\application/1614716315000"
# webtalk_add_data -client sdk -key LangUsed -value "C" -context "sdk\\\\application/1614716315000"
# webtalk_add_data -client sdk -key Procused -value "ps7_cortexa9" -context "sdk\\\\application/1614716315000"
# webtalk_add_data -client sdk -key uid -value "1614728244000" -context "sdk\\\\bsp/1614728244000"
# webtalk_add_data -client sdk -key hwid -value "1614716281000" -context "sdk\\\\bsp/1614728244000"
# webtalk_add_data -client sdk -key os -value "standalone" -context "sdk\\\\bsp/1614728244000"
# webtalk_add_data -client sdk -key apptemplate -value "hello_world" -context "sdk\\\\bsp/1614728244000"
# webtalk_add_data -client sdk -key RecordType -value "BSPCreation" -context "sdk\\\\bsp/1614728244000"
# webtalk_add_data -client sdk -key uid -value "1614728245000" -context "sdk\\\\application/1614728245000"
# webtalk_add_data -client sdk -key hwid -value "1614716281000" -context "sdk\\\\application/1614728245000"
# webtalk_add_data -client sdk -key bspid -value "1614728244000" -context "sdk\\\\application/1614728245000"
# webtalk_add_data -client sdk -key newbsp -value "true" -context "sdk\\\\application/1614728245000"
# webtalk_add_data -client sdk -key os -value "standalone" -context "sdk\\\\application/1614728245000"
# webtalk_add_data -client sdk -key apptemplate -value "hello_world" -context "sdk\\\\application/1614728245000"
# webtalk_add_data -client sdk -key RecordType -value "APPCreation" -context "sdk\\\\application/1614728245000"
# webtalk_add_data -client sdk -key LangUsed -value "C" -context "sdk\\\\application/1614728245000"
# webtalk_add_data -client sdk -key Procused -value "ps7_cortexa9" -context "sdk\\\\application/1614728245000"
# webtalk_add_data -client sdk -key projSize -value "200.08203125" -context "sdk\\\\application/1614728245000"
# webtalk_add_data -client sdk -key uid -value "1614728630000" -context "sdk\\\\bsp/1614728630000"
# webtalk_add_data -client sdk -key hwid -value "1614716281000" -context "sdk\\\\bsp/1614728630000"
# webtalk_add_data -client sdk -key os -value "freertos10_xilinx" -context "sdk\\\\bsp/1614728630000"
# webtalk_add_data -client sdk -key apptemplate -value "freertos_hello_world" -context "sdk\\\\bsp/1614728630000"
# webtalk_add_data -client sdk -key RecordType -value "BSPCreation" -context "sdk\\\\bsp/1614728630000"
# webtalk_add_data -client sdk -key uid -value "1614728631000" -context "sdk\\\\application/1614728631000"
# webtalk_add_data -client sdk -key hwid -value "1614716281000" -context "sdk\\\\application/1614728631000"
# webtalk_add_data -client sdk -key bspid -value "1614728630000" -context "sdk\\\\application/1614728631000"
# webtalk_add_data -client sdk -key newbsp -value "true" -context "sdk\\\\application/1614728631000"
# webtalk_add_data -client sdk -key os -value "freertos10_xilinx" -context "sdk\\\\application/1614728631000"
# webtalk_add_data -client sdk -key apptemplate -value "freertos_hello_world" -context "sdk\\\\application/1614728631000"
# webtalk_add_data -client sdk -key RecordType -value "APPCreation" -context "sdk\\\\application/1614728631000"
# webtalk_add_data -client sdk -key LangUsed -value "C" -context "sdk\\\\application/1614728631000"
# webtalk_add_data -client sdk -key Procused -value "ps7_cortexa9" -context "sdk\\\\application/1614728631000"
# webtalk_add_data -client sdk -key projSize -value "423.46875" -context "sdk\\\\application/1614728631000"
# webtalk_add_data -client sdk -key uid -value "NA" -context "sdk\\\\bsp/1614729007310"
# webtalk_add_data -client sdk -key RecordType -value "ToolUsage" -context "sdk\\\\bsp/1614729007310"
# webtalk_add_data -client sdk -key BootgenCount -value "0" -context "sdk\\\\bsp/1614729007310"
# webtalk_add_data -client sdk -key DebugCount -value "22" -context "sdk\\\\bsp/1614729007310"
# webtalk_add_data -client sdk -key PerfCount -value "0" -context "sdk\\\\bsp/1614729007310"
# webtalk_add_data -client sdk -key FlashCount -value "0" -context "sdk\\\\bsp/1614729007310"
# webtalk_add_data -client sdk -key CrossTriggCount -value "0" -context "sdk\\\\bsp/1614729007310"
# webtalk_add_data -client sdk -key QemuDebugCount -value "0" -context "sdk\\\\bsp/1614729007310"
# webtalk_transmit -clientid 1433988071 -regid "" -xml /home/cmcnally/Repos/robotic-arm-control-system-analysis/vivado/lidar_arm_control/hardware_system/hardware_system.sdk/webtalk/usage_statistics_ext_sdk.xml -html /home/cmcnally/Repos/robotic-arm-control-system-analysis/vivado/lidar_arm_control/hardware_system/hardware_system.sdk/webtalk/usage_statistics_ext_sdk.html -wdm /home/cmcnally/Repos/robotic-arm-control-system-analysis/vivado/lidar_arm_control/hardware_system/hardware_system.sdk/webtalk/sdk_webtalk.wdm -intro "<H3>SDK Usage Report</H3><BR>"
# webtalk_terminate
INFO: [Common 17-206] Exiting Webtalk at Tue Mar  2 23:50:08 2021...
