16:13:42 INFO  : Registering command handlers for SDK TCF services
16:13:44 INFO  : Launching XSCT server: xsct -n -interactive /home/cmcnally/Repos/mai_project/Vivado/pwm_servo_control/pwm_servo_control.sdk/temp_xsdb_launch_script.tcl
16:13:47 INFO  : XSCT server has started successfully.
16:13:47 INFO  : Successfully done setting XSCT server connection channel  
16:13:47 INFO  : Successfully done setting SDK workspace  
16:13:47 INFO  : Processing command line option -hwspec /home/cmcnally/Repos/mai_project/Vivado/pwm_servo_control/pwm_servo_control.sdk/pwm_servo_wrapper.hdf.
16:17:05 INFO  : Example project pwm_servo_bsp_xtmrctr_pwm_example_1 has been created successfully.
16:17:39 INFO  : Example project pwm_servo_bsp_xtmrctr_pwm_example_2 has been created successfully.
16:25:29 INFO  : 'targets -set -filter {jtag_cable_name =~ "Xilinx TUL 1234-tulA" && level==0} -index 1' command is executed.
16:25:29 INFO  : 'fpga -state' command is executed.
16:25:31 INFO  : Connected to target on host '127.0.0.1' and port '3121'.
16:25:31 INFO  : Jtag cable 'Xilinx TUL 1234-tulA' is selected.
16:25:31 INFO  : 'jtag frequency' command is executed.
16:25:31 INFO  : Sourcing of '/home/cmcnally/Repos/mai_project/Vivado/pwm_servo_control/pwm_servo_control.sdk/pwm_servo_wrapper_hw_platform_0/ps7_init.tcl' is done.
16:25:31 INFO  : Context for 'APU' is selected.
16:25:31 INFO  : Hardware design information is loaded from '/home/cmcnally/Repos/mai_project/Vivado/pwm_servo_control/pwm_servo_control.sdk/pwm_servo_wrapper_hw_platform_0/system.hdf'.
16:25:31 INFO  : 'configparams force-mem-access 1' command is executed.
16:25:31 INFO  : Context for 'APU' is selected.
16:25:31 INFO  : 'stop' command is executed.
16:25:31 INFO  : 'ps7_init' command is executed.
16:25:31 INFO  : 'ps7_post_config' command is executed.
16:25:31 INFO  : Context for processor 'ps7_cortexa9_0' is selected.
16:25:31 INFO  : Processor reset is completed for 'ps7_cortexa9_0'.
16:25:31 INFO  : Context for processor 'ps7_cortexa9_0' is selected.
16:25:32 INFO  : The application '/home/cmcnally/Repos/mai_project/Vivado/pwm_servo_control/pwm_servo_control.sdk/pwm_servo_bsp_xtmrctr_pwm_example_2/Debug/pwm_servo_bsp_xtmrctr_pwm_example_2.elf' is downloaded to processor 'ps7_cortexa9_0'.
16:25:32 INFO  : 'configparams force-mem-access 0' command is executed.
16:25:32 INFO  : ----------------XSDB Script----------------
connect -url tcp:127.0.0.1:3121
source /home/cmcnally/Repos/mai_project/Vivado/pwm_servo_control/pwm_servo_control.sdk/pwm_servo_wrapper_hw_platform_0/ps7_init.tcl
targets -set -nocase -filter {name =~"APU*" && jtag_cable_name =~ "Xilinx TUL 1234-tulA"} -index 0
loadhw -hw /home/cmcnally/Repos/mai_project/Vivado/pwm_servo_control/pwm_servo_control.sdk/pwm_servo_wrapper_hw_platform_0/system.hdf -mem-ranges [list {0x40000000 0xbfffffff}]
configparams force-mem-access 1
targets -set -nocase -filter {name =~"APU*" && jtag_cable_name =~ "Xilinx TUL 1234-tulA"} -index 0
stop
ps7_init
ps7_post_config
targets -set -nocase -filter {name =~ "ARM*#0" && jtag_cable_name =~ "Xilinx TUL 1234-tulA"} -index 0
rst -processor
targets -set -nocase -filter {name =~ "ARM*#0" && jtag_cable_name =~ "Xilinx TUL 1234-tulA"} -index 0
dow /home/cmcnally/Repos/mai_project/Vivado/pwm_servo_control/pwm_servo_control.sdk/pwm_servo_bsp_xtmrctr_pwm_example_2/Debug/pwm_servo_bsp_xtmrctr_pwm_example_2.elf
configparams force-mem-access 0
----------------End of Script----------------

16:25:32 INFO  : Memory regions updated for context APU
16:25:32 INFO  : Context for processor 'ps7_cortexa9_0' is selected.
16:25:32 INFO  : 'con' command is executed.
16:25:32 INFO  : ----------------XSDB Script (After Launch)----------------
targets -set -nocase -filter {name =~ "ARM*#0" && jtag_cable_name =~ "Xilinx TUL 1234-tulA"} -index 0
con
----------------End of Script----------------

16:25:32 INFO  : Launch script is exported to file '/home/cmcnally/Repos/mai_project/Vivado/pwm_servo_control/pwm_servo_control.sdk/.sdk/launch_scripts/xilinx_c-c++_application_(system_debugger)/system_debugger_using_debug_pwm_servo_bsp_xtmrctr_pwm_example_2.elf_on_local.tcl'
16:26:49 INFO  : Disconnected from the channel tcfchan#1.
16:26:50 INFO  : Connected to target on host '127.0.0.1' and port '3121'.
16:26:50 INFO  : Jtag cable 'Xilinx TUL 1234-tulA' is selected.
16:26:50 INFO  : 'jtag frequency' command is executed.
16:26:50 INFO  : Sourcing of '/home/cmcnally/Repos/mai_project/Vivado/pwm_servo_control/pwm_servo_control.sdk/pwm_servo_wrapper_hw_platform_0/ps7_init.tcl' is done.
16:26:50 INFO  : Context for 'APU' is selected.
16:26:50 INFO  : System reset is completed.
16:26:53 INFO  : 'after 3000' command is executed.
16:26:53 INFO  : 'targets -set -filter {jtag_cable_name =~ "Xilinx TUL 1234-tulA" && level==0} -index 1' command is executed.
16:26:55 INFO  : FPGA configured successfully with bitstream "/home/cmcnally/Repos/mai_project/Vivado/pwm_servo_control/pwm_servo_control.sdk/pwm_servo_wrapper_hw_platform_0/pwm_servo_wrapper.bit"
16:26:55 INFO  : Context for 'APU' is selected.
16:26:57 INFO  : Hardware design information is loaded from '/home/cmcnally/Repos/mai_project/Vivado/pwm_servo_control/pwm_servo_control.sdk/pwm_servo_wrapper_hw_platform_0/system.hdf'.
16:26:57 INFO  : 'configparams force-mem-access 1' command is executed.
16:26:57 INFO  : Context for 'APU' is selected.
16:26:57 INFO  : 'ps7_init' command is executed.
16:26:57 INFO  : 'ps7_post_config' command is executed.
16:26:57 INFO  : Context for processor 'ps7_cortexa9_0' is selected.
16:26:57 INFO  : The application '/home/cmcnally/Repos/mai_project/Vivado/pwm_servo_control/pwm_servo_control.sdk/pwm_servo_bsp_xtmrctr_pwm_example_2/Debug/pwm_servo_bsp_xtmrctr_pwm_example_2.elf' is downloaded to processor 'ps7_cortexa9_0'.
16:26:57 INFO  : 'configparams force-mem-access 0' command is executed.
16:26:57 INFO  : ----------------XSDB Script----------------
connect -url tcp:127.0.0.1:3121
source /home/cmcnally/Repos/mai_project/Vivado/pwm_servo_control/pwm_servo_control.sdk/pwm_servo_wrapper_hw_platform_0/ps7_init.tcl
targets -set -nocase -filter {name =~"APU*" && jtag_cable_name =~ "Xilinx TUL 1234-tulA"} -index 0
rst -system
after 3000
targets -set -filter {jtag_cable_name =~ "Xilinx TUL 1234-tulA" && level==0} -index 1
fpga -file /home/cmcnally/Repos/mai_project/Vivado/pwm_servo_control/pwm_servo_control.sdk/pwm_servo_wrapper_hw_platform_0/pwm_servo_wrapper.bit
targets -set -nocase -filter {name =~"APU*" && jtag_cable_name =~ "Xilinx TUL 1234-tulA"} -index 0
loadhw -hw /home/cmcnally/Repos/mai_project/Vivado/pwm_servo_control/pwm_servo_control.sdk/pwm_servo_wrapper_hw_platform_0/system.hdf -mem-ranges [list {0x40000000 0xbfffffff}]
configparams force-mem-access 1
targets -set -nocase -filter {name =~"APU*" && jtag_cable_name =~ "Xilinx TUL 1234-tulA"} -index 0
ps7_init
ps7_post_config
targets -set -nocase -filter {name =~ "ARM*#0" && jtag_cable_name =~ "Xilinx TUL 1234-tulA"} -index 0
dow /home/cmcnally/Repos/mai_project/Vivado/pwm_servo_control/pwm_servo_control.sdk/pwm_servo_bsp_xtmrctr_pwm_example_2/Debug/pwm_servo_bsp_xtmrctr_pwm_example_2.elf
configparams force-mem-access 0
----------------End of Script----------------

16:26:57 INFO  : Memory regions updated for context APU
16:26:57 INFO  : Context for processor 'ps7_cortexa9_0' is selected.
16:26:57 INFO  : 'con' command is executed.
16:26:57 INFO  : ----------------XSDB Script (After Launch)----------------
targets -set -nocase -filter {name =~ "ARM*#0" && jtag_cable_name =~ "Xilinx TUL 1234-tulA"} -index 0
con
----------------End of Script----------------

16:26:57 INFO  : Launch script is exported to file '/home/cmcnally/Repos/mai_project/Vivado/pwm_servo_control/pwm_servo_control.sdk/.sdk/launch_scripts/xilinx_c-c++_application_(system_debugger)/system_debugger_using_debug_pwm_servo_bsp_xtmrctr_pwm_example_2.elf_on_local.tcl'
16:28:21 INFO  : Disconnected from the channel tcfchan#2.
16:28:22 INFO  : Connected to target on host '127.0.0.1' and port '3121'.
16:28:22 INFO  : Jtag cable 'Xilinx TUL 1234-tulA' is selected.
16:28:22 INFO  : 'jtag frequency' command is executed.
16:28:22 INFO  : Sourcing of '/home/cmcnally/Repos/mai_project/Vivado/pwm_servo_control/pwm_servo_control.sdk/pwm_servo_wrapper_hw_platform_0/ps7_init.tcl' is done.
16:28:22 INFO  : Context for 'APU' is selected.
16:28:22 INFO  : System reset is completed.
16:28:25 INFO  : 'after 3000' command is executed.
16:28:25 INFO  : 'targets -set -filter {jtag_cable_name =~ "Xilinx TUL 1234-tulA" && level==0} -index 1' command is executed.
16:28:27 INFO  : FPGA configured successfully with bitstream "/home/cmcnally/Repos/mai_project/Vivado/pwm_servo_control/pwm_servo_control.sdk/pwm_servo_wrapper_hw_platform_0/pwm_servo_wrapper.bit"
16:28:27 INFO  : Context for 'APU' is selected.
16:28:29 INFO  : Hardware design information is loaded from '/home/cmcnally/Repos/mai_project/Vivado/pwm_servo_control/pwm_servo_control.sdk/pwm_servo_wrapper_hw_platform_0/system.hdf'.
16:28:29 INFO  : 'configparams force-mem-access 1' command is executed.
16:28:29 INFO  : Context for 'APU' is selected.
16:28:29 INFO  : 'ps7_init' command is executed.
16:28:29 INFO  : 'ps7_post_config' command is executed.
16:28:29 INFO  : Context for processor 'ps7_cortexa9_0' is selected.
16:28:29 INFO  : The application '/home/cmcnally/Repos/mai_project/Vivado/pwm_servo_control/pwm_servo_control.sdk/pwm_servo_bsp_xtmrctr_pwm_example_2/Debug/pwm_servo_bsp_xtmrctr_pwm_example_2.elf' is downloaded to processor 'ps7_cortexa9_0'.
16:28:29 INFO  : 'configparams force-mem-access 0' command is executed.
16:28:29 INFO  : ----------------XSDB Script----------------
connect -url tcp:127.0.0.1:3121
source /home/cmcnally/Repos/mai_project/Vivado/pwm_servo_control/pwm_servo_control.sdk/pwm_servo_wrapper_hw_platform_0/ps7_init.tcl
targets -set -nocase -filter {name =~"APU*" && jtag_cable_name =~ "Xilinx TUL 1234-tulA"} -index 0
rst -system
after 3000
targets -set -filter {jtag_cable_name =~ "Xilinx TUL 1234-tulA" && level==0} -index 1
fpga -file /home/cmcnally/Repos/mai_project/Vivado/pwm_servo_control/pwm_servo_control.sdk/pwm_servo_wrapper_hw_platform_0/pwm_servo_wrapper.bit
targets -set -nocase -filter {name =~"APU*" && jtag_cable_name =~ "Xilinx TUL 1234-tulA"} -index 0
loadhw -hw /home/cmcnally/Repos/mai_project/Vivado/pwm_servo_control/pwm_servo_control.sdk/pwm_servo_wrapper_hw_platform_0/system.hdf -mem-ranges [list {0x40000000 0xbfffffff}]
configparams force-mem-access 1
targets -set -nocase -filter {name =~"APU*" && jtag_cable_name =~ "Xilinx TUL 1234-tulA"} -index 0
ps7_init
ps7_post_config
targets -set -nocase -filter {name =~ "ARM*#0" && jtag_cable_name =~ "Xilinx TUL 1234-tulA"} -index 0
dow /home/cmcnally/Repos/mai_project/Vivado/pwm_servo_control/pwm_servo_control.sdk/pwm_servo_bsp_xtmrctr_pwm_example_2/Debug/pwm_servo_bsp_xtmrctr_pwm_example_2.elf
configparams force-mem-access 0
----------------End of Script----------------

16:28:29 INFO  : Memory regions updated for context APU
16:28:29 INFO  : Context for processor 'ps7_cortexa9_0' is selected.
16:28:29 INFO  : 'con' command is executed.
16:28:29 INFO  : ----------------XSDB Script (After Launch)----------------
targets -set -nocase -filter {name =~ "ARM*#0" && jtag_cable_name =~ "Xilinx TUL 1234-tulA"} -index 0
con
----------------End of Script----------------

16:28:29 INFO  : Launch script is exported to file '/home/cmcnally/Repos/mai_project/Vivado/pwm_servo_control/pwm_servo_control.sdk/.sdk/launch_scripts/xilinx_c-c++_application_(system_debugger)/system_debugger_using_debug_pwm_servo_bsp_xtmrctr_pwm_example_2.elf_on_local.tcl'
17:00:48 INFO  : Disconnected from the channel tcfchan#3.
17:00:49 INFO  : 'targets -set -filter {jtag_cable_name =~ "Xilinx TUL 1234-tulA" && level==0} -index 1' command is executed.
17:00:49 INFO  : 'fpga -state' command is executed.
17:00:49 INFO  : Connected to target on host '127.0.0.1' and port '3121'.
17:00:49 INFO  : Jtag cable 'Xilinx TUL 1234-tulA' is selected.
17:00:49 INFO  : 'jtag frequency' command is executed.
17:00:49 INFO  : Sourcing of '/home/cmcnally/Repos/mai_project/Vivado/pwm_servo_control/pwm_servo_control.sdk/pwm_servo_wrapper_hw_platform_0/ps7_init.tcl' is done.
17:00:49 INFO  : Context for 'APU' is selected.
17:00:51 INFO  : Hardware design information is loaded from '/home/cmcnally/Repos/mai_project/Vivado/pwm_servo_control/pwm_servo_control.sdk/pwm_servo_wrapper_hw_platform_0/system.hdf'.
17:00:51 INFO  : 'configparams force-mem-access 1' command is executed.
17:00:51 INFO  : Context for 'APU' is selected.
17:00:51 INFO  : 'stop' command is executed.
17:00:51 INFO  : 'ps7_init' command is executed.
17:00:51 INFO  : 'ps7_post_config' command is executed.
17:00:51 INFO  : Context for processor 'ps7_cortexa9_0' is selected.
17:00:51 INFO  : Processor reset is completed for 'ps7_cortexa9_0'.
17:00:51 INFO  : Context for processor 'ps7_cortexa9_0' is selected.
17:00:51 INFO  : The application '/home/cmcnally/Repos/mai_project/Vivado/pwm_servo_control/pwm_servo_control.sdk/pwm_servo_bsp_xtmrctr_pwm_example_1/Debug/pwm_servo_bsp_xtmrctr_pwm_example_1.elf' is downloaded to processor 'ps7_cortexa9_0'.
17:00:51 INFO  : 'configparams force-mem-access 0' command is executed.
17:00:51 INFO  : ----------------XSDB Script----------------
connect -url tcp:127.0.0.1:3121
source /home/cmcnally/Repos/mai_project/Vivado/pwm_servo_control/pwm_servo_control.sdk/pwm_servo_wrapper_hw_platform_0/ps7_init.tcl
targets -set -nocase -filter {name =~"APU*" && jtag_cable_name =~ "Xilinx TUL 1234-tulA"} -index 0
loadhw -hw /home/cmcnally/Repos/mai_project/Vivado/pwm_servo_control/pwm_servo_control.sdk/pwm_servo_wrapper_hw_platform_0/system.hdf -mem-ranges [list {0x40000000 0xbfffffff}]
configparams force-mem-access 1
targets -set -nocase -filter {name =~"APU*" && jtag_cable_name =~ "Xilinx TUL 1234-tulA"} -index 0
stop
ps7_init
ps7_post_config
targets -set -nocase -filter {name =~ "ARM*#0" && jtag_cable_name =~ "Xilinx TUL 1234-tulA"} -index 0
rst -processor
targets -set -nocase -filter {name =~ "ARM*#0" && jtag_cable_name =~ "Xilinx TUL 1234-tulA"} -index 0
dow /home/cmcnally/Repos/mai_project/Vivado/pwm_servo_control/pwm_servo_control.sdk/pwm_servo_bsp_xtmrctr_pwm_example_1/Debug/pwm_servo_bsp_xtmrctr_pwm_example_1.elf
configparams force-mem-access 0
----------------End of Script----------------

17:00:51 INFO  : Memory regions updated for context APU
17:00:51 INFO  : Context for processor 'ps7_cortexa9_0' is selected.
17:00:51 INFO  : 'con' command is executed.
17:00:51 INFO  : ----------------XSDB Script (After Launch)----------------
targets -set -nocase -filter {name =~ "ARM*#0" && jtag_cable_name =~ "Xilinx TUL 1234-tulA"} -index 0
con
----------------End of Script----------------

17:00:51 INFO  : Launch script is exported to file '/home/cmcnally/Repos/mai_project/Vivado/pwm_servo_control/pwm_servo_control.sdk/.sdk/launch_scripts/xilinx_c-c++_application_(system_debugger)/system_debugger_using_debug_pwm_servo_bsp_xtmrctr_pwm_example_1.elf_on_local.tcl'
17:04:21 INFO  : Disconnected from the channel tcfchan#4.
17:04:22 INFO  : 'targets -set -filter {jtag_cable_name =~ "Xilinx TUL 1234-tulA" && level==0} -index 1' command is executed.
17:04:22 INFO  : 'fpga -state' command is executed.
17:04:22 INFO  : Connected to target on host '127.0.0.1' and port '3121'.
17:04:22 INFO  : Jtag cable 'Xilinx TUL 1234-tulA' is selected.
17:04:22 INFO  : 'jtag frequency' command is executed.
17:04:22 INFO  : Sourcing of '/home/cmcnally/Repos/mai_project/Vivado/pwm_servo_control/pwm_servo_control.sdk/pwm_servo_wrapper_hw_platform_0/ps7_init.tcl' is done.
17:04:22 INFO  : Context for 'APU' is selected.
17:04:24 INFO  : Hardware design information is loaded from '/home/cmcnally/Repos/mai_project/Vivado/pwm_servo_control/pwm_servo_control.sdk/pwm_servo_wrapper_hw_platform_0/system.hdf'.
17:04:24 INFO  : 'configparams force-mem-access 1' command is executed.
17:04:24 INFO  : Context for 'APU' is selected.
17:04:24 INFO  : 'stop' command is executed.
17:04:24 INFO  : 'ps7_init' command is executed.
17:04:24 INFO  : 'ps7_post_config' command is executed.
17:04:24 INFO  : Context for processor 'ps7_cortexa9_0' is selected.
17:04:24 INFO  : Processor reset is completed for 'ps7_cortexa9_0'.
17:04:24 INFO  : Context for processor 'ps7_cortexa9_0' is selected.
17:04:24 INFO  : The application '/home/cmcnally/Repos/mai_project/Vivado/pwm_servo_control/pwm_servo_control.sdk/pwm_servo_bsp_xtmrctr_pwm_example_1/Debug/pwm_servo_bsp_xtmrctr_pwm_example_1.elf' is downloaded to processor 'ps7_cortexa9_0'.
17:04:24 INFO  : 'configparams force-mem-access 0' command is executed.
17:04:24 INFO  : ----------------XSDB Script----------------
connect -url tcp:127.0.0.1:3121
source /home/cmcnally/Repos/mai_project/Vivado/pwm_servo_control/pwm_servo_control.sdk/pwm_servo_wrapper_hw_platform_0/ps7_init.tcl
targets -set -nocase -filter {name =~"APU*" && jtag_cable_name =~ "Xilinx TUL 1234-tulA"} -index 0
loadhw -hw /home/cmcnally/Repos/mai_project/Vivado/pwm_servo_control/pwm_servo_control.sdk/pwm_servo_wrapper_hw_platform_0/system.hdf -mem-ranges [list {0x40000000 0xbfffffff}]
configparams force-mem-access 1
targets -set -nocase -filter {name =~"APU*" && jtag_cable_name =~ "Xilinx TUL 1234-tulA"} -index 0
stop
ps7_init
ps7_post_config
targets -set -nocase -filter {name =~ "ARM*#0" && jtag_cable_name =~ "Xilinx TUL 1234-tulA"} -index 0
rst -processor
targets -set -nocase -filter {name =~ "ARM*#0" && jtag_cable_name =~ "Xilinx TUL 1234-tulA"} -index 0
dow /home/cmcnally/Repos/mai_project/Vivado/pwm_servo_control/pwm_servo_control.sdk/pwm_servo_bsp_xtmrctr_pwm_example_1/Debug/pwm_servo_bsp_xtmrctr_pwm_example_1.elf
configparams force-mem-access 0
----------------End of Script----------------

17:04:24 INFO  : Memory regions updated for context APU
17:04:24 INFO  : Context for processor 'ps7_cortexa9_0' is selected.
17:04:24 INFO  : 'con' command is executed.
17:04:24 INFO  : ----------------XSDB Script (After Launch)----------------
targets -set -nocase -filter {name =~ "ARM*#0" && jtag_cable_name =~ "Xilinx TUL 1234-tulA"} -index 0
con
----------------End of Script----------------

17:04:24 INFO  : Launch script is exported to file '/home/cmcnally/Repos/mai_project/Vivado/pwm_servo_control/pwm_servo_control.sdk/.sdk/launch_scripts/xilinx_c-c++_application_(system_debugger)/system_debugger_using_debug_pwm_servo_bsp_xtmrctr_pwm_example_1.elf_on_local.tcl'
17:06:17 INFO  : Disconnected from the channel tcfchan#5.
17:06:18 INFO  : Connected to target on host '127.0.0.1' and port '3121'.
17:06:18 INFO  : Jtag cable 'Xilinx TUL 1234-tulA' is selected.
17:06:18 INFO  : 'jtag frequency' command is executed.
17:06:18 INFO  : Sourcing of '/home/cmcnally/Repos/mai_project/Vivado/pwm_servo_control/pwm_servo_control.sdk/pwm_servo_wrapper_hw_platform_0/ps7_init.tcl' is done.
17:06:18 INFO  : Context for 'APU' is selected.
17:06:18 INFO  : System reset is completed.
17:06:21 INFO  : 'after 3000' command is executed.
17:06:21 INFO  : 'targets -set -filter {jtag_cable_name =~ "Xilinx TUL 1234-tulA" && level==0} -index 1' command is executed.
17:06:23 INFO  : FPGA configured successfully with bitstream "/home/cmcnally/Repos/mai_project/Vivado/pwm_servo_control/pwm_servo_control.sdk/pwm_servo_wrapper_hw_platform_0/pwm_servo_wrapper.bit"
17:06:23 INFO  : Context for 'APU' is selected.
17:06:25 INFO  : Hardware design information is loaded from '/home/cmcnally/Repos/mai_project/Vivado/pwm_servo_control/pwm_servo_control.sdk/pwm_servo_wrapper_hw_platform_0/system.hdf'.
17:06:25 INFO  : 'configparams force-mem-access 1' command is executed.
17:06:25 INFO  : Context for 'APU' is selected.
17:06:25 INFO  : 'ps7_init' command is executed.
17:06:25 INFO  : 'ps7_post_config' command is executed.
17:06:25 INFO  : Context for processor 'ps7_cortexa9_0' is selected.
17:06:25 INFO  : The application '/home/cmcnally/Repos/mai_project/Vivado/pwm_servo_control/pwm_servo_control.sdk/pwm_servo_bsp_xtmrctr_pwm_example_2/Debug/pwm_servo_bsp_xtmrctr_pwm_example_2.elf' is downloaded to processor 'ps7_cortexa9_0'.
17:06:25 INFO  : 'configparams force-mem-access 0' command is executed.
17:06:25 INFO  : ----------------XSDB Script----------------
connect -url tcp:127.0.0.1:3121
source /home/cmcnally/Repos/mai_project/Vivado/pwm_servo_control/pwm_servo_control.sdk/pwm_servo_wrapper_hw_platform_0/ps7_init.tcl
targets -set -nocase -filter {name =~"APU*" && jtag_cable_name =~ "Xilinx TUL 1234-tulA"} -index 0
rst -system
after 3000
targets -set -filter {jtag_cable_name =~ "Xilinx TUL 1234-tulA" && level==0} -index 1
fpga -file /home/cmcnally/Repos/mai_project/Vivado/pwm_servo_control/pwm_servo_control.sdk/pwm_servo_wrapper_hw_platform_0/pwm_servo_wrapper.bit
targets -set -nocase -filter {name =~"APU*" && jtag_cable_name =~ "Xilinx TUL 1234-tulA"} -index 0
loadhw -hw /home/cmcnally/Repos/mai_project/Vivado/pwm_servo_control/pwm_servo_control.sdk/pwm_servo_wrapper_hw_platform_0/system.hdf -mem-ranges [list {0x40000000 0xbfffffff}]
configparams force-mem-access 1
targets -set -nocase -filter {name =~"APU*" && jtag_cable_name =~ "Xilinx TUL 1234-tulA"} -index 0
ps7_init
ps7_post_config
targets -set -nocase -filter {name =~ "ARM*#0" && jtag_cable_name =~ "Xilinx TUL 1234-tulA"} -index 0
dow /home/cmcnally/Repos/mai_project/Vivado/pwm_servo_control/pwm_servo_control.sdk/pwm_servo_bsp_xtmrctr_pwm_example_2/Debug/pwm_servo_bsp_xtmrctr_pwm_example_2.elf
configparams force-mem-access 0
----------------End of Script----------------

17:06:25 INFO  : Memory regions updated for context APU
17:06:25 INFO  : Context for processor 'ps7_cortexa9_0' is selected.
17:06:25 INFO  : 'con' command is executed.
17:06:25 INFO  : ----------------XSDB Script (After Launch)----------------
targets -set -nocase -filter {name =~ "ARM*#0" && jtag_cable_name =~ "Xilinx TUL 1234-tulA"} -index 0
con
----------------End of Script----------------

17:06:25 INFO  : Launch script is exported to file '/home/cmcnally/Repos/mai_project/Vivado/pwm_servo_control/pwm_servo_control.sdk/.sdk/launch_scripts/xilinx_c-c++_application_(system_debugger)/system_debugger_using_debug_pwm_servo_bsp_xtmrctr_pwm_example_2.elf_on_local.tcl'
17:16:58 INFO  : Disconnected from the channel tcfchan#6.
17:16:59 INFO  : 'targets -set -filter {jtag_cable_name =~ "Xilinx TUL 1234-tulA" && level==0} -index 1' command is executed.
17:16:59 INFO  : 'fpga -state' command is executed.
17:16:59 INFO  : Connected to target on host '127.0.0.1' and port '3121'.
17:16:59 INFO  : Jtag cable 'Xilinx TUL 1234-tulA' is selected.
17:16:59 INFO  : 'jtag frequency' command is executed.
17:16:59 INFO  : Sourcing of '/home/cmcnally/Repos/mai_project/Vivado/pwm_servo_control/pwm_servo_control.sdk/pwm_servo_wrapper_hw_platform_0/ps7_init.tcl' is done.
17:16:59 INFO  : Context for 'APU' is selected.
17:17:00 INFO  : Hardware design information is loaded from '/home/cmcnally/Repos/mai_project/Vivado/pwm_servo_control/pwm_servo_control.sdk/pwm_servo_wrapper_hw_platform_0/system.hdf'.
17:17:00 INFO  : 'configparams force-mem-access 1' command is executed.
17:17:01 INFO  : Context for 'APU' is selected.
17:17:01 INFO  : 'stop' command is executed.
17:17:01 INFO  : 'ps7_init' command is executed.
17:17:01 INFO  : 'ps7_post_config' command is executed.
17:17:01 INFO  : Context for processor 'ps7_cortexa9_0' is selected.
17:17:01 INFO  : Processor reset is completed for 'ps7_cortexa9_0'.
17:17:01 INFO  : Context for processor 'ps7_cortexa9_0' is selected.
17:17:01 INFO  : The application '/home/cmcnally/Repos/mai_project/Vivado/pwm_servo_control/pwm_servo_control.sdk/pwm_servo_bsp_xtmrctr_pwm_example_1/Debug/pwm_servo_bsp_xtmrctr_pwm_example_1.elf' is downloaded to processor 'ps7_cortexa9_0'.
17:17:01 INFO  : 'configparams force-mem-access 0' command is executed.
17:17:01 INFO  : ----------------XSDB Script----------------
connect -url tcp:127.0.0.1:3121
source /home/cmcnally/Repos/mai_project/Vivado/pwm_servo_control/pwm_servo_control.sdk/pwm_servo_wrapper_hw_platform_0/ps7_init.tcl
targets -set -nocase -filter {name =~"APU*" && jtag_cable_name =~ "Xilinx TUL 1234-tulA"} -index 0
loadhw -hw /home/cmcnally/Repos/mai_project/Vivado/pwm_servo_control/pwm_servo_control.sdk/pwm_servo_wrapper_hw_platform_0/system.hdf -mem-ranges [list {0x40000000 0xbfffffff}]
configparams force-mem-access 1
targets -set -nocase -filter {name =~"APU*" && jtag_cable_name =~ "Xilinx TUL 1234-tulA"} -index 0
stop
ps7_init
ps7_post_config
targets -set -nocase -filter {name =~ "ARM*#0" && jtag_cable_name =~ "Xilinx TUL 1234-tulA"} -index 0
rst -processor
targets -set -nocase -filter {name =~ "ARM*#0" && jtag_cable_name =~ "Xilinx TUL 1234-tulA"} -index 0
dow /home/cmcnally/Repos/mai_project/Vivado/pwm_servo_control/pwm_servo_control.sdk/pwm_servo_bsp_xtmrctr_pwm_example_1/Debug/pwm_servo_bsp_xtmrctr_pwm_example_1.elf
configparams force-mem-access 0
----------------End of Script----------------

17:17:01 INFO  : Memory regions updated for context APU
17:17:01 INFO  : Context for processor 'ps7_cortexa9_0' is selected.
17:17:01 INFO  : 'con' command is executed.
17:17:01 INFO  : ----------------XSDB Script (After Launch)----------------
targets -set -nocase -filter {name =~ "ARM*#0" && jtag_cable_name =~ "Xilinx TUL 1234-tulA"} -index 0
con
----------------End of Script----------------

17:17:01 INFO  : Launch script is exported to file '/home/cmcnally/Repos/mai_project/Vivado/pwm_servo_control/pwm_servo_control.sdk/.sdk/launch_scripts/xilinx_c-c++_application_(system_debugger)/system_debugger_using_debug_pwm_servo_bsp_xtmrctr_pwm_example_1.elf_on_local.tcl'
17:21:29 INFO  : Disconnected from the channel tcfchan#7.
17:21:30 INFO  : 'targets -set -filter {jtag_cable_name =~ "Xilinx TUL 1234-tulA" && level==0} -index 1' command is executed.
17:21:31 INFO  : 'fpga -state' command is executed.
17:21:31 INFO  : Connected to target on host '127.0.0.1' and port '3121'.
17:21:31 INFO  : Jtag cable 'Xilinx TUL 1234-tulA' is selected.
17:21:31 INFO  : 'jtag frequency' command is executed.
17:21:31 INFO  : Sourcing of '/home/cmcnally/Repos/mai_project/Vivado/pwm_servo_control/pwm_servo_control.sdk/pwm_servo_wrapper_hw_platform_0/ps7_init.tcl' is done.
17:21:31 INFO  : Context for 'APU' is selected.
17:21:32 INFO  : Hardware design information is loaded from '/home/cmcnally/Repos/mai_project/Vivado/pwm_servo_control/pwm_servo_control.sdk/pwm_servo_wrapper_hw_platform_0/system.hdf'.
17:21:32 INFO  : 'configparams force-mem-access 1' command is executed.
17:21:32 INFO  : Context for 'APU' is selected.
17:21:32 INFO  : 'stop' command is executed.
17:21:32 INFO  : 'ps7_init' command is executed.
17:21:32 INFO  : 'ps7_post_config' command is executed.
17:21:32 INFO  : Context for processor 'ps7_cortexa9_0' is selected.
17:21:32 INFO  : Processor reset is completed for 'ps7_cortexa9_0'.
17:21:32 INFO  : Context for processor 'ps7_cortexa9_0' is selected.
17:21:32 INFO  : The application '/home/cmcnally/Repos/mai_project/Vivado/pwm_servo_control/pwm_servo_control.sdk/pwm_servo_bsp_xtmrctr_pwm_example_1/Debug/pwm_servo_bsp_xtmrctr_pwm_example_1.elf' is downloaded to processor 'ps7_cortexa9_0'.
17:21:32 INFO  : 'configparams force-mem-access 0' command is executed.
17:21:33 INFO  : ----------------XSDB Script----------------
connect -url tcp:127.0.0.1:3121
source /home/cmcnally/Repos/mai_project/Vivado/pwm_servo_control/pwm_servo_control.sdk/pwm_servo_wrapper_hw_platform_0/ps7_init.tcl
targets -set -nocase -filter {name =~"APU*" && jtag_cable_name =~ "Xilinx TUL 1234-tulA"} -index 0
loadhw -hw /home/cmcnally/Repos/mai_project/Vivado/pwm_servo_control/pwm_servo_control.sdk/pwm_servo_wrapper_hw_platform_0/system.hdf -mem-ranges [list {0x40000000 0xbfffffff}]
configparams force-mem-access 1
targets -set -nocase -filter {name =~"APU*" && jtag_cable_name =~ "Xilinx TUL 1234-tulA"} -index 0
stop
ps7_init
ps7_post_config
targets -set -nocase -filter {name =~ "ARM*#0" && jtag_cable_name =~ "Xilinx TUL 1234-tulA"} -index 0
rst -processor
targets -set -nocase -filter {name =~ "ARM*#0" && jtag_cable_name =~ "Xilinx TUL 1234-tulA"} -index 0
dow /home/cmcnally/Repos/mai_project/Vivado/pwm_servo_control/pwm_servo_control.sdk/pwm_servo_bsp_xtmrctr_pwm_example_1/Debug/pwm_servo_bsp_xtmrctr_pwm_example_1.elf
configparams force-mem-access 0
----------------End of Script----------------

17:21:33 INFO  : Memory regions updated for context APU
17:21:33 INFO  : Context for processor 'ps7_cortexa9_0' is selected.
17:21:33 INFO  : 'con' command is executed.
17:21:33 INFO  : ----------------XSDB Script (After Launch)----------------
targets -set -nocase -filter {name =~ "ARM*#0" && jtag_cable_name =~ "Xilinx TUL 1234-tulA"} -index 0
con
----------------End of Script----------------

17:21:33 INFO  : Launch script is exported to file '/home/cmcnally/Repos/mai_project/Vivado/pwm_servo_control/pwm_servo_control.sdk/.sdk/launch_scripts/xilinx_c-c++_application_(system_debugger)/system_debugger_using_debug_pwm_servo_bsp_xtmrctr_pwm_example_1.elf_on_local.tcl'
17:21:41 INFO  : Disconnected from the channel tcfchan#8.
17:21:42 INFO  : 'targets -set -filter {jtag_cable_name =~ "Xilinx TUL 1234-tulA" && level==0} -index 1' command is executed.
17:21:42 INFO  : 'fpga -state' command is executed.
17:21:42 INFO  : Connected to target on host '127.0.0.1' and port '3121'.
17:21:42 INFO  : Jtag cable 'Xilinx TUL 1234-tulA' is selected.
17:21:42 INFO  : 'jtag frequency' command is executed.
17:21:42 INFO  : Sourcing of '/home/cmcnally/Repos/mai_project/Vivado/pwm_servo_control/pwm_servo_control.sdk/pwm_servo_wrapper_hw_platform_0/ps7_init.tcl' is done.
17:21:42 INFO  : Context for 'APU' is selected.
17:21:43 INFO  : Hardware design information is loaded from '/home/cmcnally/Repos/mai_project/Vivado/pwm_servo_control/pwm_servo_control.sdk/pwm_servo_wrapper_hw_platform_0/system.hdf'.
17:21:43 INFO  : 'configparams force-mem-access 1' command is executed.
17:21:43 INFO  : Context for 'APU' is selected.
17:21:43 INFO  : 'stop' command is executed.
17:21:44 INFO  : 'ps7_init' command is executed.
17:21:44 INFO  : 'ps7_post_config' command is executed.
17:21:44 INFO  : Context for processor 'ps7_cortexa9_0' is selected.
17:21:44 INFO  : Processor reset is completed for 'ps7_cortexa9_0'.
17:21:44 INFO  : Context for processor 'ps7_cortexa9_0' is selected.
17:21:44 INFO  : The application '/home/cmcnally/Repos/mai_project/Vivado/pwm_servo_control/pwm_servo_control.sdk/pwm_servo_bsp_xtmrctr_pwm_example_1/Debug/pwm_servo_bsp_xtmrctr_pwm_example_1.elf' is downloaded to processor 'ps7_cortexa9_0'.
17:21:44 INFO  : 'configparams force-mem-access 0' command is executed.
17:21:44 INFO  : ----------------XSDB Script----------------
connect -url tcp:127.0.0.1:3121
source /home/cmcnally/Repos/mai_project/Vivado/pwm_servo_control/pwm_servo_control.sdk/pwm_servo_wrapper_hw_platform_0/ps7_init.tcl
targets -set -nocase -filter {name =~"APU*" && jtag_cable_name =~ "Xilinx TUL 1234-tulA"} -index 0
loadhw -hw /home/cmcnally/Repos/mai_project/Vivado/pwm_servo_control/pwm_servo_control.sdk/pwm_servo_wrapper_hw_platform_0/system.hdf -mem-ranges [list {0x40000000 0xbfffffff}]
configparams force-mem-access 1
targets -set -nocase -filter {name =~"APU*" && jtag_cable_name =~ "Xilinx TUL 1234-tulA"} -index 0
stop
ps7_init
ps7_post_config
targets -set -nocase -filter {name =~ "ARM*#0" && jtag_cable_name =~ "Xilinx TUL 1234-tulA"} -index 0
rst -processor
targets -set -nocase -filter {name =~ "ARM*#0" && jtag_cable_name =~ "Xilinx TUL 1234-tulA"} -index 0
dow /home/cmcnally/Repos/mai_project/Vivado/pwm_servo_control/pwm_servo_control.sdk/pwm_servo_bsp_xtmrctr_pwm_example_1/Debug/pwm_servo_bsp_xtmrctr_pwm_example_1.elf
configparams force-mem-access 0
----------------End of Script----------------

17:21:44 INFO  : Memory regions updated for context APU
17:21:44 INFO  : Context for processor 'ps7_cortexa9_0' is selected.
17:21:44 INFO  : 'con' command is executed.
17:21:44 INFO  : ----------------XSDB Script (After Launch)----------------
targets -set -nocase -filter {name =~ "ARM*#0" && jtag_cable_name =~ "Xilinx TUL 1234-tulA"} -index 0
con
----------------End of Script----------------

17:21:44 INFO  : Launch script is exported to file '/home/cmcnally/Repos/mai_project/Vivado/pwm_servo_control/pwm_servo_control.sdk/.sdk/launch_scripts/xilinx_c-c++_application_(system_debugger)/system_debugger_using_debug_pwm_servo_bsp_xtmrctr_pwm_example_1.elf_on_local.tcl'
17:27:20 INFO  : Disconnected from the channel tcfchan#9.
17:27:21 INFO  : 'targets -set -filter {jtag_cable_name =~ "Xilinx TUL 1234-tulA" && level==0} -index 1' command is executed.
17:27:21 INFO  : 'fpga -state' command is executed.
17:27:21 INFO  : Connected to target on host '127.0.0.1' and port '3121'.
17:27:21 INFO  : Jtag cable 'Xilinx TUL 1234-tulA' is selected.
17:27:21 INFO  : 'jtag frequency' command is executed.
17:27:21 INFO  : Sourcing of '/home/cmcnally/Repos/mai_project/Vivado/pwm_servo_control/pwm_servo_control.sdk/pwm_servo_wrapper_hw_platform_0/ps7_init.tcl' is done.
17:27:21 INFO  : Context for 'APU' is selected.
17:27:23 INFO  : Hardware design information is loaded from '/home/cmcnally/Repos/mai_project/Vivado/pwm_servo_control/pwm_servo_control.sdk/pwm_servo_wrapper_hw_platform_0/system.hdf'.
17:27:23 INFO  : 'configparams force-mem-access 1' command is executed.
17:27:23 INFO  : Context for 'APU' is selected.
17:27:23 INFO  : 'stop' command is executed.
17:27:23 INFO  : 'ps7_init' command is executed.
17:27:23 INFO  : 'ps7_post_config' command is executed.
17:27:23 INFO  : Context for processor 'ps7_cortexa9_0' is selected.
17:27:23 INFO  : Processor reset is completed for 'ps7_cortexa9_0'.
17:27:23 INFO  : Context for processor 'ps7_cortexa9_0' is selected.
17:27:23 INFO  : The application '/home/cmcnally/Repos/mai_project/Vivado/pwm_servo_control/pwm_servo_control.sdk/pwm_servo_bsp_xtmrctr_pwm_example_1/Debug/pwm_servo_bsp_xtmrctr_pwm_example_1.elf' is downloaded to processor 'ps7_cortexa9_0'.
17:27:23 INFO  : 'configparams force-mem-access 0' command is executed.
17:27:23 INFO  : ----------------XSDB Script----------------
connect -url tcp:127.0.0.1:3121
source /home/cmcnally/Repos/mai_project/Vivado/pwm_servo_control/pwm_servo_control.sdk/pwm_servo_wrapper_hw_platform_0/ps7_init.tcl
targets -set -nocase -filter {name =~"APU*" && jtag_cable_name =~ "Xilinx TUL 1234-tulA"} -index 0
loadhw -hw /home/cmcnally/Repos/mai_project/Vivado/pwm_servo_control/pwm_servo_control.sdk/pwm_servo_wrapper_hw_platform_0/system.hdf -mem-ranges [list {0x40000000 0xbfffffff}]
configparams force-mem-access 1
targets -set -nocase -filter {name =~"APU*" && jtag_cable_name =~ "Xilinx TUL 1234-tulA"} -index 0
stop
ps7_init
ps7_post_config
targets -set -nocase -filter {name =~ "ARM*#0" && jtag_cable_name =~ "Xilinx TUL 1234-tulA"} -index 0
rst -processor
targets -set -nocase -filter {name =~ "ARM*#0" && jtag_cable_name =~ "Xilinx TUL 1234-tulA"} -index 0
dow /home/cmcnally/Repos/mai_project/Vivado/pwm_servo_control/pwm_servo_control.sdk/pwm_servo_bsp_xtmrctr_pwm_example_1/Debug/pwm_servo_bsp_xtmrctr_pwm_example_1.elf
configparams force-mem-access 0
----------------End of Script----------------

17:27:23 INFO  : Memory regions updated for context APU
17:27:24 INFO  : Context for processor 'ps7_cortexa9_0' is selected.
17:27:24 INFO  : 'con' command is executed.
17:27:24 INFO  : ----------------XSDB Script (After Launch)----------------
targets -set -nocase -filter {name =~ "ARM*#0" && jtag_cable_name =~ "Xilinx TUL 1234-tulA"} -index 0
con
----------------End of Script----------------

17:27:24 INFO  : Launch script is exported to file '/home/cmcnally/Repos/mai_project/Vivado/pwm_servo_control/pwm_servo_control.sdk/.sdk/launch_scripts/xilinx_c-c++_application_(system_debugger)/system_debugger_using_debug_pwm_servo_bsp_xtmrctr_pwm_example_1.elf_on_local.tcl'
17:28:35 INFO  : Disconnected from the channel tcfchan#10.
17:28:36 INFO  : 'targets -set -filter {jtag_cable_name =~ "Xilinx TUL 1234-tulA" && level==0} -index 1' command is executed.
17:28:36 INFO  : 'fpga -state' command is executed.
17:28:36 INFO  : Connected to target on host '127.0.0.1' and port '3121'.
17:28:36 INFO  : Jtag cable 'Xilinx TUL 1234-tulA' is selected.
17:28:36 INFO  : 'jtag frequency' command is executed.
17:28:36 INFO  : Sourcing of '/home/cmcnally/Repos/mai_project/Vivado/pwm_servo_control/pwm_servo_control.sdk/pwm_servo_wrapper_hw_platform_0/ps7_init.tcl' is done.
17:28:36 INFO  : Context for 'APU' is selected.
17:28:37 INFO  : Hardware design information is loaded from '/home/cmcnally/Repos/mai_project/Vivado/pwm_servo_control/pwm_servo_control.sdk/pwm_servo_wrapper_hw_platform_0/system.hdf'.
17:28:37 INFO  : 'configparams force-mem-access 1' command is executed.
17:28:37 INFO  : Context for 'APU' is selected.
17:28:37 INFO  : 'stop' command is executed.
17:28:38 INFO  : 'ps7_init' command is executed.
17:28:38 INFO  : 'ps7_post_config' command is executed.
17:28:38 INFO  : Context for processor 'ps7_cortexa9_0' is selected.
17:28:38 INFO  : Processor reset is completed for 'ps7_cortexa9_0'.
17:28:38 INFO  : Context for processor 'ps7_cortexa9_0' is selected.
17:28:38 INFO  : The application '/home/cmcnally/Repos/mai_project/Vivado/pwm_servo_control/pwm_servo_control.sdk/pwm_servo_bsp_xtmrctr_pwm_example_1/Debug/pwm_servo_bsp_xtmrctr_pwm_example_1.elf' is downloaded to processor 'ps7_cortexa9_0'.
17:28:38 INFO  : 'configparams force-mem-access 0' command is executed.
17:28:38 INFO  : ----------------XSDB Script----------------
connect -url tcp:127.0.0.1:3121
source /home/cmcnally/Repos/mai_project/Vivado/pwm_servo_control/pwm_servo_control.sdk/pwm_servo_wrapper_hw_platform_0/ps7_init.tcl
targets -set -nocase -filter {name =~"APU*" && jtag_cable_name =~ "Xilinx TUL 1234-tulA"} -index 0
loadhw -hw /home/cmcnally/Repos/mai_project/Vivado/pwm_servo_control/pwm_servo_control.sdk/pwm_servo_wrapper_hw_platform_0/system.hdf -mem-ranges [list {0x40000000 0xbfffffff}]
configparams force-mem-access 1
targets -set -nocase -filter {name =~"APU*" && jtag_cable_name =~ "Xilinx TUL 1234-tulA"} -index 0
stop
ps7_init
ps7_post_config
targets -set -nocase -filter {name =~ "ARM*#0" && jtag_cable_name =~ "Xilinx TUL 1234-tulA"} -index 0
rst -processor
targets -set -nocase -filter {name =~ "ARM*#0" && jtag_cable_name =~ "Xilinx TUL 1234-tulA"} -index 0
dow /home/cmcnally/Repos/mai_project/Vivado/pwm_servo_control/pwm_servo_control.sdk/pwm_servo_bsp_xtmrctr_pwm_example_1/Debug/pwm_servo_bsp_xtmrctr_pwm_example_1.elf
configparams force-mem-access 0
----------------End of Script----------------

17:28:38 INFO  : Memory regions updated for context APU
17:28:38 INFO  : Context for processor 'ps7_cortexa9_0' is selected.
17:28:38 INFO  : 'con' command is executed.
17:28:38 INFO  : ----------------XSDB Script (After Launch)----------------
targets -set -nocase -filter {name =~ "ARM*#0" && jtag_cable_name =~ "Xilinx TUL 1234-tulA"} -index 0
con
----------------End of Script----------------

17:28:38 INFO  : Launch script is exported to file '/home/cmcnally/Repos/mai_project/Vivado/pwm_servo_control/pwm_servo_control.sdk/.sdk/launch_scripts/xilinx_c-c++_application_(system_debugger)/system_debugger_using_debug_pwm_servo_bsp_xtmrctr_pwm_example_1.elf_on_local.tcl'
17:29:51 INFO  : Disconnected from the channel tcfchan#11.
17:29:52 INFO  : 'targets -set -filter {jtag_cable_name =~ "Xilinx TUL 1234-tulA" && level==0} -index 1' command is executed.
17:29:52 INFO  : 'fpga -state' command is executed.
17:29:52 INFO  : Connected to target on host '127.0.0.1' and port '3121'.
17:29:52 INFO  : Jtag cable 'Xilinx TUL 1234-tulA' is selected.
17:29:52 INFO  : 'jtag frequency' command is executed.
17:29:52 INFO  : Sourcing of '/home/cmcnally/Repos/mai_project/Vivado/pwm_servo_control/pwm_servo_control.sdk/pwm_servo_wrapper_hw_platform_0/ps7_init.tcl' is done.
17:29:52 INFO  : Context for 'APU' is selected.
17:29:54 INFO  : Hardware design information is loaded from '/home/cmcnally/Repos/mai_project/Vivado/pwm_servo_control/pwm_servo_control.sdk/pwm_servo_wrapper_hw_platform_0/system.hdf'.
17:29:54 INFO  : 'configparams force-mem-access 1' command is executed.
17:29:54 INFO  : Context for 'APU' is selected.
17:29:54 INFO  : 'stop' command is executed.
17:29:54 INFO  : 'ps7_init' command is executed.
17:29:54 INFO  : 'ps7_post_config' command is executed.
17:29:54 INFO  : Context for processor 'ps7_cortexa9_0' is selected.
17:29:54 INFO  : Processor reset is completed for 'ps7_cortexa9_0'.
17:29:54 INFO  : Context for processor 'ps7_cortexa9_0' is selected.
17:29:54 INFO  : The application '/home/cmcnally/Repos/mai_project/Vivado/pwm_servo_control/pwm_servo_control.sdk/pwm_servo_bsp_xtmrctr_pwm_example_1/Debug/pwm_servo_bsp_xtmrctr_pwm_example_1.elf' is downloaded to processor 'ps7_cortexa9_0'.
17:29:54 INFO  : 'configparams force-mem-access 0' command is executed.
17:29:54 INFO  : ----------------XSDB Script----------------
connect -url tcp:127.0.0.1:3121
source /home/cmcnally/Repos/mai_project/Vivado/pwm_servo_control/pwm_servo_control.sdk/pwm_servo_wrapper_hw_platform_0/ps7_init.tcl
targets -set -nocase -filter {name =~"APU*" && jtag_cable_name =~ "Xilinx TUL 1234-tulA"} -index 0
loadhw -hw /home/cmcnally/Repos/mai_project/Vivado/pwm_servo_control/pwm_servo_control.sdk/pwm_servo_wrapper_hw_platform_0/system.hdf -mem-ranges [list {0x40000000 0xbfffffff}]
configparams force-mem-access 1
targets -set -nocase -filter {name =~"APU*" && jtag_cable_name =~ "Xilinx TUL 1234-tulA"} -index 0
stop
ps7_init
ps7_post_config
targets -set -nocase -filter {name =~ "ARM*#0" && jtag_cable_name =~ "Xilinx TUL 1234-tulA"} -index 0
rst -processor
targets -set -nocase -filter {name =~ "ARM*#0" && jtag_cable_name =~ "Xilinx TUL 1234-tulA"} -index 0
dow /home/cmcnally/Repos/mai_project/Vivado/pwm_servo_control/pwm_servo_control.sdk/pwm_servo_bsp_xtmrctr_pwm_example_1/Debug/pwm_servo_bsp_xtmrctr_pwm_example_1.elf
configparams force-mem-access 0
----------------End of Script----------------

17:29:54 INFO  : Memory regions updated for context APU
17:29:54 INFO  : Context for processor 'ps7_cortexa9_0' is selected.
17:29:54 INFO  : 'con' command is executed.
17:29:54 INFO  : ----------------XSDB Script (After Launch)----------------
targets -set -nocase -filter {name =~ "ARM*#0" && jtag_cable_name =~ "Xilinx TUL 1234-tulA"} -index 0
con
----------------End of Script----------------

17:29:54 INFO  : Launch script is exported to file '/home/cmcnally/Repos/mai_project/Vivado/pwm_servo_control/pwm_servo_control.sdk/.sdk/launch_scripts/xilinx_c-c++_application_(system_debugger)/system_debugger_using_debug_pwm_servo_bsp_xtmrctr_pwm_example_1.elf_on_local.tcl'
17:30:40 INFO  : Disconnected from the channel tcfchan#12.
17:30:41 INFO  : 'targets -set -filter {jtag_cable_name =~ "Xilinx TUL 1234-tulA" && level==0} -index 1' command is executed.
17:30:41 INFO  : 'fpga -state' command is executed.
17:30:41 INFO  : Connected to target on host '127.0.0.1' and port '3121'.
17:30:41 INFO  : Jtag cable 'Xilinx TUL 1234-tulA' is selected.
17:30:41 INFO  : 'jtag frequency' command is executed.
17:30:41 INFO  : Sourcing of '/home/cmcnally/Repos/mai_project/Vivado/pwm_servo_control/pwm_servo_control.sdk/pwm_servo_wrapper_hw_platform_0/ps7_init.tcl' is done.
17:30:41 INFO  : Context for 'APU' is selected.
17:30:43 INFO  : Hardware design information is loaded from '/home/cmcnally/Repos/mai_project/Vivado/pwm_servo_control/pwm_servo_control.sdk/pwm_servo_wrapper_hw_platform_0/system.hdf'.
17:30:43 INFO  : 'configparams force-mem-access 1' command is executed.
17:30:43 INFO  : Context for 'APU' is selected.
17:30:43 INFO  : 'stop' command is executed.
17:30:43 INFO  : 'ps7_init' command is executed.
17:30:43 INFO  : 'ps7_post_config' command is executed.
17:30:43 INFO  : Context for processor 'ps7_cortexa9_0' is selected.
17:30:43 INFO  : Processor reset is completed for 'ps7_cortexa9_0'.
17:30:43 INFO  : Context for processor 'ps7_cortexa9_0' is selected.
17:30:43 INFO  : The application '/home/cmcnally/Repos/mai_project/Vivado/pwm_servo_control/pwm_servo_control.sdk/pwm_servo_bsp_xtmrctr_pwm_example_1/Debug/pwm_servo_bsp_xtmrctr_pwm_example_1.elf' is downloaded to processor 'ps7_cortexa9_0'.
17:30:43 INFO  : 'configparams force-mem-access 0' command is executed.
17:30:43 INFO  : ----------------XSDB Script----------------
connect -url tcp:127.0.0.1:3121
source /home/cmcnally/Repos/mai_project/Vivado/pwm_servo_control/pwm_servo_control.sdk/pwm_servo_wrapper_hw_platform_0/ps7_init.tcl
targets -set -nocase -filter {name =~"APU*" && jtag_cable_name =~ "Xilinx TUL 1234-tulA"} -index 0
loadhw -hw /home/cmcnally/Repos/mai_project/Vivado/pwm_servo_control/pwm_servo_control.sdk/pwm_servo_wrapper_hw_platform_0/system.hdf -mem-ranges [list {0x40000000 0xbfffffff}]
configparams force-mem-access 1
targets -set -nocase -filter {name =~"APU*" && jtag_cable_name =~ "Xilinx TUL 1234-tulA"} -index 0
stop
ps7_init
ps7_post_config
targets -set -nocase -filter {name =~ "ARM*#0" && jtag_cable_name =~ "Xilinx TUL 1234-tulA"} -index 0
rst -processor
targets -set -nocase -filter {name =~ "ARM*#0" && jtag_cable_name =~ "Xilinx TUL 1234-tulA"} -index 0
dow /home/cmcnally/Repos/mai_project/Vivado/pwm_servo_control/pwm_servo_control.sdk/pwm_servo_bsp_xtmrctr_pwm_example_1/Debug/pwm_servo_bsp_xtmrctr_pwm_example_1.elf
configparams force-mem-access 0
----------------End of Script----------------

17:30:43 INFO  : Memory regions updated for context APU
17:30:43 INFO  : Context for processor 'ps7_cortexa9_0' is selected.
17:30:43 INFO  : 'con' command is executed.
17:30:43 INFO  : ----------------XSDB Script (After Launch)----------------
targets -set -nocase -filter {name =~ "ARM*#0" && jtag_cable_name =~ "Xilinx TUL 1234-tulA"} -index 0
con
----------------End of Script----------------

17:30:43 INFO  : Launch script is exported to file '/home/cmcnally/Repos/mai_project/Vivado/pwm_servo_control/pwm_servo_control.sdk/.sdk/launch_scripts/xilinx_c-c++_application_(system_debugger)/system_debugger_using_debug_pwm_servo_bsp_xtmrctr_pwm_example_1.elf_on_local.tcl'
17:31:01 INFO  : Disconnected from the channel tcfchan#13.
17:31:02 INFO  : Connected to target on host '127.0.0.1' and port '3121'.
17:31:02 INFO  : Jtag cable 'Xilinx TUL 1234-tulA' is selected.
17:31:02 INFO  : 'jtag frequency' command is executed.
17:31:02 INFO  : Sourcing of '/home/cmcnally/Repos/mai_project/Vivado/pwm_servo_control/pwm_servo_control.sdk/pwm_servo_wrapper_hw_platform_0/ps7_init.tcl' is done.
17:31:02 INFO  : Context for 'APU' is selected.
17:31:03 INFO  : System reset is completed.
17:31:06 INFO  : 'after 3000' command is executed.
17:31:06 INFO  : 'targets -set -filter {jtag_cable_name =~ "Xilinx TUL 1234-tulA" && level==0} -index 1' command is executed.
17:31:08 INFO  : FPGA configured successfully with bitstream "/home/cmcnally/Repos/mai_project/Vivado/pwm_servo_control/pwm_servo_control.sdk/pwm_servo_wrapper_hw_platform_0/pwm_servo_wrapper.bit"
17:31:08 INFO  : Context for 'APU' is selected.
17:31:10 INFO  : Hardware design information is loaded from '/home/cmcnally/Repos/mai_project/Vivado/pwm_servo_control/pwm_servo_control.sdk/pwm_servo_wrapper_hw_platform_0/system.hdf'.
17:31:10 INFO  : 'configparams force-mem-access 1' command is executed.
17:31:10 INFO  : Context for 'APU' is selected.
17:31:10 INFO  : 'ps7_init' command is executed.
17:31:10 INFO  : 'ps7_post_config' command is executed.
17:31:10 INFO  : Context for processor 'ps7_cortexa9_0' is selected.
17:31:10 INFO  : The application '/home/cmcnally/Repos/mai_project/Vivado/pwm_servo_control/pwm_servo_control.sdk/pwm_servo_bsp_xtmrctr_pwm_example_1/Debug/pwm_servo_bsp_xtmrctr_pwm_example_1.elf' is downloaded to processor 'ps7_cortexa9_0'.
17:31:10 INFO  : 'configparams force-mem-access 0' command is executed.
17:31:10 INFO  : ----------------XSDB Script----------------
connect -url tcp:127.0.0.1:3121
source /home/cmcnally/Repos/mai_project/Vivado/pwm_servo_control/pwm_servo_control.sdk/pwm_servo_wrapper_hw_platform_0/ps7_init.tcl
targets -set -nocase -filter {name =~"APU*" && jtag_cable_name =~ "Xilinx TUL 1234-tulA"} -index 0
rst -system
after 3000
targets -set -filter {jtag_cable_name =~ "Xilinx TUL 1234-tulA" && level==0} -index 1
fpga -file /home/cmcnally/Repos/mai_project/Vivado/pwm_servo_control/pwm_servo_control.sdk/pwm_servo_wrapper_hw_platform_0/pwm_servo_wrapper.bit
targets -set -nocase -filter {name =~"APU*" && jtag_cable_name =~ "Xilinx TUL 1234-tulA"} -index 0
loadhw -hw /home/cmcnally/Repos/mai_project/Vivado/pwm_servo_control/pwm_servo_control.sdk/pwm_servo_wrapper_hw_platform_0/system.hdf -mem-ranges [list {0x40000000 0xbfffffff}]
configparams force-mem-access 1
targets -set -nocase -filter {name =~"APU*" && jtag_cable_name =~ "Xilinx TUL 1234-tulA"} -index 0
ps7_init
ps7_post_config
targets -set -nocase -filter {name =~ "ARM*#0" && jtag_cable_name =~ "Xilinx TUL 1234-tulA"} -index 0
dow /home/cmcnally/Repos/mai_project/Vivado/pwm_servo_control/pwm_servo_control.sdk/pwm_servo_bsp_xtmrctr_pwm_example_1/Debug/pwm_servo_bsp_xtmrctr_pwm_example_1.elf
configparams force-mem-access 0
----------------End of Script----------------

17:31:10 INFO  : Memory regions updated for context APU
17:31:10 INFO  : Context for processor 'ps7_cortexa9_0' is selected.
17:31:10 INFO  : 'con' command is executed.
17:31:10 INFO  : ----------------XSDB Script (After Launch)----------------
targets -set -nocase -filter {name =~ "ARM*#0" && jtag_cable_name =~ "Xilinx TUL 1234-tulA"} -index 0
con
----------------End of Script----------------

17:31:10 INFO  : Launch script is exported to file '/home/cmcnally/Repos/mai_project/Vivado/pwm_servo_control/pwm_servo_control.sdk/.sdk/launch_scripts/xilinx_c-c++_application_(system_debugger)/system_debugger_using_debug_pwm_servo_bsp_xtmrctr_pwm_example_1.elf_on_local.tcl'
17:31:31 INFO  : Disconnected from the channel tcfchan#14.
17:31:32 INFO  : Connected to target on host '127.0.0.1' and port '3121'.
17:31:32 INFO  : Jtag cable 'Xilinx TUL 1234-tulA' is selected.
17:31:32 INFO  : 'jtag frequency' command is executed.
17:31:32 INFO  : Sourcing of '/home/cmcnally/Repos/mai_project/Vivado/pwm_servo_control/pwm_servo_control.sdk/pwm_servo_wrapper_hw_platform_0/ps7_init.tcl' is done.
17:31:32 INFO  : Context for 'APU' is selected.
17:31:32 INFO  : System reset is completed.
17:31:35 INFO  : 'after 3000' command is executed.
17:31:36 INFO  : 'targets -set -filter {jtag_cable_name =~ "Xilinx TUL 1234-tulA" && level==0} -index 1' command is executed.
17:31:38 INFO  : FPGA configured successfully with bitstream "/home/cmcnally/Repos/mai_project/Vivado/pwm_servo_control/pwm_servo_control.sdk/pwm_servo_wrapper_hw_platform_0/pwm_servo_wrapper.bit"
17:31:38 INFO  : Context for 'APU' is selected.
17:31:40 INFO  : Hardware design information is loaded from '/home/cmcnally/Repos/mai_project/Vivado/pwm_servo_control/pwm_servo_control.sdk/pwm_servo_wrapper_hw_platform_0/system.hdf'.
17:31:40 INFO  : 'configparams force-mem-access 1' command is executed.
17:31:40 INFO  : Context for 'APU' is selected.
17:31:40 INFO  : 'ps7_init' command is executed.
17:31:40 INFO  : 'ps7_post_config' command is executed.
17:31:40 INFO  : Context for processor 'ps7_cortexa9_0' is selected.
17:31:40 INFO  : The application '/home/cmcnally/Repos/mai_project/Vivado/pwm_servo_control/pwm_servo_control.sdk/pwm_servo_bsp_xtmrctr_pwm_example_1/Debug/pwm_servo_bsp_xtmrctr_pwm_example_1.elf' is downloaded to processor 'ps7_cortexa9_0'.
17:31:40 INFO  : 'configparams force-mem-access 0' command is executed.
17:31:40 INFO  : ----------------XSDB Script----------------
connect -url tcp:127.0.0.1:3121
source /home/cmcnally/Repos/mai_project/Vivado/pwm_servo_control/pwm_servo_control.sdk/pwm_servo_wrapper_hw_platform_0/ps7_init.tcl
targets -set -nocase -filter {name =~"APU*" && jtag_cable_name =~ "Xilinx TUL 1234-tulA"} -index 0
rst -system
after 3000
targets -set -filter {jtag_cable_name =~ "Xilinx TUL 1234-tulA" && level==0} -index 1
fpga -file /home/cmcnally/Repos/mai_project/Vivado/pwm_servo_control/pwm_servo_control.sdk/pwm_servo_wrapper_hw_platform_0/pwm_servo_wrapper.bit
targets -set -nocase -filter {name =~"APU*" && jtag_cable_name =~ "Xilinx TUL 1234-tulA"} -index 0
loadhw -hw /home/cmcnally/Repos/mai_project/Vivado/pwm_servo_control/pwm_servo_control.sdk/pwm_servo_wrapper_hw_platform_0/system.hdf -mem-ranges [list {0x40000000 0xbfffffff}]
configparams force-mem-access 1
targets -set -nocase -filter {name =~"APU*" && jtag_cable_name =~ "Xilinx TUL 1234-tulA"} -index 0
ps7_init
ps7_post_config
targets -set -nocase -filter {name =~ "ARM*#0" && jtag_cable_name =~ "Xilinx TUL 1234-tulA"} -index 0
dow /home/cmcnally/Repos/mai_project/Vivado/pwm_servo_control/pwm_servo_control.sdk/pwm_servo_bsp_xtmrctr_pwm_example_1/Debug/pwm_servo_bsp_xtmrctr_pwm_example_1.elf
configparams force-mem-access 0
----------------End of Script----------------

17:31:40 INFO  : Memory regions updated for context APU
17:31:40 INFO  : Context for processor 'ps7_cortexa9_0' is selected.
17:31:40 INFO  : 'con' command is executed.
17:31:40 INFO  : ----------------XSDB Script (After Launch)----------------
targets -set -nocase -filter {name =~ "ARM*#0" && jtag_cable_name =~ "Xilinx TUL 1234-tulA"} -index 0
con
----------------End of Script----------------

17:31:40 INFO  : Launch script is exported to file '/home/cmcnally/Repos/mai_project/Vivado/pwm_servo_control/pwm_servo_control.sdk/.sdk/launch_scripts/xilinx_c-c++_application_(system_debugger)/system_debugger_using_debug_pwm_servo_bsp_xtmrctr_pwm_example_1.elf_on_local.tcl'
17:31:57 INFO  : Disconnected from the channel tcfchan#15.
17:31:58 INFO  : Connected to target on host '127.0.0.1' and port '3121'.
17:31:58 INFO  : Jtag cable 'Xilinx TUL 1234-tulA' is selected.
17:31:58 INFO  : 'jtag frequency' command is executed.
17:31:58 INFO  : Sourcing of '/home/cmcnally/Repos/mai_project/Vivado/pwm_servo_control/pwm_servo_control.sdk/pwm_servo_wrapper_hw_platform_0/ps7_init.tcl' is done.
17:31:58 INFO  : Context for 'APU' is selected.
17:31:58 INFO  : System reset is completed.
17:32:01 INFO  : 'after 3000' command is executed.
17:32:01 INFO  : 'targets -set -filter {jtag_cable_name =~ "Xilinx TUL 1234-tulA" && level==0} -index 1' command is executed.
17:32:03 INFO  : FPGA configured successfully with bitstream "/home/cmcnally/Repos/mai_project/Vivado/pwm_servo_control/pwm_servo_control.sdk/pwm_servo_wrapper_hw_platform_0/pwm_servo_wrapper.bit"
17:32:03 INFO  : Context for 'APU' is selected.
17:32:05 INFO  : Hardware design information is loaded from '/home/cmcnally/Repos/mai_project/Vivado/pwm_servo_control/pwm_servo_control.sdk/pwm_servo_wrapper_hw_platform_0/system.hdf'.
17:32:05 INFO  : 'configparams force-mem-access 1' command is executed.
17:32:05 INFO  : Context for 'APU' is selected.
17:32:05 INFO  : 'ps7_init' command is executed.
17:32:05 INFO  : 'ps7_post_config' command is executed.
17:32:05 INFO  : Context for processor 'ps7_cortexa9_0' is selected.
17:32:05 INFO  : The application '/home/cmcnally/Repos/mai_project/Vivado/pwm_servo_control/pwm_servo_control.sdk/pwm_servo_bsp_xtmrctr_pwm_example_2/Debug/pwm_servo_bsp_xtmrctr_pwm_example_2.elf' is downloaded to processor 'ps7_cortexa9_0'.
17:32:05 INFO  : 'configparams force-mem-access 0' command is executed.
17:32:05 INFO  : ----------------XSDB Script----------------
connect -url tcp:127.0.0.1:3121
source /home/cmcnally/Repos/mai_project/Vivado/pwm_servo_control/pwm_servo_control.sdk/pwm_servo_wrapper_hw_platform_0/ps7_init.tcl
targets -set -nocase -filter {name =~"APU*" && jtag_cable_name =~ "Xilinx TUL 1234-tulA"} -index 0
rst -system
after 3000
targets -set -filter {jtag_cable_name =~ "Xilinx TUL 1234-tulA" && level==0} -index 1
fpga -file /home/cmcnally/Repos/mai_project/Vivado/pwm_servo_control/pwm_servo_control.sdk/pwm_servo_wrapper_hw_platform_0/pwm_servo_wrapper.bit
targets -set -nocase -filter {name =~"APU*" && jtag_cable_name =~ "Xilinx TUL 1234-tulA"} -index 0
loadhw -hw /home/cmcnally/Repos/mai_project/Vivado/pwm_servo_control/pwm_servo_control.sdk/pwm_servo_wrapper_hw_platform_0/system.hdf -mem-ranges [list {0x40000000 0xbfffffff}]
configparams force-mem-access 1
targets -set -nocase -filter {name =~"APU*" && jtag_cable_name =~ "Xilinx TUL 1234-tulA"} -index 0
ps7_init
ps7_post_config
targets -set -nocase -filter {name =~ "ARM*#0" && jtag_cable_name =~ "Xilinx TUL 1234-tulA"} -index 0
dow /home/cmcnally/Repos/mai_project/Vivado/pwm_servo_control/pwm_servo_control.sdk/pwm_servo_bsp_xtmrctr_pwm_example_2/Debug/pwm_servo_bsp_xtmrctr_pwm_example_2.elf
configparams force-mem-access 0
----------------End of Script----------------

17:32:05 INFO  : Memory regions updated for context APU
17:32:05 INFO  : Context for processor 'ps7_cortexa9_0' is selected.
17:32:05 INFO  : 'con' command is executed.
17:32:05 INFO  : ----------------XSDB Script (After Launch)----------------
targets -set -nocase -filter {name =~ "ARM*#0" && jtag_cable_name =~ "Xilinx TUL 1234-tulA"} -index 0
con
----------------End of Script----------------

17:32:05 INFO  : Launch script is exported to file '/home/cmcnally/Repos/mai_project/Vivado/pwm_servo_control/pwm_servo_control.sdk/.sdk/launch_scripts/xilinx_c-c++_application_(system_debugger)/system_debugger_using_debug_pwm_servo_bsp_xtmrctr_pwm_example_2.elf_on_local.tcl'
17:55:32 INFO  : Disconnected from the channel tcfchan#16.
17:55:33 INFO  : Connected to target on host '127.0.0.1' and port '3121'.
17:55:33 INFO  : Jtag cable 'Xilinx TUL 1234-tulA' is selected.
17:55:33 INFO  : 'jtag frequency' command is executed.
17:55:33 INFO  : Sourcing of '/home/cmcnally/Repos/mai_project/Vivado/pwm_servo_control/pwm_servo_control.sdk/pwm_servo_wrapper_hw_platform_0/ps7_init.tcl' is done.
17:55:33 INFO  : Context for 'APU' is selected.
17:55:33 INFO  : System reset is completed.
17:55:36 INFO  : 'after 3000' command is executed.
17:55:36 INFO  : 'targets -set -filter {jtag_cable_name =~ "Xilinx TUL 1234-tulA" && level==0} -index 1' command is executed.
17:55:39 INFO  : FPGA configured successfully with bitstream "/home/cmcnally/Repos/mai_project/Vivado/pwm_servo_control/pwm_servo_control.sdk/pwm_servo_wrapper_hw_platform_0/pwm_servo_wrapper.bit"
17:55:39 INFO  : Context for 'APU' is selected.
17:55:40 INFO  : Hardware design information is loaded from '/home/cmcnally/Repos/mai_project/Vivado/pwm_servo_control/pwm_servo_control.sdk/pwm_servo_wrapper_hw_platform_0/system.hdf'.
17:55:40 INFO  : 'configparams force-mem-access 1' command is executed.
17:55:40 INFO  : Context for 'APU' is selected.
17:55:40 INFO  : 'ps7_init' command is executed.
17:55:40 INFO  : 'ps7_post_config' command is executed.
17:55:40 INFO  : Context for processor 'ps7_cortexa9_0' is selected.
17:55:41 INFO  : The application '/home/cmcnally/Repos/mai_project/Vivado/pwm_servo_control/pwm_servo_control.sdk/pwm_servo_bsp_xtmrctr_pwm_example_2/Debug/pwm_servo_bsp_xtmrctr_pwm_example_2.elf' is downloaded to processor 'ps7_cortexa9_0'.
17:55:41 INFO  : 'configparams force-mem-access 0' command is executed.
17:55:41 INFO  : ----------------XSDB Script----------------
connect -url tcp:127.0.0.1:3121
source /home/cmcnally/Repos/mai_project/Vivado/pwm_servo_control/pwm_servo_control.sdk/pwm_servo_wrapper_hw_platform_0/ps7_init.tcl
targets -set -nocase -filter {name =~"APU*" && jtag_cable_name =~ "Xilinx TUL 1234-tulA"} -index 0
rst -system
after 3000
targets -set -filter {jtag_cable_name =~ "Xilinx TUL 1234-tulA" && level==0} -index 1
fpga -file /home/cmcnally/Repos/mai_project/Vivado/pwm_servo_control/pwm_servo_control.sdk/pwm_servo_wrapper_hw_platform_0/pwm_servo_wrapper.bit
targets -set -nocase -filter {name =~"APU*" && jtag_cable_name =~ "Xilinx TUL 1234-tulA"} -index 0
loadhw -hw /home/cmcnally/Repos/mai_project/Vivado/pwm_servo_control/pwm_servo_control.sdk/pwm_servo_wrapper_hw_platform_0/system.hdf -mem-ranges [list {0x40000000 0xbfffffff}]
configparams force-mem-access 1
targets -set -nocase -filter {name =~"APU*" && jtag_cable_name =~ "Xilinx TUL 1234-tulA"} -index 0
ps7_init
ps7_post_config
targets -set -nocase -filter {name =~ "ARM*#0" && jtag_cable_name =~ "Xilinx TUL 1234-tulA"} -index 0
dow /home/cmcnally/Repos/mai_project/Vivado/pwm_servo_control/pwm_servo_control.sdk/pwm_servo_bsp_xtmrctr_pwm_example_2/Debug/pwm_servo_bsp_xtmrctr_pwm_example_2.elf
configparams force-mem-access 0
----------------End of Script----------------

17:55:41 INFO  : Memory regions updated for context APU
17:55:41 INFO  : Context for processor 'ps7_cortexa9_0' is selected.
17:55:41 INFO  : 'con' command is executed.
17:55:41 INFO  : ----------------XSDB Script (After Launch)----------------
targets -set -nocase -filter {name =~ "ARM*#0" && jtag_cable_name =~ "Xilinx TUL 1234-tulA"} -index 0
con
----------------End of Script----------------

17:55:41 INFO  : Launch script is exported to file '/home/cmcnally/Repos/mai_project/Vivado/pwm_servo_control/pwm_servo_control.sdk/.sdk/launch_scripts/xilinx_c-c++_application_(system_debugger)/system_debugger_using_debug_pwm_servo_bsp_xtmrctr_pwm_example_2.elf_on_local.tcl'
17:56:16 INFO  : Disconnected from the channel tcfchan#17.
17:56:17 INFO  : Connected to target on host '127.0.0.1' and port '3121'.
17:56:17 INFO  : Jtag cable 'Xilinx TUL 1234-tulA' is selected.
17:56:17 INFO  : 'jtag frequency' command is executed.
17:56:17 INFO  : Sourcing of '/home/cmcnally/Repos/mai_project/Vivado/pwm_servo_control/pwm_servo_control.sdk/pwm_servo_wrapper_hw_platform_0/ps7_init.tcl' is done.
17:56:17 INFO  : Context for 'APU' is selected.
17:56:17 INFO  : System reset is completed.
17:56:20 INFO  : 'after 3000' command is executed.
17:56:21 INFO  : 'targets -set -filter {jtag_cable_name =~ "Xilinx TUL 1234-tulA" && level==0} -index 1' command is executed.
17:56:23 INFO  : FPGA configured successfully with bitstream "/home/cmcnally/Repos/mai_project/Vivado/pwm_servo_control/pwm_servo_control.sdk/pwm_servo_wrapper_hw_platform_0/pwm_servo_wrapper.bit"
17:56:23 INFO  : Context for 'APU' is selected.
17:56:25 INFO  : Hardware design information is loaded from '/home/cmcnally/Repos/mai_project/Vivado/pwm_servo_control/pwm_servo_control.sdk/pwm_servo_wrapper_hw_platform_0/system.hdf'.
17:56:25 INFO  : 'configparams force-mem-access 1' command is executed.
17:56:25 INFO  : Context for 'APU' is selected.
17:56:25 INFO  : 'ps7_init' command is executed.
17:56:25 INFO  : 'ps7_post_config' command is executed.
17:56:25 INFO  : Context for processor 'ps7_cortexa9_0' is selected.
17:56:25 INFO  : The application '/home/cmcnally/Repos/mai_project/Vivado/pwm_servo_control/pwm_servo_control.sdk/pwm_servo_bsp_xtmrctr_pwm_example_2/Debug/pwm_servo_bsp_xtmrctr_pwm_example_2.elf' is downloaded to processor 'ps7_cortexa9_0'.
17:56:25 INFO  : 'configparams force-mem-access 0' command is executed.
17:56:25 INFO  : ----------------XSDB Script----------------
connect -url tcp:127.0.0.1:3121
source /home/cmcnally/Repos/mai_project/Vivado/pwm_servo_control/pwm_servo_control.sdk/pwm_servo_wrapper_hw_platform_0/ps7_init.tcl
targets -set -nocase -filter {name =~"APU*" && jtag_cable_name =~ "Xilinx TUL 1234-tulA"} -index 0
rst -system
after 3000
targets -set -filter {jtag_cable_name =~ "Xilinx TUL 1234-tulA" && level==0} -index 1
fpga -file /home/cmcnally/Repos/mai_project/Vivado/pwm_servo_control/pwm_servo_control.sdk/pwm_servo_wrapper_hw_platform_0/pwm_servo_wrapper.bit
targets -set -nocase -filter {name =~"APU*" && jtag_cable_name =~ "Xilinx TUL 1234-tulA"} -index 0
loadhw -hw /home/cmcnally/Repos/mai_project/Vivado/pwm_servo_control/pwm_servo_control.sdk/pwm_servo_wrapper_hw_platform_0/system.hdf -mem-ranges [list {0x40000000 0xbfffffff}]
configparams force-mem-access 1
targets -set -nocase -filter {name =~"APU*" && jtag_cable_name =~ "Xilinx TUL 1234-tulA"} -index 0
ps7_init
ps7_post_config
targets -set -nocase -filter {name =~ "ARM*#0" && jtag_cable_name =~ "Xilinx TUL 1234-tulA"} -index 0
dow /home/cmcnally/Repos/mai_project/Vivado/pwm_servo_control/pwm_servo_control.sdk/pwm_servo_bsp_xtmrctr_pwm_example_2/Debug/pwm_servo_bsp_xtmrctr_pwm_example_2.elf
configparams force-mem-access 0
----------------End of Script----------------

17:56:25 INFO  : Memory regions updated for context APU
17:56:25 INFO  : Context for processor 'ps7_cortexa9_0' is selected.
17:56:25 INFO  : 'con' command is executed.
17:56:25 INFO  : ----------------XSDB Script (After Launch)----------------
targets -set -nocase -filter {name =~ "ARM*#0" && jtag_cable_name =~ "Xilinx TUL 1234-tulA"} -index 0
con
----------------End of Script----------------

17:56:25 INFO  : Launch script is exported to file '/home/cmcnally/Repos/mai_project/Vivado/pwm_servo_control/pwm_servo_control.sdk/.sdk/launch_scripts/xilinx_c-c++_application_(system_debugger)/system_debugger_using_debug_pwm_servo_bsp_xtmrctr_pwm_example_2.elf_on_local.tcl'
17:58:56 INFO  : Disconnected from the channel tcfchan#18.
17:58:57 INFO  : Connected to target on host '127.0.0.1' and port '3121'.
17:58:58 INFO  : Jtag cable 'Xilinx TUL 1234-tulA' is selected.
17:58:58 INFO  : 'jtag frequency' command is executed.
17:58:58 INFO  : Sourcing of '/home/cmcnally/Repos/mai_project/Vivado/pwm_servo_control/pwm_servo_control.sdk/pwm_servo_wrapper_hw_platform_0/ps7_init.tcl' is done.
17:58:58 INFO  : Context for 'APU' is selected.
17:58:58 INFO  : System reset is completed.
17:59:01 INFO  : 'after 3000' command is executed.
17:59:01 INFO  : 'targets -set -filter {jtag_cable_name =~ "Xilinx TUL 1234-tulA" && level==0} -index 1' command is executed.
17:59:03 INFO  : FPGA configured successfully with bitstream "/home/cmcnally/Repos/mai_project/Vivado/pwm_servo_control/pwm_servo_control.sdk/pwm_servo_wrapper_hw_platform_0/pwm_servo_wrapper.bit"
17:59:03 INFO  : Context for 'APU' is selected.
17:59:05 INFO  : Hardware design information is loaded from '/home/cmcnally/Repos/mai_project/Vivado/pwm_servo_control/pwm_servo_control.sdk/pwm_servo_wrapper_hw_platform_0/system.hdf'.
17:59:05 INFO  : 'configparams force-mem-access 1' command is executed.
17:59:05 INFO  : Context for 'APU' is selected.
17:59:05 INFO  : 'ps7_init' command is executed.
17:59:05 INFO  : 'ps7_post_config' command is executed.
17:59:05 INFO  : Context for processor 'ps7_cortexa9_0' is selected.
17:59:06 INFO  : The application '/home/cmcnally/Repos/mai_project/Vivado/pwm_servo_control/pwm_servo_control.sdk/pwm_servo_bsp_xtmrctr_pwm_example_2/Debug/pwm_servo_bsp_xtmrctr_pwm_example_2.elf' is downloaded to processor 'ps7_cortexa9_0'.
17:59:06 INFO  : 'configparams force-mem-access 0' command is executed.
17:59:06 INFO  : ----------------XSDB Script----------------
connect -url tcp:127.0.0.1:3121
source /home/cmcnally/Repos/mai_project/Vivado/pwm_servo_control/pwm_servo_control.sdk/pwm_servo_wrapper_hw_platform_0/ps7_init.tcl
targets -set -nocase -filter {name =~"APU*" && jtag_cable_name =~ "Xilinx TUL 1234-tulA"} -index 0
rst -system
after 3000
targets -set -filter {jtag_cable_name =~ "Xilinx TUL 1234-tulA" && level==0} -index 1
fpga -file /home/cmcnally/Repos/mai_project/Vivado/pwm_servo_control/pwm_servo_control.sdk/pwm_servo_wrapper_hw_platform_0/pwm_servo_wrapper.bit
targets -set -nocase -filter {name =~"APU*" && jtag_cable_name =~ "Xilinx TUL 1234-tulA"} -index 0
loadhw -hw /home/cmcnally/Repos/mai_project/Vivado/pwm_servo_control/pwm_servo_control.sdk/pwm_servo_wrapper_hw_platform_0/system.hdf -mem-ranges [list {0x40000000 0xbfffffff}]
configparams force-mem-access 1
targets -set -nocase -filter {name =~"APU*" && jtag_cable_name =~ "Xilinx TUL 1234-tulA"} -index 0
ps7_init
ps7_post_config
targets -set -nocase -filter {name =~ "ARM*#0" && jtag_cable_name =~ "Xilinx TUL 1234-tulA"} -index 0
dow /home/cmcnally/Repos/mai_project/Vivado/pwm_servo_control/pwm_servo_control.sdk/pwm_servo_bsp_xtmrctr_pwm_example_2/Debug/pwm_servo_bsp_xtmrctr_pwm_example_2.elf
configparams force-mem-access 0
----------------End of Script----------------

17:59:06 INFO  : Memory regions updated for context APU
17:59:06 INFO  : Context for processor 'ps7_cortexa9_0' is selected.
17:59:06 INFO  : 'con' command is executed.
17:59:06 INFO  : ----------------XSDB Script (After Launch)----------------
targets -set -nocase -filter {name =~ "ARM*#0" && jtag_cable_name =~ "Xilinx TUL 1234-tulA"} -index 0
con
----------------End of Script----------------

17:59:06 INFO  : Launch script is exported to file '/home/cmcnally/Repos/mai_project/Vivado/pwm_servo_control/pwm_servo_control.sdk/.sdk/launch_scripts/xilinx_c-c++_application_(system_debugger)/system_debugger_using_debug_pwm_servo_bsp_xtmrctr_pwm_example_2.elf_on_local.tcl'
11:53:57 INFO  : Disconnected from the channel tcfchan#19.
