#
# An unexpected error has occurred (11)
#
Stack:
/tools/Xilinx/Vivado/2018.3/tps/lnx64/jre9.0.4/lib//server/libjvm.so(+0xb6aadb) [0x7fac80c74adb]
/tools/Xilinx/Vivado/2018.3/tps/lnx64/jre9.0.4/lib//server/libjvm.so(JVM_handle_linux_signal+0xbb) [0x7fac80c79e1b]
/tools/Xilinx/Vivado/2018.3/tps/lnx64/jre9.0.4/lib//server/libjvm.so(+0xb647b8) [0x7fac80c6e7b8]
/lib/x86_64-linux-gnu/libc.so.6(+0x3f040) [0x7facc564f040]
/tools/Xilinx/Vivado/2018.3/lib/lnx64.o/librdi_coregen.so(HACGPPortMap::setPhysicalName(std::__cxx11::basic_string<char, std::char_traits<char>, std::allocator<char> > const&, bool)+0x28) [0x7facb2fb3ec8]
/tools/Xilinx/Vivado/2018.3/lib/lnx64.o/librdi_coregen.so(HACGPComponentHdlInstaller::addPorts(HACGPComponentDefinition&, HACGPHdlAttributeData&)+0x1cfb) [0x7facb2b6542b]
/tools/Xilinx/Vivado/2018.3/lib/lnx64.o/librdi_coregen.so(HACGPComponentHdlInstaller::processTopLevelHdl(HACGPComponentDefinition&, HACGPHdlAttributeData&, HSTVector<std::__cxx11::basic_string<char, std::char_traits<char>, std::allocator<char> >, std::allocator<std::__cxx11::basic_string<char, std::char_traits<char>, std::allocator<char> > > > const&, std::__cxx11::basic_string<char, std::char_traits<char>, std::allocator<char> > const&, std::__cxx11::basic_string<char, std::char_traits<char>, std::allocator<char> > const&, HSTVector<std::__cxx11::basic_string<char, std::char_traits<char>, std::allocator<char> >, std::allocator<std::__cxx11::basic_string<char, std::char_traits<char>, std::allocator<char> > > > const&, HSTVector<std::__cxx11::basic_string<char, std::char_traits<char>, std::allocator<char> >, std::allocator<std::__cxx11::basic_string<char, std::char_traits<char>, std::allocator<char> > > > const&, HSTVector<std::__cxx11::basic_string<char, std::char_traits<char>, std::allocator<char> >, std::allocator<std::__cxx11::basic_string<char, std::char_traits<char>, std::allocator<char> > > > const&, HSTSet<std::__cxx11::basic_string<char, std::char_traits<char>, std::allocator<char> >, std::less<std::__cxx11::basic_string<char, std::char_traits<char>, std::allocator<char> > >, std::allocator<std::__cxx11::basic_string<char, std::char_traits<char>, std::allocator<char> > > > const*, bool const&, bool const&, bool const&, bool const&)+0xde) [0x7facb2b6959e]
/tools/Xilinx/Vivado/2018.3/lib/lnx64.o/librdi_coregen.so(HACGPComponentHdlInstaller::packageTopLevelHdl(HACGPComponentDefinition&, HACGPHdlAttributeData&, HSTVector<std::__cxx11::basic_string<char, std::char_traits<char>, std::allocator<char> >, std::allocator<std::__cxx11::basic_string<char, std::char_traits<char>, std::allocator<char> > > > const&, std::__cxx11::basic_string<char, std::char_traits<char>, std::allocator<char> > const&, HSTVector<std::__cxx11::basic_string<char, std::char_traits<char>, std::allocator<char> >, std::allocator<std::__cxx11::basic_string<char, std::char_traits<char>, std::allocator<char> > > > const&, HSTSet<std::__cxx11::basic_string<char, std::char_traits<char>, std::allocator<char> >, std::less<std::__cxx11::basic_string<char, std::char_traits<char>, std::allocator<char> > >, std::allocator<std::__cxx11::basic_string<char, std::char_traits<char>, std::allocator<char> > > > const*, bool const&)+0xe0) [0x7facb2b69800]
/tools/Xilinx/Vivado/2018.3/lib/lnx64.o/librdi_coregen.so(HACGPackager::packageTopLevelFile(HACGPComponentDefinition*, bool const&) const+0x625) [0x7facb2bdb115]
/tools/Xilinx/Vivado/2018.3/lib/lnx64.o/librdi_coregen.so(HACGPackager::mergeProjectTopFile(HACGPackageProjectData const&, HACGPComponentDefinition*)+0x61b) [0x7facb2be56ab]
/tools/Xilinx/Vivado/2018.3/lib/lnx64.o/librdi_ipservicestasks.so(+0xb5df9e) [0x7fac578b4f9e]
/tools/Xilinx/Vivado/2018.3/lib/lnx64.o/librdi_common.so(+0x7ef352) [0x7facc6991352]
/tools/Xilinx/Vivado/2018.3/lib/lnx64.o/libtcl8.5.so(+0x334af) [0x7facc0acf4af]
/tools/Xilinx/Vivado/2018.3/lib/lnx64.o/libtcl8.5.so(Tcl_EvalObjv+0x32) [0x7facc0acf5e2]
/tools/Xilinx/Vivado/2018.3/lib/lnx64.o/libtcl8.5.so(TclEvalObjEx+0x322) [0x7facc0ad1402]
/tools/Xilinx/Vivado/2018.3/lib/lnx64.o/librdi_common.so(+0x7ed861) [0x7facc698f861]
/tools/Xilinx/Vivado/2018.3/lib/lnx64.o/libtcl8.5.so(Tcl_ServiceEvent+0x7f) [0x7facc0b43b0f]
/tools/Xilinx/Vivado/2018.3/lib/lnx64.o/libtcl8.5.so(Tcl_DoOneEvent+0x154) [0x7facc0b43e44]
/tools/Xilinx/Vivado/2018.3/lib/lnx64.o/librdi_commontasks.so(+0x2207a5) [0x7facbb2aa7a5]
/tools/Xilinx/Vivado/2018.3/lib/lnx64.o/librdi_commontasks.so(+0x228733) [0x7facbb2b2733]
/tools/Xilinx/Vivado/2018.3/lib/lnx64.o/librdi_commontasks.so(+0x2297ce) [0x7facbb2b37ce]
/tools/Xilinx/Vivado/2018.3/lib/lnx64.o/librdi_common.so(+0x7ef352) [0x7facc6991352]
/tools/Xilinx/Vivado/2018.3/lib/lnx64.o/libtcl8.5.so(+0x334af) [0x7facc0acf4af]
/tools/Xilinx/Vivado/2018.3/lib/lnx64.o/libtcl8.5.so(+0x76875) [0x7facc0b12875]
/tools/Xilinx/Vivado/2018.3/lib/lnx64.o/libtcl8.5.so(+0x7e029) [0x7facc0b1a029]
/tools/Xilinx/Vivado/2018.3/lib/lnx64.o/libtcl8.5.so(TclEvalObjEx+0x76) [0x7facc0ad1156]
/tools/Xilinx/Vivado/2018.3/lib/lnx64.o/librdi_commonmain.so(+0x7414) [0x7facc5f9e414]
/tools/Xilinx/Vivado/2018.3/lib/lnx64.o/libtcl8.5.so(Tcl_Main+0x1d0) [0x7facc0b3c210]
/tools/Xilinx/Vivado/2018.3/lib/lnx64.o/librdi_common.so(+0x83363b) [0x7facc69d563b]
/lib/x86_64-linux-gnu/libpthread.so.0(+0x76db) [0x7facc53f86db]
/lib/x86_64-linux-gnu/libc.so.6(clone+0x3f) [0x7facc573171f]
