#
# An unexpected error has occurred (11)
#
Stack:
/lib/x86_64-linux-gnu/libc.so.6(+0x3f040) [0x7f069f106040]
/tools/Xilinx/Vivado/2018.3/lib/lnx64.o/libverific.so(+0x5e44e0) [0x7f06a07f74e0]
/tools/Xilinx/Vivado/2018.3/lib/lnx64.o/libverific.so(Verific::hdl_file_sort::QuickParseVerilog(char const*)+0x952) [0x7f06a080afc2]
/tools/Xilinx/Vivado/2018.3/lib/lnx64.o/libverific.so(Verific::hdl_file_sort::QuickAnalyze(char const*, char const*)+0x79) [0x7f06a0814dc9]
/tools/Xilinx/Vivado/2018.3/lib/lnx64.o/libverific.so(Verific::hdl_file_sort::CreateNode(char const*, char const*)+0x37) [0x7f06a0815657]
/tools/Xilinx/Vivado/2018.3/lib/lnx64.o/libverific.so(Verific::hdl_file_sort::RegisterFileInternal(char const*, char const*, unsigned int, unsigned int, unsigned int)+0x5a) [0x7f06a0816bca]
srcscanner() [0x493b10]
srcscanner() [0x49bf5f]
srcscanner() [0x49c0de]
srcscanner() [0x44f67a]
srcscanner() [0x474598]
/tools/Xilinx/Vivado/2018.3/lib/lnx64.o/libtcl8.5.so(TclInvokeStringCommand+0x76) [0x7f06a132bf66]
/tools/Xilinx/Vivado/2018.3/lib/lnx64.o/libtcl8.5.so(+0x334af) [0x7f06a13304af]
/tools/Xilinx/Vivado/2018.3/lib/lnx64.o/libtcl8.5.so(+0x34b38) [0x7f06a1331b38]
/tools/Xilinx/Vivado/2018.3/lib/lnx64.o/libtcl8.5.so(Tcl_EvalEx+0x13) [0x7f06a13320a3]
/tools/Xilinx/Vivado/2018.3/lib/lnx64.o/libtcl8.5.so(Tcl_Eval+0x15) [0x7f06a13320c5]
srcscanner(main+0x293) [0x43a993]
/lib/x86_64-linux-gnu/libc.so.6(__libc_start_main+0xe7) [0x7f069f0e8bf7]
srcscanner() [0x43d989]
