#-----------------------------------------------------------
# Vivado v2018.3 (64-bit)
# SW Build 2405991 on Thu Dec  6 23:36:41 MST 2018
# IP Build 2404404 on Fri Dec  7 01:43:56 MST 2018
# Start of session at: Sun Mar 14 18:54:49 2021
# Process ID: 5436
# Current directory: /home/cmcnally/Repos/robotic-arm-control-system-analysis/vivado
# Command line: vivado
# Log file: /home/cmcnally/Repos/robotic-arm-control-system-analysis/vivado/vivado.log
# Journal file: /home/cmcnally/Repos/robotic-arm-control-system-analysis/vivado/vivado.jou
#-----------------------------------------------------------
start_gui
open_project /home/cmcnally/Repos/robotic-arm-control-system-analysis/vivado/us_arm_control/bare_metal_system/us_arm_control_system/us_arm_control_system.xpr
Scanning sources...
Finished scanning sources
INFO: [IP_Flow 19-234] Refreshing IP repositories
INFO: [IP_Flow 19-1704] No user IP repositories specified
INFO: [IP_Flow 19-2313] Loaded Vivado IP repository '/tools/Xilinx/Vivado/2018.3/data/ip'.
open_project: Time (s): cpu = 00:00:16 ; elapsed = 00:00:07 . Memory (MB): peak = 6443.008 ; gain = 143.965 ; free physical = 372 ; free virtual = 5355
update_compile_order -fileset sources_1
launch_sdk -workspace /home/cmcnally/Repos/robotic-arm-control-system-analysis/vivado/us_arm_control/bare_metal_system/us_arm_control_system/us_arm_control_system.sdk -hwspec /home/cmcnally/Repos/robotic-arm-control-system-analysis/vivado/us_arm_control/bare_metal_system/us_arm_control_system/us_arm_control_system.sdk/us_arm_module_wrapper.hdf
INFO: [Vivado 12-393] Launching SDK...
INFO: [Vivado 12-417] Running xsdk -workspace /home/cmcnally/Repos/robotic-arm-control-system-analysis/vivado/us_arm_control/bare_metal_system/us_arm_control_system/us_arm_control_system.sdk -hwspec /home/cmcnally/Repos/robotic-arm-control-system-analysis/vivado/us_arm_control/bare_metal_system/us_arm_control_system/us_arm_control_system.sdk/us_arm_module_wrapper.hdf
INFO: [Vivado 12-3157] SDK launch initiated. Please check console for any further messages.
exit
INFO: [Common 17-206] Exiting Vivado at Mon Mar 15 00:11:29 2021...
