#-----------------------------------------------------------
# Vivado v2018.3 (64-bit)
# SW Build 2405991 on Thu Dec  6 23:36:41 MST 2018
# IP Build 2404404 on Fri Dec  7 01:43:56 MST 2018
# Start of session at: Tue Mar 30 23:42:54 2021
# Process ID: 3178
# Current directory: /home/cmcnally/Repos/robotic-arm-control-system-analysis/vivado
# Command line: vivado
# Log file: /home/cmcnally/Repos/robotic-arm-control-system-analysis/vivado/vivado.log
# Journal file: /home/cmcnally/Repos/robotic-arm-control-system-analysis/vivado/vivado.jou
#-----------------------------------------------------------
start_gui
open_project /home/cmcnally/Repos/digital-design-projects/integrated-systems-design/Hex_Calculator/hex_calculator/hex_calculator.xpr
Scanning sources...
Finished scanning sources
INFO: [IP_Flow 19-234] Refreshing IP repositories
INFO: [IP_Flow 19-1704] No user IP repositories specified
INFO: [IP_Flow 19-2313] Loaded Vivado IP repository '/tools/Xilinx/Vivado/2018.3/data/ip'.
open_project: Time (s): cpu = 00:00:16 ; elapsed = 00:00:07 . Memory (MB): peak = 6362.305 ; gain = 48.035 ; free physical = 2599 ; free virtual = 5173
update_compile_order -fileset sources_1
reset_run synth_1
launch_runs synth_1 -jobs 2
[Tue Mar 30 23:45:27 2021] Launched synth_1...
Run output will be captured here: /home/cmcnally/Repos/digital-design-projects/integrated-systems-design/Hex_Calculator/hex_calculator/hex_calculator.runs/synth_1/runme.log
open_run synth_1 -name synth_1
Design is defaulting to impl run constrset: constrs_1
Design is defaulting to synth run part: xc7a35tcpg236-1
INFO: [Project 1-454] Reading design checkpoint '/home/cmcnally/Repos/digital-design-projects/integrated-systems-design/Hex_Calculator/hex_calculator/hex_calculator.srcs/sources_1/ip/div_gen_0/div_gen_0.dcp' for cell 'arithmetic_i/div_gen_0_i'
INFO: [Project 1-454] Reading design checkpoint '/home/cmcnally/Repos/digital-design-projects/integrated-systems-design/Hex_Calculator/hex_calculator/hex_calculator.srcs/sources_1/ip/mult_gen_0/mult_gen_0.dcp' for cell 'arithmetic_i/nolabel_line195'
INFO: [Netlist 29-17] Analyzing 277 Unisim elements for replacement
INFO: [Netlist 29-28] Unisim Transformation completed in 0 CPU seconds
INFO: [Project 1-479] Netlist was created with Vivado 2018.3
INFO: [Device 21-403] Loading part xc7a35tcpg236-1
INFO: [Project 1-570] Preparing netlist for logic optimization
Parsing XDC File [/home/cmcnally/Repos/digital-design-projects/integrated-systems-design/Hex_Calculator/hex_calculator/hex_calculator.srcs/constrs_1/imports/Hex_Calculator/Basys3_Master.xdc]
Finished Parsing XDC File [/home/cmcnally/Repos/digital-design-projects/integrated-systems-design/Hex_Calculator/hex_calculator/hex_calculator.srcs/constrs_1/imports/Hex_Calculator/Basys3_Master.xdc]
INFO: [Opt 31-138] Pushed 0 inverter(s) to 0 load pin(s).
Netlist sorting complete. Time (s): cpu = 00:00:00 ; elapsed = 00:00:00 . Memory (MB): peak = 6732.352 ; gain = 0.000 ; free physical = 2182 ; free virtual = 4812
INFO: [Project 1-111] Unisim Transformation Summary:
No Unisim elements were transformed.

open_run: Time (s): cpu = 00:00:19 ; elapsed = 00:00:12 . Memory (MB): peak = 6879.359 ; gain = 380.320 ; free physical = 2069 ; free virtual = 4717
set_property target_constrs_file /home/cmcnally/Repos/digital-design-projects/integrated-systems-design/Hex_Calculator/hex_calculator/hex_calculator.srcs/constrs_1/imports/Hex_Calculator/Basys3_Master.xdc [current_fileset -constrset]
reset_run synth_1
launch_runs synth_1 -jobs 2
[Tue Mar 30 23:56:23 2021] Launched synth_1...
Run output will be captured here: /home/cmcnally/Repos/digital-design-projects/integrated-systems-design/Hex_Calculator/hex_calculator/hex_calculator.runs/synth_1/runme.log
close_design
reset_run synth_1
launch_runs synth_1 -jobs 2
[Tue Mar 30 23:57:30 2021] Launched synth_1...
Run output will be captured here: /home/cmcnally/Repos/digital-design-projects/integrated-systems-design/Hex_Calculator/hex_calculator/hex_calculator.runs/synth_1/runme.log
exit
INFO: [Common 17-206] Exiting Vivado at Wed Mar 31 00:15:57 2021...
