#-----------------------------------------------------------
# Vivado v2018.3 (64-bit)
# SW Build 2405991 on Thu Dec  6 23:36:41 MST 2018
# IP Build 2404404 on Fri Dec  7 01:43:56 MST 2018
# Start of session at: Tue Apr 13 12:15:16 2021
# Process ID: 982
# Current directory: /home/cmcnally/Repos/robotic-arm-control-system-analysis/vivado
# Command line: vivado
# Log file: /home/cmcnally/Repos/robotic-arm-control-system-analysis/vivado/vivado.log
# Journal file: /home/cmcnally/Repos/robotic-arm-control-system-analysis/vivado/vivado.jou
#-----------------------------------------------------------
start_gui
open_project /home/cmcnally/Repos/robotic-arm-control-system-analysis/vivado/lidar_arm_control/hardware_offload_system/hardware_system.xpr
Scanning sources...
Finished scanning sources
WARNING: [filemgmt 56-3] IP Repository Path: Could not find the directory '/home/cmcnally/Repos/robotic-arm-control-system-analysis/vivado/lidar_arm_control/ip_repo/robot_arm_pwm_1.0'.
WARNING: [filemgmt 56-3] IP Repository Path: Could not find the directory '/home/cmcnally/Repos/robotic-arm-control-system-analysis/vivado/lidar_arm_control/ip_repo/sample_gpio_ip_1.0'.
WARNING: [filemgmt 56-3] IP Repository Path: Could not find the directory '/home/cmcnally/Repos/robotic-arm-control-system-analysis/vivado/lidar_arm_control/ip_repo/sample_gpio_ip_1.0'.
INFO: [IP_Flow 19-234] Refreshing IP repositories
INFO: [IP_Flow 19-1700] Loaded user IP repository '/home/cmcnally/Repos/robotic-arm-control-system-analysis/vivado/lidar_arm_control/ip_repo/robot_arm_control_1.0'.
WARNING: [IP_Flow 19-2248] Failed to load user IP repository '/home/cmcnally/Repos/robotic-arm-control-system-analysis/vivado/lidar_arm_control/ip_repo/robot_arm_pwm_1.0'; Can't find the specified path.
If this directory should no longer be in your list of user repositories, go to the IP Settings dialog and remove it.
WARNING: [IP_Flow 19-2248] Failed to load user IP repository '/home/cmcnally/Repos/robotic-arm-control-system-analysis/vivado/lidar_arm_control/ip_repo/sample_gpio_ip_1.0'; Can't find the specified path.
If this directory should no longer be in your list of user repositories, go to the IP Settings dialog and remove it.
WARNING: [IP_Flow 19-2207] Repository '/home/cmcnally/Repos/robotic-arm-control-system-analysis/vivado/lidar_arm_control/ip_repo/sample_gpio_ip_1.0' already exists; ignoring attempt to add it again.
WARNING: [IP_Flow 19-2248] Failed to load user IP repository '/home/cmcnally/Repos/robotic-arm-control-system-analysis/vivado/lidar_arm_control/ip_repo/sample_gpio_ip_1.0'; Can't find the specified path.
If this directory should no longer be in your list of user repositories, go to the IP Settings dialog and remove it.
INFO: [IP_Flow 19-2313] Loaded Vivado IP repository '/tools/Xilinx/Vivado/2018.3/data/ip'.
open_project: Time (s): cpu = 00:00:18 ; elapsed = 00:00:10 . Memory (MB): peak = 6395.023 ; gain = 99.906 ; free physical = 143 ; free virtual = 2501
update_compile_order -fileset sources_1
reset_run impl_1 -prev_step 
launch_runs impl_1 -to_step write_bitstream -jobs 2
[Tue Apr 13 12:16:24 2021] Launched impl_1...
Run output will be captured here: /home/cmcnally/Repos/robotic-arm-control-system-analysis/vivado/lidar_arm_control/hardware_offload_system/hardware_system.runs/impl_1/runme.log
open_bd_design {/home/cmcnally/Repos/robotic-arm-control-system-analysis/vivado/lidar_arm_control/hardware_offload_system/hardware_system.srcs/sources_1/bd/lidar_arm_control/lidar_arm_control.bd}
Adding cell -- xilinx.com:ip:processing_system7:5.5 - processing_system7_0
Adding cell -- xilinx.com:ip:axi_interconnect:2.1 - ps7_0_axi_periph
Adding cell -- xilinx.com:ip:axi_crossbar:2.1 - xbar
Adding cell -- xilinx.com:ip:axi_protocol_converter:2.1 - auto_pc
Adding cell -- xilinx.com:ip:proc_sys_reset:5.0 - rst_ps7_0_100M
Adding cell -- xilinx.com:ip:axi_uartlite:2.0 - axi_uartlite_0
Adding cell -- xilinx.com:ip:axi_gpio:2.0 - axi_gpio_0
Adding cell -- xilinx.com:ip:div_gen:5.1 - div_gen_0
Adding cell -- xilinx.com:ip:div_gen:5.1 - div_gen_1
Adding cell -- user.org:user:robot_arm_control:1.0 - robot_arm_control_0
Successfully read diagram <lidar_arm_control> from BD file </home/cmcnally/Repos/robotic-arm-control-system-analysis/vivado/lidar_arm_control/hardware_offload_system/hardware_system.srcs/sources_1/bd/lidar_arm_control/lidar_arm_control.bd>
open_bd_design: Time (s): cpu = 00:00:10 ; elapsed = 00:00:06 . Memory (MB): peak = 6643.660 ; gain = 0.000 ; free physical = 1364 ; free virtual = 3389
file copy -force /home/cmcnally/Repos/robotic-arm-control-system-analysis/vivado/lidar_arm_control/hardware_offload_system/hardware_system.runs/impl_1/lidar_arm_control_wrapper.sysdef /home/cmcnally/Repos/robotic-arm-control-system-analysis/vivado/lidar_arm_control/hardware_offload_system/hardware_system.sdk/lidar_arm_control_wrapper.hdf

CRITICAL WARNING: [PSU-1]  Parameter : PCW_UIPARAM_DDR_DQS_TO_CLK_DELAY_0 has negative value -0.051 . PS DDR interfaces might fail when entering negative DQS skew values. 
CRITICAL WARNING: [PSU-2]  Parameter : PCW_UIPARAM_DDR_DQS_TO_CLK_DELAY_1 has negative value -0.006 . PS DDR interfaces might fail when entering negative DQS skew values. 
CRITICAL WARNING: [PSU-3]  Parameter : PCW_UIPARAM_DDR_DQS_TO_CLK_DELAY_2 has negative value -0.009 . PS DDR interfaces might fail when entering negative DQS skew values. 
CRITICAL WARNING: [PSU-4]  Parameter : PCW_UIPARAM_DDR_DQS_TO_CLK_DELAY_3 has negative value -0.033 . PS DDR interfaces might fail when entering negative DQS skew values. 
CRITICAL WARNING: [PSU-1]  Parameter : PCW_UIPARAM_DDR_DQS_TO_CLK_DELAY_0 has negative value -0.051 . PS DDR interfaces might fail when entering negative DQS skew values. 
CRITICAL WARNING: [PSU-2]  Parameter : PCW_UIPARAM_DDR_DQS_TO_CLK_DELAY_1 has negative value -0.006 . PS DDR interfaces might fail when entering negative DQS skew values. 
CRITICAL WARNING: [PSU-3]  Parameter : PCW_UIPARAM_DDR_DQS_TO_CLK_DELAY_2 has negative value -0.009 . PS DDR interfaces might fail when entering negative DQS skew values. 
CRITICAL WARNING: [PSU-4]  Parameter : PCW_UIPARAM_DDR_DQS_TO_CLK_DELAY_3 has negative value -0.033 . PS DDR interfaces might fail when entering negative DQS skew values. 
WARNING: [IP_Flow 19-474] Invalid Parameter 'Component_Name'
file copy -force /home/cmcnally/Repos/robotic-arm-control-system-analysis/vivado/lidar_arm_control/hardware_offload_system/hardware_system.runs/impl_1/lidar_arm_control_wrapper.sysdef /home/cmcnally/Repos/robotic-arm-control-system-analysis/vivado/lidar_arm_control/hardware_offload_system/hardware_system.sdk/lidar_arm_control_wrapper.hdf

launch_sdk -workspace /home/cmcnally/Repos/robotic-arm-control-system-analysis/vivado/lidar_arm_control/hardware_offload_system/hardware_system.sdk -hwspec /home/cmcnally/Repos/robotic-arm-control-system-analysis/vivado/lidar_arm_control/hardware_offload_system/hardware_system.sdk/lidar_arm_control_wrapper.hdf
INFO: [Vivado 12-393] Launching SDK...
INFO: [Vivado 12-417] Running xsdk -workspace /home/cmcnally/Repos/robotic-arm-control-system-analysis/vivado/lidar_arm_control/hardware_offload_system/hardware_system.sdk -hwspec /home/cmcnally/Repos/robotic-arm-control-system-analysis/vivado/lidar_arm_control/hardware_offload_system/hardware_system.sdk/lidar_arm_control_wrapper.hdf
INFO: [Vivado 12-3157] SDK launch initiated. Please check console for any further messages.
close_project
open_project /home/cmcnally/Repos/robotic-arm-control-system-analysis/vivado/lidar_arm_control/ip_repo/edit_robot_arm_control_v1_0.xpr
WARNING: [filemgmt 56-99] Vivado Synthesis ignores library specification for Verilog or SystemVerilog files. [/home/cmcnally/Repos/robotic-arm-control-system-analysis/vivado/lidar_arm_control/ip_repo/robot_arm_control_1.0/hdl/robot_arm_control_v1_0_S00_AXI.v:]
WARNING: [filemgmt 56-99] Vivado Synthesis ignores library specification for Verilog or SystemVerilog files. [/home/cmcnally/Repos/robotic-arm-control-system-analysis/vivado/lidar_arm_control/ip_repo/robot_arm_control_1.0/hdl/robot_arm_control_v1_0.v:]
Scanning sources...
Finished scanning sources
WARNING: [filemgmt 56-99] Vivado Synthesis ignores library specification for Verilog or SystemVerilog files. [/home/cmcnally/Repos/robotic-arm-control-system-analysis/vivado/lidar_arm_control/ip_repo/robot_arm_control_1.0/hdl/robot_arm_control_v1_0_S00_AXI.v:]
WARNING: [filemgmt 56-99] Vivado Synthesis ignores library specification for Verilog or SystemVerilog files. [/home/cmcnally/Repos/robotic-arm-control-system-analysis/vivado/lidar_arm_control/ip_repo/robot_arm_control_1.0/hdl/robot_arm_control_v1_0.v:]
WARNING: [filemgmt 56-3] IP Repository Path: Could not find the directory '/home/cmcnally/Repos/robotic-arm-control-system-analysis/vivado/lidar_arm_control/ip_repo/custom_robot_arm_control_system_1.0'.
WARNING: [filemgmt 56-3] IP Repository Path: Could not find the directory '/home/cmcnally/Repos/robotic-arm-control-system-analysis/vivado/lidar_arm_control/ip_repo/robot_arm_pwm_1.0'.
WARNING: [filemgmt 56-3] IP Repository Path: Could not find the directory '/home/cmcnally/Repos/robotic-arm-control-system-analysis/vivado/lidar_arm_control/ip_repo/sample_gpio_ip_1.0'.
INFO: [IP_Flow 19-234] Refreshing IP repositories
WARNING: [IP_Flow 19-2248] Failed to load user IP repository '/home/cmcnally/Repos/robotic-arm-control-system-analysis/vivado/lidar_arm_control/ip_repo/custom_robot_arm_control_system_1.0'; Can't find the specified path.
If this directory should no longer be in your list of user repositories, go to the IP Settings dialog and remove it.
INFO: [IP_Flow 19-1700] Loaded user IP repository '/home/cmcnally/Repos/robotic-arm-control-system-analysis/vivado/lidar_arm_control/ip_repo/robot_arm_control_1.0'.
WARNING: [IP_Flow 19-2248] Failed to load user IP repository '/home/cmcnally/Repos/robotic-arm-control-system-analysis/vivado/lidar_arm_control/ip_repo/robot_arm_pwm_1.0'; Can't find the specified path.
If this directory should no longer be in your list of user repositories, go to the IP Settings dialog and remove it.
WARNING: [IP_Flow 19-2248] Failed to load user IP repository '/home/cmcnally/Repos/robotic-arm-control-system-analysis/vivado/lidar_arm_control/ip_repo/sample_gpio_ip_1.0'; Can't find the specified path.
If this directory should no longer be in your list of user repositories, go to the IP Settings dialog and remove it.
INFO: [IP_Flow 19-2313] Loaded Vivado IP repository '/tools/Xilinx/Vivado/2018.3/data/ip'.
update_compile_order -fileset sources_1
exit
INFO: [Common 17-206] Exiting Vivado at Tue Apr 13 17:30:08 2021...
