#-----------------------------------------------------------
# Vivado v2018.3 (64-bit)
# SW Build 2405991 on Thu Dec  6 23:36:41 MST 2018
# IP Build 2404404 on Fri Dec  7 01:43:56 MST 2018
# Start of session at: Wed Mar 17 16:43:20 2021
# Process ID: 8125
# Current directory: /home/cmcnally/Repos/robotic-arm-control-system-analysis/vivado
# Command line: vivado
# Log file: /home/cmcnally/Repos/robotic-arm-control-system-analysis/vivado/vivado.log
# Journal file: /home/cmcnally/Repos/robotic-arm-control-system-analysis/vivado/vivado.jou
#-----------------------------------------------------------
start_gui
open_project /home/cmcnally/Repos/robotic-arm-control-system-analysis/vivado/us_arm_control/bare_metal_system/us_arm_control_system/us_arm_control_system.xpr
Scanning sources...
Finished scanning sources
INFO: [IP_Flow 19-234] Refreshing IP repositories
INFO: [IP_Flow 19-1704] No user IP repositories specified
INFO: [IP_Flow 19-2313] Loaded Vivado IP repository '/tools/Xilinx/Vivado/2018.3/data/ip'.
open_project: Time (s): cpu = 00:00:19 ; elapsed = 00:00:10 . Memory (MB): peak = 6409.711 ; gain = 106.543 ; free physical = 135 ; free virtual = 3253
update_compile_order -fileset sources_1
close_project
open_project /home/cmcnally/Repos/robotic-arm-control-system-analysis/vivado/us_arm_control/hardware_system/arm_control/arm_control.xpr
Scanning sources...
Finished scanning sources
INFO: [IP_Flow 19-234] Refreshing IP repositories
INFO: [IP_Flow 19-1704] No user IP repositories specified
INFO: [IP_Flow 19-2313] Loaded Vivado IP repository '/tools/Xilinx/Vivado/2018.3/data/ip'.
open_run synth_1 -name synth_1
Design is defaulting to impl run constrset: constrs_1
Design is defaulting to synth run part: xc7z020clg400-1
INFO: [Netlist 29-17] Analyzing 310 Unisim elements for replacement
INFO: [Netlist 29-28] Unisim Transformation completed in 0 CPU seconds
INFO: [Project 1-479] Netlist was created with Vivado 2018.3
INFO: [Device 21-403] Loading part xc7z020clg400-1
INFO: [Project 1-570] Preparing netlist for logic optimization
Parsing XDC File [/home/cmcnally/Repos/robotic-arm-control-system-analysis/vivado/us_arm_control/hardware_system/arm_control/PYNQ-Z2_v1.0.xdc]
Finished Parsing XDC File [/home/cmcnally/Repos/robotic-arm-control-system-analysis/vivado/us_arm_control/hardware_system/arm_control/PYNQ-Z2_v1.0.xdc]
INFO: [Opt 31-138] Pushed 0 inverter(s) to 0 load pin(s).
Netlist sorting complete. Time (s): cpu = 00:00:00 ; elapsed = 00:00:00 . Memory (MB): peak = 6783.703 ; gain = 0.000 ; free physical = 142 ; free virtual = 2837
INFO: [Project 1-111] Unisim Transformation Summary:
No Unisim elements were transformed.

open_run: Time (s): cpu = 00:00:17 ; elapsed = 00:00:12 . Memory (MB): peak = 6921.402 ; gain = 282.926 ; free physical = 157 ; free virtual = 2700
update_compile_order -fileset sources_1
close_design
synth_design -rtl -name rtl_1
Command: synth_design -rtl -name rtl_1
Starting synth_design
Using part: xc7z020clg400-1
Top: us_arm_control_wrapper
---------------------------------------------------------------------------------
Starting RTL Elaboration : Time (s): cpu = 00:00:03 ; elapsed = 00:00:03 . Memory (MB): peak = 6921.402 ; gain = 0.000 ; free physical = 221 ; free virtual = 2502
---------------------------------------------------------------------------------
INFO: [Synth 8-6157] synthesizing module 'us_arm_control_wrapper' [/home/cmcnally/Repos/robotic-arm-control-system-analysis/vivado/us_arm_control/hardware_system/arm_control/arm_control.srcs/sources_1/bd/us_arm_control/hdl/us_arm_control_wrapper.v:4]
	Parameter THRESHOLD bound to: 60000 - type: integer 
INFO: [Synth 8-6157] synthesizing module 'test_proc' [/home/cmcnally/Repos/robotic-arm-control-system-analysis/vivado/us_arm_control/hardware_system/arm_control/arm_control.srcs/sources_1/new/test_proc.v:1]
	Parameter DELAY_30MS bound to: 64'b0000000000000000000000000000000000000000000000000000011111010000 
	Parameter DELAY_3S bound to: 64'b0000000000000000000000000000000000000000000000110000110101000000 
	Parameter ANGLE_0 bound to: 64'b0000000000000000000000000000000000000000000000001001110001000000 
	Parameter ANGLE_90 bound to: 64'b0000000000000000000000000000000000000000000000101010101110011000 
	Parameter ANGLE_180 bound to: 64'b0000000000000000000000000000000000000000000001001011101011110000 
	Parameter A bound to: 2'b00 
	Parameter B bound to: 2'b01 
	Parameter C bound to: 2'b10 
INFO: [Synth 8-155] case statement is not full and has no default [/home/cmcnally/Repos/robotic-arm-control-system-analysis/vivado/us_arm_control/hardware_system/arm_control/arm_control.srcs/sources_1/new/test_proc.v:58]
INFO: [Synth 8-6155] done synthesizing module 'test_proc' (1#1) [/home/cmcnally/Repos/robotic-arm-control-system-analysis/vivado/us_arm_control/hardware_system/arm_control/arm_control.srcs/sources_1/new/test_proc.v:1]
INFO: [Synth 8-6157] synthesizing module 'us_sensor' [/home/cmcnally/Repos/robotic-arm-control-system-analysis/vivado/us_arm_control/hardware_system/arm_control/arm_control.srcs/sources_1/new/us_sensor.v:1]
	Parameter MAX_SEQ_LEN bound to: 500000 - type: integer 
	Parameter TRIG_LEN bound to: 1000 - type: integer 
	Parameter PULSES bound to: 50 - type: integer 
	Parameter A bound to: 2'b00 
	Parameter B bound to: 2'b01 
	Parameter C bound to: 2'b10 
	Parameter D bound to: 2'b11 
INFO: [Synth 8-5534] Detected attribute (* dont_touch = "true" *) [/home/cmcnally/Repos/robotic-arm-control-system-analysis/vivado/us_arm_control/hardware_system/arm_control/arm_control.srcs/sources_1/new/us_sensor.v:20]
INFO: [Synth 8-6155] done synthesizing module 'us_sensor' (2#1) [/home/cmcnally/Repos/robotic-arm-control-system-analysis/vivado/us_arm_control/hardware_system/arm_control/arm_control.srcs/sources_1/new/us_sensor.v:1]
INFO: [Synth 8-6157] synthesizing module 'arm_controller' [/home/cmcnally/Repos/robotic-arm-control-system-analysis/vivado/us_arm_control/hardware_system/arm_control/arm_control.srcs/sources_1/new/arm_controller.v:1]
INFO: [Synth 8-6157] synthesizing module 'counter' [/home/cmcnally/Repos/robotic-arm-control-system-analysis/vivado/us_arm_control/hardware_system/arm_control/arm_control.srcs/sources_1/new/arm_controller.v:30]
	Parameter FULL_PERIOD bound to: 64'b0000000000000000000000000000000000000000000111101000010010000000 
INFO: [Synth 8-6155] done synthesizing module 'counter' (3#1) [/home/cmcnally/Repos/robotic-arm-control-system-analysis/vivado/us_arm_control/hardware_system/arm_control/arm_control.srcs/sources_1/new/arm_controller.v:30]
INFO: [Synth 8-6155] done synthesizing module 'arm_controller' (4#1) [/home/cmcnally/Repos/robotic-arm-control-system-analysis/vivado/us_arm_control/hardware_system/arm_control/arm_control.srcs/sources_1/new/arm_controller.v:1]
INFO: [Synth 8-6155] done synthesizing module 'us_arm_control_wrapper' (5#1) [/home/cmcnally/Repos/robotic-arm-control-system-analysis/vivado/us_arm_control/hardware_system/arm_control/arm_control.srcs/sources_1/bd/us_arm_control/hdl/us_arm_control_wrapper.v:4]
WARNING: [Synth 8-3331] design arm_controller has unconnected port object_det
---------------------------------------------------------------------------------
Finished RTL Elaboration : Time (s): cpu = 00:00:04 ; elapsed = 00:00:04 . Memory (MB): peak = 6921.402 ; gain = 0.000 ; free physical = 172 ; free virtual = 2465
---------------------------------------------------------------------------------

Report Check Netlist: 
+------+------------------+-------+---------+-------+------------------+
|      |Item              |Errors |Warnings |Status |Description       |
+------+------------------+-------+---------+-------+------------------+
|1     |multi_driven_nets |      0|        0|Passed |Multi driven nets |
+------+------------------+-------+---------+-------+------------------+
---------------------------------------------------------------------------------
Start Handling Custom Attributes
---------------------------------------------------------------------------------
---------------------------------------------------------------------------------
Finished Handling Custom Attributes : Time (s): cpu = 00:00:04 ; elapsed = 00:00:04 . Memory (MB): peak = 6921.402 ; gain = 0.000 ; free physical = 171 ; free virtual = 2465
---------------------------------------------------------------------------------
---------------------------------------------------------------------------------
Finished RTL Optimization Phase 1 : Time (s): cpu = 00:00:04 ; elapsed = 00:00:04 . Memory (MB): peak = 6921.402 ; gain = 0.000 ; free physical = 171 ; free virtual = 2465
---------------------------------------------------------------------------------
INFO: [Project 1-570] Preparing netlist for logic optimization

Processing XDC Constraints
Initializing timing engine
Parsing XDC File [/home/cmcnally/Repos/robotic-arm-control-system-analysis/vivado/us_arm_control/hardware_system/arm_control/PYNQ-Z2_v1.0.xdc]
Finished Parsing XDC File [/home/cmcnally/Repos/robotic-arm-control-system-analysis/vivado/us_arm_control/hardware_system/arm_control/PYNQ-Z2_v1.0.xdc]
Completed Processing XDC Constraints

INFO: [Opt 31-138] Pushed 0 inverter(s) to 0 load pin(s).
Netlist sorting complete. Time (s): cpu = 00:00:00 ; elapsed = 00:00:00.01 . Memory (MB): peak = 7008.492 ; gain = 0.000 ; free physical = 142 ; free virtual = 2377
INFO: [Project 1-111] Unisim Transformation Summary:
No Unisim elements were transformed.

RTL Elaboration Complete:  : Time (s): cpu = 00:00:13 ; elapsed = 00:00:09 . Memory (MB): peak = 7039.508 ; gain = 118.105 ; free physical = 156 ; free virtual = 2353
15 Infos, 1 Warnings, 0 Critical Warnings and 0 Errors encountered.
synth_design completed successfully
synth_design: Time (s): cpu = 00:00:13 ; elapsed = 00:00:09 . Memory (MB): peak = 7039.508 ; gain = 118.105 ; free physical = 156 ; free virtual = 2353
refresh_design
---------------------------------------------------------------------------------
Starting RTL Elaboration : Time (s): cpu = 00:00:02 ; elapsed = 00:00:03 . Memory (MB): peak = 7051.383 ; gain = 0.000 ; free physical = 155 ; free virtual = 2219
---------------------------------------------------------------------------------
INFO: [Synth 8-6157] synthesizing module 'us_arm_control_wrapper' [/home/cmcnally/Repos/robotic-arm-control-system-analysis/vivado/us_arm_control/hardware_system/arm_control/arm_control.srcs/sources_1/bd/us_arm_control/hdl/us_arm_control_wrapper.v:4]
	Parameter THRESHOLD bound to: 60000 - type: integer 
INFO: [Synth 8-6157] synthesizing module 'test_proc' [/home/cmcnally/Repos/robotic-arm-control-system-analysis/vivado/us_arm_control/hardware_system/arm_control/arm_control.srcs/sources_1/new/test_proc.v:1]
	Parameter DELAY_30MS bound to: 64'b0000000000000000000000000000000000000000000000000000011111010000 
	Parameter DELAY_3S bound to: 64'b0000000000000000000000000000000000000000000000110000110101000000 
	Parameter ANGLE_0 bound to: 64'b0000000000000000000000000000000000000000000000001001110001000000 
	Parameter ANGLE_90 bound to: 64'b0000000000000000000000000000000000000000000000101010101110011000 
	Parameter ANGLE_180 bound to: 64'b0000000000000000000000000000000000000000000001001011101011110000 
	Parameter A bound to: 2'b00 
	Parameter B bound to: 2'b01 
	Parameter C bound to: 2'b10 
INFO: [Synth 8-155] case statement is not full and has no default [/home/cmcnally/Repos/robotic-arm-control-system-analysis/vivado/us_arm_control/hardware_system/arm_control/arm_control.srcs/sources_1/new/test_proc.v:58]
INFO: [Synth 8-6155] done synthesizing module 'test_proc' (1#1) [/home/cmcnally/Repos/robotic-arm-control-system-analysis/vivado/us_arm_control/hardware_system/arm_control/arm_control.srcs/sources_1/new/test_proc.v:1]
INFO: [Synth 8-6157] synthesizing module 'us_sensor' [/home/cmcnally/Repos/robotic-arm-control-system-analysis/vivado/us_arm_control/hardware_system/arm_control/arm_control.srcs/sources_1/new/us_sensor.v:1]
	Parameter MAX_SEQ_LEN bound to: 500000 - type: integer 
	Parameter TRIG_LEN bound to: 1000 - type: integer 
	Parameter PULSES bound to: 50 - type: integer 
	Parameter A bound to: 2'b00 
	Parameter B bound to: 2'b01 
	Parameter C bound to: 2'b10 
	Parameter D bound to: 2'b11 
INFO: [Synth 8-5534] Detected attribute (* dont_touch = "true" *) [/home/cmcnally/Repos/robotic-arm-control-system-analysis/vivado/us_arm_control/hardware_system/arm_control/arm_control.srcs/sources_1/new/us_sensor.v:20]
INFO: [Synth 8-6155] done synthesizing module 'us_sensor' (2#1) [/home/cmcnally/Repos/robotic-arm-control-system-analysis/vivado/us_arm_control/hardware_system/arm_control/arm_control.srcs/sources_1/new/us_sensor.v:1]
INFO: [Synth 8-6157] synthesizing module 'arm_controller' [/home/cmcnally/Repos/robotic-arm-control-system-analysis/vivado/us_arm_control/hardware_system/arm_control/arm_control.srcs/sources_1/new/arm_controller.v:1]
INFO: [Synth 8-6157] synthesizing module 'counter' [/home/cmcnally/Repos/robotic-arm-control-system-analysis/vivado/us_arm_control/hardware_system/arm_control/arm_control.srcs/sources_1/new/arm_controller.v:30]
	Parameter FULL_PERIOD bound to: 64'b0000000000000000000000000000000000000000000111101000010010000000 
INFO: [Synth 8-6155] done synthesizing module 'counter' (3#1) [/home/cmcnally/Repos/robotic-arm-control-system-analysis/vivado/us_arm_control/hardware_system/arm_control/arm_control.srcs/sources_1/new/arm_controller.v:30]
INFO: [Synth 8-6155] done synthesizing module 'arm_controller' (4#1) [/home/cmcnally/Repos/robotic-arm-control-system-analysis/vivado/us_arm_control/hardware_system/arm_control/arm_control.srcs/sources_1/new/arm_controller.v:1]
INFO: [Synth 8-6155] done synthesizing module 'us_arm_control_wrapper' (5#1) [/home/cmcnally/Repos/robotic-arm-control-system-analysis/vivado/us_arm_control/hardware_system/arm_control/arm_control.srcs/sources_1/bd/us_arm_control/hdl/us_arm_control_wrapper.v:4]
WARNING: [Synth 8-3331] design arm_controller has unconnected port object_det
---------------------------------------------------------------------------------
Finished RTL Elaboration : Time (s): cpu = 00:00:03 ; elapsed = 00:00:04 . Memory (MB): peak = 7051.383 ; gain = 0.000 ; free physical = 188 ; free virtual = 2232
---------------------------------------------------------------------------------

Report Check Netlist: 
+------+------------------+-------+---------+-------+------------------+
|      |Item              |Errors |Warnings |Status |Description       |
+------+------------------+-------+---------+-------+------------------+
|1     |multi_driven_nets |      0|        0|Passed |Multi driven nets |
+------+------------------+-------+---------+-------+------------------+
---------------------------------------------------------------------------------
Start Handling Custom Attributes
---------------------------------------------------------------------------------
---------------------------------------------------------------------------------
Finished Handling Custom Attributes : Time (s): cpu = 00:00:04 ; elapsed = 00:00:04 . Memory (MB): peak = 7051.383 ; gain = 0.000 ; free physical = 190 ; free virtual = 2236
---------------------------------------------------------------------------------
---------------------------------------------------------------------------------
Finished RTL Optimization Phase 1 : Time (s): cpu = 00:00:04 ; elapsed = 00:00:04 . Memory (MB): peak = 7051.383 ; gain = 0.000 ; free physical = 190 ; free virtual = 2236
---------------------------------------------------------------------------------
INFO: [Project 1-570] Preparing netlist for logic optimization

Processing XDC Constraints
Initializing timing engine
Parsing XDC File [/home/cmcnally/Repos/robotic-arm-control-system-analysis/vivado/us_arm_control/hardware_system/arm_control/PYNQ-Z2_v1.0.xdc]
Finished Parsing XDC File [/home/cmcnally/Repos/robotic-arm-control-system-analysis/vivado/us_arm_control/hardware_system/arm_control/PYNQ-Z2_v1.0.xdc]
Completed Processing XDC Constraints

INFO: [Opt 31-138] Pushed 0 inverter(s) to 0 load pin(s).
refresh_design: Time (s): cpu = 00:00:22 ; elapsed = 00:00:13 . Memory (MB): peak = 7167.910 ; gain = 116.531 ; free physical = 145 ; free virtual = 2264
refresh_design
---------------------------------------------------------------------------------
Starting RTL Elaboration : Time (s): cpu = 00:00:03 ; elapsed = 00:00:03 . Memory (MB): peak = 7167.910 ; gain = 0.000 ; free physical = 132 ; free virtual = 2059
---------------------------------------------------------------------------------
INFO: [Synth 8-6157] synthesizing module 'us_arm_control_wrapper' [/home/cmcnally/Repos/robotic-arm-control-system-analysis/vivado/us_arm_control/hardware_system/arm_control/arm_control.srcs/sources_1/bd/us_arm_control/hdl/us_arm_control_wrapper.v:4]
	Parameter THRESHOLD bound to: 60000 - type: integer 
INFO: [Synth 8-6157] synthesizing module 'test_proc' [/home/cmcnally/Repos/robotic-arm-control-system-analysis/vivado/us_arm_control/hardware_system/arm_control/arm_control.srcs/sources_1/new/test_proc.v:1]
	Parameter DELAY_30MS bound to: 64'b0000000000000000000000000000000000000000000000000000011111010000 
	Parameter DELAY_3S bound to: 64'b0000000000000000000000000000000000000000000000110000110101000000 
	Parameter ANGLE_0 bound to: 64'b0000000000000000000000000000000000000000000000001001110001000000 
	Parameter ANGLE_90 bound to: 64'b0000000000000000000000000000000000000000000000101010101110011000 
	Parameter ANGLE_180 bound to: 64'b0000000000000000000000000000000000000000000001001011101011110000 
	Parameter A bound to: 2'b00 
	Parameter B bound to: 2'b01 
	Parameter C bound to: 2'b10 
INFO: [Synth 8-155] case statement is not full and has no default [/home/cmcnally/Repos/robotic-arm-control-system-analysis/vivado/us_arm_control/hardware_system/arm_control/arm_control.srcs/sources_1/new/test_proc.v:58]
INFO: [Synth 8-6155] done synthesizing module 'test_proc' (1#1) [/home/cmcnally/Repos/robotic-arm-control-system-analysis/vivado/us_arm_control/hardware_system/arm_control/arm_control.srcs/sources_1/new/test_proc.v:1]
INFO: [Synth 8-6157] synthesizing module 'us_sensor' [/home/cmcnally/Repos/robotic-arm-control-system-analysis/vivado/us_arm_control/hardware_system/arm_control/arm_control.srcs/sources_1/new/us_sensor.v:1]
	Parameter MAX_SEQ_LEN bound to: 500000 - type: integer 
	Parameter TRIG_LEN bound to: 1000 - type: integer 
	Parameter PULSES bound to: 50 - type: integer 
	Parameter A bound to: 2'b00 
	Parameter B bound to: 2'b01 
	Parameter C bound to: 2'b10 
	Parameter D bound to: 2'b11 
INFO: [Synth 8-5534] Detected attribute (* dont_touch = "true" *) [/home/cmcnally/Repos/robotic-arm-control-system-analysis/vivado/us_arm_control/hardware_system/arm_control/arm_control.srcs/sources_1/new/us_sensor.v:20]
INFO: [Synth 8-6155] done synthesizing module 'us_sensor' (2#1) [/home/cmcnally/Repos/robotic-arm-control-system-analysis/vivado/us_arm_control/hardware_system/arm_control/arm_control.srcs/sources_1/new/us_sensor.v:1]
INFO: [Synth 8-6157] synthesizing module 'arm_controller' [/home/cmcnally/Repos/robotic-arm-control-system-analysis/vivado/us_arm_control/hardware_system/arm_control/arm_control.srcs/sources_1/new/arm_controller.v:1]
INFO: [Synth 8-6157] synthesizing module 'counter' [/home/cmcnally/Repos/robotic-arm-control-system-analysis/vivado/us_arm_control/hardware_system/arm_control/arm_control.srcs/sources_1/new/arm_controller.v:30]
	Parameter FULL_PERIOD bound to: 64'b0000000000000000000000000000000000000000000111101000010010000000 
INFO: [Synth 8-6155] done synthesizing module 'counter' (3#1) [/home/cmcnally/Repos/robotic-arm-control-system-analysis/vivado/us_arm_control/hardware_system/arm_control/arm_control.srcs/sources_1/new/arm_controller.v:30]
INFO: [Synth 8-6155] done synthesizing module 'arm_controller' (4#1) [/home/cmcnally/Repos/robotic-arm-control-system-analysis/vivado/us_arm_control/hardware_system/arm_control/arm_control.srcs/sources_1/new/arm_controller.v:1]
INFO: [Synth 8-6155] done synthesizing module 'us_arm_control_wrapper' (5#1) [/home/cmcnally/Repos/robotic-arm-control-system-analysis/vivado/us_arm_control/hardware_system/arm_control/arm_control.srcs/sources_1/bd/us_arm_control/hdl/us_arm_control_wrapper.v:4]
WARNING: [Synth 8-3331] design arm_controller has unconnected port object_det
---------------------------------------------------------------------------------
Finished RTL Elaboration : Time (s): cpu = 00:00:04 ; elapsed = 00:00:04 . Memory (MB): peak = 7167.910 ; gain = 0.000 ; free physical = 174 ; free virtual = 2103
---------------------------------------------------------------------------------

Report Check Netlist: 
+------+------------------+-------+---------+-------+------------------+
|      |Item              |Errors |Warnings |Status |Description       |
+------+------------------+-------+---------+-------+------------------+
|1     |multi_driven_nets |      0|        0|Passed |Multi driven nets |
+------+------------------+-------+---------+-------+------------------+
---------------------------------------------------------------------------------
Start Handling Custom Attributes
---------------------------------------------------------------------------------
---------------------------------------------------------------------------------
Finished Handling Custom Attributes : Time (s): cpu = 00:00:04 ; elapsed = 00:00:04 . Memory (MB): peak = 7167.910 ; gain = 0.000 ; free physical = 175 ; free virtual = 2105
---------------------------------------------------------------------------------
---------------------------------------------------------------------------------
Finished RTL Optimization Phase 1 : Time (s): cpu = 00:00:04 ; elapsed = 00:00:04 . Memory (MB): peak = 7167.910 ; gain = 0.000 ; free physical = 175 ; free virtual = 2105
---------------------------------------------------------------------------------
INFO: [Project 1-570] Preparing netlist for logic optimization

Processing XDC Constraints
Initializing timing engine
Parsing XDC File [/home/cmcnally/Repos/robotic-arm-control-system-analysis/vivado/us_arm_control/hardware_system/arm_control/PYNQ-Z2_v1.0.xdc]
Finished Parsing XDC File [/home/cmcnally/Repos/robotic-arm-control-system-analysis/vivado/us_arm_control/hardware_system/arm_control/PYNQ-Z2_v1.0.xdc]
Completed Processing XDC Constraints

INFO: [Opt 31-138] Pushed 0 inverter(s) to 0 load pin(s).
refresh_design: Time (s): cpu = 00:00:17 ; elapsed = 00:00:10 . Memory (MB): peak = 7182.355 ; gain = 14.445 ; free physical = 259 ; free virtual = 2207
