#-----------------------------------------------------------
# Vivado v2018.3 (64-bit)
# SW Build 2405991 on Thu Dec  6 23:36:41 MST 2018
# IP Build 2404404 on Fri Dec  7 01:43:56 MST 2018
# Start of session at: Mon Apr  5 10:32:29 2021
# Process ID: 28565
# Current directory: /home/cmcnally/Repos/robotic-arm-control-system-analysis/vivado
# Command line: vivado
# Log file: /home/cmcnally/Repos/robotic-arm-control-system-analysis/vivado/vivado.log
# Journal file: /home/cmcnally/Repos/robotic-arm-control-system-analysis/vivado/vivado.jou
#-----------------------------------------------------------
start_gui
open_project /home/cmcnally/Repos/digital-design-projects/integrated-systems-design/Hex_Calculator/hex_calculator/hex_calculator.xpr
Scanning sources...
Finished scanning sources
INFO: [IP_Flow 19-234] Refreshing IP repositories
INFO: [IP_Flow 19-1704] No user IP repositories specified
INFO: [IP_Flow 19-2313] Loaded Vivado IP repository '/tools/Xilinx/Vivado/2018.3/data/ip'.
open_project: Time (s): cpu = 00:00:15 ; elapsed = 00:00:06 . Memory (MB): peak = 6387.703 ; gain = 106.148 ; free physical = 137 ; free virtual = 3145
update_compile_order -fileset sources_1
reset_run synth_1
launch_runs impl_1 -to_step write_bitstream -jobs 2
[Mon Apr  5 10:33:12 2021] Launched synth_1...
Run output will be captured here: /home/cmcnally/Repos/digital-design-projects/integrated-systems-design/Hex_Calculator/hex_calculator/hex_calculator.runs/synth_1/runme.log
[Mon Apr  5 10:33:13 2021] Launched impl_1...
Run output will be captured here: /home/cmcnally/Repos/digital-design-projects/integrated-systems-design/Hex_Calculator/hex_calculator/hex_calculator.runs/impl_1/runme.log
