#-----------------------------------------------------------
# Vivado v2018.3 (64-bit)
# SW Build 2405991 on Thu Dec  6 23:36:41 MST 2018
# IP Build 2404404 on Fri Dec  7 01:43:56 MST 2018
# Start of session at: Tue Feb 16 20:35:16 2021
# Process ID: 3591
# Current directory: /home/cmcnally/Repos/robotic_arm_control_system_analysis/vivado
# Command line: vivado
# Log file: /home/cmcnally/Repos/robotic_arm_control_system_analysis/vivado/vivado.log
# Journal file: /home/cmcnally/Repos/robotic_arm_control_system_analysis/vivado/vivado.jou
#-----------------------------------------------------------
start_gui
open_project /home/cmcnally/Repos/robotic_arm_control_system_analysis/vivado/lidar_arm_control/bare_metal_system/bare_metal_system.xpr
Scanning sources...
Finished scanning sources
INFO: [IP_Flow 19-234] Refreshing IP repositories
INFO: [IP_Flow 19-1704] No user IP repositories specified
INFO: [IP_Flow 19-2313] Loaded Vivado IP repository '/tools/Xilinx/Vivado/2018.3/data/ip'.
open_project: Time (s): cpu = 00:00:13 ; elapsed = 00:00:06 . Memory (MB): peak = 6415.711 ; gain = 125.883 ; free physical = 1239 ; free virtual = 5695
update_compile_order -fileset sources_1
launch_sdk -workspace /home/cmcnally/Repos/robotic_arm_control_system_analysis/vivado/lidar_arm_control/bare_metal_system/bare_metal_system.sdk -hwspec /home/cmcnally/Repos/robotic_arm_control_system_analysis/vivado/lidar_arm_control/bare_metal_system/bare_metal_system.sdk/lidar_arm_control_wrapper.hdf
INFO: [Vivado 12-393] Launching SDK...
INFO: [Vivado 12-417] Running xsdk -workspace /home/cmcnally/Repos/robotic_arm_control_system_analysis/vivado/lidar_arm_control/bare_metal_system/bare_metal_system.sdk -hwspec /home/cmcnally/Repos/robotic_arm_control_system_analysis/vivado/lidar_arm_control/bare_metal_system/bare_metal_system.sdk/lidar_arm_control_wrapper.hdf
INFO: [Vivado 12-3157] SDK launch initiated. Please check console for any further messages.
exit
INFO: [Common 17-206] Exiting Vivado at Tue Feb 16 23:18:59 2021...
