#-----------------------------------------------------------
# Vivado v2018.3 (64-bit)
# SW Build 2405991 on Thu Dec  6 23:36:41 MST 2018
# IP Build 2404404 on Fri Dec  7 01:43:56 MST 2018
# Start of session at: Wed Apr 14 15:09:02 2021
# Process ID: 12894
# Current directory: /home/cmcnally/Repos/robotic-arm-control-system-analysis/vivado
# Command line: vivado
# Log file: /home/cmcnally/Repos/robotic-arm-control-system-analysis/vivado/vivado.log
# Journal file: /home/cmcnally/Repos/robotic-arm-control-system-analysis/vivado/vivado.jou
#-----------------------------------------------------------
start_gui
ERROR: [Vivado 12-106] *** Exception: java.lang.IllegalArgumentException: Window must not be zero (See /home/cmcnally/Repos/robotic-arm-control-system-analysis/vivado/vivado_pid12894.debug)
ERROR: [Vivado 12-106] *** Exception: java.lang.IllegalArgumentException: Window must not be zero (See /home/cmcnally/Repos/robotic-arm-control-system-analysis/vivado/vivado_pid12894.debug)
ERROR: [Vivado 12-106] *** Exception: java.lang.IllegalArgumentException: Window must not be zero (See /home/cmcnally/Repos/robotic-arm-control-system-analysis/vivado/vivado_pid12894.debug)
ERROR: [Vivado 12-106] *** Exception: java.lang.IllegalArgumentException: Window must not be zero (See /home/cmcnally/Repos/robotic-arm-control-system-analysis/vivado/vivado_pid12894.debug)
ERROR: [Vivado 12-106] *** Exception: java.lang.IllegalArgumentException: Window must not be zero (See /home/cmcnally/Repos/robotic-arm-control-system-analysis/vivado/vivado_pid12894.debug)
ERROR: [Vivado 12-106] *** Exception: java.lang.IllegalArgumentException: Window must not be zero (See /home/cmcnally/Repos/robotic-arm-control-system-analysis/vivado/vivado_pid12894.debug)
open_project /home/cmcnally/Repos/robotic-arm-control-system-analysis/vivado/lidar_arm_control/bare_metal_system/bare_metal_system.xpr
Scanning sources...
Finished scanning sources
WARNING: [filemgmt 56-3] IPUserFilesDir: Could not find the directory '/home/cmcnally/Repos/robotic-arm-control-system-analysis/vivado/lidar_arm_control/bare_metal_system/bare_metal_system.ip_user_files'.
INFO: [IP_Flow 19-234] Refreshing IP repositories
INFO: [IP_Flow 19-1704] No user IP repositories specified
INFO: [IP_Flow 19-2313] Loaded Vivado IP repository '/tools/Xilinx/Vivado/2018.3/data/ip'.
open_project: Time (s): cpu = 00:00:14 ; elapsed = 00:00:06 . Memory (MB): peak = 6514.129 ; gain = 115.168 ; free physical = 126 ; free virtual = 3905
update_compile_order -fileset sources_1
close_project
ERROR: [Vivado 12-106] *** Exception: java.lang.IllegalArgumentException: Window must not be zero (See /home/cmcnally/Repos/robotic-arm-control-system-analysis/vivado/vivado_pid12894.debug)
ERROR: [Vivado 12-106] *** Exception: java.lang.IllegalArgumentException: Window must not be zero (See /home/cmcnally/Repos/robotic-arm-control-system-analysis/vivado/vivado_pid12894.debug)
ERROR: [Vivado 12-106] *** Exception: java.lang.IllegalArgumentException: Window must not be zero (See /home/cmcnally/Repos/robotic-arm-control-system-analysis/vivado/vivado_pid12894.debug)
ERROR: [Vivado 12-106] *** Exception: java.lang.IllegalArgumentException: Window must not be zero (See /home/cmcnally/Repos/robotic-arm-control-system-analysis/vivado/vivado_pid12894.debug)
ERROR: [Vivado 12-106] *** Exception: java.lang.IllegalArgumentException: Window must not be zero (See /home/cmcnally/Repos/robotic-arm-control-system-analysis/vivado/vivado_pid12894.debug)
ERROR: [Vivado 12-106] *** Exception: java.lang.IllegalArgumentException: Window must not be zero (See /home/cmcnally/Repos/robotic-arm-control-system-analysis/vivado/vivado_pid12894.debug)
ERROR: [Vivado 12-106] *** Exception: java.lang.IllegalArgumentException: Window must not be zero (See /home/cmcnally/Repos/robotic-arm-control-system-analysis/vivado/vivado_pid12894.debug)
ERROR: [Vivado 12-106] *** Exception: java.lang.IllegalArgumentException: Window must not be zero (See /home/cmcnally/Repos/robotic-arm-control-system-analysis/vivado/vivado_pid12894.debug)
ERROR: [Vivado 12-106] *** Exception: java.lang.IllegalArgumentException: Window must not be zero (See /home/cmcnally/Repos/robotic-arm-control-system-analysis/vivado/vivado_pid12894.debug)
