#-----------------------------------------------------------
# Vivado v2018.3 (64-bit)
# SW Build 2405991 on Thu Dec  6 23:36:41 MST 2018
# IP Build 2404404 on Fri Dec  7 01:43:56 MST 2018
# Start of session at: Wed Mar 31 17:48:30 2021
# Process ID: 2767
# Current directory: /home/cmcnally/Repos/robotic-arm-control-system-analysis/vivado
# Command line: vivado
# Log file: /home/cmcnally/Repos/robotic-arm-control-system-analysis/vivado/vivado.log
# Journal file: /home/cmcnally/Repos/robotic-arm-control-system-analysis/vivado/vivado.jou
#-----------------------------------------------------------
start_gui
open_project /home/cmcnally/Repos/robotic-arm-control-system-analysis/vivado/lidar_arm_control/hardware_offload_system_2/hardware_system.xpr
Scanning sources...
Finished scanning sources
WARNING: [filemgmt 56-3] IP Repository Path: Could not find the directory '/home/cmcnally/Repos/robotic-arm-control-system-analysis/vivado/lidar_arm_control/ip_repo/custom_arm_control_system_1.0'.
WARNING: [filemgmt 56-3] IP Repository Path: Could not find the directory '/home/cmcnally/Repos/robotic-arm-control-system-analysis/vivado/lidar_arm_control/ip_repo/robot_arm_pwm_1.0'.
WARNING: [filemgmt 56-3] IP Repository Path: Could not find the directory '/home/cmcnally/Repos/robotic-arm-control-system-analysis/vivado/lidar_arm_control/ip_repo/sample_gpio_ip_1.0'.
WARNING: [filemgmt 56-3] IP Repository Path: Could not find the directory '/home/cmcnally/Repos/robotic-arm-control-system-analysis/vivado/lidar_arm_control/ip_repo/sample_gpio_ip_1.0'.
INFO: [IP_Flow 19-234] Refreshing IP repositories
WARNING: [IP_Flow 19-2248] Failed to load user IP repository '/home/cmcnally/Repos/robotic-arm-control-system-analysis/vivado/lidar_arm_control/ip_repo/custom_arm_control_system_1.0'; Can't find the specified path.
If this directory should no longer be in your list of user repositories, go to the IP Settings dialog and remove it.
INFO: [IP_Flow 19-1700] Loaded user IP repository '/home/cmcnally/Repos/robotic-arm-control-system-analysis/vivado/lidar_arm_control/ip_repo/robot_arm_control_1.0'.
WARNING: [IP_Flow 19-2248] Failed to load user IP repository '/home/cmcnally/Repos/robotic-arm-control-system-analysis/vivado/lidar_arm_control/ip_repo/robot_arm_pwm_1.0'; Can't find the specified path.
If this directory should no longer be in your list of user repositories, go to the IP Settings dialog and remove it.
WARNING: [IP_Flow 19-2248] Failed to load user IP repository '/home/cmcnally/Repos/robotic-arm-control-system-analysis/vivado/lidar_arm_control/ip_repo/sample_gpio_ip_1.0'; Can't find the specified path.
If this directory should no longer be in your list of user repositories, go to the IP Settings dialog and remove it.
WARNING: [IP_Flow 19-2207] Repository '/home/cmcnally/Repos/robotic-arm-control-system-analysis/vivado/lidar_arm_control/ip_repo/sample_gpio_ip_1.0' already exists; ignoring attempt to add it again.
WARNING: [IP_Flow 19-2248] Failed to load user IP repository '/home/cmcnally/Repos/robotic-arm-control-system-analysis/vivado/lidar_arm_control/ip_repo/sample_gpio_ip_1.0'; Can't find the specified path.
If this directory should no longer be in your list of user repositories, go to the IP Settings dialog and remove it.
INFO: [IP_Flow 19-2313] Loaded Vivado IP repository '/tools/Xilinx/Vivado/2018.3/data/ip'.
open_project: Time (s): cpu = 00:00:18 ; elapsed = 00:00:07 . Memory (MB): peak = 6419.512 ; gain = 130.961 ; free physical = 1971 ; free virtual = 6190
update_compile_order -fileset sources_1
open_bd_design {/home/cmcnally/Repos/robotic-arm-control-system-analysis/vivado/lidar_arm_control/hardware_offload_system_2/hardware_system.srcs/sources_1/bd/lidar_arm_control/lidar_arm_control.bd}
Adding cell -- xilinx.com:ip:axi_uartlite:2.0 - axi_uartlite_0
Adding cell -- xilinx.com:ip:processing_system7:5.5 - processing_system7_0
Adding cell -- xilinx.com:ip:axi_interconnect:2.1 - ps7_0_axi_periph
Adding cell -- xilinx.com:ip:axi_crossbar:2.1 - xbar
Adding cell -- xilinx.com:ip:axi_protocol_converter:2.1 - auto_pc
Adding cell -- xilinx.com:ip:axi_protocol_converter:2.1 - auto_pc
Adding cell -- xilinx.com:ip:proc_sys_reset:5.0 - rst_ps7_0_100M
Successfully read diagram <lidar_arm_control> from BD file </home/cmcnally/Repos/robotic-arm-control-system-analysis/vivado/lidar_arm_control/hardware_offload_system_2/hardware_system.srcs/sources_1/bd/lidar_arm_control/lidar_arm_control.bd>
open_bd_design: Time (s): cpu = 00:00:09 ; elapsed = 00:00:05 . Memory (MB): peak = 6639.879 ; gain = 0.000 ; free physical = 1660 ; free virtual = 5949
open_project /home/cmcnally/Repos/robotic-arm-control-system-analysis/vivado/lidar_arm_control/ip_repo/edit_custom_robot_arm_control_system_v1_0.xpr
WARNING: [filemgmt 56-99] Vivado Synthesis ignores library specification for Verilog or SystemVerilog files. [/home/cmcnally/Repos/robotic-arm-control-system-analysis/vivado/lidar_arm_control/ip_repo/custom_robot_arm_control_system_1.0/hdl/custom_robot_arm_control_system_v1_0_S00_AXI.v:]
WARNING: [filemgmt 56-99] Vivado Synthesis ignores library specification for Verilog or SystemVerilog files. [/home/cmcnally/Repos/robotic-arm-control-system-analysis/vivado/lidar_arm_control/ip_repo/custom_robot_arm_control_system_1.0/hdl/custom_robot_arm_control_system_v1_0.v:]
Scanning sources...
Finished scanning sources
WARNING: [filemgmt 56-3] IP Repository Path: Could not find the directory '/home/cmcnally/Repos/robotic-arm-control-system-analysis/vivado/lidar_arm_control/ip_repo/custom_arm_control_system_1.0'.
WARNING: [filemgmt 56-3] IP Repository Path: Could not find the directory '/home/cmcnally/Repos/robotic-arm-control-system-analysis/vivado/lidar_arm_control/ip_repo/robot_arm_pwm_1.0'.
WARNING: [filemgmt 56-3] IP Repository Path: Could not find the directory '/home/cmcnally/Repos/robotic-arm-control-system-analysis/vivado/lidar_arm_control/ip_repo/sample_gpio_ip_1.0'.
INFO: [IP_Flow 19-234] Refreshing IP repositories
INFO: [IP_Flow 19-1700] Loaded user IP repository '/home/cmcnally/Repos/robotic-arm-control-system-analysis/vivado/lidar_arm_control/ip_repo/custom_robot_arm_control_system_1.0'.
WARNING: [IP_Flow 19-2248] Failed to load user IP repository '/home/cmcnally/Repos/robotic-arm-control-system-analysis/vivado/lidar_arm_control/ip_repo/custom_arm_control_system_1.0'; Can't find the specified path.
If this directory should no longer be in your list of user repositories, go to the IP Settings dialog and remove it.
INFO: [IP_Flow 19-1700] Loaded user IP repository '/home/cmcnally/Repos/robotic-arm-control-system-analysis/vivado/lidar_arm_control/ip_repo/robot_arm_control_1.0'.
WARNING: [IP_Flow 19-2248] Failed to load user IP repository '/home/cmcnally/Repos/robotic-arm-control-system-analysis/vivado/lidar_arm_control/ip_repo/robot_arm_pwm_1.0'; Can't find the specified path.
If this directory should no longer be in your list of user repositories, go to the IP Settings dialog and remove it.
WARNING: [IP_Flow 19-2248] Failed to load user IP repository '/home/cmcnally/Repos/robotic-arm-control-system-analysis/vivado/lidar_arm_control/ip_repo/sample_gpio_ip_1.0'; Can't find the specified path.
If this directory should no longer be in your list of user repositories, go to the IP Settings dialog and remove it.
INFO: [IP_Flow 19-2313] Loaded Vivado IP repository '/tools/Xilinx/Vivado/2018.3/data/ip'.
open_project: Time (s): cpu = 00:00:13 ; elapsed = 00:00:05 . Memory (MB): peak = 6639.879 ; gain = 0.000 ; free physical = 1423 ; free virtual = 5773
update_compile_order -fileset sources_1
ipx::open_ipxact_file /home/cmcnally/Repos/robotic-arm-control-system-analysis/vivado/lidar_arm_control/ip_repo/custom_robot_arm_control_system_1.0/component.xml
WARNING: [IP_Flow 19-3899] Cannot get the environment domain name variable for the component vendor name. Setting the vendor name to 'user.org'.
WARNING: [IP_Flow 19-5226] Project source file '/home/cmcnally/Repos/robotic-arm-control-system-analysis/vivado/lidar_arm_control/ip_repo/custom_robot_arm_control_system_1.0/component.xml' ignored by IP packager.
WARNING: [IP_Flow 19-3898] File Group 'xilinx_verilogsynthesis (Verilog Synthesis)': File '/home/cmcnally/Repos/robotic-arm-control-system-analysis/vivado/lidar_arm_control/ip_repo/custom_robot_arm_control_system_1.0/hdl/custom_robot_arm_control_system_v1_0_S00_AXI.v' is not found in the project sources. It will be removed from the packaged IP when the sources are merged. If still required, please add this file to the project and re-package.
WARNING: [IP_Flow 19-3898] File Group 'xilinx_verilogsynthesis (Verilog Synthesis)': File '/home/cmcnally/Repos/robotic-arm-control-system-analysis/vivado/lidar_arm_control/ip_repo/custom_robot_arm_control_system_1.0/hdl/custom_robot_arm_control_system_v1_0.v' is not found in the project sources. It will be removed from the packaged IP when the sources are merged. If still required, please add this file to the project and re-package.
WARNING: [IP_Flow 19-3898] File Group 'xilinx_verilogbehavioralsimulation (Verilog Simulation)': File '/home/cmcnally/Repos/robotic-arm-control-system-analysis/vivado/lidar_arm_control/ip_repo/custom_robot_arm_control_system_1.0/hdl/custom_robot_arm_control_system_v1_0_S00_AXI.v' is not found in the project sources. It will be removed from the packaged IP when the sources are merged. If still required, please add this file to the project and re-package.
WARNING: [IP_Flow 19-3898] File Group 'xilinx_verilogbehavioralsimulation (Verilog Simulation)': File '/home/cmcnally/Repos/robotic-arm-control-system-analysis/vivado/lidar_arm_control/ip_repo/custom_robot_arm_control_system_1.0/hdl/custom_robot_arm_control_system_v1_0.v' is not found in the project sources. It will be removed from the packaged IP when the sources are merged. If still required, please add this file to the project and re-package.
ipx::merge_project_changes ports [ipx::current_core]
WARNING: [IP_Flow 19-3899] Cannot get the environment domain name variable for the component vendor name. Setting the vendor name to 'user.org'.
WARNING: [IP_Flow 19-5226] Project source file '/home/cmcnally/Repos/robotic-arm-control-system-analysis/vivado/lidar_arm_control/ip_repo/custom_robot_arm_control_system_1.0/component.xml' ignored by IP packager.
INFO: [IP_Flow 19-3166] Bus Interface 'S00_AXI': References existing memory map 'S00_AXI'.
set_property core_revision 4 [ipx::current_core]
ipx::create_xgui_files [ipx::current_core]
ipx::update_checksums [ipx::current_core]
ipx::save_core [ipx::current_core]
update_ip_catalog -rebuild -repo_path /home/cmcnally/Repos/robotic-arm-control-system-analysis/vivado/lidar_arm_control/ip_repo/custom_robot_arm_control_system_1.0
INFO: [IP_Flow 19-725] Reloaded user IP repository '/home/cmcnally/Repos/robotic-arm-control-system-analysis/vivado/lidar_arm_control/ip_repo/custom_robot_arm_control_system_1.0'
WARNING: [IP_Flow 19-3899] Cannot get the environment domain name variable for the component vendor name. Setting the vendor name to 'user.org'.
WARNING: [IP_Flow 19-3899] Cannot get the environment domain name variable for the component vendor name. Setting the vendor name to 'user.org'.
WARNING: [IP_Flow 19-3899] Cannot get the environment domain name variable for the component vendor name. Setting the vendor name to 'user.org'.
set_property core_revision 5 [ipx::current_core]
ipx::create_xgui_files [ipx::current_core]
ipx::update_checksums [ipx::current_core]
ipx::save_core [ipx::current_core]
update_ip_catalog -rebuild -repo_path /home/cmcnally/Repos/robotic-arm-control-system-analysis/vivado/lidar_arm_control/ip_repo/custom_robot_arm_control_system_1.0
INFO: [IP_Flow 19-725] Reloaded user IP repository '/home/cmcnally/Repos/robotic-arm-control-system-analysis/vivado/lidar_arm_control/ip_repo/custom_robot_arm_control_system_1.0'
WARNING: [IP_Flow 19-3899] Cannot get the environment domain name variable for the component vendor name. Setting the vendor name to 'user.org'.
open_project /home/cmcnally/Repos/robotic-arm-control-system-analysis/vivado/lidar_arm_control/ip_repo/edit_robot_arm_control_v1_0.xpr
WARNING: [filemgmt 56-99] Vivado Synthesis ignores library specification for Verilog or SystemVerilog files. [/home/cmcnally/Repos/robotic-arm-control-system-analysis/vivado/lidar_arm_control/ip_repo/robot_arm_control_1.0/hdl/robot_arm_control_v1_0_S00_AXI.v:]
WARNING: [filemgmt 56-99] Vivado Synthesis ignores library specification for Verilog or SystemVerilog files. [/home/cmcnally/Repos/robotic-arm-control-system-analysis/vivado/lidar_arm_control/ip_repo/robot_arm_control_1.0/hdl/robot_arm_control_v1_0.v:]
Scanning sources...
Finished scanning sources
WARNING: [filemgmt 56-99] Vivado Synthesis ignores library specification for Verilog or SystemVerilog files. [/home/cmcnally/Repos/robotic-arm-control-system-analysis/vivado/lidar_arm_control/ip_repo/robot_arm_control_1.0/hdl/robot_arm_control_v1_0_S00_AXI.v:]
WARNING: [filemgmt 56-99] Vivado Synthesis ignores library specification for Verilog or SystemVerilog files. [/home/cmcnally/Repos/robotic-arm-control-system-analysis/vivado/lidar_arm_control/ip_repo/robot_arm_control_1.0/hdl/robot_arm_control_v1_0.v:]
WARNING: [filemgmt 56-3] IP Repository Path: Could not find the directory '/home/cmcnally/Repos/robotic-arm-control-system-analysis/vivado/lidar_arm_control/ip_repo/robot_arm_pwm_1.0'.
WARNING: [filemgmt 56-3] IP Repository Path: Could not find the directory '/home/cmcnally/Repos/robotic-arm-control-system-analysis/vivado/lidar_arm_control/ip_repo/sample_gpio_ip_1.0'.
INFO: [IP_Flow 19-234] Refreshing IP repositories
INFO: [IP_Flow 19-1700] Loaded user IP repository '/home/cmcnally/Repos/robotic-arm-control-system-analysis/vivado/lidar_arm_control/ip_repo/custom_robot_arm_control_system_1.0'.
INFO: [IP_Flow 19-1700] Loaded user IP repository '/home/cmcnally/Repos/robotic-arm-control-system-analysis/vivado/lidar_arm_control/ip_repo/robot_arm_control_1.0'.
WARNING: [IP_Flow 19-2248] Failed to load user IP repository '/home/cmcnally/Repos/robotic-arm-control-system-analysis/vivado/lidar_arm_control/ip_repo/robot_arm_pwm_1.0'; Can't find the specified path.
If this directory should no longer be in your list of user repositories, go to the IP Settings dialog and remove it.
WARNING: [IP_Flow 19-2248] Failed to load user IP repository '/home/cmcnally/Repos/robotic-arm-control-system-analysis/vivado/lidar_arm_control/ip_repo/sample_gpio_ip_1.0'; Can't find the specified path.
If this directory should no longer be in your list of user repositories, go to the IP Settings dialog and remove it.
INFO: [IP_Flow 19-2313] Loaded Vivado IP repository '/tools/Xilinx/Vivado/2018.3/data/ip'.
update_compile_order -fileset sources_1
ipx::open_ipxact_file /home/cmcnally/Repos/robotic-arm-control-system-analysis/vivado/lidar_arm_control/ip_repo/robot_arm_control_1.0/component.xml
WARNING: [IP_Flow 19-3899] Cannot get the environment domain name variable for the component vendor name. Setting the vendor name to 'user.org'.
WARNING: [IP_Flow 19-5226] Project source file '/home/cmcnally/Repos/robotic-arm-control-system-analysis/vivado/lidar_arm_control/ip_repo/robot_arm_control_1.0/component.xml' ignored by IP packager.
WARNING: [IP_Flow 19-3898] File Group 'xilinx_verilogsynthesis (Verilog Synthesis)': File '/home/cmcnally/Repos/robotic-arm-control-system-analysis/vivado/lidar_arm_control/ip_repo/robot_arm_control_1.0/hdl/robot_arm_control_v1_0_S00_AXI.v' is not found in the project sources. It will be removed from the packaged IP when the sources are merged. If still required, please add this file to the project and re-package.
WARNING: [IP_Flow 19-3898] File Group 'xilinx_verilogsynthesis (Verilog Synthesis)': File '/home/cmcnally/Repos/robotic-arm-control-system-analysis/vivado/lidar_arm_control/ip_repo/robot_arm_control_1.0/hdl/robot_arm_control_v1_0.v' is not found in the project sources. It will be removed from the packaged IP when the sources are merged. If still required, please add this file to the project and re-package.
WARNING: [IP_Flow 19-3898] File Group 'xilinx_verilogbehavioralsimulation (Verilog Simulation)': File '/home/cmcnally/Repos/robotic-arm-control-system-analysis/vivado/lidar_arm_control/ip_repo/robot_arm_control_1.0/hdl/robot_arm_control_v1_0_S00_AXI.v' is not found in the project sources. It will be removed from the packaged IP when the sources are merged. If still required, please add this file to the project and re-package.
WARNING: [IP_Flow 19-3898] File Group 'xilinx_verilogbehavioralsimulation (Verilog Simulation)': File '/home/cmcnally/Repos/robotic-arm-control-system-analysis/vivado/lidar_arm_control/ip_repo/robot_arm_control_1.0/hdl/robot_arm_control_v1_0.v' is not found in the project sources. It will be removed from the packaged IP when the sources are merged. If still required, please add this file to the project and re-package.
close_project
set_property core_revision 6 [ipx::current_core]
ipx::create_xgui_files [ipx::current_core]
ipx::update_checksums [ipx::current_core]
ipx::save_core [ipx::current_core]
update_ip_catalog -rebuild -repo_path /home/cmcnally/Repos/robotic-arm-control-system-analysis/vivado/lidar_arm_control/ip_repo/custom_robot_arm_control_system_1.0
INFO: [IP_Flow 19-725] Reloaded user IP repository '/home/cmcnally/Repos/robotic-arm-control-system-analysis/vivado/lidar_arm_control/ip_repo/custom_robot_arm_control_system_1.0'
close_project
startgroup
create_bd_cell -type ip -vlnv user.org:user:robot_arm_control:1.0 robot_arm_control_0
endgroup
startgroup
apply_bd_automation -rule xilinx.com:bd_rule:axi4 -config { Clk_master {/processing_system7_0/FCLK_CLK0 (100 MHz)} Clk_slave {Auto} Clk_xbar {/processing_system7_0/FCLK_CLK0 (100 MHz)} Master {/processing_system7_0/M_AXI_GP0} Slave {/robot_arm_control_0/S00_AXI} intc_ip {/ps7_0_axi_periph} master_apm {0}}  [get_bd_intf_pins robot_arm_control_0/S00_AXI]
</robot_arm_control_0/S00_AXI/S00_AXI_reg> is being mapped into </processing_system7_0/Data> at <0x43C00000 [ 64K ]>
apply_bd_automation -rule xilinx.com:bd_rule:clkrst -config {Clk "/processing_system7_0/FCLK_CLK0 (100 MHz)" }  [get_bd_pins robot_arm_control_0/PWM_CLK]
endgroup
regenerate_bd_layout
regenerate_bd_layout -routing
regenerate_bd_layout
regenerate_bd_layout -routing
regenerate_bd_layout
reset_run impl_1 -prev_step 
WARNING: [Vivado 12-1017] Problems encountered:
1. Attempt to kill process failed

regenerate_bd_layout
regenerate_bd_layout -routing
delete_bd_objs [get_bd_nets processing_system7_0_FCLK_CLK0]
startgroup
make_bd_pins_external  [get_bd_pins robot_arm_control_0/PWM_CLK]
endgroup
startgroup
apply_bd_automation -rule xilinx.com:bd_rule:clkrst -config {Clk "/processing_system7_0/FCLK_CLK0 (100 MHz)" }  [get_bd_pins axi_uartlite_0/s_axi_aclk]
apply_bd_automation -rule xilinx.com:bd_rule:clkrst -config {Clk "/processing_system7_0/FCLK_CLK0 (100 MHz)" }  [get_bd_pins processing_system7_0/M_AXI_GP0_ACLK]
apply_bd_automation -rule xilinx.com:bd_rule:clkrst -config {Clk "/processing_system7_0/FCLK_CLK0 (100 MHz)" }  [get_bd_pins ps7_0_axi_periph/ACLK]
INFO: [BD 5-455] Automation on '/ps7_0_axi_periph/S00_ACLK' will not be run, since it is obsolete due to previously run automations
apply_bd_automation -rule xilinx.com:bd_rule:clkrst -config {Clk "/processing_system7_0/FCLK_CLK0 (100 MHz)" }  [get_bd_pins ps7_0_axi_periph/M00_ACLK]
INFO: [BD 5-455] Automation on '/ps7_0_axi_periph/M01_ACLK' will not be run, since it is obsolete due to previously run automations
apply_bd_automation -rule xilinx.com:bd_rule:clkrst -config {Clk "/processing_system7_0/FCLK_CLK0 (100 MHz)" }  [get_bd_pins rst_ps7_0_100M/slowest_sync_clk]
INFO: [BD 5-455] Automation on '/robot_arm_control_0/s00_axi_aclk' will not be run, since it is obsolete due to previously run automations
endgroup
regenerate_bd_layout
regenerate_bd_layout -routing
startgroup
make_bd_pins_external  [get_bd_pins robot_arm_control_0/PWM2] [get_bd_pins robot_arm_control_0/PWM1] [get_bd_pins robot_arm_control_0/PWM0] [get_bd_pins robot_arm_control_0/PWM3]
endgroup
regenerate_bd_layout
regenerate_bd_layout -routing
save_bd_design
Wrote  : </home/cmcnally/Repos/robotic-arm-control-system-analysis/vivado/lidar_arm_control/hardware_offload_system_2/hardware_system.srcs/sources_1/bd/lidar_arm_control/lidar_arm_control.bd> 
Wrote  : </home/cmcnally/Repos/robotic-arm-control-system-analysis/vivado/lidar_arm_control/hardware_offload_system_2/hardware_system.srcs/sources_1/bd/lidar_arm_control/ui/bd_9360b533.ui> 
exit
INFO: [Common 17-206] Exiting Vivado at Wed Mar 31 18:00:25 2021...
