#-----------------------------------------------------------
# Vivado v2018.3 (64-bit)
# SW Build 2405991 on Thu Dec  6 23:36:41 MST 2018
# IP Build 2404404 on Fri Dec  7 01:43:56 MST 2018
# Start of session at: Wed Mar 17 20:24:27 2021
# Process ID: 2907
# Current directory: /home/cmcnally/Repos/robotic-arm-control-system-analysis/vivado
# Command line: vivado
# Log file: /home/cmcnally/Repos/robotic-arm-control-system-analysis/vivado/vivado.log
# Journal file: /home/cmcnally/Repos/robotic-arm-control-system-analysis/vivado/vivado.jou
#-----------------------------------------------------------
start_gui
open_project /home/cmcnally/Repos/robotic-arm-control-system-analysis/vivado/us_arm_control/hardware_system/arm_control/arm_control.xpr
Scanning sources...
Finished scanning sources
INFO: [IP_Flow 19-234] Refreshing IP repositories
INFO: [IP_Flow 19-1704] No user IP repositories specified
INFO: [IP_Flow 19-2313] Loaded Vivado IP repository '/tools/Xilinx/Vivado/2018.3/data/ip'.
open_project: Time (s): cpu = 00:00:18 ; elapsed = 00:00:10 . Memory (MB): peak = 6385.266 ; gain = 94.195 ; free physical = 2378 ; free virtual = 6469
update_compile_order -fileset sources_1
synth_design -rtl -name rtl_1
Command: synth_design -rtl -name rtl_1
Starting synth_design
Using part: xc7z020clg400-1
Top: us_arm_control_wrapper
---------------------------------------------------------------------------------
Starting RTL Elaboration : Time (s): cpu = 00:00:04 ; elapsed = 00:00:03 . Memory (MB): peak = 6514.578 ; gain = 67.004 ; free physical = 130 ; free virtual = 3536
---------------------------------------------------------------------------------
INFO: [Synth 8-6157] synthesizing module 'us_arm_control_wrapper' [/home/cmcnally/Repos/robotic-arm-control-system-analysis/vivado/us_arm_control/hardware_system/arm_control/arm_control.srcs/sources_1/bd/us_arm_control/hdl/us_arm_control_wrapper.v:4]
	Parameter THRESHOLD bound to: 60000 - type: integer 
INFO: [Synth 8-6157] synthesizing module 'test_proc' [/home/cmcnally/Repos/robotic-arm-control-system-analysis/vivado/us_arm_control/hardware_system/arm_control/arm_control.srcs/sources_1/new/test_proc.v:1]
	Parameter DELAY_30MS bound to: 64'b0000000000000000000000000000000000000000000000000000011111010000 
	Parameter DELAY_3S bound to: 64'b0000000000000000000000000000000000000000000000110000110101000000 
	Parameter ANGLE_0 bound to: 64'b0000000000000000000000000000000000000000000000001001110001000000 
	Parameter ANGLE_90 bound to: 64'b0000000000000000000000000000000000000000000000101010101110011000 
	Parameter ANGLE_180 bound to: 64'b0000000000000000000000000000000000000000000001001011101011110000 
	Parameter A bound to: 2'b00 
	Parameter B bound to: 2'b01 
	Parameter C bound to: 2'b10 
INFO: [Synth 8-155] case statement is not full and has no default [/home/cmcnally/Repos/robotic-arm-control-system-analysis/vivado/us_arm_control/hardware_system/arm_control/arm_control.srcs/sources_1/new/test_proc.v:58]
INFO: [Synth 8-6155] done synthesizing module 'test_proc' (1#1) [/home/cmcnally/Repos/robotic-arm-control-system-analysis/vivado/us_arm_control/hardware_system/arm_control/arm_control.srcs/sources_1/new/test_proc.v:1]
INFO: [Synth 8-6157] synthesizing module 'us_sensor' [/home/cmcnally/Repos/robotic-arm-control-system-analysis/vivado/us_arm_control/hardware_system/arm_control/arm_control.srcs/sources_1/new/us_sensor.v:1]
	Parameter MAX_SEQ_LEN bound to: 500000 - type: integer 
	Parameter TRIG_LEN bound to: 1000 - type: integer 
	Parameter PULSES bound to: 50 - type: integer 
	Parameter A bound to: 2'b00 
	Parameter B bound to: 2'b01 
	Parameter C bound to: 2'b10 
	Parameter D bound to: 2'b11 
INFO: [Synth 8-5534] Detected attribute (* dont_touch = "true" *) [/home/cmcnally/Repos/robotic-arm-control-system-analysis/vivado/us_arm_control/hardware_system/arm_control/arm_control.srcs/sources_1/new/us_sensor.v:20]
INFO: [Synth 8-6155] done synthesizing module 'us_sensor' (2#1) [/home/cmcnally/Repos/robotic-arm-control-system-analysis/vivado/us_arm_control/hardware_system/arm_control/arm_control.srcs/sources_1/new/us_sensor.v:1]
INFO: [Synth 8-6157] synthesizing module 'arm_controller' [/home/cmcnally/Repos/robotic-arm-control-system-analysis/vivado/us_arm_control/hardware_system/arm_control/arm_control.srcs/sources_1/new/arm_controller.v:1]
INFO: [Synth 8-6157] synthesizing module 'counter' [/home/cmcnally/Repos/robotic-arm-control-system-analysis/vivado/us_arm_control/hardware_system/arm_control/arm_control.srcs/sources_1/new/arm_controller.v:30]
	Parameter FULL_PERIOD bound to: 64'b0000000000000000000000000000000000000000000111101000010010000000 
INFO: [Synth 8-6155] done synthesizing module 'counter' (3#1) [/home/cmcnally/Repos/robotic-arm-control-system-analysis/vivado/us_arm_control/hardware_system/arm_control/arm_control.srcs/sources_1/new/arm_controller.v:30]
INFO: [Synth 8-6155] done synthesizing module 'arm_controller' (4#1) [/home/cmcnally/Repos/robotic-arm-control-system-analysis/vivado/us_arm_control/hardware_system/arm_control/arm_control.srcs/sources_1/new/arm_controller.v:1]
INFO: [Synth 8-6155] done synthesizing module 'us_arm_control_wrapper' (5#1) [/home/cmcnally/Repos/robotic-arm-control-system-analysis/vivado/us_arm_control/hardware_system/arm_control/arm_control.srcs/sources_1/bd/us_arm_control/hdl/us_arm_control_wrapper.v:4]
WARNING: [Synth 8-3331] design arm_controller has unconnected port object_det
---------------------------------------------------------------------------------
Finished RTL Elaboration : Time (s): cpu = 00:00:04 ; elapsed = 00:00:04 . Memory (MB): peak = 6550.828 ; gain = 103.254 ; free physical = 188 ; free virtual = 3548
---------------------------------------------------------------------------------

Report Check Netlist: 
+------+------------------+-------+---------+-------+------------------+
|      |Item              |Errors |Warnings |Status |Description       |
+------+------------------+-------+---------+-------+------------------+
|1     |multi_driven_nets |      0|        0|Passed |Multi driven nets |
+------+------------------+-------+---------+-------+------------------+
---------------------------------------------------------------------------------
Start Handling Custom Attributes
---------------------------------------------------------------------------------
---------------------------------------------------------------------------------
Finished Handling Custom Attributes : Time (s): cpu = 00:00:05 ; elapsed = 00:00:04 . Memory (MB): peak = 6550.828 ; gain = 103.254 ; free physical = 206 ; free virtual = 3567
---------------------------------------------------------------------------------
---------------------------------------------------------------------------------
Finished RTL Optimization Phase 1 : Time (s): cpu = 00:00:05 ; elapsed = 00:00:04 . Memory (MB): peak = 6550.828 ; gain = 103.254 ; free physical = 206 ; free virtual = 3567
---------------------------------------------------------------------------------
INFO: [Device 21-403] Loading part xc7z020clg400-1
INFO: [Project 1-570] Preparing netlist for logic optimization

Processing XDC Constraints
Initializing timing engine
Parsing XDC File [/home/cmcnally/Repos/robotic-arm-control-system-analysis/vivado/us_arm_control/hardware_system/arm_control/PYNQ-Z2_v1.0.xdc]
Finished Parsing XDC File [/home/cmcnally/Repos/robotic-arm-control-system-analysis/vivado/us_arm_control/hardware_system/arm_control/PYNQ-Z2_v1.0.xdc]
Completed Processing XDC Constraints

INFO: [Opt 31-138] Pushed 0 inverter(s) to 0 load pin(s).
Netlist sorting complete. Time (s): cpu = 00:00:00 ; elapsed = 00:00:00 . Memory (MB): peak = 6882.258 ; gain = 0.000 ; free physical = 136 ; free virtual = 3230
INFO: [Project 1-111] Unisim Transformation Summary:
No Unisim elements were transformed.

RTL Elaboration Complete:  : Time (s): cpu = 00:00:26 ; elapsed = 00:00:17 . Memory (MB): peak = 6925.715 ; gain = 478.141 ; free physical = 140 ; free virtual = 3083
16 Infos, 1 Warnings, 0 Critical Warnings and 0 Errors encountered.
synth_design completed successfully
synth_design: Time (s): cpu = 00:00:26 ; elapsed = 00:00:17 . Memory (MB): peak = 6925.715 ; gain = 478.141 ; free physical = 140 ; free virtual = 3083
open_hw
connect_hw_server
INFO: [Labtools 27-2285] Connecting to hw_server url TCP:localhost:3121
INFO: [Labtools 27-2222] Launching hw_server...
INFO: [Labtools 27-2221] Launch Output:

****** Xilinx hw_server v2018.3
  **** Build date : Dec  6 2018-23:53:53
    ** Copyright 1986-2018 Xilinx, Inc. All Rights Reserved.


open_hw_target
INFO: [Labtoolstcl 44-466] Opening hw_target localhost:3121/xilinx_tcf/Xilinx/1234-tulA
open_hw_target: Time (s): cpu = 00:00:04 ; elapsed = 00:00:07 . Memory (MB): peak = 7694.184 ; gain = 748.035 ; free physical = 140 ; free virtual = 1759
set_property PROGRAM.FILE {/home/cmcnally/Repos/robotic-arm-control-system-analysis/vivado/us_arm_control/hardware_system/arm_control/arm_control.runs/impl_1/us_arm_control_wrapper.bit} [get_hw_devices xc7z020_1]
current_hw_device [get_hw_devices xc7z020_1]
refresh_hw_device -update_hw_probes false [lindex [get_hw_devices xc7z020_1] 0]
INFO: [Labtools 27-1435] Device xc7z020 (JTAG device index = 1) is not programmed (DONE status = 0).
set_property PROBES.FILE {} [get_hw_devices xc7z020_1]
set_property FULL_PROBES.FILE {} [get_hw_devices xc7z020_1]
set_property PROGRAM.FILE {/home/cmcnally/Repos/robotic-arm-control-system-analysis/vivado/us_arm_control/hardware_system/arm_control/arm_control.runs/impl_1/us_arm_control_wrapper.bit} [get_hw_devices xc7z020_1]
program_hw_devices [get_hw_devices xc7z020_1]
INFO: [Labtools 27-3164] End of startup status: HIGH
refresh_hw_device [lindex [get_hw_devices xc7z020_1] 0]
INFO: [Labtools 27-1434] Device xc7z020 (JTAG device index = 1) is programmed with a design that has no supported debug core(s) in it.
reset_run synth_1
launch_runs impl_1 -to_step write_bitstream -jobs 2
[Wed Mar 17 21:11:49 2021] Launched synth_1...
Run output will be captured here: /home/cmcnally/Repos/robotic-arm-control-system-analysis/vivado/us_arm_control/hardware_system/arm_control/arm_control.runs/synth_1/runme.log
[Wed Mar 17 21:11:49 2021] Launched impl_1...
Run output will be captured here: /home/cmcnally/Repos/robotic-arm-control-system-analysis/vivado/us_arm_control/hardware_system/arm_control/arm_control.runs/impl_1/runme.log
close_hw
reset_run synth_1
