#-----------------------------------------------------------
# Vivado v2018.3 (64-bit)
# SW Build 2405991 on Thu Dec  6 23:36:41 MST 2018
# IP Build 2404404 on Fri Dec  7 01:43:56 MST 2018
# Start of session at: Mon Apr 12 12:14:12 2021
# Process ID: 23111
# Current directory: /home/cmcnally/Repos/robotic-arm-control-system-analysis/vivado
# Command line: vivado
# Log file: /home/cmcnally/Repos/robotic-arm-control-system-analysis/vivado/vivado.log
# Journal file: /home/cmcnally/Repos/robotic-arm-control-system-analysis/vivado/vivado.jou
#-----------------------------------------------------------
start_gui
open_project /home/cmcnally/Repos/robotic-arm-control-system-analysis/vivado/lidar_arm_control/hardware_offload_system/hardware_system.xpr
Scanning sources...
Finished scanning sources
WARNING: [filemgmt 56-3] IP Repository Path: Could not find the directory '/home/cmcnally/Repos/robotic-arm-control-system-analysis/vivado/lidar_arm_control/ip_repo/robot_arm_pwm_1.0'.
WARNING: [filemgmt 56-3] IP Repository Path: Could not find the directory '/home/cmcnally/Repos/robotic-arm-control-system-analysis/vivado/lidar_arm_control/ip_repo/sample_gpio_ip_1.0'.
WARNING: [filemgmt 56-3] IP Repository Path: Could not find the directory '/home/cmcnally/Repos/robotic-arm-control-system-analysis/vivado/lidar_arm_control/ip_repo/sample_gpio_ip_1.0'.
INFO: [IP_Flow 19-234] Refreshing IP repositories
INFO: [IP_Flow 19-1700] Loaded user IP repository '/home/cmcnally/Repos/robotic-arm-control-system-analysis/vivado/lidar_arm_control/ip_repo/robot_arm_control_1.0'.
WARNING: [IP_Flow 19-2248] Failed to load user IP repository '/home/cmcnally/Repos/robotic-arm-control-system-analysis/vivado/lidar_arm_control/ip_repo/robot_arm_pwm_1.0'; Can't find the specified path.
If this directory should no longer be in your list of user repositories, go to the IP Settings dialog and remove it.
WARNING: [IP_Flow 19-2248] Failed to load user IP repository '/home/cmcnally/Repos/robotic-arm-control-system-analysis/vivado/lidar_arm_control/ip_repo/sample_gpio_ip_1.0'; Can't find the specified path.
If this directory should no longer be in your list of user repositories, go to the IP Settings dialog and remove it.
WARNING: [IP_Flow 19-2207] Repository '/home/cmcnally/Repos/robotic-arm-control-system-analysis/vivado/lidar_arm_control/ip_repo/sample_gpio_ip_1.0' already exists; ignoring attempt to add it again.
WARNING: [IP_Flow 19-2248] Failed to load user IP repository '/home/cmcnally/Repos/robotic-arm-control-system-analysis/vivado/lidar_arm_control/ip_repo/sample_gpio_ip_1.0'; Can't find the specified path.
If this directory should no longer be in your list of user repositories, go to the IP Settings dialog and remove it.
INFO: [IP_Flow 19-2313] Loaded Vivado IP repository '/tools/Xilinx/Vivado/2018.3/data/ip'.
WARNING: [IP_Flow 19-3664] IP 'lidar_arm_control_robot_arm_control_0_1' generated file not found '/home/cmcnally/Repos/robotic-arm-control-system-analysis/vivado/lidar_arm_control/hardware_offload_system/hardware_system.srcs/sources_1/bd/lidar_arm_control/ip/lidar_arm_control_robot_arm_control_0_1/lidar_arm_control_robot_arm_control_0_1.dcp'. Please regenerate to continue.
WARNING: [IP_Flow 19-3664] IP 'lidar_arm_control_robot_arm_control_0_1' generated file not found '/home/cmcnally/Repos/robotic-arm-control-system-analysis/vivado/lidar_arm_control/hardware_offload_system/hardware_system.srcs/sources_1/bd/lidar_arm_control/ip/lidar_arm_control_robot_arm_control_0_1/lidar_arm_control_robot_arm_control_0_1_stub.v'. Please regenerate to continue.
WARNING: [IP_Flow 19-3664] IP 'lidar_arm_control_robot_arm_control_0_1' generated file not found '/home/cmcnally/Repos/robotic-arm-control-system-analysis/vivado/lidar_arm_control/hardware_offload_system/hardware_system.srcs/sources_1/bd/lidar_arm_control/ip/lidar_arm_control_robot_arm_control_0_1/lidar_arm_control_robot_arm_control_0_1_stub.vhdl'. Please regenerate to continue.
WARNING: [IP_Flow 19-3664] IP 'lidar_arm_control_robot_arm_control_0_1' generated file not found '/home/cmcnally/Repos/robotic-arm-control-system-analysis/vivado/lidar_arm_control/hardware_offload_system/hardware_system.srcs/sources_1/bd/lidar_arm_control/ip/lidar_arm_control_robot_arm_control_0_1/lidar_arm_control_robot_arm_control_0_1_sim_netlist.v'. Please regenerate to continue.
WARNING: [IP_Flow 19-3664] IP 'lidar_arm_control_robot_arm_control_0_1' generated file not found '/home/cmcnally/Repos/robotic-arm-control-system-analysis/vivado/lidar_arm_control/hardware_offload_system/hardware_system.srcs/sources_1/bd/lidar_arm_control/ip/lidar_arm_control_robot_arm_control_0_1/lidar_arm_control_robot_arm_control_0_1_sim_netlist.vhdl'. Please regenerate to continue.
open_project: Time (s): cpu = 00:00:16 ; elapsed = 00:00:07 . Memory (MB): peak = 6413.438 ; gain = 108.836 ; free physical = 125 ; free virtual = 3586
open_bd_design {/home/cmcnally/Repos/robotic-arm-control-system-analysis/vivado/lidar_arm_control/hardware_offload_system/hardware_system.srcs/sources_1/bd/lidar_arm_control/lidar_arm_control.bd}
Adding cell -- xilinx.com:ip:processing_system7:5.5 - processing_system7_0
Adding cell -- xilinx.com:ip:axi_interconnect:2.1 - ps7_0_axi_periph
Adding cell -- xilinx.com:ip:axi_crossbar:2.1 - xbar
Adding cell -- xilinx.com:ip:axi_protocol_converter:2.1 - auto_pc
Adding cell -- xilinx.com:ip:proc_sys_reset:5.0 - rst_ps7_0_100M
Adding cell -- xilinx.com:ip:axi_uartlite:2.0 - axi_uartlite_0
Adding cell -- xilinx.com:ip:axi_gpio:2.0 - axi_gpio_0
Adding cell -- user.org:user:robot_arm_control:1.0 - robot_arm_control_0
Successfully read diagram <lidar_arm_control> from BD file </home/cmcnally/Repos/robotic-arm-control-system-analysis/vivado/lidar_arm_control/hardware_offload_system/hardware_system.srcs/sources_1/bd/lidar_arm_control/lidar_arm_control.bd>
open_bd_design: Time (s): cpu = 00:00:16 ; elapsed = 00:00:06 . Memory (MB): peak = 6651.555 ; gain = 196.469 ; free physical = 127 ; free virtual = 3298
update_compile_order -fileset sources_1
regenerate_bd_layout
regenerate_bd_layout -routing
save_bd_design
Wrote  : </home/cmcnally/Repos/robotic-arm-control-system-analysis/vivado/lidar_arm_control/hardware_offload_system/hardware_system.srcs/sources_1/bd/lidar_arm_control/ui/bd_9360b533.ui> 
close_project
open_project /home/cmcnally/Repos/robotic-arm-control-system-analysis/vivado/lidar_arm_control/bare_metal_system/bare_metal_system.xpr
Scanning sources...
Finished scanning sources
WARNING: [filemgmt 56-3] IPUserFilesDir: Could not find the directory '/home/cmcnally/Repos/robotic-arm-control-system-analysis/vivado/lidar_arm_control/bare_metal_system/bare_metal_system.ip_user_files'.
INFO: [IP_Flow 19-234] Refreshing IP repositories
INFO: [IP_Flow 19-1704] No user IP repositories specified
INFO: [IP_Flow 19-2313] Loaded Vivado IP repository '/tools/Xilinx/Vivado/2018.3/data/ip'.
update_compile_order -fileset sources_1
launch_sdk -workspace /home/cmcnally/Repos/robotic-arm-control-system-analysis/vivado/lidar_arm_control/bare_metal_system/bare_metal_system.sdk -hwspec /home/cmcnally/Repos/robotic-arm-control-system-analysis/vivado/lidar_arm_control/bare_metal_system/bare_metal_system.sdk/lidar_arm_control_wrapper.hdf
INFO: [Vivado 12-393] Launching SDK...
INFO: [Vivado 12-417] Running xsdk -workspace /home/cmcnally/Repos/robotic-arm-control-system-analysis/vivado/lidar_arm_control/bare_metal_system/bare_metal_system.sdk -hwspec /home/cmcnally/Repos/robotic-arm-control-system-analysis/vivado/lidar_arm_control/bare_metal_system/bare_metal_system.sdk/lidar_arm_control_wrapper.hdf
INFO: [Vivado 12-3157] SDK launch initiated. Please check console for any further messages.
close_project
open_project /home/cmcnally/Repos/robotic-arm-control-system-analysis/vivado/lidar_arm_control/freertos_system/freertos_system.xpr
Scanning sources...
Finished scanning sources
INFO: [IP_Flow 19-234] Refreshing IP repositories
INFO: [IP_Flow 19-1704] No user IP repositories specified
INFO: [IP_Flow 19-2313] Loaded Vivado IP repository '/tools/Xilinx/Vivado/2018.3/data/ip'.
update_compile_order -fileset sources_1
launch_sdk -workspace /home/cmcnally/Repos/robotic-arm-control-system-analysis/vivado/lidar_arm_control/freertos_system/freertos_system.sdk -hwspec /home/cmcnally/Repos/robotic-arm-control-system-analysis/vivado/lidar_arm_control/freertos_system/freertos_system.sdk/lidar_arm_control_wrapper.hdf
INFO: [Vivado 12-393] Launching SDK...
INFO: [Vivado 12-417] Running xsdk -workspace /home/cmcnally/Repos/robotic-arm-control-system-analysis/vivado/lidar_arm_control/freertos_system/freertos_system.sdk -hwspec /home/cmcnally/Repos/robotic-arm-control-system-analysis/vivado/lidar_arm_control/freertos_system/freertos_system.sdk/lidar_arm_control_wrapper.hdf
INFO: [Vivado 12-3157] SDK launch initiated. Please check console for any further messages.
close_project
open_project /home/cmcnally/Repos/robotic-arm-control-system-analysis/vivado/lidar_arm_control/hardware_offload_system/hardware_system.xpr
Scanning sources...
Finished scanning sources
WARNING: [filemgmt 56-3] IP Repository Path: Could not find the directory '/home/cmcnally/Repos/robotic-arm-control-system-analysis/vivado/lidar_arm_control/ip_repo/robot_arm_pwm_1.0'.
WARNING: [filemgmt 56-3] IP Repository Path: Could not find the directory '/home/cmcnally/Repos/robotic-arm-control-system-analysis/vivado/lidar_arm_control/ip_repo/sample_gpio_ip_1.0'.
WARNING: [filemgmt 56-3] IP Repository Path: Could not find the directory '/home/cmcnally/Repos/robotic-arm-control-system-analysis/vivado/lidar_arm_control/ip_repo/sample_gpio_ip_1.0'.
INFO: [IP_Flow 19-234] Refreshing IP repositories
INFO: [IP_Flow 19-1700] Loaded user IP repository '/home/cmcnally/Repos/robotic-arm-control-system-analysis/vivado/lidar_arm_control/ip_repo/robot_arm_control_1.0'.
WARNING: [IP_Flow 19-2248] Failed to load user IP repository '/home/cmcnally/Repos/robotic-arm-control-system-analysis/vivado/lidar_arm_control/ip_repo/robot_arm_pwm_1.0'; Can't find the specified path.
If this directory should no longer be in your list of user repositories, go to the IP Settings dialog and remove it.
WARNING: [IP_Flow 19-2248] Failed to load user IP repository '/home/cmcnally/Repos/robotic-arm-control-system-analysis/vivado/lidar_arm_control/ip_repo/sample_gpio_ip_1.0'; Can't find the specified path.
If this directory should no longer be in your list of user repositories, go to the IP Settings dialog and remove it.
WARNING: [IP_Flow 19-2207] Repository '/home/cmcnally/Repos/robotic-arm-control-system-analysis/vivado/lidar_arm_control/ip_repo/sample_gpio_ip_1.0' already exists; ignoring attempt to add it again.
WARNING: [IP_Flow 19-2248] Failed to load user IP repository '/home/cmcnally/Repos/robotic-arm-control-system-analysis/vivado/lidar_arm_control/ip_repo/sample_gpio_ip_1.0'; Can't find the specified path.
If this directory should no longer be in your list of user repositories, go to the IP Settings dialog and remove it.
INFO: [IP_Flow 19-2313] Loaded Vivado IP repository '/tools/Xilinx/Vivado/2018.3/data/ip'.
WARNING: [IP_Flow 19-3664] IP 'lidar_arm_control_robot_arm_control_0_1' generated file not found '/home/cmcnally/Repos/robotic-arm-control-system-analysis/vivado/lidar_arm_control/hardware_offload_system/hardware_system.srcs/sources_1/bd/lidar_arm_control/ip/lidar_arm_control_robot_arm_control_0_1/lidar_arm_control_robot_arm_control_0_1.dcp'. Please regenerate to continue.
WARNING: [IP_Flow 19-3664] IP 'lidar_arm_control_robot_arm_control_0_1' generated file not found '/home/cmcnally/Repos/robotic-arm-control-system-analysis/vivado/lidar_arm_control/hardware_offload_system/hardware_system.srcs/sources_1/bd/lidar_arm_control/ip/lidar_arm_control_robot_arm_control_0_1/lidar_arm_control_robot_arm_control_0_1_stub.v'. Please regenerate to continue.
WARNING: [IP_Flow 19-3664] IP 'lidar_arm_control_robot_arm_control_0_1' generated file not found '/home/cmcnally/Repos/robotic-arm-control-system-analysis/vivado/lidar_arm_control/hardware_offload_system/hardware_system.srcs/sources_1/bd/lidar_arm_control/ip/lidar_arm_control_robot_arm_control_0_1/lidar_arm_control_robot_arm_control_0_1_stub.vhdl'. Please regenerate to continue.
WARNING: [IP_Flow 19-3664] IP 'lidar_arm_control_robot_arm_control_0_1' generated file not found '/home/cmcnally/Repos/robotic-arm-control-system-analysis/vivado/lidar_arm_control/hardware_offload_system/hardware_system.srcs/sources_1/bd/lidar_arm_control/ip/lidar_arm_control_robot_arm_control_0_1/lidar_arm_control_robot_arm_control_0_1_sim_netlist.v'. Please regenerate to continue.
WARNING: [IP_Flow 19-3664] IP 'lidar_arm_control_robot_arm_control_0_1' generated file not found '/home/cmcnally/Repos/robotic-arm-control-system-analysis/vivado/lidar_arm_control/hardware_offload_system/hardware_system.srcs/sources_1/bd/lidar_arm_control/ip/lidar_arm_control_robot_arm_control_0_1/lidar_arm_control_robot_arm_control_0_1_sim_netlist.vhdl'. Please regenerate to continue.
update_compile_order -fileset sources_1
open_project /home/cmcnally/Repos/robotic-arm-control-system-analysis/vivado/lidar_arm_control/ip_repo/edit_robot_arm_control_v1_0.xpr
WARNING: [filemgmt 56-99] Vivado Synthesis ignores library specification for Verilog or SystemVerilog files. [/home/cmcnally/Repos/robotic-arm-control-system-analysis/vivado/lidar_arm_control/ip_repo/robot_arm_control_1.0/hdl/robot_arm_control_v1_0_S00_AXI.v:]
WARNING: [filemgmt 56-99] Vivado Synthesis ignores library specification for Verilog or SystemVerilog files. [/home/cmcnally/Repos/robotic-arm-control-system-analysis/vivado/lidar_arm_control/ip_repo/robot_arm_control_1.0/hdl/robot_arm_control_v1_0.v:]
Scanning sources...
Finished scanning sources
WARNING: [filemgmt 56-99] Vivado Synthesis ignores library specification for Verilog or SystemVerilog files. [/home/cmcnally/Repos/robotic-arm-control-system-analysis/vivado/lidar_arm_control/ip_repo/robot_arm_control_1.0/hdl/robot_arm_control_v1_0_S00_AXI.v:]
WARNING: [filemgmt 56-99] Vivado Synthesis ignores library specification for Verilog or SystemVerilog files. [/home/cmcnally/Repos/robotic-arm-control-system-analysis/vivado/lidar_arm_control/ip_repo/robot_arm_control_1.0/hdl/robot_arm_control_v1_0.v:]
WARNING: [filemgmt 56-99] Vivado Synthesis ignores library specification for Verilog or SystemVerilog files. [/home/cmcnally/Repos/robotic-arm-control-system-analysis/vivado/lidar_arm_control/ip_repo/robot_arm_control_1.0/hdl/robot_arm_control_v1_0_S00_AXI.v:]
WARNING: [filemgmt 56-99] Vivado Synthesis ignores library specification for Verilog or SystemVerilog files. [/home/cmcnally/Repos/robotic-arm-control-system-analysis/vivado/lidar_arm_control/ip_repo/robot_arm_control_1.0/hdl/robot_arm_control_v1_0.v:]
WARNING: [filemgmt 56-3] IP Repository Path: Could not find the directory '/home/cmcnally/Repos/robotic-arm-control-system-analysis/vivado/lidar_arm_control/ip_repo/custom_robot_arm_control_system_1.0'.
WARNING: [filemgmt 56-3] IP Repository Path: Could not find the directory '/home/cmcnally/Repos/robotic-arm-control-system-analysis/vivado/lidar_arm_control/ip_repo/robot_arm_pwm_1.0'.
WARNING: [filemgmt 56-3] IP Repository Path: Could not find the directory '/home/cmcnally/Repos/robotic-arm-control-system-analysis/vivado/lidar_arm_control/ip_repo/sample_gpio_ip_1.0'.
INFO: [IP_Flow 19-234] Refreshing IP repositories
WARNING: [IP_Flow 19-2248] Failed to load user IP repository '/home/cmcnally/Repos/robotic-arm-control-system-analysis/vivado/lidar_arm_control/ip_repo/custom_robot_arm_control_system_1.0'; Can't find the specified path.
If this directory should no longer be in your list of user repositories, go to the IP Settings dialog and remove it.
INFO: [IP_Flow 19-1700] Loaded user IP repository '/home/cmcnally/Repos/robotic-arm-control-system-analysis/vivado/lidar_arm_control/ip_repo/robot_arm_control_1.0'.
WARNING: [IP_Flow 19-2248] Failed to load user IP repository '/home/cmcnally/Repos/robotic-arm-control-system-analysis/vivado/lidar_arm_control/ip_repo/robot_arm_pwm_1.0'; Can't find the specified path.
If this directory should no longer be in your list of user repositories, go to the IP Settings dialog and remove it.
WARNING: [IP_Flow 19-2248] Failed to load user IP repository '/home/cmcnally/Repos/robotic-arm-control-system-analysis/vivado/lidar_arm_control/ip_repo/sample_gpio_ip_1.0'; Can't find the specified path.
If this directory should no longer be in your list of user repositories, go to the IP Settings dialog and remove it.
INFO: [IP_Flow 19-2313] Loaded Vivado IP repository '/tools/Xilinx/Vivado/2018.3/data/ip'.
update_compile_order -fileset sources_1
update_compile_order -fileset sources_1
update_compile_order -fileset sources_1
reset_run synth_1
launch_runs synth_1 -jobs 2
WARNING: [filemgmt 56-99] Vivado Synthesis ignores library specification for Verilog or SystemVerilog files. [/home/cmcnally/Repos/robotic-arm-control-system-analysis/vivado/lidar_arm_control/ip_repo/robot_arm_control_1.0/hdl/robot_arm_control_v1_0_S00_AXI.v:]
WARNING: [filemgmt 56-99] Vivado Synthesis ignores library specification for Verilog or SystemVerilog files. [/home/cmcnally/Repos/robotic-arm-control-system-analysis/vivado/lidar_arm_control/ip_repo/robot_arm_control_1.0/hdl/robot_arm_control_v1_0.v:]
WARNING: [filemgmt 56-99] Vivado Synthesis ignores library specification for Verilog or SystemVerilog files. [/home/cmcnally/Repos/robotic-arm-control-system-analysis/vivado/lidar_arm_control/ip_repo/robot_arm_control_1.0/hdl/robot_arm_control_v1_0_S00_AXI.v:]
WARNING: [filemgmt 56-99] Vivado Synthesis ignores library specification for Verilog or SystemVerilog files. [/home/cmcnally/Repos/robotic-arm-control-system-analysis/vivado/lidar_arm_control/ip_repo/robot_arm_control_1.0/hdl/robot_arm_control_v1_0.v:]
[Mon Apr 12 17:16:10 2021] Launched synth_1...
Run output will be captured here: /home/cmcnally/Repos/robotic-arm-control-system-analysis/vivado/lidar_arm_control/ip_repo/edit_robot_arm_control_v1_0.runs/synth_1/runme.log
current_project hardware_system
update_ip_catalog -rebuild -scan_changes
INFO: [IP_Flow 19-234] Refreshing IP repositories
INFO: [IP_Flow 19-1700] Loaded user IP repository '/home/cmcnally/Repos/robotic-arm-control-system-analysis/vivado/lidar_arm_control/ip_repo/robot_arm_control_1.0'.
WARNING: [IP_Flow 19-2248] Failed to load user IP repository '/home/cmcnally/Repos/robotic-arm-control-system-analysis/vivado/lidar_arm_control/ip_repo/robot_arm_pwm_1.0'; Can't find the specified path.
If this directory should no longer be in your list of user repositories, go to the IP Settings dialog and remove it.
WARNING: [IP_Flow 19-2248] Failed to load user IP repository '/home/cmcnally/Repos/robotic-arm-control-system-analysis/vivado/lidar_arm_control/ip_repo/sample_gpio_ip_1.0'; Can't find the specified path.
If this directory should no longer be in your list of user repositories, go to the IP Settings dialog and remove it.
WARNING: [IP_Flow 19-2207] Repository '/home/cmcnally/Repos/robotic-arm-control-system-analysis/vivado/lidar_arm_control/ip_repo/sample_gpio_ip_1.0' already exists; ignoring attempt to add it again.
WARNING: [IP_Flow 19-2248] Failed to load user IP repository '/home/cmcnally/Repos/robotic-arm-control-system-analysis/vivado/lidar_arm_control/ip_repo/sample_gpio_ip_1.0'; Can't find the specified path.
If this directory should no longer be in your list of user repositories, go to the IP Settings dialog and remove it.
report_ip_status -name ip_status
current_project edit_robot_arm_control_v1_0
current_project hardware_system
upgrade_ip -vlnv user.org:user:robot_arm_control:1.0 [get_ips  lidar_arm_control_robot_arm_control_0_1] -log ip_upgrade.log
Adding cell -- xilinx.com:ip:processing_system7:5.5 - processing_system7_0
Adding cell -- xilinx.com:ip:axi_interconnect:2.1 - ps7_0_axi_periph
Adding cell -- xilinx.com:ip:axi_crossbar:2.1 - xbar
Adding cell -- xilinx.com:ip:axi_protocol_converter:2.1 - auto_pc
Adding cell -- xilinx.com:ip:proc_sys_reset:5.0 - rst_ps7_0_100M
Adding cell -- xilinx.com:ip:axi_uartlite:2.0 - axi_uartlite_0
Adding cell -- xilinx.com:ip:axi_gpio:2.0 - axi_gpio_0
Adding cell -- user.org:user:robot_arm_control:1.0 - robot_arm_control_0
Successfully read diagram <lidar_arm_control> from BD file </home/cmcnally/Repos/robotic-arm-control-system-analysis/vivado/lidar_arm_control/hardware_offload_system/hardware_system.srcs/sources_1/bd/lidar_arm_control/lidar_arm_control.bd>
Upgrading '/home/cmcnally/Repos/robotic-arm-control-system-analysis/vivado/lidar_arm_control/hardware_offload_system/hardware_system.srcs/sources_1/bd/lidar_arm_control/lidar_arm_control.bd'
INFO: [IP_Flow 19-1972] Upgraded lidar_arm_control_robot_arm_control_0_1 from robot_arm_control_v1.0 1.0 to robot_arm_control_v1.0 1.0
Wrote  : </home/cmcnally/Repos/robotic-arm-control-system-analysis/vivado/lidar_arm_control/hardware_offload_system/hardware_system.srcs/sources_1/bd/lidar_arm_control/lidar_arm_control.bd> 
Wrote  : </home/cmcnally/Repos/robotic-arm-control-system-analysis/vivado/lidar_arm_control/hardware_offload_system/hardware_system.srcs/sources_1/bd/lidar_arm_control/ui/bd_9360b533.ui> 
INFO: [Coretcl 2-1525] Wrote upgrade log to '/home/cmcnally/Repos/robotic-arm-control-system-analysis/vivado/lidar_arm_control/hardware_offload_system/ip_upgrade.log'.
export_ip_user_files -of_objects [get_ips lidar_arm_control_robot_arm_control_0_1] -no_script -sync -force -quiet
generate_target all [get_files  /home/cmcnally/Repos/robotic-arm-control-system-analysis/vivado/lidar_arm_control/hardware_offload_system/hardware_system.srcs/sources_1/bd/lidar_arm_control/lidar_arm_control.bd]
WARNING: [BD 41-702] Propagation TCL tries to overwrite USER strength parameter PCW_M_AXI_GP0_FREQMHZ(10) on '/processing_system7_0' with propagated value(100). Command ignored
Wrote  : </home/cmcnally/Repos/robotic-arm-control-system-analysis/vivado/lidar_arm_control/hardware_offload_system/hardware_system.srcs/sources_1/bd/lidar_arm_control/lidar_arm_control.bd> 
VHDL Output written to : /home/cmcnally/Repos/robotic-arm-control-system-analysis/vivado/lidar_arm_control/hardware_offload_system/hardware_system.srcs/sources_1/bd/lidar_arm_control/synth/lidar_arm_control.v
VHDL Output written to : /home/cmcnally/Repos/robotic-arm-control-system-analysis/vivado/lidar_arm_control/hardware_offload_system/hardware_system.srcs/sources_1/bd/lidar_arm_control/sim/lidar_arm_control.v
VHDL Output written to : /home/cmcnally/Repos/robotic-arm-control-system-analysis/vivado/lidar_arm_control/hardware_offload_system/hardware_system.srcs/sources_1/bd/lidar_arm_control/hdl/lidar_arm_control_wrapper.v
INFO: [BD 41-1029] Generation completed for the IP Integrator block processing_system7_0 .
INFO: [BD 41-1029] Generation completed for the IP Integrator block rst_ps7_0_100M .
INFO: [BD 41-1029] Generation completed for the IP Integrator block robot_arm_control_0 .
INFO: [BD 41-1029] Generation completed for the IP Integrator block ps7_0_axi_periph/xbar .
INFO: [BD 41-1029] Generation completed for the IP Integrator block axi_uartlite_0 .
INFO: [BD 41-1029] Generation completed for the IP Integrator block axi_gpio_0 .
WARNING: [IP_Flow 19-4994] Overwriting existing constraint file '/home/cmcnally/Repos/robotic-arm-control-system-analysis/vivado/lidar_arm_control/hardware_offload_system/hardware_system.srcs/sources_1/bd/lidar_arm_control/ip/lidar_arm_control_auto_pc_0/lidar_arm_control_auto_pc_0_ooc.xdc'
INFO: [BD 41-1029] Generation completed for the IP Integrator block ps7_0_axi_periph/s00_couplers/auto_pc .
Exporting to file /home/cmcnally/Repos/robotic-arm-control-system-analysis/vivado/lidar_arm_control/hardware_offload_system/hardware_system.srcs/sources_1/bd/lidar_arm_control/hw_handoff/lidar_arm_control.hwh
Generated Block Design Tcl file /home/cmcnally/Repos/robotic-arm-control-system-analysis/vivado/lidar_arm_control/hardware_offload_system/hardware_system.srcs/sources_1/bd/lidar_arm_control/hw_handoff/lidar_arm_control_bd.tcl
Generated Hardware Definition File /home/cmcnally/Repos/robotic-arm-control-system-analysis/vivado/lidar_arm_control/hardware_offload_system/hardware_system.srcs/sources_1/bd/lidar_arm_control/synth/lidar_arm_control.hwdef
catch { config_ip_cache -export [get_ips -all lidar_arm_control_robot_arm_control_0_1] }
catch { config_ip_cache -export [get_ips -all lidar_arm_control_auto_pc_0] }
INFO: [IP_Flow 19-4993] Using cached IP synthesis design for IP lidar_arm_control_auto_pc_0, cache-ID = 68168676865e6a57; cache size = 6.292 MB.
export_ip_user_files -of_objects [get_files /home/cmcnally/Repos/robotic-arm-control-system-analysis/vivado/lidar_arm_control/hardware_offload_system/hardware_system.srcs/sources_1/bd/lidar_arm_control/lidar_arm_control.bd] -no_script -sync -force -quiet
create_ip_run [get_files -of_objects [get_fileset sources_1] /home/cmcnally/Repos/robotic-arm-control-system-analysis/vivado/lidar_arm_control/hardware_offload_system/hardware_system.srcs/sources_1/bd/lidar_arm_control/lidar_arm_control.bd]
launch_runs -jobs 2 lidar_arm_control_robot_arm_control_0_1_synth_1
[Mon Apr 12 17:17:43 2021] Launched lidar_arm_control_robot_arm_control_0_1_synth_1...
Run output will be captured here: /home/cmcnally/Repos/robotic-arm-control-system-analysis/vivado/lidar_arm_control/hardware_offload_system/hardware_system.runs/lidar_arm_control_robot_arm_control_0_1_synth_1/runme.log
export_simulation -of_objects [get_files /home/cmcnally/Repos/robotic-arm-control-system-analysis/vivado/lidar_arm_control/hardware_offload_system/hardware_system.srcs/sources_1/bd/lidar_arm_control/lidar_arm_control.bd] -directory /home/cmcnally/Repos/robotic-arm-control-system-analysis/vivado/lidar_arm_control/hardware_offload_system/hardware_system.ip_user_files/sim_scripts -ip_user_files_dir /home/cmcnally/Repos/robotic-arm-control-system-analysis/vivado/lidar_arm_control/hardware_offload_system/hardware_system.ip_user_files -ipstatic_source_dir /home/cmcnally/Repos/robotic-arm-control-system-analysis/vivado/lidar_arm_control/hardware_offload_system/hardware_system.ip_user_files/ipstatic -lib_map_path [list {modelsim=/home/cmcnally/Repos/robotic-arm-control-system-analysis/vivado/lidar_arm_control/hardware_offload_system/hardware_system.cache/compile_simlib/modelsim} {questa=/home/cmcnally/Repos/robotic-arm-control-system-analysis/vivado/lidar_arm_control/hardware_offload_system/hardware_system.cache/compile_simlib/questa} {ies=/home/cmcnally/Repos/robotic-arm-control-system-analysis/vivado/lidar_arm_control/hardware_offload_system/hardware_system.cache/compile_simlib/ies} {xcelium=/home/cmcnally/Repos/robotic-arm-control-system-analysis/vivado/lidar_arm_control/hardware_offload_system/hardware_system.cache/compile_simlib/xcelium} {vcs=/home/cmcnally/Repos/robotic-arm-control-system-analysis/vivado/lidar_arm_control/hardware_offload_system/hardware_system.cache/compile_simlib/vcs} {riviera=/home/cmcnally/Repos/robotic-arm-control-system-analysis/vivado/lidar_arm_control/hardware_offload_system/hardware_system.cache/compile_simlib/riviera}] -use_ip_compiled_libs -force -quiet
current_project edit_robot_arm_control_v1_0
current_project hardware_system
reset_run lidar_arm_control_robot_arm_control_0_1_synth_1
reset_run synth_1
launch_runs synth_1 -jobs 2
[Mon Apr 12 17:18:11 2021] Launched lidar_arm_control_robot_arm_control_0_1_synth_1...
Run output will be captured here: /home/cmcnally/Repos/robotic-arm-control-system-analysis/vivado/lidar_arm_control/hardware_offload_system/hardware_system.runs/lidar_arm_control_robot_arm_control_0_1_synth_1/runme.log
[Mon Apr 12 17:18:11 2021] Launched synth_1...
Run output will be captured here: /home/cmcnally/Repos/robotic-arm-control-system-analysis/vivado/lidar_arm_control/hardware_offload_system/hardware_system.runs/synth_1/runme.log
current_project edit_robot_arm_control_v1_0
update_compile_order -fileset sources_1
update_compile_order -fileset sources_1
ipx::open_ipxact_file /home/cmcnally/Repos/robotic-arm-control-system-analysis/vivado/lidar_arm_control/ip_repo/robot_arm_control_1.0/component.xml
WARNING: [IP_Flow 19-3899] Cannot get the environment domain name variable for the component vendor name. Setting the vendor name to 'user.org'.
WARNING: [IP_Flow 19-5226] Project source file '/home/cmcnally/Repos/robotic-arm-control-system-analysis/vivado/lidar_arm_control/ip_repo/robot_arm_control_1.0/component.xml' ignored by IP packager.
WARNING: [IP_Flow 19-3898] File Group 'xilinx_verilogsynthesis (Verilog Synthesis)': File '/home/cmcnally/Repos/robotic-arm-control-system-analysis/vivado/lidar_arm_control/ip_repo/robot_arm_control_1.0/hdl/robot_arm_control_v1_0_S00_AXI.v' is not found in the project sources. It will be removed from the packaged IP when the sources are merged. If still required, please add this file to the project and re-package.
WARNING: [IP_Flow 19-3898] File Group 'xilinx_verilogsynthesis (Verilog Synthesis)': File '/home/cmcnally/Repos/robotic-arm-control-system-analysis/vivado/lidar_arm_control/ip_repo/edit_robot_arm_control_v1_0.srcs/sources_1/new/lidar_packet_parser.sv' is not found in the project sources. It will be removed from the packaged IP when the sources are merged. If still required, please add this file to the project and re-package.
WARNING: [IP_Flow 19-3898] File Group 'xilinx_verilogsynthesis (Verilog Synthesis)': File '/home/cmcnally/Repos/robotic-arm-control-system-analysis/vivado/lidar_arm_control/ip_repo/edit_robot_arm_control_v1_0.srcs/sources_1/new/pwm_controller.sv' is not found in the project sources. It will be removed from the packaged IP when the sources are merged. If still required, please add this file to the project and re-package.
WARNING: [IP_Flow 19-3898] File Group 'xilinx_verilogsynthesis (Verilog Synthesis)': File '/home/cmcnally/Repos/robotic-arm-control-system-analysis/vivado/lidar_arm_control/ip_repo/edit_robot_arm_control_v1_0.srcs/sources_1/new/test_procedure.sv' is not found in the project sources. It will be removed from the packaged IP when the sources are merged. If still required, please add this file to the project and re-package.
WARNING: [IP_Flow 19-3898] File Group 'xilinx_verilogsynthesis (Verilog Synthesis)': File '/home/cmcnally/Repos/robotic-arm-control-system-analysis/vivado/lidar_arm_control/ip_repo/robot_arm_control_1.0/hdl/robot_arm_control_v1_0.v' is not found in the project sources. It will be removed from the packaged IP when the sources are merged. If still required, please add this file to the project and re-package.
WARNING: [IP_Flow 19-3898] File Group 'xilinx_verilogbehavioralsimulation (Verilog Simulation)': File '/home/cmcnally/Repos/robotic-arm-control-system-analysis/vivado/lidar_arm_control/ip_repo/robot_arm_control_1.0/hdl/robot_arm_control_v1_0_S00_AXI.v' is not found in the project sources. It will be removed from the packaged IP when the sources are merged. If still required, please add this file to the project and re-package.
WARNING: [IP_Flow 19-3898] File Group 'xilinx_verilogbehavioralsimulation (Verilog Simulation)': File '/home/cmcnally/Repos/robotic-arm-control-system-analysis/vivado/lidar_arm_control/ip_repo/edit_robot_arm_control_v1_0.srcs/sources_1/new/lidar_packet_parser.sv' is not found in the project sources. It will be removed from the packaged IP when the sources are merged. If still required, please add this file to the project and re-package.
WARNING: [IP_Flow 19-3898] File Group 'xilinx_verilogbehavioralsimulation (Verilog Simulation)': File '/home/cmcnally/Repos/robotic-arm-control-system-analysis/vivado/lidar_arm_control/ip_repo/edit_robot_arm_control_v1_0.srcs/sources_1/new/pwm_controller.sv' is not found in the project sources. It will be removed from the packaged IP when the sources are merged. If still required, please add this file to the project and re-package.
WARNING: [IP_Flow 19-3898] File Group 'xilinx_verilogbehavioralsimulation (Verilog Simulation)': File '/home/cmcnally/Repos/robotic-arm-control-system-analysis/vivado/lidar_arm_control/ip_repo/edit_robot_arm_control_v1_0.srcs/sources_1/new/test_procedure.sv' is not found in the project sources. It will be removed from the packaged IP when the sources are merged. If still required, please add this file to the project and re-package.
WARNING: [IP_Flow 19-3898] File Group 'xilinx_verilogbehavioralsimulation (Verilog Simulation)': File '/home/cmcnally/Repos/robotic-arm-control-system-analysis/vivado/lidar_arm_control/ip_repo/robot_arm_control_1.0/hdl/robot_arm_control_v1_0.v' is not found in the project sources. It will be removed from the packaged IP when the sources are merged. If still required, please add this file to the project and re-package.
ipx::merge_project_changes hdl_parameters [ipx::current_core]
WARNING: [IP_Flow 19-3899] Cannot get the environment domain name variable for the component vendor name. Setting the vendor name to 'user.org'.
WARNING: [IP_Flow 19-5226] Project source file '/home/cmcnally/Repos/robotic-arm-control-system-analysis/vivado/lidar_arm_control/ip_repo/robot_arm_control_1.0/component.xml' ignored by IP packager.
INFO: [IP_Flow 19-5169] Module 'robot_arm_control_v1_0' uses SystemVerilog sources with a Verilog top file. These SystemVerilog files will not be analysed by the packager.
INFO: [IP_Flow 19-3166] Bus Interface 'S00_AXI': References existing memory map 'S00_AXI'.
set_property core_revision 14 [ipx::current_core]
ipx::create_xgui_files [ipx::current_core]
ipx::update_checksums [ipx::current_core]
ipx::save_core [ipx::current_core]
update_ip_catalog -rebuild -repo_path /home/cmcnally/Repos/robotic-arm-control-system-analysis/vivado/lidar_arm_control/ip_repo/robot_arm_control_1.0
INFO: [IP_Flow 19-725] Reloaded user IP repository '/home/cmcnally/Repos/robotic-arm-control-system-analysis/vivado/lidar_arm_control/ip_repo/robot_arm_control_1.0'
current_project hardware_system
update_ip_catalog -rebuild -scan_changes
INFO: [IP_Flow 19-234] Refreshing IP repositories
INFO: [IP_Flow 19-1700] Loaded user IP repository '/home/cmcnally/Repos/robotic-arm-control-system-analysis/vivado/lidar_arm_control/ip_repo/robot_arm_control_1.0'.
WARNING: [IP_Flow 19-2248] Failed to load user IP repository '/home/cmcnally/Repos/robotic-arm-control-system-analysis/vivado/lidar_arm_control/ip_repo/robot_arm_pwm_1.0'; Can't find the specified path.
If this directory should no longer be in your list of user repositories, go to the IP Settings dialog and remove it.
WARNING: [IP_Flow 19-2248] Failed to load user IP repository '/home/cmcnally/Repos/robotic-arm-control-system-analysis/vivado/lidar_arm_control/ip_repo/sample_gpio_ip_1.0'; Can't find the specified path.
If this directory should no longer be in your list of user repositories, go to the IP Settings dialog and remove it.
WARNING: [IP_Flow 19-2207] Repository '/home/cmcnally/Repos/robotic-arm-control-system-analysis/vivado/lidar_arm_control/ip_repo/sample_gpio_ip_1.0' already exists; ignoring attempt to add it again.
WARNING: [IP_Flow 19-2248] Failed to load user IP repository '/home/cmcnally/Repos/robotic-arm-control-system-analysis/vivado/lidar_arm_control/ip_repo/sample_gpio_ip_1.0'; Can't find the specified path.
If this directory should no longer be in your list of user repositories, go to the IP Settings dialog and remove it.
report_ip_status -name ip_status
current_project edit_robot_arm_control_v1_0
current_project hardware_system
upgrade_ip -vlnv user.org:user:robot_arm_control:1.0 [get_ips  lidar_arm_control_robot_arm_control_0_1] -log ip_upgrade.log
Upgrading '/home/cmcnally/Repos/robotic-arm-control-system-analysis/vivado/lidar_arm_control/hardware_offload_system/hardware_system.srcs/sources_1/bd/lidar_arm_control/lidar_arm_control.bd'
INFO: [IP_Flow 19-3422] Upgraded lidar_arm_control_robot_arm_control_0_1 (robot_arm_control_v1.0 1.0) from revision 13 to revision 14
WARNING: [IP_Flow 19-4698] Upgrade has added port 'm_axis_dout_tdata_0'
WARNING: [IP_Flow 19-4698] Upgrade has added port 'm_axis_dout_tdata_1'
WARNING: [IP_Flow 19-4698] Upgrade has added port 'm_axis_dout_tvalid_0'
WARNING: [IP_Flow 19-4698] Upgrade has added port 'm_axis_dout_tvalid_1'
WARNING: [IP_Flow 19-4698] Upgrade has added port 's_axis_dividend_tdata_0'
WARNING: [IP_Flow 19-4698] Upgrade has added port 's_axis_dividend_tdata_1'
WARNING: [IP_Flow 19-4698] Upgrade has added port 's_axis_dividend_tvalid_0'
WARNING: [IP_Flow 19-4698] Upgrade has added port 's_axis_dividend_tvalid_1'
WARNING: [IP_Flow 19-4698] Upgrade has added port 's_axis_divisor_tdata_0'
WARNING: [IP_Flow 19-4698] Upgrade has added port 's_axis_divisor_tdata_1'
WARNING: [IP_Flow 19-4698] Upgrade has added port 's_axis_divisor_tvalid_0'
WARNING: [IP_Flow 19-4698] Upgrade has added port 's_axis_divisor_tvalid_1'
WARNING: [IP_Flow 19-3298] Detected external port differences while upgrading 'lidar_arm_control_robot_arm_control_0_1'. These changes may impact your design.
CRITICAL WARNING: [Coretcl 2-1279] The upgrade of 'lidar_arm_control_robot_arm_control_0_1' has identified issues that may require user intervention. Please review the upgrade log '/home/cmcnally/Repos/robotic-arm-control-system-analysis/vivado/lidar_arm_control/hardware_offload_system/ip_upgrade.log', and verify that the upgraded IP is correctly configured.
Wrote  : </home/cmcnally/Repos/robotic-arm-control-system-analysis/vivado/lidar_arm_control/hardware_offload_system/hardware_system.srcs/sources_1/bd/lidar_arm_control/lidar_arm_control.bd> 
Wrote  : </home/cmcnally/Repos/robotic-arm-control-system-analysis/vivado/lidar_arm_control/hardware_offload_system/hardware_system.srcs/sources_1/bd/lidar_arm_control/ui/bd_9360b533.ui> 
INFO: [Coretcl 2-1525] Wrote upgrade log to '/home/cmcnally/Repos/robotic-arm-control-system-analysis/vivado/lidar_arm_control/hardware_offload_system/ip_upgrade.log'.
export_ip_user_files -of_objects [get_ips lidar_arm_control_robot_arm_control_0_1] -no_script -sync -force -quiet
generate_target all [get_files  /home/cmcnally/Repos/robotic-arm-control-system-analysis/vivado/lidar_arm_control/hardware_offload_system/hardware_system.srcs/sources_1/bd/lidar_arm_control/lidar_arm_control.bd]
WARNING: [BD 41-702] Propagation TCL tries to overwrite USER strength parameter PCW_M_AXI_GP0_FREQMHZ(10) on '/processing_system7_0' with propagated value(100). Command ignored
CRITICAL WARNING: [BD 41-759] The input pins (listed below) are either not connected or do not have a source port, and they don't have a tie-off specified. These pins are tied-off to all 0's to avoid error in Implementation flow.
Please check your design and connect them as needed: 
/robot_arm_control_0/m_axis_dout_tvalid_0
/robot_arm_control_0/m_axis_dout_tdata_0
/robot_arm_control_0/m_axis_dout_tvalid_1
/robot_arm_control_0/m_axis_dout_tdata_1

Wrote  : </home/cmcnally/Repos/robotic-arm-control-system-analysis/vivado/lidar_arm_control/hardware_offload_system/hardware_system.srcs/sources_1/bd/lidar_arm_control/lidar_arm_control.bd> 
VHDL Output written to : /home/cmcnally/Repos/robotic-arm-control-system-analysis/vivado/lidar_arm_control/hardware_offload_system/hardware_system.srcs/sources_1/bd/lidar_arm_control/synth/lidar_arm_control.v
VHDL Output written to : /home/cmcnally/Repos/robotic-arm-control-system-analysis/vivado/lidar_arm_control/hardware_offload_system/hardware_system.srcs/sources_1/bd/lidar_arm_control/sim/lidar_arm_control.v
VHDL Output written to : /home/cmcnally/Repos/robotic-arm-control-system-analysis/vivado/lidar_arm_control/hardware_offload_system/hardware_system.srcs/sources_1/bd/lidar_arm_control/hdl/lidar_arm_control_wrapper.v
INFO: [BD 41-1029] Generation completed for the IP Integrator block processing_system7_0 .
INFO: [BD 41-1029] Generation completed for the IP Integrator block rst_ps7_0_100M .
INFO: [BD 41-1029] Generation completed for the IP Integrator block robot_arm_control_0 .
INFO: [BD 41-1029] Generation completed for the IP Integrator block ps7_0_axi_periph/xbar .
INFO: [BD 41-1029] Generation completed for the IP Integrator block axi_uartlite_0 .
INFO: [BD 41-1029] Generation completed for the IP Integrator block axi_gpio_0 .
WARNING: [IP_Flow 19-4994] Overwriting existing constraint file '/home/cmcnally/Repos/robotic-arm-control-system-analysis/vivado/lidar_arm_control/hardware_offload_system/hardware_system.srcs/sources_1/bd/lidar_arm_control/ip/lidar_arm_control_auto_pc_0/lidar_arm_control_auto_pc_0_ooc.xdc'
INFO: [BD 41-1029] Generation completed for the IP Integrator block ps7_0_axi_periph/s00_couplers/auto_pc .
Exporting to file /home/cmcnally/Repos/robotic-arm-control-system-analysis/vivado/lidar_arm_control/hardware_offload_system/hardware_system.srcs/sources_1/bd/lidar_arm_control/hw_handoff/lidar_arm_control.hwh
Generated Block Design Tcl file /home/cmcnally/Repos/robotic-arm-control-system-analysis/vivado/lidar_arm_control/hardware_offload_system/hardware_system.srcs/sources_1/bd/lidar_arm_control/hw_handoff/lidar_arm_control_bd.tcl
Generated Hardware Definition File /home/cmcnally/Repos/robotic-arm-control-system-analysis/vivado/lidar_arm_control/hardware_offload_system/hardware_system.srcs/sources_1/bd/lidar_arm_control/synth/lidar_arm_control.hwdef
catch { config_ip_cache -export [get_ips -all lidar_arm_control_robot_arm_control_0_1] }
catch { config_ip_cache -export [get_ips -all lidar_arm_control_auto_pc_0] }
INFO: [IP_Flow 19-4993] Using cached IP synthesis design for IP lidar_arm_control_auto_pc_0, cache-ID = 68168676865e6a57; cache size = 6.292 MB.
export_ip_user_files -of_objects [get_files /home/cmcnally/Repos/robotic-arm-control-system-analysis/vivado/lidar_arm_control/hardware_offload_system/hardware_system.srcs/sources_1/bd/lidar_arm_control/lidar_arm_control.bd] -no_script -sync -force -quiet
create_ip_run [get_files -of_objects [get_fileset sources_1] /home/cmcnally/Repos/robotic-arm-control-system-analysis/vivado/lidar_arm_control/hardware_offload_system/hardware_system.srcs/sources_1/bd/lidar_arm_control/lidar_arm_control.bd]
launch_runs -jobs 2 lidar_arm_control_robot_arm_control_0_1_synth_1
[Mon Apr 12 18:05:26 2021] Launched lidar_arm_control_robot_arm_control_0_1_synth_1...
Run output will be captured here: /home/cmcnally/Repos/robotic-arm-control-system-analysis/vivado/lidar_arm_control/hardware_offload_system/hardware_system.runs/lidar_arm_control_robot_arm_control_0_1_synth_1/runme.log
export_simulation -of_objects [get_files /home/cmcnally/Repos/robotic-arm-control-system-analysis/vivado/lidar_arm_control/hardware_offload_system/hardware_system.srcs/sources_1/bd/lidar_arm_control/lidar_arm_control.bd] -directory /home/cmcnally/Repos/robotic-arm-control-system-analysis/vivado/lidar_arm_control/hardware_offload_system/hardware_system.ip_user_files/sim_scripts -ip_user_files_dir /home/cmcnally/Repos/robotic-arm-control-system-analysis/vivado/lidar_arm_control/hardware_offload_system/hardware_system.ip_user_files -ipstatic_source_dir /home/cmcnally/Repos/robotic-arm-control-system-analysis/vivado/lidar_arm_control/hardware_offload_system/hardware_system.ip_user_files/ipstatic -lib_map_path [list {modelsim=/home/cmcnally/Repos/robotic-arm-control-system-analysis/vivado/lidar_arm_control/hardware_offload_system/hardware_system.cache/compile_simlib/modelsim} {questa=/home/cmcnally/Repos/robotic-arm-control-system-analysis/vivado/lidar_arm_control/hardware_offload_system/hardware_system.cache/compile_simlib/questa} {ies=/home/cmcnally/Repos/robotic-arm-control-system-analysis/vivado/lidar_arm_control/hardware_offload_system/hardware_system.cache/compile_simlib/ies} {xcelium=/home/cmcnally/Repos/robotic-arm-control-system-analysis/vivado/lidar_arm_control/hardware_offload_system/hardware_system.cache/compile_simlib/xcelium} {vcs=/home/cmcnally/Repos/robotic-arm-control-system-analysis/vivado/lidar_arm_control/hardware_offload_system/hardware_system.cache/compile_simlib/vcs} {riviera=/home/cmcnally/Repos/robotic-arm-control-system-analysis/vivado/lidar_arm_control/hardware_offload_system/hardware_system.cache/compile_simlib/riviera}] -use_ip_compiled_libs -force -quiet
startgroup
create_bd_cell -type ip -vlnv xilinx.com:ip:div_gen:5.1 div_gen_0
endgroup
set_property location {4 1187 921} [get_bd_cells div_gen_0]
startgroup
create_bd_cell -type ip -vlnv xilinx.com:ip:div_gen:5.1 div_gen_1
endgroup
set_property location {4 1337 1056} [get_bd_cells div_gen_1]
regenerate_bd_layout
regenerate_bd_layout -routing
connect_bd_net [get_bd_pins robot_arm_control_0/s_axis_divisor_tvalid_0] [get_bd_pins div_gen_0/s_axis_divisor_tvalid]
WARNING: [BD 41-1306] The connection to interface pin /div_gen_0/s_axis_divisor_tvalid is being overridden by the user. This pin will not be connected as a part of interface connection S_AXIS_DIVISOR
connect_bd_net [get_bd_pins robot_arm_control_0/s_axis_divisor_tvalid_0] [get_bd_pins div_gen_0/s_axis_divisor_tdata]
WARNING: [BD 41-1306] The connection to interface pin /div_gen_0/s_axis_divisor_tdata is being overridden by the user. This pin will not be connected as a part of interface connection S_AXIS_DIVISOR
undo
INFO: [Common 17-17] undo 'connect_bd_net [get_bd_pins robot_arm_control_0/s_axis_divisor_tvalid_0] [get_bd_pins div_gen_0/s_axis_divisor_tdata]'
connect_bd_net [get_bd_pins robot_arm_control_0/s_axis_dividend_tvalid_0] [get_bd_pins div_gen_0/s_axis_dividend_tvalid]
WARNING: [BD 41-1306] The connection to interface pin /div_gen_0/s_axis_dividend_tvalid is being overridden by the user. This pin will not be connected as a part of interface connection S_AXIS_DIVIDEND
connect_bd_net [get_bd_pins div_gen_0/s_axis_dividend_tdata] [get_bd_pins robot_arm_control_0/s_axis_dividend_tdata_1]
WARNING: [BD 41-1306] The connection to interface pin /div_gen_0/s_axis_dividend_tdata is being overridden by the user. This pin will not be connected as a part of interface connection S_AXIS_DIVIDEND
connect_bd_net [get_bd_pins div_gen_0/s_axis_divisor_tdata] [get_bd_pins robot_arm_control_0/s_axis_divisor_tdata_0]
WARNING: [BD 41-1306] The connection to interface pin /div_gen_0/s_axis_divisor_tdata is being overridden by the user. This pin will not be connected as a part of interface connection S_AXIS_DIVISOR
delete_bd_objs [get_bd_nets robot_arm_control_0_s_axis_dividend_tdata_1]
regenerate_bd_layout
regenerate_bd_layout -routing
connect_bd_net [get_bd_pins robot_arm_control_0/s_axis_dividend_tdata_0] [get_bd_pins div_gen_0/s_axis_dividend_tdata]
WARNING: [BD 41-1306] The connection to interface pin /div_gen_0/s_axis_dividend_tdata is being overridden by the user. This pin will not be connected as a part of interface connection S_AXIS_DIVIDEND
set_property location {4 1470 961} [get_bd_cells div_gen_1]
connect_bd_net [get_bd_pins robot_arm_control_0/s_axis_divisor_tvalid_1] [get_bd_pins div_gen_1/s_axis_divisor_tvalid]
WARNING: [BD 41-1306] The connection to interface pin /div_gen_1/s_axis_divisor_tvalid is being overridden by the user. This pin will not be connected as a part of interface connection S_AXIS_DIVISOR
connect_bd_net [get_bd_pins robot_arm_control_0/s_axis_divisor_tdata_1] [get_bd_pins div_gen_1/s_axis_divisor_tdata]
WARNING: [BD 41-1306] The connection to interface pin /div_gen_1/s_axis_divisor_tdata is being overridden by the user. This pin will not be connected as a part of interface connection S_AXIS_DIVISOR
connect_bd_net [get_bd_pins robot_arm_control_0/s_axis_dividend_tvalid_1] [get_bd_pins div_gen_1/s_axis_dividend_tvalid]
WARNING: [BD 41-1306] The connection to interface pin /div_gen_1/s_axis_dividend_tvalid is being overridden by the user. This pin will not be connected as a part of interface connection S_AXIS_DIVIDEND
connect_bd_net [get_bd_pins robot_arm_control_0/s_axis_dividend_tdata_1] [get_bd_pins div_gen_1/s_axis_dividend_tdata]
WARNING: [BD 41-1306] The connection to interface pin /div_gen_1/s_axis_dividend_tdata is being overridden by the user. This pin will not be connected as a part of interface connection S_AXIS_DIVIDEND
connect_bd_net [get_bd_ports PWM_CLK] [get_bd_pins div_gen_1/aclk]
regenerate_bd_layout
regenerate_bd_layout -routing
connect_bd_net [get_bd_pins div_gen_0/m_axis_dout_tdata] [get_bd_pins robot_arm_control_0/m_axis_dout_tdata_0]
WARNING: [BD 41-1306] The connection to interface pin /div_gen_0/m_axis_dout_tdata is being overridden by the user. This pin will not be connected as a part of interface connection M_AXIS_DOUT
connect_bd_net [get_bd_pins div_gen_0/m_axis_dout_tvalid] [get_bd_pins robot_arm_control_0/m_axis_dout_tvalid_0]
WARNING: [BD 41-1306] The connection to interface pin /div_gen_0/m_axis_dout_tvalid is being overridden by the user. This pin will not be connected as a part of interface connection M_AXIS_DOUT
connect_bd_net [get_bd_pins div_gen_1/m_axis_dout_tdata] [get_bd_pins robot_arm_control_0/m_axis_dout_tdata_1]
WARNING: [BD 41-1306] The connection to interface pin /div_gen_1/m_axis_dout_tdata is being overridden by the user. This pin will not be connected as a part of interface connection M_AXIS_DOUT
connect_bd_net [get_bd_pins div_gen_1/m_axis_dout_tvalid] [get_bd_pins robot_arm_control_0/m_axis_dout_tvalid_1]
WARNING: [BD 41-1306] The connection to interface pin /div_gen_1/m_axis_dout_tvalid is being overridden by the user. This pin will not be connected as a part of interface connection M_AXIS_DOUT
regenerate_bd_layout
regenerate_bd_layout -routing
connect_bd_net [get_bd_ports PWM_CLK] [get_bd_pins div_gen_0/aclk]
regenerate_bd_layout
regenerate_bd_layout -routing
report_ip_status -name ip_status 
reset_run lidar_arm_control_robot_arm_control_0_1_synth_1
save_bd_design
Wrote  : </home/cmcnally/Repos/robotic-arm-control-system-analysis/vivado/lidar_arm_control/hardware_offload_system/hardware_system.srcs/sources_1/bd/lidar_arm_control/lidar_arm_control.bd> 
Wrote  : </home/cmcnally/Repos/robotic-arm-control-system-analysis/vivado/lidar_arm_control/hardware_offload_system/hardware_system.srcs/sources_1/bd/lidar_arm_control/ui/bd_9360b533.ui> 
reset_run synth_1
launch_runs synth_1 -jobs 2
WARNING: [BD 41-702] Propagation TCL tries to overwrite USER strength parameter PCW_M_AXI_GP0_FREQMHZ(10) on '/processing_system7_0' with propagated value(100). Command ignored
Wrote  : </home/cmcnally/Repos/robotic-arm-control-system-analysis/vivado/lidar_arm_control/hardware_offload_system/hardware_system.srcs/sources_1/bd/lidar_arm_control/lidar_arm_control.bd> 
CRITICAL WARNING: [BD 41-1228] Width mismatch when connecting input pin '/div_gen_0/s_axis_divisor_tdata'(16) to net 'robot_arm_control_0_s_axis_divisor_tdata_0'(8) - Only lower order bits will be connected, and other input bits of this pin will be left unconnected.
CRITICAL WARNING: [BD 41-1228] Width mismatch when connecting input pin '/div_gen_1/s_axis_divisor_tdata'(16) to net 'robot_arm_control_0_s_axis_divisor_tdata_1'(8) - Only lower order bits will be connected, and other input bits of this pin will be left unconnected.
CRITICAL WARNING: [BD 41-1228] Width mismatch when connecting input pin '/robot_arm_control_0/m_axis_dout_tdata_0'(24) to net 'div_gen_0_m_axis_dout_tdata'(32) - Only lower order bits will be connected, and other input bits of this pin will be left unconnected.
CRITICAL WARNING: [BD 41-1228] Width mismatch when connecting input pin '/robot_arm_control_0/m_axis_dout_tdata_1'(24) to net 'div_gen_1_m_axis_dout_tdata'(32) - Only lower order bits will be connected, and other input bits of this pin will be left unconnected.
VHDL Output written to : /home/cmcnally/Repos/robotic-arm-control-system-analysis/vivado/lidar_arm_control/hardware_offload_system/hardware_system.srcs/sources_1/bd/lidar_arm_control/synth/lidar_arm_control.v
CRITICAL WARNING: [BD 41-1228] Width mismatch when connecting input pin '/div_gen_0/s_axis_divisor_tdata'(16) to net 'robot_arm_control_0_s_axis_divisor_tdata_0'(8) - Only lower order bits will be connected, and other input bits of this pin will be left unconnected.
CRITICAL WARNING: [BD 41-1228] Width mismatch when connecting input pin '/div_gen_1/s_axis_divisor_tdata'(16) to net 'robot_arm_control_0_s_axis_divisor_tdata_1'(8) - Only lower order bits will be connected, and other input bits of this pin will be left unconnected.
CRITICAL WARNING: [BD 41-1228] Width mismatch when connecting input pin '/robot_arm_control_0/m_axis_dout_tdata_0'(24) to net 'div_gen_0_m_axis_dout_tdata'(32) - Only lower order bits will be connected, and other input bits of this pin will be left unconnected.
CRITICAL WARNING: [BD 41-1228] Width mismatch when connecting input pin '/robot_arm_control_0/m_axis_dout_tdata_1'(24) to net 'div_gen_1_m_axis_dout_tdata'(32) - Only lower order bits will be connected, and other input bits of this pin will be left unconnected.
VHDL Output written to : /home/cmcnally/Repos/robotic-arm-control-system-analysis/vivado/lidar_arm_control/hardware_offload_system/hardware_system.srcs/sources_1/bd/lidar_arm_control/sim/lidar_arm_control.v
VHDL Output written to : /home/cmcnally/Repos/robotic-arm-control-system-analysis/vivado/lidar_arm_control/hardware_offload_system/hardware_system.srcs/sources_1/bd/lidar_arm_control/hdl/lidar_arm_control_wrapper.v
INFO: [BD 41-1029] Generation completed for the IP Integrator block processing_system7_0 .
INFO: [BD 41-1029] Generation completed for the IP Integrator block rst_ps7_0_100M .
INFO: [BD 41-1029] Generation completed for the IP Integrator block robot_arm_control_0 .
INFO: [BD 41-1029] Generation completed for the IP Integrator block ps7_0_axi_periph/xbar .
INFO: [BD 41-1029] Generation completed for the IP Integrator block axi_uartlite_0 .
INFO: [BD 41-1029] Generation completed for the IP Integrator block axi_gpio_0 .
INFO: [BD 41-1029] Generation completed for the IP Integrator block div_gen_0 .
INFO: [BD 41-1029] Generation completed for the IP Integrator block div_gen_1 .
WARNING: [IP_Flow 19-4994] Overwriting existing constraint file '/home/cmcnally/Repos/robotic-arm-control-system-analysis/vivado/lidar_arm_control/hardware_offload_system/hardware_system.srcs/sources_1/bd/lidar_arm_control/ip/lidar_arm_control_auto_pc_0/lidar_arm_control_auto_pc_0_ooc.xdc'
INFO: [BD 41-1029] Generation completed for the IP Integrator block ps7_0_axi_periph/s00_couplers/auto_pc .
Exporting to file /home/cmcnally/Repos/robotic-arm-control-system-analysis/vivado/lidar_arm_control/hardware_offload_system/hardware_system.srcs/sources_1/bd/lidar_arm_control/hw_handoff/lidar_arm_control.hwh
Generated Block Design Tcl file /home/cmcnally/Repos/robotic-arm-control-system-analysis/vivado/lidar_arm_control/hardware_offload_system/hardware_system.srcs/sources_1/bd/lidar_arm_control/hw_handoff/lidar_arm_control_bd.tcl
Generated Hardware Definition File /home/cmcnally/Repos/robotic-arm-control-system-analysis/vivado/lidar_arm_control/hardware_offload_system/hardware_system.srcs/sources_1/bd/lidar_arm_control/synth/lidar_arm_control.hwdef
INFO: [IP_Flow 19-4993] Using cached IP synthesis design for IP lidar_arm_control_auto_pc_0, cache-ID = 68168676865e6a57; cache size = 6.292 MB.
[Mon Apr 12 18:10:23 2021] Launched lidar_arm_control_robot_arm_control_0_1_synth_1, lidar_arm_control_div_gen_0_0_synth_1, lidar_arm_control_div_gen_1_0_synth_1...
Run output will be captured here:
lidar_arm_control_robot_arm_control_0_1_synth_1: /home/cmcnally/Repos/robotic-arm-control-system-analysis/vivado/lidar_arm_control/hardware_offload_system/hardware_system.runs/lidar_arm_control_robot_arm_control_0_1_synth_1/runme.log
lidar_arm_control_div_gen_0_0_synth_1: /home/cmcnally/Repos/robotic-arm-control-system-analysis/vivado/lidar_arm_control/hardware_offload_system/hardware_system.runs/lidar_arm_control_div_gen_0_0_synth_1/runme.log
lidar_arm_control_div_gen_1_0_synth_1: /home/cmcnally/Repos/robotic-arm-control-system-analysis/vivado/lidar_arm_control/hardware_offload_system/hardware_system.runs/lidar_arm_control_div_gen_1_0_synth_1/runme.log
[Mon Apr 12 18:10:23 2021] Launched synth_1...
Run output will be captured here: /home/cmcnally/Repos/robotic-arm-control-system-analysis/vivado/lidar_arm_control/hardware_offload_system/hardware_system.runs/synth_1/runme.log
report_ip_status -name ip_status 
reset_run synth_1
launch_runs synth_1 -jobs 2
[Mon Apr 12 18:10:38 2021] Launched lidar_arm_control_robot_arm_control_0_1_synth_1, lidar_arm_control_div_gen_0_0_synth_1, lidar_arm_control_div_gen_1_0_synth_1...
Run output will be captured here:
lidar_arm_control_robot_arm_control_0_1_synth_1: /home/cmcnally/Repos/robotic-arm-control-system-analysis/vivado/lidar_arm_control/hardware_offload_system/hardware_system.runs/lidar_arm_control_robot_arm_control_0_1_synth_1/runme.log
lidar_arm_control_div_gen_0_0_synth_1: /home/cmcnally/Repos/robotic-arm-control-system-analysis/vivado/lidar_arm_control/hardware_offload_system/hardware_system.runs/lidar_arm_control_div_gen_0_0_synth_1/runme.log
lidar_arm_control_div_gen_1_0_synth_1: /home/cmcnally/Repos/robotic-arm-control-system-analysis/vivado/lidar_arm_control/hardware_offload_system/hardware_system.runs/lidar_arm_control_div_gen_1_0_synth_1/runme.log
[Mon Apr 12 18:10:38 2021] Launched synth_1...
Run output will be captured here: /home/cmcnally/Repos/robotic-arm-control-system-analysis/vivado/lidar_arm_control/hardware_offload_system/hardware_system.runs/synth_1/runme.log
regenerate_bd_layout -routing
current_project edit_robot_arm_control_v1_0
reset_run synth_1
launch_runs synth_1 -jobs 2
WARNING: [filemgmt 56-99] Vivado Synthesis ignores library specification for Verilog or SystemVerilog files. [/home/cmcnally/Repos/robotic-arm-control-system-analysis/vivado/lidar_arm_control/ip_repo/robot_arm_control_1.0/hdl/robot_arm_control_v1_0_S00_AXI.v:]
WARNING: [filemgmt 56-99] Vivado Synthesis ignores library specification for Verilog or SystemVerilog files. [/home/cmcnally/Repos/robotic-arm-control-system-analysis/vivado/lidar_arm_control/ip_repo/robot_arm_control_1.0/hdl/robot_arm_control_v1_0.v:]
WARNING: [filemgmt 56-99] Vivado Synthesis ignores library specification for Verilog or SystemVerilog files. [/home/cmcnally/Repos/robotic-arm-control-system-analysis/vivado/lidar_arm_control/ip_repo/robot_arm_control_1.0/hdl/robot_arm_control_v1_0_S00_AXI.v:]
WARNING: [filemgmt 56-99] Vivado Synthesis ignores library specification for Verilog or SystemVerilog files. [/home/cmcnally/Repos/robotic-arm-control-system-analysis/vivado/lidar_arm_control/ip_repo/robot_arm_control_1.0/hdl/robot_arm_control_v1_0.v:]
[Mon Apr 12 18:13:03 2021] Launched synth_1...
Run output will be captured here: /home/cmcnally/Repos/robotic-arm-control-system-analysis/vivado/lidar_arm_control/ip_repo/edit_robot_arm_control_v1_0.runs/synth_1/runme.log
reset_run synth_1
launch_runs synth_1 -jobs 2
WARNING: [filemgmt 56-99] Vivado Synthesis ignores library specification for Verilog or SystemVerilog files. [/home/cmcnally/Repos/robotic-arm-control-system-analysis/vivado/lidar_arm_control/ip_repo/robot_arm_control_1.0/hdl/robot_arm_control_v1_0_S00_AXI.v:]
WARNING: [filemgmt 56-99] Vivado Synthesis ignores library specification for Verilog or SystemVerilog files. [/home/cmcnally/Repos/robotic-arm-control-system-analysis/vivado/lidar_arm_control/ip_repo/robot_arm_control_1.0/hdl/robot_arm_control_v1_0.v:]
WARNING: [filemgmt 56-99] Vivado Synthesis ignores library specification for Verilog or SystemVerilog files. [/home/cmcnally/Repos/robotic-arm-control-system-analysis/vivado/lidar_arm_control/ip_repo/robot_arm_control_1.0/hdl/robot_arm_control_v1_0_S00_AXI.v:]
WARNING: [filemgmt 56-99] Vivado Synthesis ignores library specification for Verilog or SystemVerilog files. [/home/cmcnally/Repos/robotic-arm-control-system-analysis/vivado/lidar_arm_control/ip_repo/robot_arm_control_1.0/hdl/robot_arm_control_v1_0.v:]
[Mon Apr 12 18:13:56 2021] Launched synth_1...
Run output will be captured here: /home/cmcnally/Repos/robotic-arm-control-system-analysis/vivado/lidar_arm_control/ip_repo/edit_robot_arm_control_v1_0.runs/synth_1/runme.log
ipx::merge_project_changes files [ipx::current_core]
WARNING: [IP_Flow 19-3899] Cannot get the environment domain name variable for the component vendor name. Setting the vendor name to 'user.org'.
WARNING: [IP_Flow 19-5226] Project source file '/home/cmcnally/Repos/robotic-arm-control-system-analysis/vivado/lidar_arm_control/ip_repo/robot_arm_control_1.0/component.xml' ignored by IP packager.
ipx::merge_project_changes hdl_parameters [ipx::current_core]
WARNING: [IP_Flow 19-3899] Cannot get the environment domain name variable for the component vendor name. Setting the vendor name to 'user.org'.
WARNING: [IP_Flow 19-5226] Project source file '/home/cmcnally/Repos/robotic-arm-control-system-analysis/vivado/lidar_arm_control/ip_repo/robot_arm_control_1.0/component.xml' ignored by IP packager.
INFO: [IP_Flow 19-5169] Module 'robot_arm_control_v1_0' uses SystemVerilog sources with a Verilog top file. These SystemVerilog files will not be analysed by the packager.
INFO: [IP_Flow 19-3166] Bus Interface 'S00_AXI': References existing memory map 'S00_AXI'.
set_property core_revision 15 [ipx::current_core]
ipx::create_xgui_files [ipx::current_core]
ipx::update_checksums [ipx::current_core]
ipx::save_core [ipx::current_core]
update_ip_catalog -rebuild -repo_path /home/cmcnally/Repos/robotic-arm-control-system-analysis/vivado/lidar_arm_control/ip_repo/robot_arm_control_1.0
INFO: [IP_Flow 19-725] Reloaded user IP repository '/home/cmcnally/Repos/robotic-arm-control-system-analysis/vivado/lidar_arm_control/ip_repo/robot_arm_control_1.0'
current_project hardware_system
update_ip_catalog -rebuild -scan_changes
INFO: [IP_Flow 19-234] Refreshing IP repositories
INFO: [IP_Flow 19-1700] Loaded user IP repository '/home/cmcnally/Repos/robotic-arm-control-system-analysis/vivado/lidar_arm_control/ip_repo/robot_arm_control_1.0'.
WARNING: [IP_Flow 19-2248] Failed to load user IP repository '/home/cmcnally/Repos/robotic-arm-control-system-analysis/vivado/lidar_arm_control/ip_repo/robot_arm_pwm_1.0'; Can't find the specified path.
If this directory should no longer be in your list of user repositories, go to the IP Settings dialog and remove it.
WARNING: [IP_Flow 19-2248] Failed to load user IP repository '/home/cmcnally/Repos/robotic-arm-control-system-analysis/vivado/lidar_arm_control/ip_repo/sample_gpio_ip_1.0'; Can't find the specified path.
If this directory should no longer be in your list of user repositories, go to the IP Settings dialog and remove it.
WARNING: [IP_Flow 19-2207] Repository '/home/cmcnally/Repos/robotic-arm-control-system-analysis/vivado/lidar_arm_control/ip_repo/sample_gpio_ip_1.0' already exists; ignoring attempt to add it again.
WARNING: [IP_Flow 19-2248] Failed to load user IP repository '/home/cmcnally/Repos/robotic-arm-control-system-analysis/vivado/lidar_arm_control/ip_repo/sample_gpio_ip_1.0'; Can't find the specified path.
If this directory should no longer be in your list of user repositories, go to the IP Settings dialog and remove it.
report_ip_status -name ip_status
current_project edit_robot_arm_control_v1_0
current_project hardware_system
upgrade_ip -vlnv user.org:user:robot_arm_control:1.0 [get_ips  lidar_arm_control_robot_arm_control_0_1] -log ip_upgrade.log
Upgrading '/home/cmcnally/Repos/robotic-arm-control-system-analysis/vivado/lidar_arm_control/hardware_offload_system/hardware_system.srcs/sources_1/bd/lidar_arm_control/lidar_arm_control.bd'
INFO: [IP_Flow 19-3422] Upgraded lidar_arm_control_robot_arm_control_0_1 (robot_arm_control_v1.0 1.0) from revision 14 to revision 15
Wrote  : </home/cmcnally/Repos/robotic-arm-control-system-analysis/vivado/lidar_arm_control/hardware_offload_system/hardware_system.srcs/sources_1/bd/lidar_arm_control/lidar_arm_control.bd> 
Wrote  : </home/cmcnally/Repos/robotic-arm-control-system-analysis/vivado/lidar_arm_control/hardware_offload_system/hardware_system.srcs/sources_1/bd/lidar_arm_control/ui/bd_9360b533.ui> 
INFO: [Coretcl 2-1525] Wrote upgrade log to '/home/cmcnally/Repos/robotic-arm-control-system-analysis/vivado/lidar_arm_control/hardware_offload_system/ip_upgrade.log'.
export_ip_user_files -of_objects [get_ips lidar_arm_control_robot_arm_control_0_1] -no_script -sync -force -quiet
generate_target all [get_files  /home/cmcnally/Repos/robotic-arm-control-system-analysis/vivado/lidar_arm_control/hardware_offload_system/hardware_system.srcs/sources_1/bd/lidar_arm_control/lidar_arm_control.bd]
WARNING: [BD 41-702] Propagation TCL tries to overwrite USER strength parameter PCW_M_AXI_GP0_FREQMHZ(10) on '/processing_system7_0' with propagated value(100). Command ignored
Wrote  : </home/cmcnally/Repos/robotic-arm-control-system-analysis/vivado/lidar_arm_control/hardware_offload_system/hardware_system.srcs/sources_1/bd/lidar_arm_control/lidar_arm_control.bd> 
CRITICAL WARNING: [BD 41-1228] Width mismatch when connecting input pin '/div_gen_0/s_axis_divisor_tdata'(16) to net 'robot_arm_control_0_s_axis_divisor_tdata_0'(8) - Only lower order bits will be connected, and other input bits of this pin will be left unconnected.
CRITICAL WARNING: [BD 41-1228] Width mismatch when connecting input pin '/div_gen_1/s_axis_divisor_tdata'(16) to net 'robot_arm_control_0_s_axis_divisor_tdata_1'(8) - Only lower order bits will be connected, and other input bits of this pin will be left unconnected.
CRITICAL WARNING: [BD 41-1228] Width mismatch when connecting input pin '/robot_arm_control_0/m_axis_dout_tdata_0'(24) to net 'div_gen_0_m_axis_dout_tdata'(32) - Only lower order bits will be connected, and other input bits of this pin will be left unconnected.
CRITICAL WARNING: [BD 41-1228] Width mismatch when connecting input pin '/robot_arm_control_0/m_axis_dout_tdata_1'(24) to net 'div_gen_1_m_axis_dout_tdata'(32) - Only lower order bits will be connected, and other input bits of this pin will be left unconnected.
VHDL Output written to : /home/cmcnally/Repos/robotic-arm-control-system-analysis/vivado/lidar_arm_control/hardware_offload_system/hardware_system.srcs/sources_1/bd/lidar_arm_control/synth/lidar_arm_control.v
CRITICAL WARNING: [BD 41-1228] Width mismatch when connecting input pin '/div_gen_0/s_axis_divisor_tdata'(16) to net 'robot_arm_control_0_s_axis_divisor_tdata_0'(8) - Only lower order bits will be connected, and other input bits of this pin will be left unconnected.
CRITICAL WARNING: [BD 41-1228] Width mismatch when connecting input pin '/div_gen_1/s_axis_divisor_tdata'(16) to net 'robot_arm_control_0_s_axis_divisor_tdata_1'(8) - Only lower order bits will be connected, and other input bits of this pin will be left unconnected.
CRITICAL WARNING: [BD 41-1228] Width mismatch when connecting input pin '/robot_arm_control_0/m_axis_dout_tdata_0'(24) to net 'div_gen_0_m_axis_dout_tdata'(32) - Only lower order bits will be connected, and other input bits of this pin will be left unconnected.
CRITICAL WARNING: [BD 41-1228] Width mismatch when connecting input pin '/robot_arm_control_0/m_axis_dout_tdata_1'(24) to net 'div_gen_1_m_axis_dout_tdata'(32) - Only lower order bits will be connected, and other input bits of this pin will be left unconnected.
VHDL Output written to : /home/cmcnally/Repos/robotic-arm-control-system-analysis/vivado/lidar_arm_control/hardware_offload_system/hardware_system.srcs/sources_1/bd/lidar_arm_control/sim/lidar_arm_control.v
VHDL Output written to : /home/cmcnally/Repos/robotic-arm-control-system-analysis/vivado/lidar_arm_control/hardware_offload_system/hardware_system.srcs/sources_1/bd/lidar_arm_control/hdl/lidar_arm_control_wrapper.v
INFO: [BD 41-1029] Generation completed for the IP Integrator block processing_system7_0 .
INFO: [BD 41-1029] Generation completed for the IP Integrator block rst_ps7_0_100M .
INFO: [BD 41-1029] Generation completed for the IP Integrator block robot_arm_control_0 .
INFO: [BD 41-1029] Generation completed for the IP Integrator block ps7_0_axi_periph/xbar .
INFO: [BD 41-1029] Generation completed for the IP Integrator block axi_uartlite_0 .
INFO: [BD 41-1029] Generation completed for the IP Integrator block axi_gpio_0 .
INFO: [BD 41-1029] Generation completed for the IP Integrator block div_gen_0 .
INFO: [BD 41-1029] Generation completed for the IP Integrator block div_gen_1 .
WARNING: [IP_Flow 19-4994] Overwriting existing constraint file '/home/cmcnally/Repos/robotic-arm-control-system-analysis/vivado/lidar_arm_control/hardware_offload_system/hardware_system.srcs/sources_1/bd/lidar_arm_control/ip/lidar_arm_control_auto_pc_0/lidar_arm_control_auto_pc_0_ooc.xdc'
INFO: [BD 41-1029] Generation completed for the IP Integrator block ps7_0_axi_periph/s00_couplers/auto_pc .
Exporting to file /home/cmcnally/Repos/robotic-arm-control-system-analysis/vivado/lidar_arm_control/hardware_offload_system/hardware_system.srcs/sources_1/bd/lidar_arm_control/hw_handoff/lidar_arm_control.hwh
Generated Block Design Tcl file /home/cmcnally/Repos/robotic-arm-control-system-analysis/vivado/lidar_arm_control/hardware_offload_system/hardware_system.srcs/sources_1/bd/lidar_arm_control/hw_handoff/lidar_arm_control_bd.tcl
Generated Hardware Definition File /home/cmcnally/Repos/robotic-arm-control-system-analysis/vivado/lidar_arm_control/hardware_offload_system/hardware_system.srcs/sources_1/bd/lidar_arm_control/synth/lidar_arm_control.hwdef
catch { config_ip_cache -export [get_ips -all lidar_arm_control_robot_arm_control_0_1] }
catch { config_ip_cache -export [get_ips -all lidar_arm_control_auto_pc_0] }
INFO: [IP_Flow 19-4993] Using cached IP synthesis design for IP lidar_arm_control_auto_pc_0, cache-ID = 68168676865e6a57; cache size = 8.402 MB.
export_ip_user_files -of_objects [get_files /home/cmcnally/Repos/robotic-arm-control-system-analysis/vivado/lidar_arm_control/hardware_offload_system/hardware_system.srcs/sources_1/bd/lidar_arm_control/lidar_arm_control.bd] -no_script -sync -force -quiet
create_ip_run [get_files -of_objects [get_fileset sources_1] /home/cmcnally/Repos/robotic-arm-control-system-analysis/vivado/lidar_arm_control/hardware_offload_system/hardware_system.srcs/sources_1/bd/lidar_arm_control/lidar_arm_control.bd]
launch_runs -jobs 2 lidar_arm_control_robot_arm_control_0_1_synth_1
[Mon Apr 12 18:14:55 2021] Launched lidar_arm_control_robot_arm_control_0_1_synth_1...
Run output will be captured here: /home/cmcnally/Repos/robotic-arm-control-system-analysis/vivado/lidar_arm_control/hardware_offload_system/hardware_system.runs/lidar_arm_control_robot_arm_control_0_1_synth_1/runme.log
export_simulation -of_objects [get_files /home/cmcnally/Repos/robotic-arm-control-system-analysis/vivado/lidar_arm_control/hardware_offload_system/hardware_system.srcs/sources_1/bd/lidar_arm_control/lidar_arm_control.bd] -directory /home/cmcnally/Repos/robotic-arm-control-system-analysis/vivado/lidar_arm_control/hardware_offload_system/hardware_system.ip_user_files/sim_scripts -ip_user_files_dir /home/cmcnally/Repos/robotic-arm-control-system-analysis/vivado/lidar_arm_control/hardware_offload_system/hardware_system.ip_user_files -ipstatic_source_dir /home/cmcnally/Repos/robotic-arm-control-system-analysis/vivado/lidar_arm_control/hardware_offload_system/hardware_system.ip_user_files/ipstatic -lib_map_path [list {modelsim=/home/cmcnally/Repos/robotic-arm-control-system-analysis/vivado/lidar_arm_control/hardware_offload_system/hardware_system.cache/compile_simlib/modelsim} {questa=/home/cmcnally/Repos/robotic-arm-control-system-analysis/vivado/lidar_arm_control/hardware_offload_system/hardware_system.cache/compile_simlib/questa} {ies=/home/cmcnally/Repos/robotic-arm-control-system-analysis/vivado/lidar_arm_control/hardware_offload_system/hardware_system.cache/compile_simlib/ies} {xcelium=/home/cmcnally/Repos/robotic-arm-control-system-analysis/vivado/lidar_arm_control/hardware_offload_system/hardware_system.cache/compile_simlib/xcelium} {vcs=/home/cmcnally/Repos/robotic-arm-control-system-analysis/vivado/lidar_arm_control/hardware_offload_system/hardware_system.cache/compile_simlib/vcs} {riviera=/home/cmcnally/Repos/robotic-arm-control-system-analysis/vivado/lidar_arm_control/hardware_offload_system/hardware_system.cache/compile_simlib/riviera}] -use_ip_compiled_libs -force -quiet
report_ip_status -name ip_status 
reset_run synth_1
launch_runs synth_1 -jobs 2
[Mon Apr 12 18:15:15 2021] Launched lidar_arm_control_robot_arm_control_0_1_synth_1...
Run output will be captured here: /home/cmcnally/Repos/robotic-arm-control-system-analysis/vivado/lidar_arm_control/hardware_offload_system/hardware_system.runs/lidar_arm_control_robot_arm_control_0_1_synth_1/runme.log
[Mon Apr 12 18:15:15 2021] Launched synth_1...
Run output will be captured here: /home/cmcnally/Repos/robotic-arm-control-system-analysis/vivado/lidar_arm_control/hardware_offload_system/hardware_system.runs/synth_1/runme.log
launch_runs impl_1 -jobs 2
[Mon Apr 12 18:16:21 2021] Launched impl_1...
Run output will be captured here: /home/cmcnally/Repos/robotic-arm-control-system-analysis/vivado/lidar_arm_control/hardware_offload_system/hardware_system.runs/impl_1/runme.log
