#-----------------------------------------------------------
# Vivado v2018.3 (64-bit)
# SW Build 2405991 on Thu Dec  6 23:36:41 MST 2018
# IP Build 2404404 on Fri Dec  7 01:43:56 MST 2018
# Start of session at: Tue Mar  9 21:48:23 2021
# Process ID: 22080
# Current directory: /home/cmcnally/Repos/robotic-arm-control-system-analysis/vivado
# Command line: vivado
# Log file: /home/cmcnally/Repos/robotic-arm-control-system-analysis/vivado/vivado.log
# Journal file: /home/cmcnally/Repos/robotic-arm-control-system-analysis/vivado/vivado.jou
#-----------------------------------------------------------
start_gui
open_project /home/cmcnally/Repos/robotic-arm-control-system-analysis/vivado/us_arm_control/hardware_system/arm_control/arm_control.xpr
INFO: [Project 1-313] Project file moved from '/home/cmcnally/Repos/robotic_arm_control_system_analysis/vivado/hardware_system/arm_control' since last save.
Scanning sources...
Finished scanning sources
INFO: [IP_Flow 19-234] Refreshing IP repositories
INFO: [IP_Flow 19-1704] No user IP repositories specified
INFO: [IP_Flow 19-2313] Loaded Vivado IP repository '/tools/Xilinx/Vivado/2018.3/data/ip'.
open_project: Time (s): cpu = 00:00:16 ; elapsed = 00:00:06 . Memory (MB): peak = 6389.484 ; gain = 106.715 ; free physical = 123 ; free virtual = 4405
update_compile_order -fileset sources_1
update_compile_order -fileset sources_1
update_compile_order -fileset sources_1
reset_run synth_1
launch_runs impl_1 -to_step write_bitstream -jobs 2
[Tue Mar  9 21:54:42 2021] Launched synth_1...
Run output will be captured here: /home/cmcnally/Repos/robotic-arm-control-system-analysis/vivado/us_arm_control/hardware_system/arm_control/arm_control.runs/synth_1/runme.log
[Tue Mar  9 21:54:42 2021] Launched impl_1...
Run output will be captured here: /home/cmcnally/Repos/robotic-arm-control-system-analysis/vivado/us_arm_control/hardware_system/arm_control/arm_control.runs/impl_1/runme.log
open_hw
connect_hw_server
INFO: [Labtools 27-2285] Connecting to hw_server url TCP:localhost:3121
INFO: [Labtools 27-2222] Launching hw_server...
INFO: [Labtools 27-2221] Launch Output:

****** Xilinx hw_server v2018.3
  **** Build date : Dec  6 2018-23:53:53
    ** Copyright 1986-2018 Xilinx, Inc. All Rights Reserved.


open_hw_target
INFO: [Labtoolstcl 44-466] Opening hw_target localhost:3121/xilinx_tcf/Xilinx/1234-tulA
set_property PROGRAM.FILE {/home/cmcnally/Repos/robotic-arm-control-system-analysis/vivado/us_arm_control/hardware_system/arm_control/arm_control.runs/impl_1/us_arm_control_wrapper.bit} [get_hw_devices xc7z020_1]
current_hw_device [get_hw_devices xc7z020_1]
refresh_hw_device -update_hw_probes false [lindex [get_hw_devices xc7z020_1] 0]
INFO: [Labtools 27-1434] Device xc7z020 (JTAG device index = 1) is programmed with a design that has no supported debug core(s) in it.
set_property PROBES.FILE {} [get_hw_devices xc7z020_1]
set_property FULL_PROBES.FILE {} [get_hw_devices xc7z020_1]
set_property PROGRAM.FILE {/home/cmcnally/Repos/robotic-arm-control-system-analysis/vivado/us_arm_control/hardware_system/arm_control/arm_control.runs/impl_1/us_arm_control_wrapper.bit} [get_hw_devices xc7z020_1]
program_hw_devices [get_hw_devices xc7z020_1]
INFO: [Labtools 27-3164] End of startup status: HIGH
refresh_hw_device [lindex [get_hw_devices xc7z020_1] 0]
INFO: [Labtools 27-1434] Device xc7z020 (JTAG device index = 1) is programmed with a design that has no supported debug core(s) in it.
close_hw
reset_run synth_1
launch_runs impl_1 -to_step write_bitstream -jobs 2
[Tue Mar  9 22:03:45 2021] Launched synth_1...
Run output will be captured here: /home/cmcnally/Repos/robotic-arm-control-system-analysis/vivado/us_arm_control/hardware_system/arm_control/arm_control.runs/synth_1/runme.log
[Tue Mar  9 22:03:45 2021] Launched impl_1...
Run output will be captured here: /home/cmcnally/Repos/robotic-arm-control-system-analysis/vivado/us_arm_control/hardware_system/arm_control/arm_control.runs/impl_1/runme.log
open_hw
connect_hw_server
INFO: [Labtools 27-2285] Connecting to hw_server url TCP:localhost:3121
INFO: [Labtools 27-2222] Launching hw_server...
INFO: [Labtools 27-2221] Launch Output:

****** Xilinx hw_server v2018.3
  **** Build date : Dec  6 2018-23:53:53
    ** Copyright 1986-2018 Xilinx, Inc. All Rights Reserved.


open_hw_target
INFO: [Labtoolstcl 44-466] Opening hw_target localhost:3121/xilinx_tcf/Xilinx/1234-tulA
set_property PROGRAM.FILE {/home/cmcnally/Repos/robotic-arm-control-system-analysis/vivado/us_arm_control/hardware_system/arm_control/arm_control.runs/impl_1/us_arm_control_wrapper.bit} [get_hw_devices xc7z020_1]
current_hw_device [get_hw_devices xc7z020_1]
refresh_hw_device -update_hw_probes false [lindex [get_hw_devices xc7z020_1] 0]
INFO: [Labtools 27-1434] Device xc7z020 (JTAG device index = 1) is programmed with a design that has no supported debug core(s) in it.
set_property PROBES.FILE {} [get_hw_devices xc7z020_1]
set_property FULL_PROBES.FILE {} [get_hw_devices xc7z020_1]
set_property PROGRAM.FILE {/home/cmcnally/Repos/robotic-arm-control-system-analysis/vivado/us_arm_control/hardware_system/arm_control/arm_control.runs/impl_1/us_arm_control_wrapper.bit} [get_hw_devices xc7z020_1]
program_hw_devices [get_hw_devices xc7z020_1]
INFO: [Labtools 27-3164] End of startup status: HIGH
refresh_hw_device [lindex [get_hw_devices xc7z020_1] 0]
INFO: [Labtools 27-1434] Device xc7z020 (JTAG device index = 1) is programmed with a design that has no supported debug core(s) in it.
reset_run synth_1
launch_runs impl_1 -to_step write_bitstream -jobs 2
[Tue Mar  9 22:31:42 2021] Launched synth_1...
Run output will be captured here: /home/cmcnally/Repos/robotic-arm-control-system-analysis/vivado/us_arm_control/hardware_system/arm_control/arm_control.runs/synth_1/runme.log
[Tue Mar  9 22:31:43 2021] Launched impl_1...
Run output will be captured here: /home/cmcnally/Repos/robotic-arm-control-system-analysis/vivado/us_arm_control/hardware_system/arm_control/arm_control.runs/impl_1/runme.log
close_hw
open_hw
connect_hw_server
INFO: [Labtools 27-2285] Connecting to hw_server url TCP:localhost:3121
INFO: [Labtools 27-2222] Launching hw_server...
INFO: [Labtools 27-2221] Launch Output:

****** Xilinx hw_server v2018.3
  **** Build date : Dec  6 2018-23:53:53
    ** Copyright 1986-2018 Xilinx, Inc. All Rights Reserved.


open_hw_target
INFO: [Labtoolstcl 44-466] Opening hw_target localhost:3121/xilinx_tcf/Xilinx/1234-tulA
set_property PROGRAM.FILE {/home/cmcnally/Repos/robotic-arm-control-system-analysis/vivado/us_arm_control/hardware_system/arm_control/arm_control.runs/impl_1/us_arm_control_wrapper.bit} [get_hw_devices xc7z020_1]
current_hw_device [get_hw_devices xc7z020_1]
refresh_hw_device -update_hw_probes false [lindex [get_hw_devices xc7z020_1] 0]
INFO: [Labtools 27-1434] Device xc7z020 (JTAG device index = 1) is programmed with a design that has no supported debug core(s) in it.
set_property PROBES.FILE {} [get_hw_devices xc7z020_1]
set_property FULL_PROBES.FILE {} [get_hw_devices xc7z020_1]
set_property PROGRAM.FILE {/home/cmcnally/Repos/robotic-arm-control-system-analysis/vivado/us_arm_control/hardware_system/arm_control/arm_control.runs/impl_1/us_arm_control_wrapper.bit} [get_hw_devices xc7z020_1]
program_hw_devices [get_hw_devices xc7z020_1]
INFO: [Labtools 27-3164] End of startup status: HIGH
refresh_hw_device [lindex [get_hw_devices xc7z020_1] 0]
INFO: [Labtools 27-1434] Device xc7z020 (JTAG device index = 1) is programmed with a design that has no supported debug core(s) in it.
reset_run synth_1
launch_runs impl_1 -to_step write_bitstream -jobs 2
[Tue Mar  9 22:40:01 2021] Launched synth_1...
Run output will be captured here: /home/cmcnally/Repos/robotic-arm-control-system-analysis/vivado/us_arm_control/hardware_system/arm_control/arm_control.runs/synth_1/runme.log
[Tue Mar  9 22:40:01 2021] Launched impl_1...
Run output will be captured here: /home/cmcnally/Repos/robotic-arm-control-system-analysis/vivado/us_arm_control/hardware_system/arm_control/arm_control.runs/impl_1/runme.log
set_property PROBES.FILE {} [get_hw_devices xc7z020_1]
set_property FULL_PROBES.FILE {} [get_hw_devices xc7z020_1]
set_property PROGRAM.FILE {/home/cmcnally/Repos/robotic-arm-control-system-analysis/vivado/us_arm_control/hardware_system/arm_control/arm_control.runs/impl_1/us_arm_control_wrapper.bit} [get_hw_devices xc7z020_1]
program_hw_devices [get_hw_devices xc7z020_1]
INFO: [Labtools 27-3164] End of startup status: HIGH
refresh_hw_device [lindex [get_hw_devices xc7z020_1] 0]
INFO: [Labtools 27-1434] Device xc7z020 (JTAG device index = 1) is programmed with a design that has no supported debug core(s) in it.
reset_run synth_1
launch_runs impl_1 -to_step write_bitstream -jobs 2
[Tue Mar  9 22:43:32 2021] Launched synth_1...
Run output will be captured here: /home/cmcnally/Repos/robotic-arm-control-system-analysis/vivado/us_arm_control/hardware_system/arm_control/arm_control.runs/synth_1/runme.log
[Tue Mar  9 22:43:32 2021] Launched impl_1...
Run output will be captured here: /home/cmcnally/Repos/robotic-arm-control-system-analysis/vivado/us_arm_control/hardware_system/arm_control/arm_control.runs/impl_1/runme.log
set_property PROBES.FILE {} [get_hw_devices xc7z020_1]
set_property FULL_PROBES.FILE {} [get_hw_devices xc7z020_1]
set_property PROGRAM.FILE {/home/cmcnally/Repos/robotic-arm-control-system-analysis/vivado/us_arm_control/hardware_system/arm_control/arm_control.runs/impl_1/us_arm_control_wrapper.bit} [get_hw_devices xc7z020_1]
program_hw_devices [get_hw_devices xc7z020_1]
INFO: [Labtools 27-3164] End of startup status: HIGH
refresh_hw_device [lindex [get_hw_devices xc7z020_1] 0]
INFO: [Labtools 27-1434] Device xc7z020 (JTAG device index = 1) is programmed with a design that has no supported debug core(s) in it.
set_property PROBES.FILE {} [get_hw_devices xc7z020_1]
set_property FULL_PROBES.FILE {} [get_hw_devices xc7z020_1]
set_property PROGRAM.FILE {/home/cmcnally/Repos/robotic-arm-control-system-analysis/vivado/us_arm_control/hardware_system/arm_control/arm_control.runs/impl_1/us_arm_control_wrapper.bit} [get_hw_devices xc7z020_1]
program_hw_devices [get_hw_devices xc7z020_1]
INFO: [Labtools 27-3164] End of startup status: HIGH
refresh_hw_device [lindex [get_hw_devices xc7z020_1] 0]
INFO: [Labtools 27-1434] Device xc7z020 (JTAG device index = 1) is programmed with a design that has no supported debug core(s) in it.
reset_run synth_1
launch_runs impl_1 -to_step write_bitstream -jobs 2
[Tue Mar  9 22:48:42 2021] Launched synth_1...
Run output will be captured here: /home/cmcnally/Repos/robotic-arm-control-system-analysis/vivado/us_arm_control/hardware_system/arm_control/arm_control.runs/synth_1/runme.log
[Tue Mar  9 22:48:42 2021] Launched impl_1...
Run output will be captured here: /home/cmcnally/Repos/robotic-arm-control-system-analysis/vivado/us_arm_control/hardware_system/arm_control/arm_control.runs/impl_1/runme.log
set_property PROBES.FILE {} [get_hw_devices xc7z020_1]
set_property FULL_PROBES.FILE {} [get_hw_devices xc7z020_1]
set_property PROGRAM.FILE {/home/cmcnally/Repos/robotic-arm-control-system-analysis/vivado/us_arm_control/hardware_system/arm_control/arm_control.runs/impl_1/us_arm_control_wrapper.bit} [get_hw_devices xc7z020_1]
program_hw_devices [get_hw_devices xc7z020_1]
INFO: [Labtools 27-3164] End of startup status: HIGH
refresh_hw_device [lindex [get_hw_devices xc7z020_1] 0]
INFO: [Labtools 27-1434] Device xc7z020 (JTAG device index = 1) is programmed with a design that has no supported debug core(s) in it.
reset_run synth_1
launch_runs impl_1 -to_step write_bitstream -jobs 2
[Tue Mar  9 23:01:02 2021] Launched synth_1...
Run output will be captured here: /home/cmcnally/Repos/robotic-arm-control-system-analysis/vivado/us_arm_control/hardware_system/arm_control/arm_control.runs/synth_1/runme.log
[Tue Mar  9 23:01:02 2021] Launched impl_1...
Run output will be captured here: /home/cmcnally/Repos/robotic-arm-control-system-analysis/vivado/us_arm_control/hardware_system/arm_control/arm_control.runs/impl_1/runme.log
set_property PROBES.FILE {} [get_hw_devices xc7z020_1]
set_property FULL_PROBES.FILE {} [get_hw_devices xc7z020_1]
set_property PROGRAM.FILE {/home/cmcnally/Repos/robotic-arm-control-system-analysis/vivado/us_arm_control/hardware_system/arm_control/arm_control.runs/impl_1/us_arm_control_wrapper.bit} [get_hw_devices xc7z020_1]
program_hw_devices [get_hw_devices xc7z020_1]
INFO: [Labtools 27-3164] End of startup status: HIGH
refresh_hw_device [lindex [get_hw_devices xc7z020_1] 0]
INFO: [Labtools 27-1434] Device xc7z020 (JTAG device index = 1) is programmed with a design that has no supported debug core(s) in it.
reset_run synth_1
launch_runs impl_1 -to_step write_bitstream -jobs 2
[Tue Mar  9 23:07:21 2021] Launched synth_1...
Run output will be captured here: /home/cmcnally/Repos/robotic-arm-control-system-analysis/vivado/us_arm_control/hardware_system/arm_control/arm_control.runs/synth_1/runme.log
[Tue Mar  9 23:07:21 2021] Launched impl_1...
Run output will be captured here: /home/cmcnally/Repos/robotic-arm-control-system-analysis/vivado/us_arm_control/hardware_system/arm_control/arm_control.runs/impl_1/runme.log
set_property PROBES.FILE {} [get_hw_devices xc7z020_1]
set_property FULL_PROBES.FILE {} [get_hw_devices xc7z020_1]
set_property PROGRAM.FILE {/home/cmcnally/Repos/robotic-arm-control-system-analysis/vivado/us_arm_control/hardware_system/arm_control/arm_control.runs/impl_1/us_arm_control_wrapper.bit} [get_hw_devices xc7z020_1]
program_hw_devices [get_hw_devices xc7z020_1]
INFO: [Labtools 27-3164] End of startup status: HIGH
refresh_hw_device [lindex [get_hw_devices xc7z020_1] 0]
INFO: [Labtools 27-1434] Device xc7z020 (JTAG device index = 1) is programmed with a design that has no supported debug core(s) in it.
reset_run synth_1
launch_runs impl_1 -to_step write_bitstream -jobs 2
[Tue Mar  9 23:11:33 2021] Launched synth_1...
Run output will be captured here: /home/cmcnally/Repos/robotic-arm-control-system-analysis/vivado/us_arm_control/hardware_system/arm_control/arm_control.runs/synth_1/runme.log
[Tue Mar  9 23:11:33 2021] Launched impl_1...
Run output will be captured here: /home/cmcnally/Repos/robotic-arm-control-system-analysis/vivado/us_arm_control/hardware_system/arm_control/arm_control.runs/impl_1/runme.log
set_property PROBES.FILE {} [get_hw_devices xc7z020_1]
set_property FULL_PROBES.FILE {} [get_hw_devices xc7z020_1]
set_property PROGRAM.FILE {/home/cmcnally/Repos/robotic-arm-control-system-analysis/vivado/us_arm_control/hardware_system/arm_control/arm_control.runs/impl_1/us_arm_control_wrapper.bit} [get_hw_devices xc7z020_1]
program_hw_devices [get_hw_devices xc7z020_1]
INFO: [Labtools 27-3164] End of startup status: HIGH
refresh_hw_device [lindex [get_hw_devices xc7z020_1] 0]
INFO: [Labtools 27-1434] Device xc7z020 (JTAG device index = 1) is programmed with a design that has no supported debug core(s) in it.
reset_run synth_1
launch_runs impl_1 -to_step write_bitstream -jobs 2
[Tue Mar  9 23:14:39 2021] Launched synth_1...
Run output will be captured here: /home/cmcnally/Repos/robotic-arm-control-system-analysis/vivado/us_arm_control/hardware_system/arm_control/arm_control.runs/synth_1/runme.log
[Tue Mar  9 23:14:39 2021] Launched impl_1...
Run output will be captured here: /home/cmcnally/Repos/robotic-arm-control-system-analysis/vivado/us_arm_control/hardware_system/arm_control/arm_control.runs/impl_1/runme.log
set_property PROBES.FILE {} [get_hw_devices xc7z020_1]
set_property FULL_PROBES.FILE {} [get_hw_devices xc7z020_1]
set_property PROGRAM.FILE {/home/cmcnally/Repos/robotic-arm-control-system-analysis/vivado/us_arm_control/hardware_system/arm_control/arm_control.runs/impl_1/us_arm_control_wrapper.bit} [get_hw_devices xc7z020_1]
program_hw_devices [get_hw_devices xc7z020_1]
INFO: [Labtools 27-3164] End of startup status: HIGH
refresh_hw_device [lindex [get_hw_devices xc7z020_1] 0]
INFO: [Labtools 27-1434] Device xc7z020 (JTAG device index = 1) is programmed with a design that has no supported debug core(s) in it.
reset_run synth_1
launch_runs impl_1 -to_step write_bitstream -jobs 2
[Tue Mar  9 23:23:05 2021] Launched synth_1...
Run output will be captured here: /home/cmcnally/Repos/robotic-arm-control-system-analysis/vivado/us_arm_control/hardware_system/arm_control/arm_control.runs/synth_1/runme.log
[Tue Mar  9 23:23:05 2021] Launched impl_1...
Run output will be captured here: /home/cmcnally/Repos/robotic-arm-control-system-analysis/vivado/us_arm_control/hardware_system/arm_control/arm_control.runs/impl_1/runme.log
set_property PROBES.FILE {} [get_hw_devices xc7z020_1]
set_property FULL_PROBES.FILE {} [get_hw_devices xc7z020_1]
set_property PROGRAM.FILE {/home/cmcnally/Repos/robotic-arm-control-system-analysis/vivado/us_arm_control/hardware_system/arm_control/arm_control.runs/impl_1/us_arm_control_wrapper.bit} [get_hw_devices xc7z020_1]
program_hw_devices [get_hw_devices xc7z020_1]
INFO: [Labtools 27-3164] End of startup status: HIGH
refresh_hw_device [lindex [get_hw_devices xc7z020_1] 0]
INFO: [Labtools 27-1434] Device xc7z020 (JTAG device index = 1) is programmed with a design that has no supported debug core(s) in it.
reset_run synth_1
launch_runs impl_1 -to_step write_bitstream -jobs 2
[Tue Mar  9 23:34:36 2021] Launched synth_1...
Run output will be captured here: /home/cmcnally/Repos/robotic-arm-control-system-analysis/vivado/us_arm_control/hardware_system/arm_control/arm_control.runs/synth_1/runme.log
[Tue Mar  9 23:34:36 2021] Launched impl_1...
Run output will be captured here: /home/cmcnally/Repos/robotic-arm-control-system-analysis/vivado/us_arm_control/hardware_system/arm_control/arm_control.runs/impl_1/runme.log
set_property PROBES.FILE {} [get_hw_devices xc7z020_1]
set_property FULL_PROBES.FILE {} [get_hw_devices xc7z020_1]
set_property PROGRAM.FILE {/home/cmcnally/Repos/robotic-arm-control-system-analysis/vivado/us_arm_control/hardware_system/arm_control/arm_control.runs/impl_1/us_arm_control_wrapper.bit} [get_hw_devices xc7z020_1]
program_hw_devices [get_hw_devices xc7z020_1]
INFO: [Labtools 27-3164] End of startup status: HIGH
refresh_hw_device [lindex [get_hw_devices xc7z020_1] 0]
INFO: [Labtools 27-1434] Device xc7z020 (JTAG device index = 1) is programmed with a design that has no supported debug core(s) in it.
reset_run synth_1
launch_runs impl_1 -to_step write_bitstream -jobs 2
[Tue Mar  9 23:53:50 2021] Launched synth_1...
Run output will be captured here: /home/cmcnally/Repos/robotic-arm-control-system-analysis/vivado/us_arm_control/hardware_system/arm_control/arm_control.runs/synth_1/runme.log
[Tue Mar  9 23:53:51 2021] Launched impl_1...
Run output will be captured here: /home/cmcnally/Repos/robotic-arm-control-system-analysis/vivado/us_arm_control/hardware_system/arm_control/arm_control.runs/impl_1/runme.log
set_property PROBES.FILE {} [get_hw_devices xc7z020_1]
set_property FULL_PROBES.FILE {} [get_hw_devices xc7z020_1]
set_property PROGRAM.FILE {/home/cmcnally/Repos/robotic-arm-control-system-analysis/vivado/us_arm_control/hardware_system/arm_control/arm_control.runs/impl_1/us_arm_control_wrapper.bit} [get_hw_devices xc7z020_1]
program_hw_devices [get_hw_devices xc7z020_1]
INFO: [Labtools 27-3164] End of startup status: HIGH
refresh_hw_device [lindex [get_hw_devices xc7z020_1] 0]
INFO: [Labtools 27-1434] Device xc7z020 (JTAG device index = 1) is programmed with a design that has no supported debug core(s) in it.
reset_run synth_1
launch_runs impl_1 -to_step write_bitstream -jobs 2
[Tue Mar  9 23:56:34 2021] Launched synth_1...
Run output will be captured here: /home/cmcnally/Repos/robotic-arm-control-system-analysis/vivado/us_arm_control/hardware_system/arm_control/arm_control.runs/synth_1/runme.log
[Tue Mar  9 23:56:34 2021] Launched impl_1...
Run output will be captured here: /home/cmcnally/Repos/robotic-arm-control-system-analysis/vivado/us_arm_control/hardware_system/arm_control/arm_control.runs/impl_1/runme.log
set_property PROBES.FILE {} [get_hw_devices xc7z020_1]
set_property FULL_PROBES.FILE {} [get_hw_devices xc7z020_1]
set_property PROGRAM.FILE {/home/cmcnally/Repos/robotic-arm-control-system-analysis/vivado/us_arm_control/hardware_system/arm_control/arm_control.runs/impl_1/us_arm_control_wrapper.bit} [get_hw_devices xc7z020_1]
program_hw_devices [get_hw_devices xc7z020_1]
INFO: [Labtools 27-3164] End of startup status: HIGH
refresh_hw_device [lindex [get_hw_devices xc7z020_1] 0]
INFO: [Labtools 27-1434] Device xc7z020 (JTAG device index = 1) is programmed with a design that has no supported debug core(s) in it.
ERROR: [Labtoolstcl 44-513] HW Target shutdown. Closing target: localhost:3121/xilinx_tcf/Xilinx/1234-tulA
update_compile_order -fileset sources_1
update_compile_order -fileset sources_1
update_compile_order -fileset sources_1
update_compile_order -fileset sources_1
update_compile_order -fileset sources_1
update_compile_order -fileset sources_1
update_compile_order -fileset sources_1
update_compile_order -fileset sources_1
reset_run synth_1
launch_runs impl_1 -to_step write_bitstream -jobs 2
[Wed Mar 10 12:52:01 2021] Launched synth_1...
Run output will be captured here: /home/cmcnally/Repos/robotic-arm-control-system-analysis/vivado/us_arm_control/hardware_system/arm_control/arm_control.runs/synth_1/runme.log
[Wed Mar 10 12:52:01 2021] Launched impl_1...
Run output will be captured here: /home/cmcnally/Repos/robotic-arm-control-system-analysis/vivado/us_arm_control/hardware_system/arm_control/arm_control.runs/impl_1/runme.log
exit
INFO: [Common 17-206] Exiting Vivado at Wed Mar 10 13:59:29 2021...
