Copyright 1986-2018 Xilinx, Inc. All Rights Reserved.
---------------------------------------------------------------------------------------------------
| Tool Version : Vivado v.2018.3 (lin64) Build 2405991 Thu Dec  6 23:36:41 MST 2018
| Date         : Thu Feb  4 16:04:18 2021
| Host         : noodle-box running 64-bit Ubuntu 18.04.5 LTS
| Command      : report_control_sets -verbose -file us_arm_control_wrapper_control_sets_placed.rpt
| Design       : us_arm_control_wrapper
| Device       : xc7z020
---------------------------------------------------------------------------------------------------

Control Set Information

Table of Contents
-----------------
1. Summary
2. Histogram
3. Flip-Flop Distribution
4. Detailed Control Set Information

1. Summary
----------

+----------------------------------------------------------+-------+
|                          Status                          | Count |
+----------------------------------------------------------+-------+
| Number of unique control sets                            |     5 |
| Unused register locations in slices containing registers |    17 |
+----------------------------------------------------------+-------+


2. Histogram
------------

+--------+--------------+
| Fanout | Control Sets |
+--------+--------------+
|      1 |            1 |
|    16+ |            4 |
+--------+--------------+


3. Flip-Flop Distribution
-------------------------

+--------------+-----------------------+------------------------+-----------------+--------------+
| Clock Enable | Synchronous Set/Reset | Asynchronous Set/Reset | Total Registers | Total Slices |
+--------------+-----------------------+------------------------+-----------------+--------------+
| No           | No                    | No                     |             195 |           68 |
| No           | No                    | Yes                    |             336 |           97 |
| No           | Yes                   | No                     |             132 |           51 |
| Yes          | No                    | No                     |               0 |            0 |
| Yes          | No                    | Yes                    |              64 |           12 |
| Yes          | Yes                   | No                     |               0 |            0 |
+--------------+-----------------------+------------------------+-----------------+--------------+


4. Detailed Control Set Information
-----------------------------------

+-------------------------------+------------------------------------+------------------+------------------+----------------+
|          Clock Signal         |            Enable Signal           | Set/Reset Signal | Slice Load Count | Bel Load Count |
+-------------------------------+------------------------------------+------------------+------------------+----------------+
|  us_sensor_i/trig_reg_i_1_n_2 |                                    |                  |                1 |              1 |
|  clk_IBUF_BUFG                | us_sensor_i/counter_ff[63]_i_1_n_2 | reset_IBUF       |               12 |             64 |
|  n_1_1033_BUFG                |                                    |                  |               27 |             64 |
|  n_0_544_BUFG                 |                                    |                  |               40 |            130 |
|  clk_IBUF_BUFG                |                                    | reset_IBUF       |              148 |            468 |
+-------------------------------+------------------------------------+------------------+------------------+----------------+


