Copyright 1986-2018 Xilinx, Inc. All Rights Reserved.
--------------------------------------------------------------------------------------------------------------------------------------------------------------------------------------------------------
| Tool Version : Vivado v.2018.3 (lin64) Build 2405991 Thu Dec  6 23:36:41 MST 2018
| Date         : Thu Feb  4 16:04:45 2021
| Host         : noodle-box running 64-bit Ubuntu 18.04.5 LTS
| Command      : report_methodology -file us_arm_control_wrapper_methodology_drc_routed.rpt -pb us_arm_control_wrapper_methodology_drc_routed.pb -rpx us_arm_control_wrapper_methodology_drc_routed.rpx
| Design       : us_arm_control_wrapper
| Device       : xc7z020clg400-1
| Speed File   : -1
| Design State : Fully Routed
--------------------------------------------------------------------------------------------------------------------------------------------------------------------------------------------------------

Report Methodology

Table of Contents
-----------------
1. REPORT SUMMARY
2. REPORT DETAILS

1. REPORT SUMMARY
-----------------
            Netlist: netlist
          Floorplan: design_1
      Design limits: <entire design considered>
             Max violations: <unlimited>
             Violations found: 202
+-----------+----------+-------------------------------+------------+
| Rule      | Severity | Description                   | Violations |
+-----------+----------+-------------------------------+------------+
| TIMING-18 | Warning  | Missing input or output delay | 7          |
| TIMING-20 | Warning  | Non-clocked latch             | 195        |
+-----------+----------+-------------------------------+------------+

2. REPORT DETAILS
-----------------
TIMING-18#1 Warning
Missing input or output delay  
An input delay is missing on echo relative to clock(s) sys_clk_pin
Related violations: <none>

TIMING-18#2 Warning
Missing input or output delay  
An input delay is missing on reset relative to clock(s) sys_clk_pin
Related violations: <none>

TIMING-18#3 Warning
Missing input or output delay  
An output delay is missing on object_det relative to clock(s) sys_clk_pin
Related violations: <none>

TIMING-18#4 Warning
Missing input or output delay  
An output delay is missing on pwm_out[0] relative to clock(s) sys_clk_pin
Related violations: <none>

TIMING-18#5 Warning
Missing input or output delay  
An output delay is missing on pwm_out[1] relative to clock(s) sys_clk_pin
Related violations: <none>

TIMING-18#6 Warning
Missing input or output delay  
An output delay is missing on pwm_out[2] relative to clock(s) sys_clk_pin
Related violations: <none>

TIMING-18#7 Warning
Missing input or output delay  
An output delay is missing on pwm_out[3] relative to clock(s) sys_clk_pin
Related violations: <none>

TIMING-20#1 Warning
Non-clocked latch  
The latch us_sensor_i/echo_pulse_nxt_reg[0] cannot be properly analyzed as its control pin us_sensor_i/echo_pulse_nxt_reg[0]/G is not reached by a timing clock
Related violations: <none>

TIMING-20#2 Warning
Non-clocked latch  
The latch us_sensor_i/echo_pulse_nxt_reg[10] cannot be properly analyzed as its control pin us_sensor_i/echo_pulse_nxt_reg[10]/G is not reached by a timing clock
Related violations: <none>

TIMING-20#3 Warning
Non-clocked latch  
The latch us_sensor_i/echo_pulse_nxt_reg[11] cannot be properly analyzed as its control pin us_sensor_i/echo_pulse_nxt_reg[11]/G is not reached by a timing clock
Related violations: <none>

TIMING-20#4 Warning
Non-clocked latch  
The latch us_sensor_i/echo_pulse_nxt_reg[12] cannot be properly analyzed as its control pin us_sensor_i/echo_pulse_nxt_reg[12]/G is not reached by a timing clock
Related violations: <none>

TIMING-20#5 Warning
Non-clocked latch  
The latch us_sensor_i/echo_pulse_nxt_reg[13] cannot be properly analyzed as its control pin us_sensor_i/echo_pulse_nxt_reg[13]/G is not reached by a timing clock
Related violations: <none>

TIMING-20#6 Warning
Non-clocked latch  
The latch us_sensor_i/echo_pulse_nxt_reg[14] cannot be properly analyzed as its control pin us_sensor_i/echo_pulse_nxt_reg[14]/G is not reached by a timing clock
Related violations: <none>

TIMING-20#7 Warning
Non-clocked latch  
The latch us_sensor_i/echo_pulse_nxt_reg[15] cannot be properly analyzed as its control pin us_sensor_i/echo_pulse_nxt_reg[15]/G is not reached by a timing clock
Related violations: <none>

TIMING-20#8 Warning
Non-clocked latch  
The latch us_sensor_i/echo_pulse_nxt_reg[16] cannot be properly analyzed as its control pin us_sensor_i/echo_pulse_nxt_reg[16]/G is not reached by a timing clock
Related violations: <none>

TIMING-20#9 Warning
Non-clocked latch  
The latch us_sensor_i/echo_pulse_nxt_reg[17] cannot be properly analyzed as its control pin us_sensor_i/echo_pulse_nxt_reg[17]/G is not reached by a timing clock
Related violations: <none>

TIMING-20#10 Warning
Non-clocked latch  
The latch us_sensor_i/echo_pulse_nxt_reg[18] cannot be properly analyzed as its control pin us_sensor_i/echo_pulse_nxt_reg[18]/G is not reached by a timing clock
Related violations: <none>

TIMING-20#11 Warning
Non-clocked latch  
The latch us_sensor_i/echo_pulse_nxt_reg[19] cannot be properly analyzed as its control pin us_sensor_i/echo_pulse_nxt_reg[19]/G is not reached by a timing clock
Related violations: <none>

TIMING-20#12 Warning
Non-clocked latch  
The latch us_sensor_i/echo_pulse_nxt_reg[1] cannot be properly analyzed as its control pin us_sensor_i/echo_pulse_nxt_reg[1]/G is not reached by a timing clock
Related violations: <none>

TIMING-20#13 Warning
Non-clocked latch  
The latch us_sensor_i/echo_pulse_nxt_reg[20] cannot be properly analyzed as its control pin us_sensor_i/echo_pulse_nxt_reg[20]/G is not reached by a timing clock
Related violations: <none>

TIMING-20#14 Warning
Non-clocked latch  
The latch us_sensor_i/echo_pulse_nxt_reg[21] cannot be properly analyzed as its control pin us_sensor_i/echo_pulse_nxt_reg[21]/G is not reached by a timing clock
Related violations: <none>

TIMING-20#15 Warning
Non-clocked latch  
The latch us_sensor_i/echo_pulse_nxt_reg[22] cannot be properly analyzed as its control pin us_sensor_i/echo_pulse_nxt_reg[22]/G is not reached by a timing clock
Related violations: <none>

TIMING-20#16 Warning
Non-clocked latch  
The latch us_sensor_i/echo_pulse_nxt_reg[23] cannot be properly analyzed as its control pin us_sensor_i/echo_pulse_nxt_reg[23]/G is not reached by a timing clock
Related violations: <none>

TIMING-20#17 Warning
Non-clocked latch  
The latch us_sensor_i/echo_pulse_nxt_reg[24] cannot be properly analyzed as its control pin us_sensor_i/echo_pulse_nxt_reg[24]/G is not reached by a timing clock
Related violations: <none>

TIMING-20#18 Warning
Non-clocked latch  
The latch us_sensor_i/echo_pulse_nxt_reg[25] cannot be properly analyzed as its control pin us_sensor_i/echo_pulse_nxt_reg[25]/G is not reached by a timing clock
Related violations: <none>

TIMING-20#19 Warning
Non-clocked latch  
The latch us_sensor_i/echo_pulse_nxt_reg[26] cannot be properly analyzed as its control pin us_sensor_i/echo_pulse_nxt_reg[26]/G is not reached by a timing clock
Related violations: <none>

TIMING-20#20 Warning
Non-clocked latch  
The latch us_sensor_i/echo_pulse_nxt_reg[27] cannot be properly analyzed as its control pin us_sensor_i/echo_pulse_nxt_reg[27]/G is not reached by a timing clock
Related violations: <none>

TIMING-20#21 Warning
Non-clocked latch  
The latch us_sensor_i/echo_pulse_nxt_reg[28] cannot be properly analyzed as its control pin us_sensor_i/echo_pulse_nxt_reg[28]/G is not reached by a timing clock
Related violations: <none>

TIMING-20#22 Warning
Non-clocked latch  
The latch us_sensor_i/echo_pulse_nxt_reg[29] cannot be properly analyzed as its control pin us_sensor_i/echo_pulse_nxt_reg[29]/G is not reached by a timing clock
Related violations: <none>

TIMING-20#23 Warning
Non-clocked latch  
The latch us_sensor_i/echo_pulse_nxt_reg[2] cannot be properly analyzed as its control pin us_sensor_i/echo_pulse_nxt_reg[2]/G is not reached by a timing clock
Related violations: <none>

TIMING-20#24 Warning
Non-clocked latch  
The latch us_sensor_i/echo_pulse_nxt_reg[30] cannot be properly analyzed as its control pin us_sensor_i/echo_pulse_nxt_reg[30]/G is not reached by a timing clock
Related violations: <none>

TIMING-20#25 Warning
Non-clocked latch  
The latch us_sensor_i/echo_pulse_nxt_reg[31] cannot be properly analyzed as its control pin us_sensor_i/echo_pulse_nxt_reg[31]/G is not reached by a timing clock
Related violations: <none>

TIMING-20#26 Warning
Non-clocked latch  
The latch us_sensor_i/echo_pulse_nxt_reg[32] cannot be properly analyzed as its control pin us_sensor_i/echo_pulse_nxt_reg[32]/G is not reached by a timing clock
Related violations: <none>

TIMING-20#27 Warning
Non-clocked latch  
The latch us_sensor_i/echo_pulse_nxt_reg[33] cannot be properly analyzed as its control pin us_sensor_i/echo_pulse_nxt_reg[33]/G is not reached by a timing clock
Related violations: <none>

TIMING-20#28 Warning
Non-clocked latch  
The latch us_sensor_i/echo_pulse_nxt_reg[34] cannot be properly analyzed as its control pin us_sensor_i/echo_pulse_nxt_reg[34]/G is not reached by a timing clock
Related violations: <none>

TIMING-20#29 Warning
Non-clocked latch  
The latch us_sensor_i/echo_pulse_nxt_reg[35] cannot be properly analyzed as its control pin us_sensor_i/echo_pulse_nxt_reg[35]/G is not reached by a timing clock
Related violations: <none>

TIMING-20#30 Warning
Non-clocked latch  
The latch us_sensor_i/echo_pulse_nxt_reg[36] cannot be properly analyzed as its control pin us_sensor_i/echo_pulse_nxt_reg[36]/G is not reached by a timing clock
Related violations: <none>

TIMING-20#31 Warning
Non-clocked latch  
The latch us_sensor_i/echo_pulse_nxt_reg[37] cannot be properly analyzed as its control pin us_sensor_i/echo_pulse_nxt_reg[37]/G is not reached by a timing clock
Related violations: <none>

TIMING-20#32 Warning
Non-clocked latch  
The latch us_sensor_i/echo_pulse_nxt_reg[38] cannot be properly analyzed as its control pin us_sensor_i/echo_pulse_nxt_reg[38]/G is not reached by a timing clock
Related violations: <none>

TIMING-20#33 Warning
Non-clocked latch  
The latch us_sensor_i/echo_pulse_nxt_reg[39] cannot be properly analyzed as its control pin us_sensor_i/echo_pulse_nxt_reg[39]/G is not reached by a timing clock
Related violations: <none>

TIMING-20#34 Warning
Non-clocked latch  
The latch us_sensor_i/echo_pulse_nxt_reg[3] cannot be properly analyzed as its control pin us_sensor_i/echo_pulse_nxt_reg[3]/G is not reached by a timing clock
Related violations: <none>

TIMING-20#35 Warning
Non-clocked latch  
The latch us_sensor_i/echo_pulse_nxt_reg[40] cannot be properly analyzed as its control pin us_sensor_i/echo_pulse_nxt_reg[40]/G is not reached by a timing clock
Related violations: <none>

TIMING-20#36 Warning
Non-clocked latch  
The latch us_sensor_i/echo_pulse_nxt_reg[41] cannot be properly analyzed as its control pin us_sensor_i/echo_pulse_nxt_reg[41]/G is not reached by a timing clock
Related violations: <none>

TIMING-20#37 Warning
Non-clocked latch  
The latch us_sensor_i/echo_pulse_nxt_reg[42] cannot be properly analyzed as its control pin us_sensor_i/echo_pulse_nxt_reg[42]/G is not reached by a timing clock
Related violations: <none>

TIMING-20#38 Warning
Non-clocked latch  
The latch us_sensor_i/echo_pulse_nxt_reg[43] cannot be properly analyzed as its control pin us_sensor_i/echo_pulse_nxt_reg[43]/G is not reached by a timing clock
Related violations: <none>

TIMING-20#39 Warning
Non-clocked latch  
The latch us_sensor_i/echo_pulse_nxt_reg[44] cannot be properly analyzed as its control pin us_sensor_i/echo_pulse_nxt_reg[44]/G is not reached by a timing clock
Related violations: <none>

TIMING-20#40 Warning
Non-clocked latch  
The latch us_sensor_i/echo_pulse_nxt_reg[45] cannot be properly analyzed as its control pin us_sensor_i/echo_pulse_nxt_reg[45]/G is not reached by a timing clock
Related violations: <none>

TIMING-20#41 Warning
Non-clocked latch  
The latch us_sensor_i/echo_pulse_nxt_reg[46] cannot be properly analyzed as its control pin us_sensor_i/echo_pulse_nxt_reg[46]/G is not reached by a timing clock
Related violations: <none>

TIMING-20#42 Warning
Non-clocked latch  
The latch us_sensor_i/echo_pulse_nxt_reg[47] cannot be properly analyzed as its control pin us_sensor_i/echo_pulse_nxt_reg[47]/G is not reached by a timing clock
Related violations: <none>

TIMING-20#43 Warning
Non-clocked latch  
The latch us_sensor_i/echo_pulse_nxt_reg[48] cannot be properly analyzed as its control pin us_sensor_i/echo_pulse_nxt_reg[48]/G is not reached by a timing clock
Related violations: <none>

TIMING-20#44 Warning
Non-clocked latch  
The latch us_sensor_i/echo_pulse_nxt_reg[49] cannot be properly analyzed as its control pin us_sensor_i/echo_pulse_nxt_reg[49]/G is not reached by a timing clock
Related violations: <none>

TIMING-20#45 Warning
Non-clocked latch  
The latch us_sensor_i/echo_pulse_nxt_reg[4] cannot be properly analyzed as its control pin us_sensor_i/echo_pulse_nxt_reg[4]/G is not reached by a timing clock
Related violations: <none>

TIMING-20#46 Warning
Non-clocked latch  
The latch us_sensor_i/echo_pulse_nxt_reg[50] cannot be properly analyzed as its control pin us_sensor_i/echo_pulse_nxt_reg[50]/G is not reached by a timing clock
Related violations: <none>

TIMING-20#47 Warning
Non-clocked latch  
The latch us_sensor_i/echo_pulse_nxt_reg[51] cannot be properly analyzed as its control pin us_sensor_i/echo_pulse_nxt_reg[51]/G is not reached by a timing clock
Related violations: <none>

TIMING-20#48 Warning
Non-clocked latch  
The latch us_sensor_i/echo_pulse_nxt_reg[52] cannot be properly analyzed as its control pin us_sensor_i/echo_pulse_nxt_reg[52]/G is not reached by a timing clock
Related violations: <none>

TIMING-20#49 Warning
Non-clocked latch  
The latch us_sensor_i/echo_pulse_nxt_reg[53] cannot be properly analyzed as its control pin us_sensor_i/echo_pulse_nxt_reg[53]/G is not reached by a timing clock
Related violations: <none>

TIMING-20#50 Warning
Non-clocked latch  
The latch us_sensor_i/echo_pulse_nxt_reg[54] cannot be properly analyzed as its control pin us_sensor_i/echo_pulse_nxt_reg[54]/G is not reached by a timing clock
Related violations: <none>

TIMING-20#51 Warning
Non-clocked latch  
The latch us_sensor_i/echo_pulse_nxt_reg[55] cannot be properly analyzed as its control pin us_sensor_i/echo_pulse_nxt_reg[55]/G is not reached by a timing clock
Related violations: <none>

TIMING-20#52 Warning
Non-clocked latch  
The latch us_sensor_i/echo_pulse_nxt_reg[56] cannot be properly analyzed as its control pin us_sensor_i/echo_pulse_nxt_reg[56]/G is not reached by a timing clock
Related violations: <none>

TIMING-20#53 Warning
Non-clocked latch  
The latch us_sensor_i/echo_pulse_nxt_reg[57] cannot be properly analyzed as its control pin us_sensor_i/echo_pulse_nxt_reg[57]/G is not reached by a timing clock
Related violations: <none>

TIMING-20#54 Warning
Non-clocked latch  
The latch us_sensor_i/echo_pulse_nxt_reg[58] cannot be properly analyzed as its control pin us_sensor_i/echo_pulse_nxt_reg[58]/G is not reached by a timing clock
Related violations: <none>

TIMING-20#55 Warning
Non-clocked latch  
The latch us_sensor_i/echo_pulse_nxt_reg[59] cannot be properly analyzed as its control pin us_sensor_i/echo_pulse_nxt_reg[59]/G is not reached by a timing clock
Related violations: <none>

TIMING-20#56 Warning
Non-clocked latch  
The latch us_sensor_i/echo_pulse_nxt_reg[5] cannot be properly analyzed as its control pin us_sensor_i/echo_pulse_nxt_reg[5]/G is not reached by a timing clock
Related violations: <none>

TIMING-20#57 Warning
Non-clocked latch  
The latch us_sensor_i/echo_pulse_nxt_reg[60] cannot be properly analyzed as its control pin us_sensor_i/echo_pulse_nxt_reg[60]/G is not reached by a timing clock
Related violations: <none>

TIMING-20#58 Warning
Non-clocked latch  
The latch us_sensor_i/echo_pulse_nxt_reg[61] cannot be properly analyzed as its control pin us_sensor_i/echo_pulse_nxt_reg[61]/G is not reached by a timing clock
Related violations: <none>

TIMING-20#59 Warning
Non-clocked latch  
The latch us_sensor_i/echo_pulse_nxt_reg[62] cannot be properly analyzed as its control pin us_sensor_i/echo_pulse_nxt_reg[62]/G is not reached by a timing clock
Related violations: <none>

TIMING-20#60 Warning
Non-clocked latch  
The latch us_sensor_i/echo_pulse_nxt_reg[63] cannot be properly analyzed as its control pin us_sensor_i/echo_pulse_nxt_reg[63]/G is not reached by a timing clock
Related violations: <none>

TIMING-20#61 Warning
Non-clocked latch  
The latch us_sensor_i/echo_pulse_nxt_reg[6] cannot be properly analyzed as its control pin us_sensor_i/echo_pulse_nxt_reg[6]/G is not reached by a timing clock
Related violations: <none>

TIMING-20#62 Warning
Non-clocked latch  
The latch us_sensor_i/echo_pulse_nxt_reg[7] cannot be properly analyzed as its control pin us_sensor_i/echo_pulse_nxt_reg[7]/G is not reached by a timing clock
Related violations: <none>

TIMING-20#63 Warning
Non-clocked latch  
The latch us_sensor_i/echo_pulse_nxt_reg[8] cannot be properly analyzed as its control pin us_sensor_i/echo_pulse_nxt_reg[8]/G is not reached by a timing clock
Related violations: <none>

TIMING-20#64 Warning
Non-clocked latch  
The latch us_sensor_i/echo_pulse_nxt_reg[9] cannot be properly analyzed as its control pin us_sensor_i/echo_pulse_nxt_reg[9]/G is not reached by a timing clock
Related violations: <none>

TIMING-20#65 Warning
Non-clocked latch  
The latch us_sensor_i/echo_pulse_out_nxt_reg[10] cannot be properly analyzed as its control pin us_sensor_i/echo_pulse_out_nxt_reg[10]/G is not reached by a timing clock
Related violations: <none>

TIMING-20#66 Warning
Non-clocked latch  
The latch us_sensor_i/echo_pulse_out_nxt_reg[11] cannot be properly analyzed as its control pin us_sensor_i/echo_pulse_out_nxt_reg[11]/G is not reached by a timing clock
Related violations: <none>

TIMING-20#67 Warning
Non-clocked latch  
The latch us_sensor_i/echo_pulse_out_nxt_reg[12] cannot be properly analyzed as its control pin us_sensor_i/echo_pulse_out_nxt_reg[12]/G is not reached by a timing clock
Related violations: <none>

TIMING-20#68 Warning
Non-clocked latch  
The latch us_sensor_i/echo_pulse_out_nxt_reg[13] cannot be properly analyzed as its control pin us_sensor_i/echo_pulse_out_nxt_reg[13]/G is not reached by a timing clock
Related violations: <none>

TIMING-20#69 Warning
Non-clocked latch  
The latch us_sensor_i/echo_pulse_out_nxt_reg[14] cannot be properly analyzed as its control pin us_sensor_i/echo_pulse_out_nxt_reg[14]/G is not reached by a timing clock
Related violations: <none>

TIMING-20#70 Warning
Non-clocked latch  
The latch us_sensor_i/echo_pulse_out_nxt_reg[15] cannot be properly analyzed as its control pin us_sensor_i/echo_pulse_out_nxt_reg[15]/G is not reached by a timing clock
Related violations: <none>

TIMING-20#71 Warning
Non-clocked latch  
The latch us_sensor_i/echo_pulse_out_nxt_reg[16] cannot be properly analyzed as its control pin us_sensor_i/echo_pulse_out_nxt_reg[16]/G is not reached by a timing clock
Related violations: <none>

TIMING-20#72 Warning
Non-clocked latch  
The latch us_sensor_i/echo_pulse_out_nxt_reg[17] cannot be properly analyzed as its control pin us_sensor_i/echo_pulse_out_nxt_reg[17]/G is not reached by a timing clock
Related violations: <none>

TIMING-20#73 Warning
Non-clocked latch  
The latch us_sensor_i/echo_pulse_out_nxt_reg[18] cannot be properly analyzed as its control pin us_sensor_i/echo_pulse_out_nxt_reg[18]/G is not reached by a timing clock
Related violations: <none>

TIMING-20#74 Warning
Non-clocked latch  
The latch us_sensor_i/echo_pulse_out_nxt_reg[19] cannot be properly analyzed as its control pin us_sensor_i/echo_pulse_out_nxt_reg[19]/G is not reached by a timing clock
Related violations: <none>

TIMING-20#75 Warning
Non-clocked latch  
The latch us_sensor_i/echo_pulse_out_nxt_reg[20] cannot be properly analyzed as its control pin us_sensor_i/echo_pulse_out_nxt_reg[20]/G is not reached by a timing clock
Related violations: <none>

TIMING-20#76 Warning
Non-clocked latch  
The latch us_sensor_i/echo_pulse_out_nxt_reg[21] cannot be properly analyzed as its control pin us_sensor_i/echo_pulse_out_nxt_reg[21]/G is not reached by a timing clock
Related violations: <none>

TIMING-20#77 Warning
Non-clocked latch  
The latch us_sensor_i/echo_pulse_out_nxt_reg[22] cannot be properly analyzed as its control pin us_sensor_i/echo_pulse_out_nxt_reg[22]/G is not reached by a timing clock
Related violations: <none>

TIMING-20#78 Warning
Non-clocked latch  
The latch us_sensor_i/echo_pulse_out_nxt_reg[23] cannot be properly analyzed as its control pin us_sensor_i/echo_pulse_out_nxt_reg[23]/G is not reached by a timing clock
Related violations: <none>

TIMING-20#79 Warning
Non-clocked latch  
The latch us_sensor_i/echo_pulse_out_nxt_reg[24] cannot be properly analyzed as its control pin us_sensor_i/echo_pulse_out_nxt_reg[24]/G is not reached by a timing clock
Related violations: <none>

TIMING-20#80 Warning
Non-clocked latch  
The latch us_sensor_i/echo_pulse_out_nxt_reg[25] cannot be properly analyzed as its control pin us_sensor_i/echo_pulse_out_nxt_reg[25]/G is not reached by a timing clock
Related violations: <none>

TIMING-20#81 Warning
Non-clocked latch  
The latch us_sensor_i/echo_pulse_out_nxt_reg[26] cannot be properly analyzed as its control pin us_sensor_i/echo_pulse_out_nxt_reg[26]/G is not reached by a timing clock
Related violations: <none>

TIMING-20#82 Warning
Non-clocked latch  
The latch us_sensor_i/echo_pulse_out_nxt_reg[27] cannot be properly analyzed as its control pin us_sensor_i/echo_pulse_out_nxt_reg[27]/G is not reached by a timing clock
Related violations: <none>

TIMING-20#83 Warning
Non-clocked latch  
The latch us_sensor_i/echo_pulse_out_nxt_reg[28] cannot be properly analyzed as its control pin us_sensor_i/echo_pulse_out_nxt_reg[28]/G is not reached by a timing clock
Related violations: <none>

TIMING-20#84 Warning
Non-clocked latch  
The latch us_sensor_i/echo_pulse_out_nxt_reg[29] cannot be properly analyzed as its control pin us_sensor_i/echo_pulse_out_nxt_reg[29]/G is not reached by a timing clock
Related violations: <none>

TIMING-20#85 Warning
Non-clocked latch  
The latch us_sensor_i/echo_pulse_out_nxt_reg[30] cannot be properly analyzed as its control pin us_sensor_i/echo_pulse_out_nxt_reg[30]/G is not reached by a timing clock
Related violations: <none>

TIMING-20#86 Warning
Non-clocked latch  
The latch us_sensor_i/echo_pulse_out_nxt_reg[31] cannot be properly analyzed as its control pin us_sensor_i/echo_pulse_out_nxt_reg[31]/G is not reached by a timing clock
Related violations: <none>

TIMING-20#87 Warning
Non-clocked latch  
The latch us_sensor_i/echo_pulse_out_nxt_reg[32] cannot be properly analyzed as its control pin us_sensor_i/echo_pulse_out_nxt_reg[32]/G is not reached by a timing clock
Related violations: <none>

TIMING-20#88 Warning
Non-clocked latch  
The latch us_sensor_i/echo_pulse_out_nxt_reg[33] cannot be properly analyzed as its control pin us_sensor_i/echo_pulse_out_nxt_reg[33]/G is not reached by a timing clock
Related violations: <none>

TIMING-20#89 Warning
Non-clocked latch  
The latch us_sensor_i/echo_pulse_out_nxt_reg[34] cannot be properly analyzed as its control pin us_sensor_i/echo_pulse_out_nxt_reg[34]/G is not reached by a timing clock
Related violations: <none>

TIMING-20#90 Warning
Non-clocked latch  
The latch us_sensor_i/echo_pulse_out_nxt_reg[35] cannot be properly analyzed as its control pin us_sensor_i/echo_pulse_out_nxt_reg[35]/G is not reached by a timing clock
Related violations: <none>

TIMING-20#91 Warning
Non-clocked latch  
The latch us_sensor_i/echo_pulse_out_nxt_reg[36] cannot be properly analyzed as its control pin us_sensor_i/echo_pulse_out_nxt_reg[36]/G is not reached by a timing clock
Related violations: <none>

TIMING-20#92 Warning
Non-clocked latch  
The latch us_sensor_i/echo_pulse_out_nxt_reg[37] cannot be properly analyzed as its control pin us_sensor_i/echo_pulse_out_nxt_reg[37]/G is not reached by a timing clock
Related violations: <none>

TIMING-20#93 Warning
Non-clocked latch  
The latch us_sensor_i/echo_pulse_out_nxt_reg[38] cannot be properly analyzed as its control pin us_sensor_i/echo_pulse_out_nxt_reg[38]/G is not reached by a timing clock
Related violations: <none>

TIMING-20#94 Warning
Non-clocked latch  
The latch us_sensor_i/echo_pulse_out_nxt_reg[39] cannot be properly analyzed as its control pin us_sensor_i/echo_pulse_out_nxt_reg[39]/G is not reached by a timing clock
Related violations: <none>

TIMING-20#95 Warning
Non-clocked latch  
The latch us_sensor_i/echo_pulse_out_nxt_reg[40] cannot be properly analyzed as its control pin us_sensor_i/echo_pulse_out_nxt_reg[40]/G is not reached by a timing clock
Related violations: <none>

TIMING-20#96 Warning
Non-clocked latch  
The latch us_sensor_i/echo_pulse_out_nxt_reg[41] cannot be properly analyzed as its control pin us_sensor_i/echo_pulse_out_nxt_reg[41]/G is not reached by a timing clock
Related violations: <none>

TIMING-20#97 Warning
Non-clocked latch  
The latch us_sensor_i/echo_pulse_out_nxt_reg[42] cannot be properly analyzed as its control pin us_sensor_i/echo_pulse_out_nxt_reg[42]/G is not reached by a timing clock
Related violations: <none>

TIMING-20#98 Warning
Non-clocked latch  
The latch us_sensor_i/echo_pulse_out_nxt_reg[43] cannot be properly analyzed as its control pin us_sensor_i/echo_pulse_out_nxt_reg[43]/G is not reached by a timing clock
Related violations: <none>

TIMING-20#99 Warning
Non-clocked latch  
The latch us_sensor_i/echo_pulse_out_nxt_reg[44] cannot be properly analyzed as its control pin us_sensor_i/echo_pulse_out_nxt_reg[44]/G is not reached by a timing clock
Related violations: <none>

TIMING-20#100 Warning
Non-clocked latch  
The latch us_sensor_i/echo_pulse_out_nxt_reg[45] cannot be properly analyzed as its control pin us_sensor_i/echo_pulse_out_nxt_reg[45]/G is not reached by a timing clock
Related violations: <none>

TIMING-20#101 Warning
Non-clocked latch  
The latch us_sensor_i/echo_pulse_out_nxt_reg[46] cannot be properly analyzed as its control pin us_sensor_i/echo_pulse_out_nxt_reg[46]/G is not reached by a timing clock
Related violations: <none>

TIMING-20#102 Warning
Non-clocked latch  
The latch us_sensor_i/echo_pulse_out_nxt_reg[47] cannot be properly analyzed as its control pin us_sensor_i/echo_pulse_out_nxt_reg[47]/G is not reached by a timing clock
Related violations: <none>

TIMING-20#103 Warning
Non-clocked latch  
The latch us_sensor_i/echo_pulse_out_nxt_reg[48] cannot be properly analyzed as its control pin us_sensor_i/echo_pulse_out_nxt_reg[48]/G is not reached by a timing clock
Related violations: <none>

TIMING-20#104 Warning
Non-clocked latch  
The latch us_sensor_i/echo_pulse_out_nxt_reg[49] cannot be properly analyzed as its control pin us_sensor_i/echo_pulse_out_nxt_reg[49]/G is not reached by a timing clock
Related violations: <none>

TIMING-20#105 Warning
Non-clocked latch  
The latch us_sensor_i/echo_pulse_out_nxt_reg[4] cannot be properly analyzed as its control pin us_sensor_i/echo_pulse_out_nxt_reg[4]/G is not reached by a timing clock
Related violations: <none>

TIMING-20#106 Warning
Non-clocked latch  
The latch us_sensor_i/echo_pulse_out_nxt_reg[50] cannot be properly analyzed as its control pin us_sensor_i/echo_pulse_out_nxt_reg[50]/G is not reached by a timing clock
Related violations: <none>

TIMING-20#107 Warning
Non-clocked latch  
The latch us_sensor_i/echo_pulse_out_nxt_reg[51] cannot be properly analyzed as its control pin us_sensor_i/echo_pulse_out_nxt_reg[51]/G is not reached by a timing clock
Related violations: <none>

TIMING-20#108 Warning
Non-clocked latch  
The latch us_sensor_i/echo_pulse_out_nxt_reg[52] cannot be properly analyzed as its control pin us_sensor_i/echo_pulse_out_nxt_reg[52]/G is not reached by a timing clock
Related violations: <none>

TIMING-20#109 Warning
Non-clocked latch  
The latch us_sensor_i/echo_pulse_out_nxt_reg[53] cannot be properly analyzed as its control pin us_sensor_i/echo_pulse_out_nxt_reg[53]/G is not reached by a timing clock
Related violations: <none>

TIMING-20#110 Warning
Non-clocked latch  
The latch us_sensor_i/echo_pulse_out_nxt_reg[54] cannot be properly analyzed as its control pin us_sensor_i/echo_pulse_out_nxt_reg[54]/G is not reached by a timing clock
Related violations: <none>

TIMING-20#111 Warning
Non-clocked latch  
The latch us_sensor_i/echo_pulse_out_nxt_reg[55] cannot be properly analyzed as its control pin us_sensor_i/echo_pulse_out_nxt_reg[55]/G is not reached by a timing clock
Related violations: <none>

TIMING-20#112 Warning
Non-clocked latch  
The latch us_sensor_i/echo_pulse_out_nxt_reg[56] cannot be properly analyzed as its control pin us_sensor_i/echo_pulse_out_nxt_reg[56]/G is not reached by a timing clock
Related violations: <none>

TIMING-20#113 Warning
Non-clocked latch  
The latch us_sensor_i/echo_pulse_out_nxt_reg[57] cannot be properly analyzed as its control pin us_sensor_i/echo_pulse_out_nxt_reg[57]/G is not reached by a timing clock
Related violations: <none>

TIMING-20#114 Warning
Non-clocked latch  
The latch us_sensor_i/echo_pulse_out_nxt_reg[58] cannot be properly analyzed as its control pin us_sensor_i/echo_pulse_out_nxt_reg[58]/G is not reached by a timing clock
Related violations: <none>

TIMING-20#115 Warning
Non-clocked latch  
The latch us_sensor_i/echo_pulse_out_nxt_reg[59] cannot be properly analyzed as its control pin us_sensor_i/echo_pulse_out_nxt_reg[59]/G is not reached by a timing clock
Related violations: <none>

TIMING-20#116 Warning
Non-clocked latch  
The latch us_sensor_i/echo_pulse_out_nxt_reg[5] cannot be properly analyzed as its control pin us_sensor_i/echo_pulse_out_nxt_reg[5]/G is not reached by a timing clock
Related violations: <none>

TIMING-20#117 Warning
Non-clocked latch  
The latch us_sensor_i/echo_pulse_out_nxt_reg[60] cannot be properly analyzed as its control pin us_sensor_i/echo_pulse_out_nxt_reg[60]/G is not reached by a timing clock
Related violations: <none>

TIMING-20#118 Warning
Non-clocked latch  
The latch us_sensor_i/echo_pulse_out_nxt_reg[61] cannot be properly analyzed as its control pin us_sensor_i/echo_pulse_out_nxt_reg[61]/G is not reached by a timing clock
Related violations: <none>

TIMING-20#119 Warning
Non-clocked latch  
The latch us_sensor_i/echo_pulse_out_nxt_reg[62] cannot be properly analyzed as its control pin us_sensor_i/echo_pulse_out_nxt_reg[62]/G is not reached by a timing clock
Related violations: <none>

TIMING-20#120 Warning
Non-clocked latch  
The latch us_sensor_i/echo_pulse_out_nxt_reg[63] cannot be properly analyzed as its control pin us_sensor_i/echo_pulse_out_nxt_reg[63]/G is not reached by a timing clock
Related violations: <none>

TIMING-20#121 Warning
Non-clocked latch  
The latch us_sensor_i/echo_pulse_out_nxt_reg[6] cannot be properly analyzed as its control pin us_sensor_i/echo_pulse_out_nxt_reg[6]/G is not reached by a timing clock
Related violations: <none>

TIMING-20#122 Warning
Non-clocked latch  
The latch us_sensor_i/echo_pulse_out_nxt_reg[7] cannot be properly analyzed as its control pin us_sensor_i/echo_pulse_out_nxt_reg[7]/G is not reached by a timing clock
Related violations: <none>

TIMING-20#123 Warning
Non-clocked latch  
The latch us_sensor_i/echo_pulse_out_nxt_reg[8] cannot be properly analyzed as its control pin us_sensor_i/echo_pulse_out_nxt_reg[8]/G is not reached by a timing clock
Related violations: <none>

TIMING-20#124 Warning
Non-clocked latch  
The latch us_sensor_i/echo_pulse_out_nxt_reg[9] cannot be properly analyzed as its control pin us_sensor_i/echo_pulse_out_nxt_reg[9]/G is not reached by a timing clock
Related violations: <none>

TIMING-20#125 Warning
Non-clocked latch  
The latch us_sensor_i/max_echo_pulse_nxt_reg[0] cannot be properly analyzed as its control pin us_sensor_i/max_echo_pulse_nxt_reg[0]/G is not reached by a timing clock
Related violations: <none>

TIMING-20#126 Warning
Non-clocked latch  
The latch us_sensor_i/max_echo_pulse_nxt_reg[10] cannot be properly analyzed as its control pin us_sensor_i/max_echo_pulse_nxt_reg[10]/G is not reached by a timing clock
Related violations: <none>

TIMING-20#127 Warning
Non-clocked latch  
The latch us_sensor_i/max_echo_pulse_nxt_reg[11] cannot be properly analyzed as its control pin us_sensor_i/max_echo_pulse_nxt_reg[11]/G is not reached by a timing clock
Related violations: <none>

TIMING-20#128 Warning
Non-clocked latch  
The latch us_sensor_i/max_echo_pulse_nxt_reg[12] cannot be properly analyzed as its control pin us_sensor_i/max_echo_pulse_nxt_reg[12]/G is not reached by a timing clock
Related violations: <none>

TIMING-20#129 Warning
Non-clocked latch  
The latch us_sensor_i/max_echo_pulse_nxt_reg[13] cannot be properly analyzed as its control pin us_sensor_i/max_echo_pulse_nxt_reg[13]/G is not reached by a timing clock
Related violations: <none>

TIMING-20#130 Warning
Non-clocked latch  
The latch us_sensor_i/max_echo_pulse_nxt_reg[14] cannot be properly analyzed as its control pin us_sensor_i/max_echo_pulse_nxt_reg[14]/G is not reached by a timing clock
Related violations: <none>

TIMING-20#131 Warning
Non-clocked latch  
The latch us_sensor_i/max_echo_pulse_nxt_reg[15] cannot be properly analyzed as its control pin us_sensor_i/max_echo_pulse_nxt_reg[15]/G is not reached by a timing clock
Related violations: <none>

TIMING-20#132 Warning
Non-clocked latch  
The latch us_sensor_i/max_echo_pulse_nxt_reg[16] cannot be properly analyzed as its control pin us_sensor_i/max_echo_pulse_nxt_reg[16]/G is not reached by a timing clock
Related violations: <none>

TIMING-20#133 Warning
Non-clocked latch  
The latch us_sensor_i/max_echo_pulse_nxt_reg[17] cannot be properly analyzed as its control pin us_sensor_i/max_echo_pulse_nxt_reg[17]/G is not reached by a timing clock
Related violations: <none>

TIMING-20#134 Warning
Non-clocked latch  
The latch us_sensor_i/max_echo_pulse_nxt_reg[18] cannot be properly analyzed as its control pin us_sensor_i/max_echo_pulse_nxt_reg[18]/G is not reached by a timing clock
Related violations: <none>

TIMING-20#135 Warning
Non-clocked latch  
The latch us_sensor_i/max_echo_pulse_nxt_reg[19] cannot be properly analyzed as its control pin us_sensor_i/max_echo_pulse_nxt_reg[19]/G is not reached by a timing clock
Related violations: <none>

TIMING-20#136 Warning
Non-clocked latch  
The latch us_sensor_i/max_echo_pulse_nxt_reg[1] cannot be properly analyzed as its control pin us_sensor_i/max_echo_pulse_nxt_reg[1]/G is not reached by a timing clock
Related violations: <none>

TIMING-20#137 Warning
Non-clocked latch  
The latch us_sensor_i/max_echo_pulse_nxt_reg[20] cannot be properly analyzed as its control pin us_sensor_i/max_echo_pulse_nxt_reg[20]/G is not reached by a timing clock
Related violations: <none>

TIMING-20#138 Warning
Non-clocked latch  
The latch us_sensor_i/max_echo_pulse_nxt_reg[21] cannot be properly analyzed as its control pin us_sensor_i/max_echo_pulse_nxt_reg[21]/G is not reached by a timing clock
Related violations: <none>

TIMING-20#139 Warning
Non-clocked latch  
The latch us_sensor_i/max_echo_pulse_nxt_reg[22] cannot be properly analyzed as its control pin us_sensor_i/max_echo_pulse_nxt_reg[22]/G is not reached by a timing clock
Related violations: <none>

TIMING-20#140 Warning
Non-clocked latch  
The latch us_sensor_i/max_echo_pulse_nxt_reg[23] cannot be properly analyzed as its control pin us_sensor_i/max_echo_pulse_nxt_reg[23]/G is not reached by a timing clock
Related violations: <none>

TIMING-20#141 Warning
Non-clocked latch  
The latch us_sensor_i/max_echo_pulse_nxt_reg[24] cannot be properly analyzed as its control pin us_sensor_i/max_echo_pulse_nxt_reg[24]/G is not reached by a timing clock
Related violations: <none>

TIMING-20#142 Warning
Non-clocked latch  
The latch us_sensor_i/max_echo_pulse_nxt_reg[25] cannot be properly analyzed as its control pin us_sensor_i/max_echo_pulse_nxt_reg[25]/G is not reached by a timing clock
Related violations: <none>

TIMING-20#143 Warning
Non-clocked latch  
The latch us_sensor_i/max_echo_pulse_nxt_reg[26] cannot be properly analyzed as its control pin us_sensor_i/max_echo_pulse_nxt_reg[26]/G is not reached by a timing clock
Related violations: <none>

TIMING-20#144 Warning
Non-clocked latch  
The latch us_sensor_i/max_echo_pulse_nxt_reg[27] cannot be properly analyzed as its control pin us_sensor_i/max_echo_pulse_nxt_reg[27]/G is not reached by a timing clock
Related violations: <none>

TIMING-20#145 Warning
Non-clocked latch  
The latch us_sensor_i/max_echo_pulse_nxt_reg[28] cannot be properly analyzed as its control pin us_sensor_i/max_echo_pulse_nxt_reg[28]/G is not reached by a timing clock
Related violations: <none>

TIMING-20#146 Warning
Non-clocked latch  
The latch us_sensor_i/max_echo_pulse_nxt_reg[29] cannot be properly analyzed as its control pin us_sensor_i/max_echo_pulse_nxt_reg[29]/G is not reached by a timing clock
Related violations: <none>

TIMING-20#147 Warning
Non-clocked latch  
The latch us_sensor_i/max_echo_pulse_nxt_reg[2] cannot be properly analyzed as its control pin us_sensor_i/max_echo_pulse_nxt_reg[2]/G is not reached by a timing clock
Related violations: <none>

TIMING-20#148 Warning
Non-clocked latch  
The latch us_sensor_i/max_echo_pulse_nxt_reg[30] cannot be properly analyzed as its control pin us_sensor_i/max_echo_pulse_nxt_reg[30]/G is not reached by a timing clock
Related violations: <none>

TIMING-20#149 Warning
Non-clocked latch  
The latch us_sensor_i/max_echo_pulse_nxt_reg[31] cannot be properly analyzed as its control pin us_sensor_i/max_echo_pulse_nxt_reg[31]/G is not reached by a timing clock
Related violations: <none>

TIMING-20#150 Warning
Non-clocked latch  
The latch us_sensor_i/max_echo_pulse_nxt_reg[32] cannot be properly analyzed as its control pin us_sensor_i/max_echo_pulse_nxt_reg[32]/G is not reached by a timing clock
Related violations: <none>

TIMING-20#151 Warning
Non-clocked latch  
The latch us_sensor_i/max_echo_pulse_nxt_reg[33] cannot be properly analyzed as its control pin us_sensor_i/max_echo_pulse_nxt_reg[33]/G is not reached by a timing clock
Related violations: <none>

TIMING-20#152 Warning
Non-clocked latch  
The latch us_sensor_i/max_echo_pulse_nxt_reg[34] cannot be properly analyzed as its control pin us_sensor_i/max_echo_pulse_nxt_reg[34]/G is not reached by a timing clock
Related violations: <none>

TIMING-20#153 Warning
Non-clocked latch  
The latch us_sensor_i/max_echo_pulse_nxt_reg[35] cannot be properly analyzed as its control pin us_sensor_i/max_echo_pulse_nxt_reg[35]/G is not reached by a timing clock
Related violations: <none>

TIMING-20#154 Warning
Non-clocked latch  
The latch us_sensor_i/max_echo_pulse_nxt_reg[36] cannot be properly analyzed as its control pin us_sensor_i/max_echo_pulse_nxt_reg[36]/G is not reached by a timing clock
Related violations: <none>

TIMING-20#155 Warning
Non-clocked latch  
The latch us_sensor_i/max_echo_pulse_nxt_reg[37] cannot be properly analyzed as its control pin us_sensor_i/max_echo_pulse_nxt_reg[37]/G is not reached by a timing clock
Related violations: <none>

TIMING-20#156 Warning
Non-clocked latch  
The latch us_sensor_i/max_echo_pulse_nxt_reg[38] cannot be properly analyzed as its control pin us_sensor_i/max_echo_pulse_nxt_reg[38]/G is not reached by a timing clock
Related violations: <none>

TIMING-20#157 Warning
Non-clocked latch  
The latch us_sensor_i/max_echo_pulse_nxt_reg[39] cannot be properly analyzed as its control pin us_sensor_i/max_echo_pulse_nxt_reg[39]/G is not reached by a timing clock
Related violations: <none>

TIMING-20#158 Warning
Non-clocked latch  
The latch us_sensor_i/max_echo_pulse_nxt_reg[3] cannot be properly analyzed as its control pin us_sensor_i/max_echo_pulse_nxt_reg[3]/G is not reached by a timing clock
Related violations: <none>

TIMING-20#159 Warning
Non-clocked latch  
The latch us_sensor_i/max_echo_pulse_nxt_reg[40] cannot be properly analyzed as its control pin us_sensor_i/max_echo_pulse_nxt_reg[40]/G is not reached by a timing clock
Related violations: <none>

TIMING-20#160 Warning
Non-clocked latch  
The latch us_sensor_i/max_echo_pulse_nxt_reg[41] cannot be properly analyzed as its control pin us_sensor_i/max_echo_pulse_nxt_reg[41]/G is not reached by a timing clock
Related violations: <none>

TIMING-20#161 Warning
Non-clocked latch  
The latch us_sensor_i/max_echo_pulse_nxt_reg[42] cannot be properly analyzed as its control pin us_sensor_i/max_echo_pulse_nxt_reg[42]/G is not reached by a timing clock
Related violations: <none>

TIMING-20#162 Warning
Non-clocked latch  
The latch us_sensor_i/max_echo_pulse_nxt_reg[43] cannot be properly analyzed as its control pin us_sensor_i/max_echo_pulse_nxt_reg[43]/G is not reached by a timing clock
Related violations: <none>

TIMING-20#163 Warning
Non-clocked latch  
The latch us_sensor_i/max_echo_pulse_nxt_reg[44] cannot be properly analyzed as its control pin us_sensor_i/max_echo_pulse_nxt_reg[44]/G is not reached by a timing clock
Related violations: <none>

TIMING-20#164 Warning
Non-clocked latch  
The latch us_sensor_i/max_echo_pulse_nxt_reg[45] cannot be properly analyzed as its control pin us_sensor_i/max_echo_pulse_nxt_reg[45]/G is not reached by a timing clock
Related violations: <none>

TIMING-20#165 Warning
Non-clocked latch  
The latch us_sensor_i/max_echo_pulse_nxt_reg[46] cannot be properly analyzed as its control pin us_sensor_i/max_echo_pulse_nxt_reg[46]/G is not reached by a timing clock
Related violations: <none>

TIMING-20#166 Warning
Non-clocked latch  
The latch us_sensor_i/max_echo_pulse_nxt_reg[47] cannot be properly analyzed as its control pin us_sensor_i/max_echo_pulse_nxt_reg[47]/G is not reached by a timing clock
Related violations: <none>

TIMING-20#167 Warning
Non-clocked latch  
The latch us_sensor_i/max_echo_pulse_nxt_reg[48] cannot be properly analyzed as its control pin us_sensor_i/max_echo_pulse_nxt_reg[48]/G is not reached by a timing clock
Related violations: <none>

TIMING-20#168 Warning
Non-clocked latch  
The latch us_sensor_i/max_echo_pulse_nxt_reg[49] cannot be properly analyzed as its control pin us_sensor_i/max_echo_pulse_nxt_reg[49]/G is not reached by a timing clock
Related violations: <none>

TIMING-20#169 Warning
Non-clocked latch  
The latch us_sensor_i/max_echo_pulse_nxt_reg[4] cannot be properly analyzed as its control pin us_sensor_i/max_echo_pulse_nxt_reg[4]/G is not reached by a timing clock
Related violations: <none>

TIMING-20#170 Warning
Non-clocked latch  
The latch us_sensor_i/max_echo_pulse_nxt_reg[50] cannot be properly analyzed as its control pin us_sensor_i/max_echo_pulse_nxt_reg[50]/G is not reached by a timing clock
Related violations: <none>

TIMING-20#171 Warning
Non-clocked latch  
The latch us_sensor_i/max_echo_pulse_nxt_reg[51] cannot be properly analyzed as its control pin us_sensor_i/max_echo_pulse_nxt_reg[51]/G is not reached by a timing clock
Related violations: <none>

TIMING-20#172 Warning
Non-clocked latch  
The latch us_sensor_i/max_echo_pulse_nxt_reg[52] cannot be properly analyzed as its control pin us_sensor_i/max_echo_pulse_nxt_reg[52]/G is not reached by a timing clock
Related violations: <none>

TIMING-20#173 Warning
Non-clocked latch  
The latch us_sensor_i/max_echo_pulse_nxt_reg[53] cannot be properly analyzed as its control pin us_sensor_i/max_echo_pulse_nxt_reg[53]/G is not reached by a timing clock
Related violations: <none>

TIMING-20#174 Warning
Non-clocked latch  
The latch us_sensor_i/max_echo_pulse_nxt_reg[54] cannot be properly analyzed as its control pin us_sensor_i/max_echo_pulse_nxt_reg[54]/G is not reached by a timing clock
Related violations: <none>

TIMING-20#175 Warning
Non-clocked latch  
The latch us_sensor_i/max_echo_pulse_nxt_reg[55] cannot be properly analyzed as its control pin us_sensor_i/max_echo_pulse_nxt_reg[55]/G is not reached by a timing clock
Related violations: <none>

TIMING-20#176 Warning
Non-clocked latch  
The latch us_sensor_i/max_echo_pulse_nxt_reg[56] cannot be properly analyzed as its control pin us_sensor_i/max_echo_pulse_nxt_reg[56]/G is not reached by a timing clock
Related violations: <none>

TIMING-20#177 Warning
Non-clocked latch  
The latch us_sensor_i/max_echo_pulse_nxt_reg[57] cannot be properly analyzed as its control pin us_sensor_i/max_echo_pulse_nxt_reg[57]/G is not reached by a timing clock
Related violations: <none>

TIMING-20#178 Warning
Non-clocked latch  
The latch us_sensor_i/max_echo_pulse_nxt_reg[58] cannot be properly analyzed as its control pin us_sensor_i/max_echo_pulse_nxt_reg[58]/G is not reached by a timing clock
Related violations: <none>

TIMING-20#179 Warning
Non-clocked latch  
The latch us_sensor_i/max_echo_pulse_nxt_reg[59] cannot be properly analyzed as its control pin us_sensor_i/max_echo_pulse_nxt_reg[59]/G is not reached by a timing clock
Related violations: <none>

TIMING-20#180 Warning
Non-clocked latch  
The latch us_sensor_i/max_echo_pulse_nxt_reg[5] cannot be properly analyzed as its control pin us_sensor_i/max_echo_pulse_nxt_reg[5]/G is not reached by a timing clock
Related violations: <none>

TIMING-20#181 Warning
Non-clocked latch  
The latch us_sensor_i/max_echo_pulse_nxt_reg[60] cannot be properly analyzed as its control pin us_sensor_i/max_echo_pulse_nxt_reg[60]/G is not reached by a timing clock
Related violations: <none>

TIMING-20#182 Warning
Non-clocked latch  
The latch us_sensor_i/max_echo_pulse_nxt_reg[61] cannot be properly analyzed as its control pin us_sensor_i/max_echo_pulse_nxt_reg[61]/G is not reached by a timing clock
Related violations: <none>

TIMING-20#183 Warning
Non-clocked latch  
The latch us_sensor_i/max_echo_pulse_nxt_reg[62] cannot be properly analyzed as its control pin us_sensor_i/max_echo_pulse_nxt_reg[62]/G is not reached by a timing clock
Related violations: <none>

TIMING-20#184 Warning
Non-clocked latch  
The latch us_sensor_i/max_echo_pulse_nxt_reg[63] cannot be properly analyzed as its control pin us_sensor_i/max_echo_pulse_nxt_reg[63]/G is not reached by a timing clock
Related violations: <none>

TIMING-20#185 Warning
Non-clocked latch  
The latch us_sensor_i/max_echo_pulse_nxt_reg[6] cannot be properly analyzed as its control pin us_sensor_i/max_echo_pulse_nxt_reg[6]/G is not reached by a timing clock
Related violations: <none>

TIMING-20#186 Warning
Non-clocked latch  
The latch us_sensor_i/max_echo_pulse_nxt_reg[7] cannot be properly analyzed as its control pin us_sensor_i/max_echo_pulse_nxt_reg[7]/G is not reached by a timing clock
Related violations: <none>

TIMING-20#187 Warning
Non-clocked latch  
The latch us_sensor_i/max_echo_pulse_nxt_reg[8] cannot be properly analyzed as its control pin us_sensor_i/max_echo_pulse_nxt_reg[8]/G is not reached by a timing clock
Related violations: <none>

TIMING-20#188 Warning
Non-clocked latch  
The latch us_sensor_i/max_echo_pulse_nxt_reg[9] cannot be properly analyzed as its control pin us_sensor_i/max_echo_pulse_nxt_reg[9]/G is not reached by a timing clock
Related violations: <none>

TIMING-20#189 Warning
Non-clocked latch  
The latch us_sensor_i/pulse_count_nxt_reg[0] cannot be properly analyzed as its control pin us_sensor_i/pulse_count_nxt_reg[0]/G is not reached by a timing clock
Related violations: <none>

TIMING-20#190 Warning
Non-clocked latch  
The latch us_sensor_i/pulse_count_nxt_reg[1] cannot be properly analyzed as its control pin us_sensor_i/pulse_count_nxt_reg[1]/G is not reached by a timing clock
Related violations: <none>

TIMING-20#191 Warning
Non-clocked latch  
The latch us_sensor_i/pulse_count_nxt_reg[2] cannot be properly analyzed as its control pin us_sensor_i/pulse_count_nxt_reg[2]/G is not reached by a timing clock
Related violations: <none>

TIMING-20#192 Warning
Non-clocked latch  
The latch us_sensor_i/pulse_count_nxt_reg[3] cannot be properly analyzed as its control pin us_sensor_i/pulse_count_nxt_reg[3]/G is not reached by a timing clock
Related violations: <none>

TIMING-20#193 Warning
Non-clocked latch  
The latch us_sensor_i/pulse_count_nxt_reg[4] cannot be properly analyzed as its control pin us_sensor_i/pulse_count_nxt_reg[4]/G is not reached by a timing clock
Related violations: <none>

TIMING-20#194 Warning
Non-clocked latch  
The latch us_sensor_i/pulse_count_nxt_reg[5] cannot be properly analyzed as its control pin us_sensor_i/pulse_count_nxt_reg[5]/G is not reached by a timing clock
Related violations: <none>

TIMING-20#195 Warning
Non-clocked latch  
The latch us_sensor_i/trig_reg cannot be properly analyzed as its control pin us_sensor_i/trig_reg/G is not reached by a timing clock
Related violations: <none>


